[ 2017-11-22T08:51:22+08:00 ] 220.248.47.34 /admin.php/Home/order/add.html
INFO: [ app_init ] --START--
INFO: Run Behavior\BuildLiteBehavior [ RunTime:0.000009s ]
INFO: [ app_init ] --END-- [ RunTime:0.000041s ]
INFO: [ app_begin ] --START--
INFO: Run Behavior\ReadHtmlCacheBehavior [ RunTime:0.000027s ]
INFO: [ app_begin ] --END-- [ RunTime:0.000046s ]
NOTIC: [2048] Declaration of Home\Controller\OrderController::getcityinfo() should be compatible with Home\Controller\GlobalController::getCityInfo($provinceId) /www/web/order/Admin/Home/Controller/OrderController.class.php 第 4 行.
NOTIC: [2048] Declaration of Home\Controller\OrderController::getareainfo() should be compatible with Home\Controller\GlobalController::getAreaInfo($cityid) /www/web/order/Admin/Home/Controller/OrderController.class.php 第 4 行.
NOTIC: [8] Undefined index: manage_list /www/web/order/Admin/Home/Controller/GlobalController.class.php 第 34 行.
SQL: SHOW COLUMNS FROM `engineer` [ RunTime:0.0005s ]
SQL: SELECT * FROM `engineer` WHERE ( status=1 )  [ RunTime:0.0003s ]
SQL: SHOW COLUMNS FROM `customer` [ RunTime:0.0003s ]
SQL: SELECT * FROM `customer` WHERE ( status=1 )  [ RunTime:0.0015s ]
SQL: SHOW COLUMNS FROM `company` [ RunTime:0.0003s ]
SQL: SELECT * FROM `company` WHERE ( status=1 )  [ RunTime:0.0001s ]
SQL: SHOW COLUMNS FROM `jobtype` [ RunTime:0.0002s ]
SQL: SELECT * FROM `jobtype` WHERE ( status=1 )  [ RunTime:0.0000s ]
SQL: SHOW COLUMNS FROM `province` [ RunTime:0.0002s ]
SQL: SELECT * FROM `province`  [ RunTime:0.0000s ]
SQL: SHOW COLUMNS FROM `g_order` [ RunTime:0.0003s ]
INFO: [ view_parse ] --START--
NOTIC: [2] file_get_contents(./Admin/Home/View/Public/top.html): failed to open stream: No such file or directory /www/web/order/ThinkPHP/Library/Think/Template.class.php 第 696 行.
INFO: [ template_filter ] --START--
INFO: Run Behavior\ContentReplaceBehavior [ RunTime:0.000061s ]
INFO: [ template_filter ] --END-- [ RunTime:0.000089s ]
NOTIC: [8] Undefined variable: pid /www/web/order/Admin/Runtime/Cache/Home/23921a15c072d5b69c0b4c4f7262cb80.php 第 190 行.
NOTIC: [8] Undefined variable: data /www/web/order/Admin/Runtime/Cache/Home/23921a15c072d5b69c0b4c4f7262cb80.php 第 191 行.
NOTIC: [8] Undefined variable: data /www/web/order/Admin/Runtime/Cache/Home/23921a15c072d5b69c0b4c4f7262cb80.php 第 197 行.
NOTIC: [8] Undefined variable: data /www/web/order/Admin/Runtime/Cache/Home/23921a15c072d5b69c0b4c4f7262cb80.php 第 203 行.
NOTIC: [8] Undefined variable: data /www/web/order/Admin/Runtime/Cache/Home/23921a15c072d5b69c0b4c4f7262cb80.php 第 209 行.
NOTIC: [8] Undefined variable: data /www/web/order/Admin/Runtime/Cache/Home/23921a15c072d5b69c0b4c4f7262cb80.php 第 215 行.
NOTIC: [8] Undefined variable: data /www/web/order/Admin/Runtime/Cache/Home/23921a15c072d5b69c0b4c4f7262cb80.php 第 221 行.
NOTIC: [8] Undefined variable: data /www/web/order/Admin/Runtime/Cache/Home/23921a15c072d5b69c0b4c4f7262cb80.php 第 227 行.
NOTIC: [8] Undefined variable: data /www/web/order/Admin/Runtime/Cache/Home/23921a15c072d5b69c0b4c4f7262cb80.php 第 233 行.
NOTIC: [8] Undefined variable: data /www/web/order/Admin/Runtime/Cache/Home/23921a15c072d5b69c0b4c4f7262cb80.php 第 239 行.
NOTIC: [8] Undefined variable: data /www/web/order/Admin/Runtime/Cache/Home/23921a15c072d5b69c0b4c4f7262cb80.php 第 245 行.
NOTIC: [8] Undefined variable: data /www/web/order/Admin/Runtime/Cache/Home/23921a15c072d5b69c0b4c4f7262cb80.php 第 251 行.
NOTIC: [8] Undefined variable: data /www/web/order/Admin/Runtime/Cache/Home/23921a15c072d5b69c0b4c4f7262cb80.php 第 257 行.
NOTIC: [8] Undefined variable: data /www/web/order/Admin/Runtime/Cache/Home/23921a15c072d5b69c0b4c4f7262cb80.php 第 263 行.
NOTIC: [8] Undefined variable: data /www/web/order/Admin/Runtime/Cache/Home/23921a15c072d5b69c0b4c4f7262cb80.php 第 271 行.
NOTIC: [8] Undefined variable: data /www/web/order/Admin/Runtime/Cache/Home/23921a15c072d5b69c0b4c4f7262cb80.php 第 273 行.
NOTIC: [8] Undefined variable: data /www/web/order/Admin/Runtime/Cache/Home/23921a15c072d5b69c0b4c4f7262cb80.php 第 274 行.
NOTIC: [8] Undefined variable: data /www/web/order/Admin/Runtime/Cache/Home/23921a15c072d5b69c0b4c4f7262cb80.php 第 275 行.
NOTIC: [8] Undefined variable: data /www/web/order/Admin/Runtime/Cache/Home/23921a15c072d5b69c0b4c4f7262cb80.php 第 276 行.
NOTIC: [8] Undefined variable: data /www/web/order/Admin/Runtime/Cache/Home/23921a15c072d5b69c0b4c4f7262cb80.php 第 283 行.
INFO: Run Behavior\ParseTemplateBehavior [ RunTime:0.004779s ]
INFO: [ view_parse ] --END-- [ RunTime:0.004804s ]
INFO: [ view_filter ] --START--
INFO: Run Behavior\WriteHtmlCacheBehavior [ RunTime:0.000033s ]
INFO: [ view_filter ] --END-- [ RunTime:0.000048s ]
INFO: [ app_end ] --START--
INFO: Run Behavior\ShowPageTraceBehavior [ RunTime:0.000027s ]
INFO: [ app_end ] --END-- [ RunTime:0.000044s ]

