[ 2017-11-10T09:49:52+08:00 ] 220.248.47.34 /admin.php
INFO: [ app_init ] --START--
INFO: Run Behavior\BuildLiteBehavior [ RunTime:0.000011s ]
INFO: [ app_init ] --END-- [ RunTime:0.000100s ]
INFO: [ app_begin ] --START--
INFO: Run Behavior\ReadHtmlCacheBehavior [ RunTime:0.000029s ]
INFO: [ app_begin ] --END-- [ RunTime:0.000052s ]

[ 2017-11-10T09:49:52+08:00 ] 220.248.47.34 /admin.php/Home/login/index.html
INFO: [ app_init ] --START--
INFO: Run Behavior\BuildLiteBehavior [ RunTime:0.000009s ]
INFO: [ app_init ] --END-- [ RunTime:0.000055s ]
INFO: [ app_begin ] --START--
INFO: Run Behavior\ReadHtmlCacheBehavior [ RunTime:0.000025s ]
INFO: [ app_begin ] --END-- [ RunTime:0.000050s ]
INFO: [ view_parse ] --START--
INFO: [ template_filter ] --START--
INFO: Run Behavior\ContentReplaceBehavior [ RunTime:0.000022s ]
INFO: [ template_filter ] --END-- [ RunTime:0.000048s ]
INFO: Run Behavior\ParseTemplateBehavior [ RunTime:0.001465s ]
INFO: [ view_parse ] --END-- [ RunTime:0.001494s ]
INFO: [ view_filter ] --START--
INFO: Run Behavior\WriteHtmlCacheBehavior [ RunTime:0.000031s ]
INFO: [ view_filter ] --END-- [ RunTime:0.000048s ]
INFO: [ app_end ] --START--
INFO: Run Behavior\ShowPageTraceBehavior [ RunTime:0.000025s ]
INFO: [ app_end ] --END-- [ RunTime:0.000043s ]

[ 2017-11-10T09:50:05+08:00 ] 220.248.47.34 /admin.php/Home/Login/login.html
INFO: [ app_init ] --START--
INFO: Run Behavior\BuildLiteBehavior [ RunTime:0.000016s ]
INFO: [ app_init ] --END-- [ RunTime:0.000104s ]
INFO: [ app_begin ] --START--
INFO: Run Behavior\ReadHtmlCacheBehavior [ RunTime:0.000035s ]
INFO: [ app_begin ] --END-- [ RunTime:0.000070s ]
SQL: SHOW COLUMNS FROM `user` [ RunTime:0.0011s ]
SQL: SELECT * FROM `user` WHERE ( username='admin' and userpwd ='880343944aeb296d98d986b169ee9414' and status=1 )  [ RunTime:0.0003s ]
SQL: UPDATE `user` SET `latestLogin`='1510278605' WHERE `id` = '1' [ RunTime:0.0042s ]

[ 2017-11-10T09:50:05+08:00 ] 220.248.47.34 /admin.php/Home/order/index.html
INFO: [ app_init ] --START--
INFO: Run Behavior\BuildLiteBehavior [ RunTime:0.000009s ]
INFO: [ app_init ] --END-- [ RunTime:0.000053s ]
INFO: [ app_begin ] --START--
INFO: Run Behavior\ReadHtmlCacheBehavior [ RunTime:0.000024s ]
INFO: [ app_begin ] --END-- [ RunTime:0.000048s ]
NOTIC: [2048] Declaration of Home\Controller\OrderController::getcityinfo() should be compatible with Home\Controller\GlobalController::getCityInfo($provinceId) /www/web/order/Admin/Home/Controller/OrderController.class.php 第 4 行.
NOTIC: [2048] Declaration of Home\Controller\OrderController::getareainfo() should be compatible with Home\Controller\GlobalController::getAreaInfo($cityid) /www/web/order/Admin/Home/Controller/OrderController.class.php 第 4 行.
NOTIC: [8] Undefined index: manage_list /www/web/order/Admin/Home/Controller/GlobalController.class.php 第 34 行.
SQL: SHOW COLUMNS FROM `engineer` [ RunTime:0.0007s ]
SQL: SELECT * FROM `engineer` WHERE ( status=1 )  [ RunTime:0.0001s ]
SQL: SHOW COLUMNS FROM `customer` [ RunTime:0.0006s ]
SQL: SELECT * FROM `customer` WHERE ( status=1 )  [ RunTime:0.0002s ]
SQL: SHOW COLUMNS FROM `company` [ RunTime:0.0006s ]
SQL: SELECT * FROM `company` WHERE ( status=1 )  [ RunTime:0.0000s ]
SQL: SHOW COLUMNS FROM `jobtype` [ RunTime:0.0006s ]
SQL: SELECT * FROM `jobtype` WHERE ( status=1 )  [ RunTime:0.0000s ]
SQL: SHOW COLUMNS FROM `province` [ RunTime:0.0005s ]
SQL: SELECT * FROM `province`  [ RunTime:0.0001s ]
SQL: SHOW COLUMNS FROM `g_order` [ RunTime:0.0006s ]
SQL: SELECT COUNT(*) AS tp_count FROM `g_order` LIMIT 1   [ RunTime:0.0000s ]
SQL: SELECT g_order.*,customer.code,customer.province,customer.city,customer.area FROM `g_order` left join customer on customer.name = g_order.customerId  ORDER BY id DESC LIMIT 0,30   [ RunTime:0.0001s ]
INFO: [ view_parse ] --START--
NOTIC: [2] file_get_contents(./Admin/Home/View/Public/top.html): failed to open stream: No such file or directory /www/web/order/ThinkPHP/Library/Think/Template.class.php 第 696 行.
INFO: [ template_filter ] --START--
INFO: Run Behavior\ContentReplaceBehavior [ RunTime:0.000062s ]
INFO: [ template_filter ] --END-- [ RunTime:0.000090s ]
NOTIC: [8] Undefined index: accept_start /www/web/order/Admin/Runtime/Cache/Home/c9598960eadfb49cd7cb0e5e76951f3a.php 第 155 行.
NOTIC: [8] Undefined index: accept_end /www/web/order/Admin/Runtime/Cache/Home/c9598960eadfb49cd7cb0e5e76951f3a.php 第 157 行.
NOTIC: [8] Undefined index: status /www/web/order/Admin/Runtime/Cache/Home/c9598960eadfb49cd7cb0e5e76951f3a.php 第 162 行.
NOTIC: [8] Undefined index: status /www/web/order/Admin/Runtime/Cache/Home/c9598960eadfb49cd7cb0e5e76951f3a.php 第 163 行.
NOTIC: [8] Undefined index: status /www/web/order/Admin/Runtime/Cache/Home/c9598960eadfb49cd7cb0e5e76951f3a.php 第 164 行.
NOTIC: [8] Undefined index: status /www/web/order/Admin/Runtime/Cache/Home/c9598960eadfb49cd7cb0e5e76951f3a.php 第 165 行.
NOTIC: [8] Undefined index: status /www/web/order/Admin/Runtime/Cache/Home/c9598960eadfb49cd7cb0e5e76951f3a.php 第 166 行.
NOTIC: [8] Undefined index: arrive_start /www/web/order/Admin/Runtime/Cache/Home/c9598960eadfb49cd7cb0e5e76951f3a.php 第 173 行.
NOTIC: [8] Undefined index: arrive_end /www/web/order/Admin/Runtime/Cache/Home/c9598960eadfb49cd7cb0e5e76951f3a.php 第 175 行.
NOTIC: [8] Undefined index: requireuser /www/web/order/Admin/Runtime/Cache/Home/c9598960eadfb49cd7cb0e5e76951f3a.php 第 180 行.
NOTIC: [8] Undefined index: requireuser /www/web/order/Admin/Runtime/Cache/Home/c9598960eadfb49cd7cb0e5e76951f3a.php 第 180 行.
NOTIC: [8] Undefined index: end_start /www/web/order/Admin/Runtime/Cache/Home/c9598960eadfb49cd7cb0e5e76951f3a.php 第 187 行.
NOTIC: [8] Undefined index: end_end /www/web/order/Admin/Runtime/Cache/Home/c9598960eadfb49cd7cb0e5e76951f3a.php 第 189 行.
NOTIC: [8] Undefined index: city /www/web/order/Admin/Runtime/Cache/Home/c9598960eadfb49cd7cb0e5e76951f3a.php 第 194 行.
NOTIC: [8] Undefined index: area /www/web/order/Admin/Runtime/Cache/Home/c9598960eadfb49cd7cb0e5e76951f3a.php 第 195 行.
NOTIC: [8] Undefined index: province /www/web/order/Admin/Runtime/Cache/Home/c9598960eadfb49cd7cb0e5e76951f3a.php 第 198 行.
NOTIC: [8] Undefined index: province /www/web/order/Admin/Runtime/Cache/Home/c9598960eadfb49cd7cb0e5e76951f3a.php 第 198 行.
NOTIC: [8] Undefined index: province /www/web/order/Admin/Runtime/Cache/Home/c9598960eadfb49cd7cb0e5e76951f3a.php 第 198 行.
NOTIC: [8] Undefined index: province /www/web/order/Admin/Runtime/Cache/Home/c9598960eadfb49cd7cb0e5e76951f3a.php 第 198 行.
NOTIC: [8] Undefined index: province /www/web/order/Admin/Runtime/Cache/Home/c9598960eadfb49cd7cb0e5e76951f3a.php 第 198 行.
NOTIC: [8] Undefined index: province /www/web/order/Admin/Runtime/Cache/Home/c9598960eadfb49cd7cb0e5e76951f3a.php 第 198 行.
NOTIC: [8] Undefined index: province /www/web/order/Admin/Runtime/Cache/Home/c9598960eadfb49cd7cb0e5e76951f3a.php 第 198 行.
NOTIC: [8] Undefined index: province /www/web/order/Admin/Runtime/Cache/Home/c9598960eadfb49cd7cb0e5e76951f3a.php 第 198 行.
NOTIC: [8] Undefined index: province /www/web/order/Admin/Runtime/Cache/Home/c9598960eadfb49cd7cb0e5e76951f3a.php 第 198 行.
NOTIC: [8] Undefined index: province /www/web/order/Admin/Runtime/Cache/Home/c9598960eadfb49cd7cb0e5e76951f3a.php 第 198 行.
NOTIC: [8] Undefined index: province /www/web/order/Admin/Runtime/Cache/Home/c9598960eadfb49cd7cb0e5e76951f3a.php 第 198 行.
NOTIC: [8] Undefined index: province /www/web/order/Admin/Runtime/Cache/Home/c9598960eadfb49cd7cb0e5e76951f3a.php 第 198 行.
NOTIC: [8] Undefined index: province /www/web/order/Admin/Runtime/Cache/Home/c9598960eadfb49cd7cb0e5e76951f3a.php 第 198 行.
NOTIC: [8] Undefined index: province /www/web/order/Admin/Runtime/Cache/Home/c9598960eadfb49cd7cb0e5e76951f3a.php 第 198 行.
NOTIC: [8] Undefined index: province /www/web/order/Admin/Runtime/Cache/Home/c9598960eadfb49cd7cb0e5e76951f3a.php 第 198 行.
NOTIC: [8] Undefined index: province /www/web/order/Admin/Runtime/Cache/Home/c9598960eadfb49cd7cb0e5e76951f3a.php 第 198 行.
NOTIC: [8] Undefined index: province /www/web/order/Admin/Runtime/Cache/Home/c9598960eadfb49cd7cb0e5e76951f3a.php 第 198 行.
NOTIC: [8] Undefined index: province /www/web/order/Admin/Runtime/Cache/Home/c9598960eadfb49cd7cb0e5e76951f3a.php 第 198 行.
NOTIC: [8] Undefined index: province /www/web/order/Admin/Runtime/Cache/Home/c9598960eadfb49cd7cb0e5e76951f3a.php 第 198 行.
NOTIC: [8] Undefined index: province /www/web/order/Admin/Runtime/Cache/Home/c9598960eadfb49cd7cb0e5e76951f3a.php 第 198 行.
NOTIC: [8] Undefined index: province /www/web/order/Admin/Runtime/Cache/Home/c9598960eadfb49cd7cb0e5e76951f3a.php 第 198 行.
NOTIC: [8] Undefined index: province /www/web/order/Admin/Runtime/Cache/Home/c9598960eadfb49cd7cb0e5e76951f3a.php 第 198 行.
NOTIC: [8] Undefined index: province /www/web/order/Admin/Runtime/Cache/Home/c9598960eadfb49cd7cb0e5e76951f3a.php 第 198 行.
NOTIC: [8] Undefined index: province /www/web/order/Admin/Runtime/Cache/Home/c9598960eadfb49cd7cb0e5e76951f3a.php 第 198 行.
NOTIC: [8] Undefined index: province /www/web/order/Admin/Runtime/Cache/Home/c9598960eadfb49cd7cb0e5e76951f3a.php 第 198 行.
NOTIC: [8] Undefined index: province /www/web/order/Admin/Runtime/Cache/Home/c9598960eadfb49cd7cb0e5e76951f3a.php 第 198 行.
NOTIC: [8] Undefined index: province /www/web/order/Admin/Runtime/Cache/Home/c9598960eadfb49cd7cb0e5e76951f3a.php 第 198 行.
NOTIC: [8] Undefined index: province /www/web/order/Admin/Runtime/Cache/Home/c9598960eadfb49cd7cb0e5e76951f3a.php 第 198 行.
NOTIC: [8] Undefined index: province /www/web/order/Admin/Runtime/Cache/Home/c9598960eadfb49cd7cb0e5e76951f3a.php 第 198 行.
NOTIC: [8] Undefined index: province /www/web/order/Admin/Runtime/Cache/Home/c9598960eadfb49cd7cb0e5e76951f3a.php 第 198 行.
NOTIC: [8] Undefined index: province /www/web/order/Admin/Runtime/Cache/Home/c9598960eadfb49cd7cb0e5e76951f3a.php 第 198 行.
NOTIC: [8] Undefined index: province /www/web/order/Admin/Runtime/Cache/Home/c9598960eadfb49cd7cb0e5e76951f3a.php 第 198 行.
NOTIC: [8] Undefined index: province /www/web/order/Admin/Runtime/Cache/Home/c9598960eadfb49cd7cb0e5e76951f3a.php 第 198 行.
NOTIC: [8] Undefined index: province /www/web/order/Admin/Runtime/Cache/Home/c9598960eadfb49cd7cb0e5e76951f3a.php 第 198 行.
NOTIC: [8] Undefined index: engineername /www/web/order/Admin/Runtime/Cache/Home/c9598960eadfb49cd7cb0e5e76951f3a.php 第 238 行.
NOTIC: [8] Undefined index: jobtype /www/web/order/Admin/Runtime/Cache/Home/c9598960eadfb49cd7cb0e5e76951f3a.php 第 244 行.
INFO: Run Behavior\ParseTemplateBehavior [ RunTime:0.009456s ]
INFO: [ view_parse ] --END-- [ RunTime:0.009481s ]
INFO: [ view_filter ] --START--
INFO: Run Behavior\WriteHtmlCacheBehavior [ RunTime:0.000025s ]
INFO: [ view_filter ] --END-- [ RunTime:0.000042s ]
INFO: [ app_end ] --START--
INFO: Run Behavior\ShowPageTraceBehavior [ RunTime:0.000026s ]
INFO: [ app_end ] --END-- [ RunTime:0.000049s ]

[ 2017-11-10T09:50:09+08:00 ] 220.248.47.34 /admin.php/Home/user/admin_index.html
INFO: [ app_init ] --START--
INFO: Run Behavior\BuildLiteBehavior [ RunTime:0.000010s ]
INFO: [ app_init ] --END-- [ RunTime:0.000066s ]
INFO: [ app_begin ] --START--
INFO: Run Behavior\ReadHtmlCacheBehavior [ RunTime:0.000026s ]
INFO: [ app_begin ] --END-- [ RunTime:0.000050s ]
NOTIC: [8] Undefined index: manage_list /www/web/order/Admin/Home/Controller/GlobalController.class.php 第 34 行.
SQL: SHOW COLUMNS FROM `company` [ RunTime:0.0007s ]
SQL: SELECT * FROM `company`  [ RunTime:0.0001s ]
SQL: SHOW COLUMNS FROM `user` [ RunTime:0.0006s ]
SQL: SELECT COUNT(*) AS tp_count FROM `user` LIMIT 1   [ RunTime:0.0001s ]
SQL: SELECT * FROM `user` ORDER BY id DESC LIMIT 0,30   [ RunTime:0.0001s ]
INFO: [ view_parse ] --START--
NOTIC: [2] file_get_contents(./Admin/Home/View/Public/top.html): failed to open stream: No such file or directory /www/web/order/ThinkPHP/Library/Think/Template.class.php 第 696 行.
INFO: [ template_filter ] --START--
INFO: Run Behavior\ContentReplaceBehavior [ RunTime:0.000052s ]
INFO: [ template_filter ] --END-- [ RunTime:0.000079s ]
NOTIC: [8] Undefined index: usercode /www/web/order/Admin/Runtime/Cache/Home/7636779ad586af4c2cfb5bbdb36b3c9e.php 第 153 行.
NOTIC: [8] Undefined index: username /www/web/order/Admin/Runtime/Cache/Home/7636779ad586af4c2cfb5bbdb36b3c9e.php 第 156 行.
INFO: Run Behavior\ParseTemplateBehavior [ RunTime:0.005604s ]
INFO: [ view_parse ] --END-- [ RunTime:0.005630s ]
INFO: [ view_filter ] --START--
INFO: Run Behavior\WriteHtmlCacheBehavior [ RunTime:0.000024s ]
INFO: [ view_filter ] --END-- [ RunTime:0.000041s ]
INFO: [ app_end ] --START--
INFO: Run Behavior\ShowPageTraceBehavior [ RunTime:0.000025s ]
INFO: [ app_end ] --END-- [ RunTime:0.000048s ]

[ 2017-11-10T09:50:13+08:00 ] 220.248.47.34 /admin.php/Home/user/admin_add.html
INFO: [ app_init ] --START--
INFO: Run Behavior\BuildLiteBehavior [ RunTime:0.000010s ]
INFO: [ app_init ] --END-- [ RunTime:0.000068s ]
INFO: [ app_begin ] --START--
INFO: Run Behavior\ReadHtmlCacheBehavior [ RunTime:0.000026s ]
INFO: [ app_begin ] --END-- [ RunTime:0.000052s ]
NOTIC: [8] Undefined index: manage_list /www/web/order/Admin/Home/Controller/GlobalController.class.php 第 34 行.
SQL: SHOW COLUMNS FROM `company` [ RunTime:0.0008s ]
SQL: SELECT * FROM `company`  [ RunTime:0.0001s ]
INFO: [ view_parse ] --START--
NOTIC: [2] file_get_contents(./Admin/Home/View/Public/top.html): failed to open stream: No such file or directory /www/web/order/ThinkPHP/Library/Think/Template.class.php 第 696 行.
NOTIC: [2] file_get_contents(./Admin/Home/View/Public/menu.html): failed to open stream: No such file or directory /www/web/order/ThinkPHP/Library/Think/Template.class.php 第 696 行.
INFO: [ template_filter ] --START--
INFO: Run Behavior\ContentReplaceBehavior [ RunTime:0.000054s ]
INFO: [ template_filter ] --END-- [ RunTime:0.000085s ]
NOTIC: [8] Undefined variable: data /www/web/order/Admin/Runtime/Cache/Home/4d5924b4fc39c479654c374a45a48d50.php 第 148 行.
NOTIC: [8] Undefined variable: data /www/web/order/Admin/Runtime/Cache/Home/4d5924b4fc39c479654c374a45a48d50.php 第 154 行.
NOTIC: [8] Undefined variable: data /www/web/order/Admin/Runtime/Cache/Home/4d5924b4fc39c479654c374a45a48d50.php 第 160 行.
NOTIC: [8] Undefined variable: data /www/web/order/Admin/Runtime/Cache/Home/4d5924b4fc39c479654c374a45a48d50.php 第 163 行.
NOTIC: [8] Undefined variable: data /www/web/order/Admin/Runtime/Cache/Home/4d5924b4fc39c479654c374a45a48d50.php 第 172 行.
NOTIC: [8] Undefined variable: data /www/web/order/Admin/Runtime/Cache/Home/4d5924b4fc39c479654c374a45a48d50.php 第 178 行.
NOTIC: [8] Undefined variable: data /www/web/order/Admin/Runtime/Cache/Home/4d5924b4fc39c479654c374a45a48d50.php 第 184 行.
NOTIC: [8] Undefined variable: data /www/web/order/Admin/Runtime/Cache/Home/4d5924b4fc39c479654c374a45a48d50.php 第 191 行.
NOTIC: [8] Undefined variable: data /www/web/order/Admin/Runtime/Cache/Home/4d5924b4fc39c479654c374a45a48d50.php 第 191 行.
NOTIC: [8] Undefined variable: data /www/web/order/Admin/Runtime/Cache/Home/4d5924b4fc39c479654c374a45a48d50.php 第 191 行.
NOTIC: [8] Undefined variable: data /www/web/order/Admin/Runtime/Cache/Home/4d5924b4fc39c479654c374a45a48d50.php 第 199 行.
NOTIC: [8] Undefined variable: data /www/web/order/Admin/Runtime/Cache/Home/4d5924b4fc39c479654c374a45a48d50.php 第 199 行.
NOTIC: [8] Undefined variable: data /www/web/order/Admin/Runtime/Cache/Home/4d5924b4fc39c479654c374a45a48d50.php 第 208 行.
NOTIC: [8] Undefined variable: data /www/web/order/Admin/Runtime/Cache/Home/4d5924b4fc39c479654c374a45a48d50.php 第 210 行.
NOTIC: [8] Undefined variable: data /www/web/order/Admin/Runtime/Cache/Home/4d5924b4fc39c479654c374a45a48d50.php 第 210 行.
INFO: Run Behavior\ParseTemplateBehavior [ RunTime:0.007422s ]
INFO: [ view_parse ] --END-- [ RunTime:0.007448s ]
INFO: [ view_filter ] --START--
INFO: Run Behavior\WriteHtmlCacheBehavior [ RunTime:0.000024s ]
INFO: [ view_filter ] --END-- [ RunTime:0.000051s ]
INFO: [ app_end ] --START--
INFO: Run Behavior\ShowPageTraceBehavior [ RunTime:0.000025s ]
INFO: [ app_end ] --END-- [ RunTime:0.000047s ]

[ 2017-11-10T09:50:39+08:00 ] 220.248.47.34 /admin.php/Home/user/admin_save.html
INFO: [ app_init ] --START--
INFO: Run Behavior\BuildLiteBehavior [ RunTime:0.000010s ]
INFO: [ app_init ] --END-- [ RunTime:0.000065s ]
INFO: [ app_begin ] --START--
INFO: Run Behavior\ReadHtmlCacheBehavior [ RunTime:0.000022s ]
INFO: [ app_begin ] --END-- [ RunTime:0.000043s ]
NOTIC: [8] Undefined index: manage_list /www/web/order/Admin/Home/Controller/GlobalController.class.php 第 34 行.
SQL: SHOW COLUMNS FROM `user` [ RunTime:0.0007s ]
SQL: SELECT * FROM `user` WHERE ( username='龙亮' )  [ RunTime:0.0002s ]
SQL: INSERT INTO `user` (`id`,`usercode`,`username`,`mobile`,`openid`,`email`,`usertype`,`company`,`status`,`createtime`) VALUES ('','usercd2','龙亮','15000897931','weizhi','','0','123','1','1510278639') [ RunTime:0.0043s ]

[ 2017-11-10T09:50:39+08:00 ] 220.248.47.34 /admin.php/Home/user/admin_index.html
INFO: [ app_init ] --START--
INFO: Run Behavior\BuildLiteBehavior [ RunTime:0.000007s ]
INFO: [ app_init ] --END-- [ RunTime:0.000047s ]
INFO: [ app_begin ] --START--
INFO: Run Behavior\ReadHtmlCacheBehavior [ RunTime:0.000023s ]
INFO: [ app_begin ] --END-- [ RunTime:0.000046s ]
NOTIC: [8] Undefined index: manage_list /www/web/order/Admin/Home/Controller/GlobalController.class.php 第 34 行.
SQL: SHOW COLUMNS FROM `company` [ RunTime:0.0006s ]
SQL: SELECT * FROM `company`  [ RunTime:0.0001s ]
SQL: SHOW COLUMNS FROM `user` [ RunTime:0.0006s ]
SQL: SELECT COUNT(*) AS tp_count FROM `user` LIMIT 1   [ RunTime:0.0001s ]
SQL: SELECT * FROM `user` ORDER BY id DESC LIMIT 0,30   [ RunTime:0.0001s ]
INFO: [ view_parse ] --START--
NOTIC: [2] file_get_contents(./Admin/Home/View/Public/top.html): failed to open stream: No such file or directory /www/web/order/ThinkPHP/Library/Think/Template.class.php 第 696 行.
INFO: [ template_filter ] --START--
INFO: Run Behavior\ContentReplaceBehavior [ RunTime:0.000067s ]
INFO: [ template_filter ] --END-- [ RunTime:0.000095s ]
NOTIC: [8] Undefined index: usercode /www/web/order/Admin/Runtime/Cache/Home/7636779ad586af4c2cfb5bbdb36b3c9e.php 第 153 行.
NOTIC: [8] Undefined index: username /www/web/order/Admin/Runtime/Cache/Home/7636779ad586af4c2cfb5bbdb36b3c9e.php 第 156 行.
INFO: Run Behavior\ParseTemplateBehavior [ RunTime:0.005691s ]
INFO: [ view_parse ] --END-- [ RunTime:0.005715s ]
INFO: [ view_filter ] --START--
INFO: Run Behavior\WriteHtmlCacheBehavior [ RunTime:0.000024s ]
INFO: [ view_filter ] --END-- [ RunTime:0.000041s ]
INFO: [ app_end ] --START--
INFO: Run Behavior\ShowPageTraceBehavior [ RunTime:0.000024s ]
INFO: [ app_end ] --END-- [ RunTime:0.000045s ]

[ 2017-11-10T09:50:42+08:00 ] 220.248.47.34 /admin.php/Home/engineers/index.html
INFO: [ app_init ] --START--
INFO: Run Behavior\BuildLiteBehavior [ RunTime:0.000011s ]
INFO: [ app_init ] --END-- [ RunTime:0.000070s ]
INFO: [ app_begin ] --START--
INFO: Run Behavior\ReadHtmlCacheBehavior [ RunTime:0.000027s ]
INFO: [ app_begin ] --END-- [ RunTime:0.000052s ]
NOTIC: [8] Undefined index: manage_list /www/web/order/Admin/Home/Controller/GlobalController.class.php 第 34 行.
SQL: SHOW COLUMNS FROM `engineerrate` [ RunTime:0.0008s ]
SQL: SELECT * FROM `engineerrate` WHERE ( status=1 )  [ RunTime:0.0001s ]
SQL: SHOW COLUMNS FROM `engineertype` [ RunTime:0.0007s ]
SQL: SELECT * FROM `engineertype` WHERE ( status=1 )  [ RunTime:0.0000s ]
SQL: SHOW COLUMNS FROM `province` [ RunTime:0.0006s ]
SQL: SELECT * FROM `province`  [ RunTime:0.0001s ]
SQL: SHOW COLUMNS FROM `engineer` [ RunTime:0.0007s ]
SQL: SELECT COUNT(*) AS tp_count FROM `engineer` LIMIT 1   [ RunTime:0.0001s ]
SQL: SELECT * FROM `engineer` ORDER BY id DESC LIMIT 0,30   [ RunTime:0.0001s ]
INFO: [ view_parse ] --START--
NOTIC: [2] file_get_contents(./Admin/Home/View/Public/top.html): failed to open stream: No such file or directory /www/web/order/ThinkPHP/Library/Think/Template.class.php 第 696 行.
INFO: [ template_filter ] --START--
INFO: Run Behavior\ContentReplaceBehavior [ RunTime:0.000052s ]
INFO: [ template_filter ] --END-- [ RunTime:0.000080s ]
NOTIC: [8] Undefined index: engineerCode /www/web/order/Admin/Runtime/Cache/Home/b244408377fde82e682a28ebfe5fe538.php 第 156 行.
NOTIC: [8] Undefined index: status /www/web/order/Admin/Runtime/Cache/Home/b244408377fde82e682a28ebfe5fe538.php 第 160 行.
NOTIC: [8] Undefined index: status /www/web/order/Admin/Runtime/Cache/Home/b244408377fde82e682a28ebfe5fe538.php 第 161 行.
NOTIC: [8] Undefined index: engineerName /www/web/order/Admin/Runtime/Cache/Home/b244408377fde82e682a28ebfe5fe538.php 第 164 行.
NOTIC: [8] Undefined index: weixin /www/web/order/Admin/Runtime/Cache/Home/b244408377fde82e682a28ebfe5fe538.php 第 167 行.
NOTIC: [8] Undefined index: city /www/web/order/Admin/Runtime/Cache/Home/b244408377fde82e682a28ebfe5fe538.php 第 171 行.
NOTIC: [8] Undefined index: area /www/web/order/Admin/Runtime/Cache/Home/b244408377fde82e682a28ebfe5fe538.php 第 172 行.
NOTIC: [8] Undefined index: province /www/web/order/Admin/Runtime/Cache/Home/b244408377fde82e682a28ebfe5fe538.php 第 175 行.
NOTIC: [8] Undefined index: province /www/web/order/Admin/Runtime/Cache/Home/b244408377fde82e682a28ebfe5fe538.php 第 175 行.
NOTIC: [8] Undefined index: province /www/web/order/Admin/Runtime/Cache/Home/b244408377fde82e682a28ebfe5fe538.php 第 175 行.
NOTIC: [8] Undefined index: province /www/web/order/Admin/Runtime/Cache/Home/b244408377fde82e682a28ebfe5fe538.php 第 175 行.
NOTIC: [8] Undefined index: province /www/web/order/Admin/Runtime/Cache/Home/b244408377fde82e682a28ebfe5fe538.php 第 175 行.
NOTIC: [8] Undefined index: province /www/web/order/Admin/Runtime/Cache/Home/b244408377fde82e682a28ebfe5fe538.php 第 175 行.
NOTIC: [8] Undefined index: province /www/web/order/Admin/Runtime/Cache/Home/b244408377fde82e682a28ebfe5fe538.php 第 175 行.
NOTIC: [8] Undefined index: province /www/web/order/Admin/Runtime/Cache/Home/b244408377fde82e682a28ebfe5fe538.php 第 175 行.
NOTIC: [8] Undefined index: province /www/web/order/Admin/Runtime/Cache/Home/b244408377fde82e682a28ebfe5fe538.php 第 175 行.
NOTIC: [8] Undefined index: province /www/web/order/Admin/Runtime/Cache/Home/b244408377fde82e682a28ebfe5fe538.php 第 175 行.
NOTIC: [8] Undefined index: province /www/web/order/Admin/Runtime/Cache/Home/b244408377fde82e682a28ebfe5fe538.php 第 175 行.
NOTIC: [8] Undefined index: province /www/web/order/Admin/Runtime/Cache/Home/b244408377fde82e682a28ebfe5fe538.php 第 175 行.
NOTIC: [8] Undefined index: province /www/web/order/Admin/Runtime/Cache/Home/b244408377fde82e682a28ebfe5fe538.php 第 175 行.
NOTIC: [8] Undefined index: province /www/web/order/Admin/Runtime/Cache/Home/b244408377fde82e682a28ebfe5fe538.php 第 175 行.
NOTIC: [8] Undefined index: province /www/web/order/Admin/Runtime/Cache/Home/b244408377fde82e682a28ebfe5fe538.php 第 175 行.
NOTIC: [8] Undefined index: province /www/web/order/Admin/Runtime/Cache/Home/b244408377fde82e682a28ebfe5fe538.php 第 175 行.
NOTIC: [8] Undefined index: province /www/web/order/Admin/Runtime/Cache/Home/b244408377fde82e682a28ebfe5fe538.php 第 175 行.
NOTIC: [8] Undefined index: province /www/web/order/Admin/Runtime/Cache/Home/b244408377fde82e682a28ebfe5fe538.php 第 175 行.
NOTIC: [8] Undefined index: province /www/web/order/Admin/Runtime/Cache/Home/b244408377fde82e682a28ebfe5fe538.php 第 175 行.
NOTIC: [8] Undefined index: province /www/web/order/Admin/Runtime/Cache/Home/b244408377fde82e682a28ebfe5fe538.php 第 175 行.
NOTIC: [8] Undefined index: province /www/web/order/Admin/Runtime/Cache/Home/b244408377fde82e682a28ebfe5fe538.php 第 175 行.
NOTIC: [8] Undefined index: province /www/web/order/Admin/Runtime/Cache/Home/b244408377fde82e682a28ebfe5fe538.php 第 175 行.
NOTIC: [8] Undefined index: province /www/web/order/Admin/Runtime/Cache/Home/b244408377fde82e682a28ebfe5fe538.php 第 175 行.
NOTIC: [8] Undefined index: province /www/web/order/Admin/Runtime/Cache/Home/b244408377fde82e682a28ebfe5fe538.php 第 175 行.
NOTIC: [8] Undefined index: province /www/web/order/Admin/Runtime/Cache/Home/b244408377fde82e682a28ebfe5fe538.php 第 175 行.
NOTIC: [8] Undefined index: province /www/web/order/Admin/Runtime/Cache/Home/b244408377fde82e682a28ebfe5fe538.php 第 175 行.
NOTIC: [8] Undefined index: province /www/web/order/Admin/Runtime/Cache/Home/b244408377fde82e682a28ebfe5fe538.php 第 175 行.
NOTIC: [8] Undefined index: province /www/web/order/Admin/Runtime/Cache/Home/b244408377fde82e682a28ebfe5fe538.php 第 175 行.
NOTIC: [8] Undefined index: province /www/web/order/Admin/Runtime/Cache/Home/b244408377fde82e682a28ebfe5fe538.php 第 175 行.
NOTIC: [8] Undefined index: province /www/web/order/Admin/Runtime/Cache/Home/b244408377fde82e682a28ebfe5fe538.php 第 175 行.
NOTIC: [8] Undefined index: province /www/web/order/Admin/Runtime/Cache/Home/b244408377fde82e682a28ebfe5fe538.php 第 175 行.
NOTIC: [8] Undefined index: province /www/web/order/Admin/Runtime/Cache/Home/b244408377fde82e682a28ebfe5fe538.php 第 175 行.
NOTIC: [8] Undefined index: province /www/web/order/Admin/Runtime/Cache/Home/b244408377fde82e682a28ebfe5fe538.php 第 175 行.
NOTIC: [8] Undefined index: province /www/web/order/Admin/Runtime/Cache/Home/b244408377fde82e682a28ebfe5fe538.php 第 175 行.
NOTIC: [8] Undefined index: mobile /www/web/order/Admin/Runtime/Cache/Home/b244408377fde82e682a28ebfe5fe538.php 第 212 行.
NOTIC: [8] Undefined index: type /www/web/order/Admin/Runtime/Cache/Home/b244408377fde82e682a28ebfe5fe538.php 第 216 行.
INFO: Run Behavior\ParseTemplateBehavior [ RunTime:0.007646s ]
INFO: [ view_parse ] --END-- [ RunTime:0.007675s ]
INFO: [ view_filter ] --START--
INFO: Run Behavior\WriteHtmlCacheBehavior [ RunTime:0.000026s ]
INFO: [ view_filter ] --END-- [ RunTime:0.000043s ]
INFO: [ app_end ] --START--
INFO: Run Behavior\ShowPageTraceBehavior [ RunTime:0.000030s ]
INFO: [ app_end ] --END-- [ RunTime:0.000053s ]

[ 2017-11-10T09:50:49+08:00 ] 220.248.47.34 /admin.php/Home/engineers/add.html
INFO: [ app_init ] --START--
INFO: Run Behavior\BuildLiteBehavior [ RunTime:0.000010s ]
INFO: [ app_init ] --END-- [ RunTime:0.000066s ]
INFO: [ app_begin ] --START--
INFO: Run Behavior\ReadHtmlCacheBehavior [ RunTime:0.000025s ]
INFO: [ app_begin ] --END-- [ RunTime:0.000048s ]
NOTIC: [8] Undefined index: manage_list /www/web/order/Admin/Home/Controller/GlobalController.class.php 第 34 行.
SQL: SHOW COLUMNS FROM `engineerrate` [ RunTime:0.0007s ]
SQL: SELECT * FROM `engineerrate` WHERE ( status=1 )  [ RunTime:0.0001s ]
SQL: SHOW COLUMNS FROM `engineertype` [ RunTime:0.0006s ]
SQL: SELECT * FROM `engineertype` WHERE ( status=1 )  [ RunTime:0.0000s ]
SQL: SHOW COLUMNS FROM `province` [ RunTime:0.0006s ]
SQL: SELECT * FROM `province`  [ RunTime:0.0001s ]
INFO: [ view_parse ] --START--
NOTIC: [2] file_get_contents(./Admin/Home/View/Public/top.html): failed to open stream: No such file or directory /www/web/order/ThinkPHP/Library/Think/Template.class.php 第 696 行.
INFO: [ template_filter ] --START--
INFO: Run Behavior\ContentReplaceBehavior [ RunTime:0.000059s ]
INFO: [ template_filter ] --END-- [ RunTime:0.000095s ]
NOTIC: [8] Undefined variable: pid /www/web/order/Admin/Runtime/Cache/Home/f34fdb088b21016a1e0f02d7ca06bdf5.php 第 194 行.
NOTIC: [8] Undefined variable: data /www/web/order/Admin/Runtime/Cache/Home/f34fdb088b21016a1e0f02d7ca06bdf5.php 第 195 行.
NOTIC: [8] Undefined variable: data /www/web/order/Admin/Runtime/Cache/Home/f34fdb088b21016a1e0f02d7ca06bdf5.php 第 201 行.
NOTIC: [8] Undefined variable: data /www/web/order/Admin/Runtime/Cache/Home/f34fdb088b21016a1e0f02d7ca06bdf5.php 第 207 行.
NOTIC: [8] Undefined variable: data /www/web/order/Admin/Runtime/Cache/Home/f34fdb088b21016a1e0f02d7ca06bdf5.php 第 213 行.
NOTIC: [8] Undefined variable: data /www/web/order/Admin/Runtime/Cache/Home/f34fdb088b21016a1e0f02d7ca06bdf5.php 第 219 行.
NOTIC: [8] Undefined variable: data /www/web/order/Admin/Runtime/Cache/Home/f34fdb088b21016a1e0f02d7ca06bdf5.php 第 225 行.
NOTIC: [8] Undefined variable: data /www/web/order/Admin/Runtime/Cache/Home/f34fdb088b21016a1e0f02d7ca06bdf5.php 第 231 行.
NOTIC: [8] Undefined variable: data /www/web/order/Admin/Runtime/Cache/Home/f34fdb088b21016a1e0f02d7ca06bdf5.php 第 239 行.
NOTIC: [8] Undefined variable: data /www/web/order/Admin/Runtime/Cache/Home/f34fdb088b21016a1e0f02d7ca06bdf5.php 第 240 行.
NOTIC: [8] Undefined variable: data /www/web/order/Admin/Runtime/Cache/Home/f34fdb088b21016a1e0f02d7ca06bdf5.php 第 243 行.
NOTIC: [8] Undefined variable: data /www/web/order/Admin/Runtime/Cache/Home/f34fdb088b21016a1e0f02d7ca06bdf5.php 第 243 行.
NOTIC: [8] Undefined variable: data /www/web/order/Admin/Runtime/Cache/Home/f34fdb088b21016a1e0f02d7ca06bdf5.php 第 243 行.
NOTIC: [8] Undefined variable: data /www/web/order/Admin/Runtime/Cache/Home/f34fdb088b21016a1e0f02d7ca06bdf5.php 第 243 行.
NOTIC: [8] Undefined variable: data /www/web/order/Admin/Runtime/Cache/Home/f34fdb088b21016a1e0f02d7ca06bdf5.php 第 243 行.
NOTIC: [8] Undefined variable: data /www/web/order/Admin/Runtime/Cache/Home/f34fdb088b21016a1e0f02d7ca06bdf5.php 第 243 行.
NOTIC: [8] Undefined variable: data /www/web/order/Admin/Runtime/Cache/Home/f34fdb088b21016a1e0f02d7ca06bdf5.php 第 243 行.
NOTIC: [8] Undefined variable: data /www/web/order/Admin/Runtime/Cache/Home/f34fdb088b21016a1e0f02d7ca06bdf5.php 第 243 行.
NOTIC: [8] Undefined variable: data /www/web/order/Admin/Runtime/Cache/Home/f34fdb088b21016a1e0f02d7ca06bdf5.php 第 243 行.
NOTIC: [8] Undefined variable: data /www/web/order/Admin/Runtime/Cache/Home/f34fdb088b21016a1e0f02d7ca06bdf5.php 第 243 行.
NOTIC: [8] Undefined variable: data /www/web/order/Admin/Runtime/Cache/Home/f34fdb088b21016a1e0f02d7ca06bdf5.php 第 243 行.
NOTIC: [8] Undefined variable: data /www/web/order/Admin/Runtime/Cache/Home/f34fdb088b21016a1e0f02d7ca06bdf5.php 第 243 行.
NOTIC: [8] Undefined variable: data /www/web/order/Admin/Runtime/Cache/Home/f34fdb088b21016a1e0f02d7ca06bdf5.php 第 243 行.
NOTIC: [8] Undefined variable: data /www/web/order/Admin/Runtime/Cache/Home/f34fdb088b21016a1e0f02d7ca06bdf5.php 第 243 行.
NOTIC: [8] Undefined variable: data /www/web/order/Admin/Runtime/Cache/Home/f34fdb088b21016a1e0f02d7ca06bdf5.php 第 243 行.
NOTIC: [8] Undefined variable: data /www/web/order/Admin/Runtime/Cache/Home/f34fdb088b21016a1e0f02d7ca06bdf5.php 第 243 行.
NOTIC: [8] Undefined variable: data /www/web/order/Admin/Runtime/Cache/Home/f34fdb088b21016a1e0f02d7ca06bdf5.php 第 243 行.
NOTIC: [8] Undefined variable: data /www/web/order/Admin/Runtime/Cache/Home/f34fdb088b21016a1e0f02d7ca06bdf5.php 第 243 行.
NOTIC: [8] Undefined variable: data /www/web/order/Admin/Runtime/Cache/Home/f34fdb088b21016a1e0f02d7ca06bdf5.php 第 243 行.
NOTIC: [8] Undefined variable: data /www/web/order/Admin/Runtime/Cache/Home/f34fdb088b21016a1e0f02d7ca06bdf5.php 第 243 行.
NOTIC: [8] Undefined variable: data /www/web/order/Admin/Runtime/Cache/Home/f34fdb088b21016a1e0f02d7ca06bdf5.php 第 243 行.
NOTIC: [8] Undefined variable: data /www/web/order/Admin/Runtime/Cache/Home/f34fdb088b21016a1e0f02d7ca06bdf5.php 第 243 行.
NOTIC: [8] Undefined variable: data /www/web/order/Admin/Runtime/Cache/Home/f34fdb088b21016a1e0f02d7ca06bdf5.php 第 243 行.
NOTIC: [8] Undefined variable: data /www/web/order/Admin/Runtime/Cache/Home/f34fdb088b21016a1e0f02d7ca06bdf5.php 第 243 行.
NOTIC: [8] Undefined variable: data /www/web/order/Admin/Runtime/Cache/Home/f34fdb088b21016a1e0f02d7ca06bdf5.php 第 243 行.
NOTIC: [8] Undefined variable: data /www/web/order/Admin/Runtime/Cache/Home/f34fdb088b21016a1e0f02d7ca06bdf5.php 第 243 行.
NOTIC: [8] Undefined variable: data /www/web/order/Admin/Runtime/Cache/Home/f34fdb088b21016a1e0f02d7ca06bdf5.php 第 243 行.
NOTIC: [8] Undefined variable: data /www/web/order/Admin/Runtime/Cache/Home/f34fdb088b21016a1e0f02d7ca06bdf5.php 第 243 行.
NOTIC: [8] Undefined variable: data /www/web/order/Admin/Runtime/Cache/Home/f34fdb088b21016a1e0f02d7ca06bdf5.php 第 243 行.
NOTIC: [8] Undefined variable: data /www/web/order/Admin/Runtime/Cache/Home/f34fdb088b21016a1e0f02d7ca06bdf5.php 第 243 行.
NOTIC: [8] Undefined variable: data /www/web/order/Admin/Runtime/Cache/Home/f34fdb088b21016a1e0f02d7ca06bdf5.php 第 243 行.
NOTIC: [8] Undefined variable: data /www/web/order/Admin/Runtime/Cache/Home/f34fdb088b21016a1e0f02d7ca06bdf5.php 第 243 行.
NOTIC: [8] Undefined variable: data /www/web/order/Admin/Runtime/Cache/Home/f34fdb088b21016a1e0f02d7ca06bdf5.php 第 243 行.
NOTIC: [8] Undefined variable: data /www/web/order/Admin/Runtime/Cache/Home/f34fdb088b21016a1e0f02d7ca06bdf5.php 第 243 行.
NOTIC: [8] Undefined variable: data /www/web/order/Admin/Runtime/Cache/Home/f34fdb088b21016a1e0f02d7ca06bdf5.php 第 285 行.
NOTIC: [8] Undefined variable: data /www/web/order/Admin/Runtime/Cache/Home/f34fdb088b21016a1e0f02d7ca06bdf5.php 第 287 行.
NOTIC: [8] Undefined variable: data /www/web/order/Admin/Runtime/Cache/Home/f34fdb088b21016a1e0f02d7ca06bdf5.php 第 287 行.
NOTIC: [8] Undefined variable: data /www/web/order/Admin/Runtime/Cache/Home/f34fdb088b21016a1e0f02d7ca06bdf5.php 第 294 行.
NOTIC: [8] Undefined variable: data /www/web/order/Admin/Runtime/Cache/Home/f34fdb088b21016a1e0f02d7ca06bdf5.php 第 300 行.
INFO: Run Behavior\ParseTemplateBehavior [ RunTime:0.006295s ]
INFO: [ view_parse ] --END-- [ RunTime:0.006321s ]
INFO: [ view_filter ] --START--
INFO: Run Behavior\WriteHtmlCacheBehavior [ RunTime:0.000044s ]
INFO: [ view_filter ] --END-- [ RunTime:0.000063s ]
INFO: [ app_end ] --START--
INFO: Run Behavior\ShowPageTraceBehavior [ RunTime:0.000025s ]
INFO: [ app_end ] --END-- [ RunTime:0.000047s ]

[ 2017-11-10T09:51:26+08:00 ] 220.248.47.34 /admin.php/Home/Order/getcityinfo.html?province=%E4%B8%8A%E6%B5%B7%E5%B8%82&city=
INFO: [ app_init ] --START--
INFO: Run Behavior\BuildLiteBehavior [ RunTime:0.000010s ]
INFO: [ app_init ] --END-- [ RunTime:0.000071s ]
INFO: [ app_begin ] --START--
INFO: Run Behavior\ReadHtmlCacheBehavior [ RunTime:0.000030s ]
INFO: [ app_begin ] --END-- [ RunTime:0.000052s ]
NOTIC: [2048] Declaration of Home\Controller\OrderController::getcityinfo() should be compatible with Home\Controller\GlobalController::getCityInfo($provinceId) /www/web/order/Admin/Home/Controller/OrderController.class.php 第 4 行.
NOTIC: [2048] Declaration of Home\Controller\OrderController::getareainfo() should be compatible with Home\Controller\GlobalController::getAreaInfo($cityid) /www/web/order/Admin/Home/Controller/OrderController.class.php 第 4 行.
NOTIC: [8] Undefined index: manage_list /www/web/order/Admin/Home/Controller/GlobalController.class.php 第 34 行.
SQL: SHOW COLUMNS FROM `city` [ RunTime:0.0007s ]
SQL: SELECT * FROM `city` left join province on city.provinceid=province.id  WHERE ( name='上海市' )  [ RunTime:0.0003s ]
INFO: [ app_end ] --START--
INFO: Run Behavior\ShowPageTraceBehavior [ RunTime:0.000034s ]
INFO: [ app_end ] --END-- [ RunTime:0.000056s ]

[ 2017-11-10T09:51:27+08:00 ] 220.248.47.34 /admin.php/Home/Order/getareainfo.html?city=%E4%B8%8A%E6%B5%B7%E5%B8%82&area=
INFO: [ app_init ] --START--
INFO: Run Behavior\BuildLiteBehavior [ RunTime:0.000011s ]
INFO: [ app_init ] --END-- [ RunTime:0.000067s ]
INFO: [ app_begin ] --START--
INFO: Run Behavior\ReadHtmlCacheBehavior [ RunTime:0.000025s ]
INFO: [ app_begin ] --END-- [ RunTime:0.000047s ]
NOTIC: [2048] Declaration of Home\Controller\OrderController::getcityinfo() should be compatible with Home\Controller\GlobalController::getCityInfo($provinceId) /www/web/order/Admin/Home/Controller/OrderController.class.php 第 4 行.
NOTIC: [2048] Declaration of Home\Controller\OrderController::getareainfo() should be compatible with Home\Controller\GlobalController::getAreaInfo($cityid) /www/web/order/Admin/Home/Controller/OrderController.class.php 第 4 行.
NOTIC: [8] Undefined index: manage_list /www/web/order/Admin/Home/Controller/GlobalController.class.php 第 34 行.
SQL: SHOW COLUMNS FROM `district` [ RunTime:0.0007s ]
SQL: SELECT * FROM `district` left join city on city.id=district.cityid  WHERE ( cityname='上海市' )  [ RunTime:0.0012s ]
INFO: [ app_end ] --START--
INFO: Run Behavior\ShowPageTraceBehavior [ RunTime:0.000028s ]
INFO: [ app_end ] --END-- [ RunTime:0.000051s ]

[ 2017-11-10T09:51:36+08:00 ] 220.248.47.34 /admin.php/Home/engineers/save.html
INFO: [ app_init ] --START--
INFO: Run Behavior\BuildLiteBehavior [ RunTime:0.000011s ]
INFO: [ app_init ] --END-- [ RunTime:0.000068s ]
INFO: [ app_begin ] --START--
INFO: Run Behavior\ReadHtmlCacheBehavior [ RunTime:0.000023s ]
INFO: [ app_begin ] --END-- [ RunTime:0.000044s ]
NOTIC: [8] Undefined index: manage_list /www/web/order/Admin/Home/Controller/GlobalController.class.php 第 34 行.
SQL: SHOW COLUMNS FROM `engineer` [ RunTime:0.0007s ]

[ 2017-11-10T09:51:45+08:00 ] 220.248.47.34 /admin.php/Home/engineers/save.html
INFO: [ app_init ] --START--
INFO: Run Behavior\BuildLiteBehavior [ RunTime:0.000010s ]
INFO: [ app_init ] --END-- [ RunTime:0.000068s ]
INFO: [ app_begin ] --START--
INFO: Run Behavior\ReadHtmlCacheBehavior [ RunTime:0.000025s ]
INFO: [ app_begin ] --END-- [ RunTime:0.000049s ]
NOTIC: [8] Undefined index: manage_list /www/web/order/Admin/Home/Controller/GlobalController.class.php 第 34 行.
SQL: SHOW COLUMNS FROM `engineer` [ RunTime:0.0008s ]
SQL: INSERT INTO `engineer` (`id`,`engineerCode`,`engineerName`,`mobile`,`weixin`,`userId`,`openid`,`province`,`city`,`area`,`status`,`stardfee`,`memo`) VALUES ('','engineer2','工程师2','15000897932','weizhi','2','weizhi','上海市','上海市','徐汇区','1','4000','') [ RunTime:0.0272s ]

[ 2017-11-10T09:51:45+08:00 ] 220.248.47.34 /admin.php/Home/engineers/index.html
INFO: [ app_init ] --START--
INFO: Run Behavior\BuildLiteBehavior [ RunTime:0.000008s ]
INFO: [ app_init ] --END-- [ RunTime:0.000048s ]
INFO: [ app_begin ] --START--
INFO: Run Behavior\ReadHtmlCacheBehavior [ RunTime:0.000023s ]
INFO: [ app_begin ] --END-- [ RunTime:0.000059s ]
NOTIC: [8] Undefined index: manage_list /www/web/order/Admin/Home/Controller/GlobalController.class.php 第 34 行.
SQL: SHOW COLUMNS FROM `engineerrate` [ RunTime:0.0006s ]
SQL: SELECT * FROM `engineerrate` WHERE ( status=1 )  [ RunTime:0.0001s ]
SQL: SHOW COLUMNS FROM `engineertype` [ RunTime:0.0006s ]
SQL: SELECT * FROM `engineertype` WHERE ( status=1 )  [ RunTime:0.0000s ]
SQL: SHOW COLUMNS FROM `province` [ RunTime:0.0005s ]
SQL: SELECT * FROM `province`  [ RunTime:0.0001s ]
SQL: SHOW COLUMNS FROM `engineer` [ RunTime:0.0006s ]
SQL: SELECT COUNT(*) AS tp_count FROM `engineer` LIMIT 1   [ RunTime:0.0002s ]
SQL: SELECT * FROM `engineer` ORDER BY id DESC LIMIT 0,30   [ RunTime:0.0001s ]
INFO: [ view_parse ] --START--
NOTIC: [2] file_get_contents(./Admin/Home/View/Public/top.html): failed to open stream: No such file or directory /www/web/order/ThinkPHP/Library/Think/Template.class.php 第 696 行.
INFO: [ template_filter ] --START--
INFO: Run Behavior\ContentReplaceBehavior [ RunTime:0.000056s ]
INFO: [ template_filter ] --END-- [ RunTime:0.000091s ]
NOTIC: [8] Undefined index: engineerCode /www/web/order/Admin/Runtime/Cache/Home/b244408377fde82e682a28ebfe5fe538.php 第 156 行.
NOTIC: [8] Undefined index: status /www/web/order/Admin/Runtime/Cache/Home/b244408377fde82e682a28ebfe5fe538.php 第 160 行.
NOTIC: [8] Undefined index: status /www/web/order/Admin/Runtime/Cache/Home/b244408377fde82e682a28ebfe5fe538.php 第 161 行.
NOTIC: [8] Undefined index: engineerName /www/web/order/Admin/Runtime/Cache/Home/b244408377fde82e682a28ebfe5fe538.php 第 164 行.
NOTIC: [8] Undefined index: weixin /www/web/order/Admin/Runtime/Cache/Home/b244408377fde82e682a28ebfe5fe538.php 第 167 行.
NOTIC: [8] Undefined index: city /www/web/order/Admin/Runtime/Cache/Home/b244408377fde82e682a28ebfe5fe538.php 第 171 行.
NOTIC: [8] Undefined index: area /www/web/order/Admin/Runtime/Cache/Home/b244408377fde82e682a28ebfe5fe538.php 第 172 行.
NOTIC: [8] Undefined index: province /www/web/order/Admin/Runtime/Cache/Home/b244408377fde82e682a28ebfe5fe538.php 第 175 行.
NOTIC: [8] Undefined index: province /www/web/order/Admin/Runtime/Cache/Home/b244408377fde82e682a28ebfe5fe538.php 第 175 行.
NOTIC: [8] Undefined index: province /www/web/order/Admin/Runtime/Cache/Home/b244408377fde82e682a28ebfe5fe538.php 第 175 行.
NOTIC: [8] Undefined index: province /www/web/order/Admin/Runtime/Cache/Home/b244408377fde82e682a28ebfe5fe538.php 第 175 行.
NOTIC: [8] Undefined index: province /www/web/order/Admin/Runtime/Cache/Home/b244408377fde82e682a28ebfe5fe538.php 第 175 行.
NOTIC: [8] Undefined index: province /www/web/order/Admin/Runtime/Cache/Home/b244408377fde82e682a28ebfe5fe538.php 第 175 行.
NOTIC: [8] Undefined index: province /www/web/order/Admin/Runtime/Cache/Home/b244408377fde82e682a28ebfe5fe538.php 第 175 行.
NOTIC: [8] Undefined index: province /www/web/order/Admin/Runtime/Cache/Home/b244408377fde82e682a28ebfe5fe538.php 第 175 行.
NOTIC: [8] Undefined index: province /www/web/order/Admin/Runtime/Cache/Home/b244408377fde82e682a28ebfe5fe538.php 第 175 行.
NOTIC: [8] Undefined index: province /www/web/order/Admin/Runtime/Cache/Home/b244408377fde82e682a28ebfe5fe538.php 第 175 行.
NOTIC: [8] Undefined index: province /www/web/order/Admin/Runtime/Cache/Home/b244408377fde82e682a28ebfe5fe538.php 第 175 行.
NOTIC: [8] Undefined index: province /www/web/order/Admin/Runtime/Cache/Home/b244408377fde82e682a28ebfe5fe538.php 第 175 行.
NOTIC: [8] Undefined index: province /www/web/order/Admin/Runtime/Cache/Home/b244408377fde82e682a28ebfe5fe538.php 第 175 行.
NOTIC: [8] Undefined index: province /www/web/order/Admin/Runtime/Cache/Home/b244408377fde82e682a28ebfe5fe538.php 第 175 行.
NOTIC: [8] Undefined index: province /www/web/order/Admin/Runtime/Cache/Home/b244408377fde82e682a28ebfe5fe538.php 第 175 行.
NOTIC: [8] Undefined index: province /www/web/order/Admin/Runtime/Cache/Home/b244408377fde82e682a28ebfe5fe538.php 第 175 行.
NOTIC: [8] Undefined index: province /www/web/order/Admin/Runtime/Cache/Home/b244408377fde82e682a28ebfe5fe538.php 第 175 行.
NOTIC: [8] Undefined index: province /www/web/order/Admin/Runtime/Cache/Home/b244408377fde82e682a28ebfe5fe538.php 第 175 行.
NOTIC: [8] Undefined index: province /www/web/order/Admin/Runtime/Cache/Home/b244408377fde82e682a28ebfe5fe538.php 第 175 行.
NOTIC: [8] Undefined index: province /www/web/order/Admin/Runtime/Cache/Home/b244408377fde82e682a28ebfe5fe538.php 第 175 行.
NOTIC: [8] Undefined index: province /www/web/order/Admin/Runtime/Cache/Home/b244408377fde82e682a28ebfe5fe538.php 第 175 行.
NOTIC: [8] Undefined index: province /www/web/order/Admin/Runtime/Cache/Home/b244408377fde82e682a28ebfe5fe538.php 第 175 行.
NOTIC: [8] Undefined index: province /www/web/order/Admin/Runtime/Cache/Home/b244408377fde82e682a28ebfe5fe538.php 第 175 行.
NOTIC: [8] Undefined index: province /www/web/order/Admin/Runtime/Cache/Home/b244408377fde82e682a28ebfe5fe538.php 第 175 行.
NOTIC: [8] Undefined index: province /www/web/order/Admin/Runtime/Cache/Home/b244408377fde82e682a28ebfe5fe538.php 第 175 行.
NOTIC: [8] Undefined index: province /www/web/order/Admin/Runtime/Cache/Home/b244408377fde82e682a28ebfe5fe538.php 第 175 行.
NOTIC: [8] Undefined index: province /www/web/order/Admin/Runtime/Cache/Home/b244408377fde82e682a28ebfe5fe538.php 第 175 行.
NOTIC: [8] Undefined index: province /www/web/order/Admin/Runtime/Cache/Home/b244408377fde82e682a28ebfe5fe538.php 第 175 行.
NOTIC: [8] Undefined index: province /www/web/order/Admin/Runtime/Cache/Home/b244408377fde82e682a28ebfe5fe538.php 第 175 行.
NOTIC: [8] Undefined index: province /www/web/order/Admin/Runtime/Cache/Home/b244408377fde82e682a28ebfe5fe538.php 第 175 行.
NOTIC: [8] Undefined index: province /www/web/order/Admin/Runtime/Cache/Home/b244408377fde82e682a28ebfe5fe538.php 第 175 行.
NOTIC: [8] Undefined index: province /www/web/order/Admin/Runtime/Cache/Home/b244408377fde82e682a28ebfe5fe538.php 第 175 行.
NOTIC: [8] Undefined index: province /www/web/order/Admin/Runtime/Cache/Home/b244408377fde82e682a28ebfe5fe538.php 第 175 行.
NOTIC: [8] Undefined index: province /www/web/order/Admin/Runtime/Cache/Home/b244408377fde82e682a28ebfe5fe538.php 第 175 行.
NOTIC: [8] Undefined index: mobile /www/web/order/Admin/Runtime/Cache/Home/b244408377fde82e682a28ebfe5fe538.php 第 212 行.
NOTIC: [8] Undefined index: type /www/web/order/Admin/Runtime/Cache/Home/b244408377fde82e682a28ebfe5fe538.php 第 216 行.
INFO: Run Behavior\ParseTemplateBehavior [ RunTime:0.007432s ]
INFO: [ view_parse ] --END-- [ RunTime:0.007462s ]
INFO: [ view_filter ] --START--
INFO: Run Behavior\WriteHtmlCacheBehavior [ RunTime:0.000055s ]
INFO: [ view_filter ] --END-- [ RunTime:0.000075s ]
INFO: [ app_end ] --START--
INFO: Run Behavior\ShowPageTraceBehavior [ RunTime:0.000028s ]
INFO: [ app_end ] --END-- [ RunTime:0.000051s ]

[ 2017-11-10T09:51:56+08:00 ] 220.248.47.34 /admin.php/Home/engineers/index.html
INFO: [ app_init ] --START--
INFO: Run Behavior\BuildLiteBehavior [ RunTime:0.000010s ]
INFO: [ app_init ] --END-- [ RunTime:0.000063s ]
INFO: [ app_begin ] --START--
INFO: Run Behavior\ReadHtmlCacheBehavior [ RunTime:0.000022s ]
INFO: [ app_begin ] --END-- [ RunTime:0.000045s ]
NOTIC: [8] Undefined index: manage_list /www/web/order/Admin/Home/Controller/GlobalController.class.php 第 34 行.
SQL: SHOW COLUMNS FROM `engineerrate` [ RunTime:0.0007s ]
SQL: SELECT * FROM `engineerrate` WHERE ( status=1 )  [ RunTime:0.0001s ]
SQL: SHOW COLUMNS FROM `engineertype` [ RunTime:0.0006s ]
SQL: SELECT * FROM `engineertype` WHERE ( status=1 )  [ RunTime:0.0000s ]
SQL: SHOW COLUMNS FROM `province` [ RunTime:0.0006s ]
SQL: SELECT * FROM `province`  [ RunTime:0.0001s ]
SQL: SHOW COLUMNS FROM `engineer` [ RunTime:0.0006s ]
SQL: SELECT COUNT(*) AS tp_count FROM `engineer` WHERE (  weixin='weizhi' ) LIMIT 1   [ RunTime:0.0002s ]
SQL: SELECT * FROM `engineer` WHERE (  weixin='weizhi' ) ORDER BY id DESC LIMIT 0,30   [ RunTime:0.0001s ]
INFO: [ view_parse ] --START--
NOTIC: [2] file_get_contents(./Admin/Home/View/Public/top.html): failed to open stream: No such file or directory /www/web/order/ThinkPHP/Library/Think/Template.class.php 第 696 行.
INFO: [ template_filter ] --START--
INFO: Run Behavior\ContentReplaceBehavior [ RunTime:0.000057s ]
INFO: [ template_filter ] --END-- [ RunTime:0.000085s ]
INFO: Run Behavior\ParseTemplateBehavior [ RunTime:0.007066s ]
INFO: [ view_parse ] --END-- [ RunTime:0.007096s ]
INFO: [ view_filter ] --START--
INFO: Run Behavior\WriteHtmlCacheBehavior [ RunTime:0.000025s ]
INFO: [ view_filter ] --END-- [ RunTime:0.000044s ]
INFO: [ app_end ] --START--
INFO: Run Behavior\ShowPageTraceBehavior [ RunTime:0.000025s ]
INFO: [ app_end ] --END-- [ RunTime:0.000048s ]

[ 2017-11-10T11:04:05+08:00 ] 221.226.125.130 /admin.php
INFO: [ app_init ] --START--
INFO: Run Behavior\BuildLiteBehavior [ RunTime:0.000011s ]
INFO: [ app_init ] --END-- [ RunTime:0.000066s ]
INFO: [ app_begin ] --START--
INFO: Run Behavior\ReadHtmlCacheBehavior [ RunTime:0.000024s ]
INFO: [ app_begin ] --END-- [ RunTime:0.000048s ]

[ 2017-11-10T11:04:05+08:00 ] 221.226.125.130 /admin.php/Home/login/index.html
INFO: [ app_init ] --START--
INFO: Run Behavior\BuildLiteBehavior [ RunTime:0.000010s ]
INFO: [ app_init ] --END-- [ RunTime:0.000065s ]
INFO: [ app_begin ] --START--
INFO: Run Behavior\ReadHtmlCacheBehavior [ RunTime:0.000038s ]
INFO: [ app_begin ] --END-- [ RunTime:0.000064s ]
INFO: [ view_parse ] --START--
INFO: [ template_filter ] --START--
INFO: Run Behavior\ContentReplaceBehavior [ RunTime:0.000028s ]
INFO: [ template_filter ] --END-- [ RunTime:0.000057s ]
INFO: Run Behavior\ParseTemplateBehavior [ RunTime:0.001684s ]
INFO: [ view_parse ] --END-- [ RunTime:0.001719s ]
INFO: [ view_filter ] --START--
INFO: Run Behavior\WriteHtmlCacheBehavior [ RunTime:0.000035s ]
INFO: [ view_filter ] --END-- [ RunTime:0.000054s ]
INFO: [ app_end ] --START--
INFO: Run Behavior\ShowPageTraceBehavior [ RunTime:0.000030s ]
INFO: [ app_end ] --END-- [ RunTime:0.000050s ]

[ 2017-11-10T11:04:10+08:00 ] 221.226.125.130 /admin.php/Home/login/index.html
INFO: [ app_init ] --START--
INFO: Run Behavior\BuildLiteBehavior [ RunTime:0.000010s ]
INFO: [ app_init ] --END-- [ RunTime:0.000067s ]
INFO: [ app_begin ] --START--
INFO: Run Behavior\ReadHtmlCacheBehavior [ RunTime:0.000024s ]
INFO: [ app_begin ] --END-- [ RunTime:0.000049s ]
INFO: [ view_parse ] --START--
INFO: [ template_filter ] --START--
INFO: Run Behavior\ContentReplaceBehavior [ RunTime:0.000026s ]
INFO: [ template_filter ] --END-- [ RunTime:0.000067s ]
INFO: Run Behavior\ParseTemplateBehavior [ RunTime:0.001508s ]
INFO: [ view_parse ] --END-- [ RunTime:0.001536s ]
INFO: [ view_filter ] --START--
INFO: Run Behavior\WriteHtmlCacheBehavior [ RunTime:0.000025s ]
INFO: [ view_filter ] --END-- [ RunTime:0.000042s ]
INFO: [ app_end ] --START--
INFO: Run Behavior\ShowPageTraceBehavior [ RunTime:0.000020s ]
INFO: [ app_end ] --END-- [ RunTime:0.000038s ]

[ 2017-11-10T11:04:12+08:00 ] 221.226.125.130 /admin.php/Home/login/index.html
INFO: [ app_init ] --START--
INFO: Run Behavior\BuildLiteBehavior [ RunTime:0.000010s ]
INFO: [ app_init ] --END-- [ RunTime:0.000065s ]
INFO: [ app_begin ] --START--
INFO: Run Behavior\ReadHtmlCacheBehavior [ RunTime:0.000025s ]
INFO: [ app_begin ] --END-- [ RunTime:0.000047s ]
INFO: [ view_parse ] --START--
INFO: [ template_filter ] --START--
INFO: Run Behavior\ContentReplaceBehavior [ RunTime:0.000024s ]
INFO: [ template_filter ] --END-- [ RunTime:0.000064s ]
INFO: Run Behavior\ParseTemplateBehavior [ RunTime:0.001464s ]
INFO: [ view_parse ] --END-- [ RunTime:0.001491s ]
INFO: [ view_filter ] --START--
INFO: Run Behavior\WriteHtmlCacheBehavior [ RunTime:0.000023s ]
INFO: [ view_filter ] --END-- [ RunTime:0.000040s ]
INFO: [ app_end ] --START--
INFO: Run Behavior\ShowPageTraceBehavior [ RunTime:0.000020s ]
INFO: [ app_end ] --END-- [ RunTime:0.000036s ]

[ 2017-11-10T11:04:13+08:00 ] 221.226.125.130 /admin.php/Home/login/index.html
INFO: [ app_init ] --START--
INFO: Run Behavior\BuildLiteBehavior [ RunTime:0.000010s ]
INFO: [ app_init ] --END-- [ RunTime:0.000071s ]
INFO: [ app_begin ] --START--
INFO: Run Behavior\ReadHtmlCacheBehavior [ RunTime:0.000025s ]
INFO: [ app_begin ] --END-- [ RunTime:0.000047s ]
INFO: [ view_parse ] --START--
INFO: [ template_filter ] --START--
INFO: Run Behavior\ContentReplaceBehavior [ RunTime:0.000024s ]
INFO: [ template_filter ] --END-- [ RunTime:0.000049s ]
INFO: Run Behavior\ParseTemplateBehavior [ RunTime:0.001471s ]
INFO: [ view_parse ] --END-- [ RunTime:0.001500s ]
INFO: [ view_filter ] --START--
INFO: Run Behavior\WriteHtmlCacheBehavior [ RunTime:0.000023s ]
INFO: [ view_filter ] --END-- [ RunTime:0.000039s ]
INFO: [ app_end ] --START--
INFO: Run Behavior\ShowPageTraceBehavior [ RunTime:0.000020s ]
INFO: [ app_end ] --END-- [ RunTime:0.000037s ]

[ 2017-11-10T11:04:13+08:00 ] 221.226.125.130 /admin.php/Home/login/index.html
INFO: [ app_init ] --START--
INFO: Run Behavior\BuildLiteBehavior [ RunTime:0.000010s ]
INFO: [ app_init ] --END-- [ RunTime:0.000068s ]
INFO: [ app_begin ] --START--
INFO: Run Behavior\ReadHtmlCacheBehavior [ RunTime:0.000026s ]
INFO: [ app_begin ] --END-- [ RunTime:0.000053s ]
INFO: [ view_parse ] --START--
INFO: [ template_filter ] --START--
INFO: Run Behavior\ContentReplaceBehavior [ RunTime:0.000026s ]
INFO: [ template_filter ] --END-- [ RunTime:0.000071s ]
INFO: Run Behavior\ParseTemplateBehavior [ RunTime:0.001645s ]
INFO: [ view_parse ] --END-- [ RunTime:0.001677s ]
INFO: [ view_filter ] --START--
INFO: Run Behavior\WriteHtmlCacheBehavior [ RunTime:0.000026s ]
INFO: [ view_filter ] --END-- [ RunTime:0.000045s ]
INFO: [ app_end ] --START--
INFO: Run Behavior\ShowPageTraceBehavior [ RunTime:0.000021s ]
INFO: [ app_end ] --END-- [ RunTime:0.000040s ]

[ 2017-11-10T11:04:13+08:00 ] 221.226.125.130 /admin.php/Home/login/index.html
INFO: [ app_init ] --START--
INFO: Run Behavior\BuildLiteBehavior [ RunTime:0.000011s ]
INFO: [ app_init ] --END-- [ RunTime:0.000072s ]
INFO: [ app_begin ] --START--
INFO: Run Behavior\ReadHtmlCacheBehavior [ RunTime:0.000027s ]
INFO: [ app_begin ] --END-- [ RunTime:0.000054s ]
INFO: [ view_parse ] --START--
INFO: [ template_filter ] --START--
INFO: Run Behavior\ContentReplaceBehavior [ RunTime:0.000029s ]
INFO: [ template_filter ] --END-- [ RunTime:0.000060s ]
INFO: Run Behavior\ParseTemplateBehavior [ RunTime:0.001745s ]
INFO: [ view_parse ] --END-- [ RunTime:0.001777s ]
INFO: [ view_filter ] --START--
INFO: Run Behavior\WriteHtmlCacheBehavior [ RunTime:0.000027s ]
INFO: [ view_filter ] --END-- [ RunTime:0.000046s ]
INFO: [ app_end ] --START--
INFO: Run Behavior\ShowPageTraceBehavior [ RunTime:0.000022s ]
INFO: [ app_end ] --END-- [ RunTime:0.000043s ]

[ 2017-11-10T11:04:14+08:00 ] 221.226.125.130 /admin.php/Home/login/index.html
INFO: [ app_init ] --START--
INFO: Run Behavior\BuildLiteBehavior [ RunTime:0.000009s ]
INFO: [ app_init ] --END-- [ RunTime:0.000067s ]
INFO: [ app_begin ] --START--
INFO: Run Behavior\ReadHtmlCacheBehavior [ RunTime:0.000025s ]
INFO: [ app_begin ] --END-- [ RunTime:0.000049s ]
INFO: [ view_parse ] --START--
INFO: [ template_filter ] --START--
INFO: Run Behavior\ContentReplaceBehavior [ RunTime:0.000038s ]
INFO: [ template_filter ] --END-- [ RunTime:0.000065s ]
INFO: Run Behavior\ParseTemplateBehavior [ RunTime:0.001473s ]
INFO: [ view_parse ] --END-- [ RunTime:0.001503s ]
INFO: [ view_filter ] --START--
INFO: Run Behavior\WriteHtmlCacheBehavior [ RunTime:0.000024s ]
INFO: [ view_filter ] --END-- [ RunTime:0.000041s ]
INFO: [ app_end ] --START--
INFO: Run Behavior\ShowPageTraceBehavior [ RunTime:0.000020s ]
INFO: [ app_end ] --END-- [ RunTime:0.000038s ]

[ 2017-11-10T11:04:14+08:00 ] 221.226.125.130 /admin.php/Home/login/index.html
INFO: [ app_init ] --START--
INFO: Run Behavior\BuildLiteBehavior [ RunTime:0.000009s ]
INFO: [ app_init ] --END-- [ RunTime:0.000063s ]
INFO: [ app_begin ] --START--
INFO: Run Behavior\ReadHtmlCacheBehavior [ RunTime:0.000024s ]
INFO: [ app_begin ] --END-- [ RunTime:0.000047s ]
INFO: [ view_parse ] --START--
INFO: [ template_filter ] --START--
INFO: Run Behavior\ContentReplaceBehavior [ RunTime:0.000037s ]
INFO: [ template_filter ] --END-- [ RunTime:0.000064s ]
INFO: Run Behavior\ParseTemplateBehavior [ RunTime:0.001452s ]
INFO: [ view_parse ] --END-- [ RunTime:0.001480s ]
INFO: [ view_filter ] --START--
INFO: Run Behavior\WriteHtmlCacheBehavior [ RunTime:0.000023s ]
INFO: [ view_filter ] --END-- [ RunTime:0.000040s ]
INFO: [ app_end ] --START--
INFO: Run Behavior\ShowPageTraceBehavior [ RunTime:0.000020s ]
INFO: [ app_end ] --END-- [ RunTime:0.000036s ]

[ 2017-11-10T11:04:17+08:00 ] 221.226.125.130 /admin.php/Home/login/index.html
INFO: [ app_init ] --START--
INFO: Run Behavior\BuildLiteBehavior [ RunTime:0.000011s ]
INFO: [ app_init ] --END-- [ RunTime:0.000072s ]
INFO: [ app_begin ] --START--
INFO: Run Behavior\ReadHtmlCacheBehavior [ RunTime:0.000027s ]
INFO: [ app_begin ] --END-- [ RunTime:0.000053s ]
INFO: [ view_parse ] --START--
INFO: [ template_filter ] --START--
INFO: Run Behavior\ContentReplaceBehavior [ RunTime:0.000026s ]
INFO: [ template_filter ] --END-- [ RunTime:0.000055s ]
INFO: Run Behavior\ParseTemplateBehavior [ RunTime:0.001673s ]
INFO: [ view_parse ] --END-- [ RunTime:0.001705s ]
INFO: [ view_filter ] --START--
INFO: Run Behavior\WriteHtmlCacheBehavior [ RunTime:0.000027s ]
INFO: [ view_filter ] --END-- [ RunTime:0.000054s ]
INFO: [ app_end ] --START--
INFO: Run Behavior\ShowPageTraceBehavior [ RunTime:0.000023s ]
INFO: [ app_end ] --END-- [ RunTime:0.000042s ]

[ 2017-11-10T11:04:18+08:00 ] 221.226.125.130 /admin.php/Home/login/index.html
INFO: [ app_init ] --START--
INFO: Run Behavior\BuildLiteBehavior [ RunTime:0.000011s ]
INFO: [ app_init ] --END-- [ RunTime:0.000071s ]
INFO: [ app_begin ] --START--
INFO: Run Behavior\ReadHtmlCacheBehavior [ RunTime:0.000028s ]
INFO: [ app_begin ] --END-- [ RunTime:0.000064s ]
INFO: [ view_parse ] --START--
INFO: [ template_filter ] --START--
INFO: Run Behavior\ContentReplaceBehavior [ RunTime:0.000026s ]
INFO: [ template_filter ] --END-- [ RunTime:0.000054s ]
INFO: Run Behavior\ParseTemplateBehavior [ RunTime:0.001641s ]
INFO: [ view_parse ] --END-- [ RunTime:0.001673s ]
INFO: [ view_filter ] --START--
INFO: Run Behavior\WriteHtmlCacheBehavior [ RunTime:0.000026s ]
INFO: [ view_filter ] --END-- [ RunTime:0.000045s ]
INFO: [ app_end ] --START--
INFO: Run Behavior\ShowPageTraceBehavior [ RunTime:0.000034s ]
INFO: [ app_end ] --END-- [ RunTime:0.000055s ]

[ 2017-11-10T11:04:18+08:00 ] 221.226.125.130 /admin.php/Home/login/index.html
INFO: [ app_init ] --START--
INFO: Run Behavior\BuildLiteBehavior [ RunTime:0.000010s ]
INFO: [ app_init ] --END-- [ RunTime:0.000081s ]
INFO: [ app_begin ] --START--
INFO: Run Behavior\ReadHtmlCacheBehavior [ RunTime:0.000025s ]
INFO: [ app_begin ] --END-- [ RunTime:0.000053s ]
INFO: [ view_parse ] --START--
INFO: [ template_filter ] --START--
INFO: Run Behavior\ContentReplaceBehavior [ RunTime:0.000027s ]
INFO: [ template_filter ] --END-- [ RunTime:0.000055s ]
INFO: Run Behavior\ParseTemplateBehavior [ RunTime:0.001630s ]
INFO: [ view_parse ] --END-- [ RunTime:0.001660s ]
INFO: [ view_filter ] --START--
INFO: Run Behavior\WriteHtmlCacheBehavior [ RunTime:0.000028s ]
INFO: [ view_filter ] --END-- [ RunTime:0.000046s ]
INFO: [ app_end ] --START--
INFO: Run Behavior\ShowPageTraceBehavior [ RunTime:0.000033s ]
INFO: [ app_end ] --END-- [ RunTime:0.000053s ]

[ 2017-11-10T11:04:18+08:00 ] 221.226.125.130 /admin.php/Home/login/index.html
INFO: [ app_init ] --START--
INFO: Run Behavior\BuildLiteBehavior [ RunTime:0.000008s ]
INFO: [ app_init ] --END-- [ RunTime:0.000053s ]
INFO: [ app_begin ] --START--
INFO: Run Behavior\ReadHtmlCacheBehavior [ RunTime:0.000022s ]
INFO: [ app_begin ] --END-- [ RunTime:0.000045s ]
INFO: [ view_parse ] --START--
INFO: [ template_filter ] --START--
INFO: Run Behavior\ContentReplaceBehavior [ RunTime:0.000024s ]
INFO: [ template_filter ] --END-- [ RunTime:0.000050s ]
INFO: Run Behavior\ParseTemplateBehavior [ RunTime:0.001406s ]
INFO: [ view_parse ] --END-- [ RunTime:0.001434s ]
INFO: [ view_filter ] --START--
INFO: Run Behavior\WriteHtmlCacheBehavior [ RunTime:0.000024s ]
INFO: [ view_filter ] --END-- [ RunTime:0.000049s ]
INFO: [ app_end ] --START--
INFO: Run Behavior\ShowPageTraceBehavior [ RunTime:0.000021s ]
INFO: [ app_end ] --END-- [ RunTime:0.000038s ]

[ 2017-11-10T11:04:19+08:00 ] 221.226.125.130 /admin.php/Home/login/index.html
INFO: [ app_init ] --START--
INFO: Run Behavior\BuildLiteBehavior [ RunTime:0.000011s ]
INFO: [ app_init ] --END-- [ RunTime:0.000079s ]
INFO: [ app_begin ] --START--
INFO: Run Behavior\ReadHtmlCacheBehavior [ RunTime:0.000027s ]
INFO: [ app_begin ] --END-- [ RunTime:0.000053s ]
INFO: [ view_parse ] --START--
INFO: [ template_filter ] --START--
INFO: Run Behavior\ContentReplaceBehavior [ RunTime:0.000040s ]
INFO: [ template_filter ] --END-- [ RunTime:0.000071s ]
INFO: Run Behavior\ParseTemplateBehavior [ RunTime:0.001607s ]
INFO: [ view_parse ] --END-- [ RunTime:0.001639s ]
INFO: [ view_filter ] --START--
INFO: Run Behavior\WriteHtmlCacheBehavior [ RunTime:0.000032s ]
INFO: [ view_filter ] --END-- [ RunTime:0.000052s ]
INFO: [ app_end ] --START--
INFO: Run Behavior\ShowPageTraceBehavior [ RunTime:0.000022s ]
INFO: [ app_end ] --END-- [ RunTime:0.000042s ]

[ 2017-11-10T16:19:15+08:00 ] 221.226.125.130 /admin.php
INFO: [ app_init ] --START--
INFO: Run Behavior\BuildLiteBehavior [ RunTime:0.000010s ]
INFO: [ app_init ] --END-- [ RunTime:0.000068s ]
INFO: [ app_begin ] --START--
INFO: Run Behavior\ReadHtmlCacheBehavior [ RunTime:0.000026s ]
INFO: [ app_begin ] --END-- [ RunTime:0.000050s ]

[ 2017-11-10T16:19:15+08:00 ] 221.226.125.130 /admin.php/Home/login/index.html
INFO: [ app_init ] --START--
INFO: Run Behavior\BuildLiteBehavior [ RunTime:0.000008s ]
INFO: [ app_init ] --END-- [ RunTime:0.000050s ]
INFO: [ app_begin ] --START--
INFO: Run Behavior\ReadHtmlCacheBehavior [ RunTime:0.000025s ]
INFO: [ app_begin ] --END-- [ RunTime:0.000050s ]
INFO: [ view_parse ] --START--
INFO: [ template_filter ] --START--
INFO: Run Behavior\ContentReplaceBehavior [ RunTime:0.000024s ]
INFO: [ template_filter ] --END-- [ RunTime:0.000053s ]
INFO: Run Behavior\ParseTemplateBehavior [ RunTime:0.001618s ]
INFO: [ view_parse ] --END-- [ RunTime:0.001648s ]
INFO: [ view_filter ] --START--
INFO: Run Behavior\WriteHtmlCacheBehavior [ RunTime:0.000034s ]
INFO: [ view_filter ] --END-- [ RunTime:0.000053s ]
INFO: [ app_end ] --START--
INFO: Run Behavior\ShowPageTraceBehavior [ RunTime:0.000029s ]
INFO: [ app_end ] --END-- [ RunTime:0.000048s ]

[ 2017-11-10T16:19:23+08:00 ] 221.226.125.130 /admin.php/Home/Login/login.html
INFO: [ app_init ] --START--
INFO: Run Behavior\BuildLiteBehavior [ RunTime:0.000010s ]
INFO: [ app_init ] --END-- [ RunTime:0.000066s ]
INFO: [ app_begin ] --START--
INFO: Run Behavior\ReadHtmlCacheBehavior [ RunTime:0.000025s ]
INFO: [ app_begin ] --END-- [ RunTime:0.000050s ]
SQL: SHOW COLUMNS FROM `user` [ RunTime:0.0009s ]
SQL: SELECT * FROM `user` WHERE ( username='admin' and userpwd ='880343944aeb296d98d986b169ee9414' and status=1 )  [ RunTime:0.0002s ]
SQL: UPDATE `user` SET `latestLogin`='1510301963' WHERE `id` = '1' [ RunTime:0.0032s ]

[ 2017-11-10T16:19:23+08:00 ] 221.226.125.130 /admin.php/Home/order/index.html
INFO: [ app_init ] --START--
INFO: Run Behavior\BuildLiteBehavior [ RunTime:0.000008s ]
INFO: [ app_init ] --END-- [ RunTime:0.000048s ]
INFO: [ app_begin ] --START--
INFO: Run Behavior\ReadHtmlCacheBehavior [ RunTime:0.000039s ]
INFO: [ app_begin ] --END-- [ RunTime:0.000069s ]
NOTIC: [2048] Declaration of Home\Controller\OrderController::getcityinfo() should be compatible with Home\Controller\GlobalController::getCityInfo($provinceId) /www/web/order/Admin/Home/Controller/OrderController.class.php 第 4 行.
NOTIC: [2048] Declaration of Home\Controller\OrderController::getareainfo() should be compatible with Home\Controller\GlobalController::getAreaInfo($cityid) /www/web/order/Admin/Home/Controller/OrderController.class.php 第 4 行.
NOTIC: [8] Undefined index: manage_list /www/web/order/Admin/Home/Controller/GlobalController.class.php 第 34 行.
SQL: SHOW COLUMNS FROM `engineer` [ RunTime:0.0007s ]
SQL: SELECT * FROM `engineer` WHERE ( status=1 )  [ RunTime:0.0002s ]
SQL: SHOW COLUMNS FROM `customer` [ RunTime:0.0006s ]
SQL: SELECT * FROM `customer` WHERE ( status=1 )  [ RunTime:0.0001s ]
SQL: SHOW COLUMNS FROM `company` [ RunTime:0.0006s ]
SQL: SELECT * FROM `company` WHERE ( status=1 )  [ RunTime:0.0000s ]
SQL: SHOW COLUMNS FROM `jobtype` [ RunTime:0.0005s ]
SQL: SELECT * FROM `jobtype` WHERE ( status=1 )  [ RunTime:0.0000s ]
SQL: SHOW COLUMNS FROM `province` [ RunTime:0.0005s ]
SQL: SELECT * FROM `province`  [ RunTime:0.0001s ]
SQL: SHOW COLUMNS FROM `g_order` [ RunTime:0.0006s ]
SQL: SELECT COUNT(*) AS tp_count FROM `g_order` LIMIT 1   [ RunTime:0.0000s ]
SQL: SELECT g_order.*,customer.code,customer.province,customer.city,customer.area FROM `g_order` left join customer on customer.name = g_order.customerId  ORDER BY id DESC LIMIT 0,30   [ RunTime:0.0001s ]
INFO: [ view_parse ] --START--
NOTIC: [2] file_get_contents(./Admin/Home/View/Public/top.html): failed to open stream: No such file or directory /www/web/order/ThinkPHP/Library/Think/Template.class.php 第 696 行.
INFO: [ template_filter ] --START--
INFO: Run Behavior\ContentReplaceBehavior [ RunTime:0.000066s ]
INFO: [ template_filter ] --END-- [ RunTime:0.000094s ]
NOTIC: [8] Undefined index: accept_start /www/web/order/Admin/Runtime/Cache/Home/c9598960eadfb49cd7cb0e5e76951f3a.php 第 155 行.
NOTIC: [8] Undefined index: accept_end /www/web/order/Admin/Runtime/Cache/Home/c9598960eadfb49cd7cb0e5e76951f3a.php 第 157 行.
NOTIC: [8] Undefined index: status /www/web/order/Admin/Runtime/Cache/Home/c9598960eadfb49cd7cb0e5e76951f3a.php 第 162 行.
NOTIC: [8] Undefined index: status /www/web/order/Admin/Runtime/Cache/Home/c9598960eadfb49cd7cb0e5e76951f3a.php 第 163 行.
NOTIC: [8] Undefined index: status /www/web/order/Admin/Runtime/Cache/Home/c9598960eadfb49cd7cb0e5e76951f3a.php 第 164 行.
NOTIC: [8] Undefined index: status /www/web/order/Admin/Runtime/Cache/Home/c9598960eadfb49cd7cb0e5e76951f3a.php 第 165 行.
NOTIC: [8] Undefined index: status /www/web/order/Admin/Runtime/Cache/Home/c9598960eadfb49cd7cb0e5e76951f3a.php 第 166 行.
NOTIC: [8] Undefined index: arrive_start /www/web/order/Admin/Runtime/Cache/Home/c9598960eadfb49cd7cb0e5e76951f3a.php 第 173 行.
NOTIC: [8] Undefined index: arrive_end /www/web/order/Admin/Runtime/Cache/Home/c9598960eadfb49cd7cb0e5e76951f3a.php 第 175 行.
NOTIC: [8] Undefined index: requireuser /www/web/order/Admin/Runtime/Cache/Home/c9598960eadfb49cd7cb0e5e76951f3a.php 第 180 行.
NOTIC: [8] Undefined index: requireuser /www/web/order/Admin/Runtime/Cache/Home/c9598960eadfb49cd7cb0e5e76951f3a.php 第 180 行.
NOTIC: [8] Undefined index: end_start /www/web/order/Admin/Runtime/Cache/Home/c9598960eadfb49cd7cb0e5e76951f3a.php 第 187 行.
NOTIC: [8] Undefined index: end_end /www/web/order/Admin/Runtime/Cache/Home/c9598960eadfb49cd7cb0e5e76951f3a.php 第 189 行.
NOTIC: [8] Undefined index: city /www/web/order/Admin/Runtime/Cache/Home/c9598960eadfb49cd7cb0e5e76951f3a.php 第 194 行.
NOTIC: [8] Undefined index: area /www/web/order/Admin/Runtime/Cache/Home/c9598960eadfb49cd7cb0e5e76951f3a.php 第 195 行.
NOTIC: [8] Undefined index: province /www/web/order/Admin/Runtime/Cache/Home/c9598960eadfb49cd7cb0e5e76951f3a.php 第 198 行.
NOTIC: [8] Undefined index: province /www/web/order/Admin/Runtime/Cache/Home/c9598960eadfb49cd7cb0e5e76951f3a.php 第 198 行.
NOTIC: [8] Undefined index: province /www/web/order/Admin/Runtime/Cache/Home/c9598960eadfb49cd7cb0e5e76951f3a.php 第 198 行.
NOTIC: [8] Undefined index: province /www/web/order/Admin/Runtime/Cache/Home/c9598960eadfb49cd7cb0e5e76951f3a.php 第 198 行.
NOTIC: [8] Undefined index: province /www/web/order/Admin/Runtime/Cache/Home/c9598960eadfb49cd7cb0e5e76951f3a.php 第 198 行.
NOTIC: [8] Undefined index: province /www/web/order/Admin/Runtime/Cache/Home/c9598960eadfb49cd7cb0e5e76951f3a.php 第 198 行.
NOTIC: [8] Undefined index: province /www/web/order/Admin/Runtime/Cache/Home/c9598960eadfb49cd7cb0e5e76951f3a.php 第 198 行.
NOTIC: [8] Undefined index: province /www/web/order/Admin/Runtime/Cache/Home/c9598960eadfb49cd7cb0e5e76951f3a.php 第 198 行.
NOTIC: [8] Undefined index: province /www/web/order/Admin/Runtime/Cache/Home/c9598960eadfb49cd7cb0e5e76951f3a.php 第 198 行.
NOTIC: [8] Undefined index: province /www/web/order/Admin/Runtime/Cache/Home/c9598960eadfb49cd7cb0e5e76951f3a.php 第 198 行.
NOTIC: [8] Undefined index: province /www/web/order/Admin/Runtime/Cache/Home/c9598960eadfb49cd7cb0e5e76951f3a.php 第 198 行.
NOTIC: [8] Undefined index: province /www/web/order/Admin/Runtime/Cache/Home/c9598960eadfb49cd7cb0e5e76951f3a.php 第 198 行.
NOTIC: [8] Undefined index: province /www/web/order/Admin/Runtime/Cache/Home/c9598960eadfb49cd7cb0e5e76951f3a.php 第 198 行.
NOTIC: [8] Undefined index: province /www/web/order/Admin/Runtime/Cache/Home/c9598960eadfb49cd7cb0e5e76951f3a.php 第 198 行.
NOTIC: [8] Undefined index: province /www/web/order/Admin/Runtime/Cache/Home/c9598960eadfb49cd7cb0e5e76951f3a.php 第 198 行.
NOTIC: [8] Undefined index: province /www/web/order/Admin/Runtime/Cache/Home/c9598960eadfb49cd7cb0e5e76951f3a.php 第 198 行.
NOTIC: [8] Undefined index: province /www/web/order/Admin/Runtime/Cache/Home/c9598960eadfb49cd7cb0e5e76951f3a.php 第 198 行.
NOTIC: [8] Undefined index: province /www/web/order/Admin/Runtime/Cache/Home/c9598960eadfb49cd7cb0e5e76951f3a.php 第 198 行.
NOTIC: [8] Undefined index: province /www/web/order/Admin/Runtime/Cache/Home/c9598960eadfb49cd7cb0e5e76951f3a.php 第 198 行.
NOTIC: [8] Undefined index: province /www/web/order/Admin/Runtime/Cache/Home/c9598960eadfb49cd7cb0e5e76951f3a.php 第 198 行.
NOTIC: [8] Undefined index: province /www/web/order/Admin/Runtime/Cache/Home/c9598960eadfb49cd7cb0e5e76951f3a.php 第 198 行.
NOTIC: [8] Undefined index: province /www/web/order/Admin/Runtime/Cache/Home/c9598960eadfb49cd7cb0e5e76951f3a.php 第 198 行.
NOTIC: [8] Undefined index: province /www/web/order/Admin/Runtime/Cache/Home/c9598960eadfb49cd7cb0e5e76951f3a.php 第 198 行.
NOTIC: [8] Undefined index: province /www/web/order/Admin/Runtime/Cache/Home/c9598960eadfb49cd7cb0e5e76951f3a.php 第 198 行.
NOTIC: [8] Undefined index: province /www/web/order/Admin/Runtime/Cache/Home/c9598960eadfb49cd7cb0e5e76951f3a.php 第 198 行.
NOTIC: [8] Undefined index: province /www/web/order/Admin/Runtime/Cache/Home/c9598960eadfb49cd7cb0e5e76951f3a.php 第 198 行.
NOTIC: [8] Undefined index: province /www/web/order/Admin/Runtime/Cache/Home/c9598960eadfb49cd7cb0e5e76951f3a.php 第 198 行.
NOTIC: [8] Undefined index: province /www/web/order/Admin/Runtime/Cache/Home/c9598960eadfb49cd7cb0e5e76951f3a.php 第 198 行.
NOTIC: [8] Undefined index: province /www/web/order/Admin/Runtime/Cache/Home/c9598960eadfb49cd7cb0e5e76951f3a.php 第 198 行.
NOTIC: [8] Undefined index: province /www/web/order/Admin/Runtime/Cache/Home/c9598960eadfb49cd7cb0e5e76951f3a.php 第 198 行.
NOTIC: [8] Undefined index: province /www/web/order/Admin/Runtime/Cache/Home/c9598960eadfb49cd7cb0e5e76951f3a.php 第 198 行.
NOTIC: [8] Undefined index: province /www/web/order/Admin/Runtime/Cache/Home/c9598960eadfb49cd7cb0e5e76951f3a.php 第 198 行.
NOTIC: [8] Undefined index: province /www/web/order/Admin/Runtime/Cache/Home/c9598960eadfb49cd7cb0e5e76951f3a.php 第 198 行.
NOTIC: [8] Undefined index: province /www/web/order/Admin/Runtime/Cache/Home/c9598960eadfb49cd7cb0e5e76951f3a.php 第 198 行.
NOTIC: [8] Undefined index: engineername /www/web/order/Admin/Runtime/Cache/Home/c9598960eadfb49cd7cb0e5e76951f3a.php 第 238 行.
NOTIC: [8] Undefined index: engineername /www/web/order/Admin/Runtime/Cache/Home/c9598960eadfb49cd7cb0e5e76951f3a.php 第 238 行.
NOTIC: [8] Undefined index: jobtype /www/web/order/Admin/Runtime/Cache/Home/c9598960eadfb49cd7cb0e5e76951f3a.php 第 244 行.
INFO: Run Behavior\ParseTemplateBehavior [ RunTime:0.009393s ]
INFO: [ view_parse ] --END-- [ RunTime:0.009418s ]
INFO: [ view_filter ] --START--
INFO: Run Behavior\WriteHtmlCacheBehavior [ RunTime:0.000028s ]
INFO: [ view_filter ] --END-- [ RunTime:0.000045s ]
INFO: [ app_end ] --START--
INFO: Run Behavior\ShowPageTraceBehavior [ RunTime:0.000024s ]
INFO: [ app_end ] --END-- [ RunTime:0.000044s ]

[ 2017-11-10T20:28:09+08:00 ] 221.226.125.130 /admin.php
INFO: [ app_init ] --START--
INFO: Run Behavior\BuildLiteBehavior [ RunTime:0.000011s ]
INFO: [ app_init ] --END-- [ RunTime:0.000086s ]
INFO: [ app_begin ] --START--
INFO: Run Behavior\ReadHtmlCacheBehavior [ RunTime:0.000032s ]
INFO: [ app_begin ] --END-- [ RunTime:0.000055s ]

[ 2017-11-10T20:28:09+08:00 ] 221.226.125.130 /admin.php/Home/login/index.html
INFO: [ app_init ] --START--
INFO: Run Behavior\BuildLiteBehavior [ RunTime:0.000011s ]
INFO: [ app_init ] --END-- [ RunTime:0.000054s ]
INFO: [ app_begin ] --START--
INFO: Run Behavior\ReadHtmlCacheBehavior [ RunTime:0.000023s ]
INFO: [ app_begin ] --END-- [ RunTime:0.000047s ]
INFO: [ view_parse ] --START--
INFO: [ template_filter ] --START--
INFO: Run Behavior\ContentReplaceBehavior [ RunTime:0.000022s ]
INFO: [ template_filter ] --END-- [ RunTime:0.000048s ]
INFO: Run Behavior\ParseTemplateBehavior [ RunTime:0.001503s ]
INFO: [ view_parse ] --END-- [ RunTime:0.001533s ]
INFO: [ view_filter ] --START--
INFO: Run Behavior\WriteHtmlCacheBehavior [ RunTime:0.000031s ]
INFO: [ view_filter ] --END-- [ RunTime:0.000049s ]
INFO: [ app_end ] --START--
INFO: Run Behavior\ShowPageTraceBehavior [ RunTime:0.000025s ]
INFO: [ app_end ] --END-- [ RunTime:0.000043s ]

