[ 2017-12-04T00:02:41+08:00 ] 61.160.224.136 /admin.php
INFO: [ app_init ] --START--
INFO: Run Behavior\BuildLiteBehavior [ RunTime:0.000010s ]
INFO: [ app_init ] --END-- [ RunTime:0.000076s ]
INFO: [ app_begin ] --START--
INFO: Run Behavior\ReadHtmlCacheBehavior [ RunTime:0.000307s ]
INFO: [ app_begin ] --END-- [ RunTime:0.000341s ]

[ 2017-12-04T00:02:41+08:00 ] 61.160.224.136 /admin.php/Home/login/index.html
INFO: [ app_init ] --START--
INFO: Run Behavior\BuildLiteBehavior [ RunTime:0.000008s ]
INFO: [ app_init ] --END-- [ RunTime:0.000041s ]
INFO: [ app_begin ] --START--
INFO: Run Behavior\ReadHtmlCacheBehavior [ RunTime:0.000285s ]
INFO: [ app_begin ] --END-- [ RunTime:0.000314s ]
INFO: [ view_parse ] --START--
INFO: [ template_filter ] --START--
INFO: Run Behavior\ContentReplaceBehavior [ RunTime:0.000023s ]
INFO: [ template_filter ] --END-- [ RunTime:0.000051s ]
INFO: Run Behavior\ParseTemplateBehavior [ RunTime:0.003438s ]
INFO: [ view_parse ] --END-- [ RunTime:0.003464s ]
INFO: [ view_filter ] --START--
INFO: Run Behavior\WriteHtmlCacheBehavior [ RunTime:0.000111s ]
INFO: [ view_filter ] --END-- [ RunTime:0.000128s ]
INFO: [ app_end ] --START--
INFO: Run Behavior\ShowPageTraceBehavior [ RunTime:0.000310s ]
INFO: [ app_end ] --END-- [ RunTime:0.000334s ]

[ 2017-12-04T00:03:37+08:00 ] 61.160.224.136 /admin.php
INFO: [ app_init ] --START--
INFO: Run Behavior\BuildLiteBehavior [ RunTime:0.000009s ]
INFO: [ app_init ] --END-- [ RunTime:0.000051s ]
INFO: [ app_begin ] --START--
INFO: Run Behavior\ReadHtmlCacheBehavior [ RunTime:0.000290s ]
INFO: [ app_begin ] --END-- [ RunTime:0.000320s ]

[ 2017-12-04T00:03:37+08:00 ] 61.160.224.136 /admin.php/Home/login/index.html
INFO: [ app_init ] --START--
INFO: Run Behavior\BuildLiteBehavior [ RunTime:0.000008s ]
INFO: [ app_init ] --END-- [ RunTime:0.000046s ]
INFO: [ app_begin ] --START--
INFO: Run Behavior\ReadHtmlCacheBehavior [ RunTime:0.000292s ]
INFO: [ app_begin ] --END-- [ RunTime:0.000320s ]
INFO: [ view_parse ] --START--
INFO: [ template_filter ] --START--
INFO: Run Behavior\ContentReplaceBehavior [ RunTime:0.000035s ]
INFO: [ template_filter ] --END-- [ RunTime:0.000063s ]
INFO: Run Behavior\ParseTemplateBehavior [ RunTime:0.003558s ]
INFO: [ view_parse ] --END-- [ RunTime:0.003584s ]
INFO: [ view_filter ] --START--
INFO: Run Behavior\WriteHtmlCacheBehavior [ RunTime:0.000112s ]
INFO: [ view_filter ] --END-- [ RunTime:0.000130s ]
INFO: [ app_end ] --START--
INFO: Run Behavior\ShowPageTraceBehavior [ RunTime:0.000289s ]
INFO: [ app_end ] --END-- [ RunTime:0.000312s ]

[ 2017-12-04T00:03:39+08:00 ] 61.160.224.136 /admin.php/Home/Login/login.html
INFO: [ app_init ] --START--
INFO: Run Behavior\BuildLiteBehavior [ RunTime:0.000009s ]
INFO: [ app_init ] --END-- [ RunTime:0.000045s ]
INFO: [ app_begin ] --START--
INFO: Run Behavior\ReadHtmlCacheBehavior [ RunTime:0.000293s ]
INFO: [ app_begin ] --END-- [ RunTime:0.000334s ]
SQL: SHOW COLUMNS FROM `user` [ RunTime:0.0004s ]
SQL: SELECT * FROM `user` WHERE ( username='admin' and userpwd ='880343944aeb296d98d986b169ee9414' and status=1 )  [ RunTime:0.0002s ]
SQL: UPDATE `user` SET `latestLogin`='1512317019' WHERE `id` = '1' [ RunTime:0.0080s ]

[ 2017-12-04T00:03:39+08:00 ] 61.160.224.136 /admin.php/Home/order/index.html
INFO: [ app_init ] --START--
INFO: Run Behavior\BuildLiteBehavior [ RunTime:0.000008s ]
INFO: [ app_init ] --END-- [ RunTime:0.000037s ]
INFO: [ app_begin ] --START--
INFO: Run Behavior\ReadHtmlCacheBehavior [ RunTime:0.000282s ]
INFO: [ app_begin ] --END-- [ RunTime:0.000317s ]
NOTIC: [2048] Declaration of Home\Controller\OrderController::getcityinfo() should be compatible with Home\Controller\GlobalController::getCityInfo($provinceId) /www/wwwroot/order/Admin/Home/Controller/OrderController.class.php 第 4 行.
NOTIC: [2048] Declaration of Home\Controller\OrderController::getareainfo() should be compatible with Home\Controller\GlobalController::getAreaInfo($cityid) /www/wwwroot/order/Admin/Home/Controller/OrderController.class.php 第 4 行.
NOTIC: [8] Undefined index: manage_list /www/wwwroot/order/Admin/Home/Controller/GlobalController.class.php 第 34 行.
SQL: SHOW COLUMNS FROM `engineer` [ RunTime:0.0004s ]
SQL: SELECT * FROM `engineer` WHERE ( status=1 )  [ RunTime:0.0006s ]
SQL: SHOW COLUMNS FROM `customer` [ RunTime:0.0003s ]
SQL: SELECT * FROM `customer` WHERE ( status=1 )  [ RunTime:0.0036s ]
SQL: SHOW COLUMNS FROM `company` [ RunTime:0.0003s ]
SQL: SELECT * FROM `company` WHERE ( status=1 )  [ RunTime:0.0002s ]
SQL: SHOW COLUMNS FROM `jobtype` [ RunTime:0.0002s ]
SQL: SELECT * FROM `jobtype` WHERE ( status=1 )  [ RunTime:0.0001s ]
SQL: SHOW COLUMNS FROM `province` [ RunTime:0.0002s ]
SQL: SELECT * FROM `province`  [ RunTime:0.0001s ]
SQL: SHOW COLUMNS FROM `g_order` [ RunTime:0.0002s ]
SQL: SELECT COUNT(*) AS tp_count FROM `g_order` LIMIT 1   [ RunTime:0.0001s ]
SQL: SELECT g_order.*,customer.code,customer.province,customer.city,customer.area FROM `g_order` left join customer on customer.name = g_order.customerId  ORDER BY id DESC LIMIT 0,30   [ RunTime:0.0002s ]
INFO: [ view_parse ] --START--
NOTIC: [2] file_get_contents(./Admin/Home/View/Public/top.html): failed to open stream: No such file or directory /www/wwwroot/order/ThinkPHP/Library/Think/Template.class.php 第 696 行.
INFO: [ template_filter ] --START--
INFO: Run Behavior\ContentReplaceBehavior [ RunTime:0.000063s ]
INFO: [ template_filter ] --END-- [ RunTime:0.000089s ]
NOTIC: [8] Undefined index: accept_start /www/wwwroot/order/Admin/Runtime/Cache/Home/c9598960eadfb49cd7cb0e5e76951f3a.php 第 156 行.
NOTIC: [8] Undefined index: accept_end /www/wwwroot/order/Admin/Runtime/Cache/Home/c9598960eadfb49cd7cb0e5e76951f3a.php 第 158 行.
NOTIC: [8] Undefined index: status /www/wwwroot/order/Admin/Runtime/Cache/Home/c9598960eadfb49cd7cb0e5e76951f3a.php 第 163 行.
NOTIC: [8] Undefined index: status /www/wwwroot/order/Admin/Runtime/Cache/Home/c9598960eadfb49cd7cb0e5e76951f3a.php 第 164 行.
NOTIC: [8] Undefined index: status /www/wwwroot/order/Admin/Runtime/Cache/Home/c9598960eadfb49cd7cb0e5e76951f3a.php 第 165 行.
NOTIC: [8] Undefined index: status /www/wwwroot/order/Admin/Runtime/Cache/Home/c9598960eadfb49cd7cb0e5e76951f3a.php 第 166 行.
NOTIC: [8] Undefined index: status /www/wwwroot/order/Admin/Runtime/Cache/Home/c9598960eadfb49cd7cb0e5e76951f3a.php 第 167 行.
NOTIC: [8] Undefined index: arrive_start /www/wwwroot/order/Admin/Runtime/Cache/Home/c9598960eadfb49cd7cb0e5e76951f3a.php 第 174 行.
NOTIC: [8] Undefined index: arrive_end /www/wwwroot/order/Admin/Runtime/Cache/Home/c9598960eadfb49cd7cb0e5e76951f3a.php 第 176 行.
NOTIC: [8] Undefined index: requireuser /www/wwwroot/order/Admin/Runtime/Cache/Home/c9598960eadfb49cd7cb0e5e76951f3a.php 第 181 行.
NOTIC: [8] Undefined index: requireuser /www/wwwroot/order/Admin/Runtime/Cache/Home/c9598960eadfb49cd7cb0e5e76951f3a.php 第 181 行.
NOTIC: [8] Undefined index: requireuser /www/wwwroot/order/Admin/Runtime/Cache/Home/c9598960eadfb49cd7cb0e5e76951f3a.php 第 181 行.
NOTIC: [8] Undefined index: requireuser /www/wwwroot/order/Admin/Runtime/Cache/Home/c9598960eadfb49cd7cb0e5e76951f3a.php 第 181 行.
NOTIC: [8] Undefined index: requireuser /www/wwwroot/order/Admin/Runtime/Cache/Home/c9598960eadfb49cd7cb0e5e76951f3a.php 第 181 行.
NOTIC: [8] Undefined index: requireuser /www/wwwroot/order/Admin/Runtime/Cache/Home/c9598960eadfb49cd7cb0e5e76951f3a.php 第 181 行.
NOTIC: [8] Undefined index: requireuser /www/wwwroot/order/Admin/Runtime/Cache/Home/c9598960eadfb49cd7cb0e5e76951f3a.php 第 181 行.
NOTIC: [8] Undefined index: requireuser /www/wwwroot/order/Admin/Runtime/Cache/Home/c9598960eadfb49cd7cb0e5e76951f3a.php 第 181 行.
NOTIC: [8] Undefined index: requireuser /www/wwwroot/order/Admin/Runtime/Cache/Home/c9598960eadfb49cd7cb0e5e76951f3a.php 第 181 行.
NOTIC: [8] Undefined index: requireuser /www/wwwroot/order/Admin/Runtime/Cache/Home/c9598960eadfb49cd7cb0e5e76951f3a.php 第 181 行.
NOTIC: [8] Undefined index: requireuser /www/wwwroot/order/Admin/Runtime/Cache/Home/c9598960eadfb49cd7cb0e5e76951f3a.php 第 181 行.
NOTIC: [8] Undefined index: requireuser /www/wwwroot/order/Admin/Runtime/Cache/Home/c9598960eadfb49cd7cb0e5e76951f3a.php 第 181 行.
NOTIC: [8] Undefined index: requireuser /www/wwwroot/order/Admin/Runtime/Cache/Home/c9598960eadfb49cd7cb0e5e76951f3a.php 第 181 行.
NOTIC: [8] Undefined index: requireuser /www/wwwroot/order/Admin/Runtime/Cache/Home/c9598960eadfb49cd7cb0e5e76951f3a.php 第 181 行.
NOTIC: [8] Undefined index: requireuser /www/wwwroot/order/Admin/Runtime/Cache/Home/c9598960eadfb49cd7cb0e5e76951f3a.php 第 181 行.
NOTIC: [8] Undefined index: requireuser /www/wwwroot/order/Admin/Runtime/Cache/Home/c9598960eadfb49cd7cb0e5e76951f3a.php 第 181 行.
NOTIC: [8] Undefined index: requireuser /www/wwwroot/order/Admin/Runtime/Cache/Home/c9598960eadfb49cd7cb0e5e76951f3a.php 第 181 行.
NOTIC: [8] Undefined index: requireuser /www/wwwroot/order/Admin/Runtime/Cache/Home/c9598960eadfb49cd7cb0e5e76951f3a.php 第 181 行.
NOTIC: [8] Undefined index: requireuser /www/wwwroot/order/Admin/Runtime/Cache/Home/c9598960eadfb49cd7cb0e5e76951f3a.php 第 181 行.
NOTIC: [8] Undefined index: requireuser /www/wwwroot/order/Admin/Runtime/Cache/Home/c9598960eadfb49cd7cb0e5e76951f3a.php 第 181 行.
NOTIC: [8] Undefined index: requireuser /www/wwwroot/order/Admin/Runtime/Cache/Home/c9598960eadfb49cd7cb0e5e76951f3a.php 第 181 行.
NOTIC: [8] Undefined index: requireuser /www/wwwroot/order/Admin/Runtime/Cache/Home/c9598960eadfb49cd7cb0e5e76951f3a.php 第 181 行.
NOTIC: [8] Undefined index: requireuser /www/wwwroot/order/Admin/Runtime/Cache/Home/c9598960eadfb49cd7cb0e5e76951f3a.php 第 181 行.
NOTIC: [8] Undefined index: requireuser /www/wwwroot/order/Admin/Runtime/Cache/Home/c9598960eadfb49cd7cb0e5e76951f3a.php 第 181 行.
NOTIC: [8] Undefined index: requireuser /www/wwwroot/order/Admin/Runtime/Cache/Home/c9598960eadfb49cd7cb0e5e76951f3a.php 第 181 行.
NOTIC: [8] Undefined index: requireuser /www/wwwroot/order/Admin/Runtime/Cache/Home/c9598960eadfb49cd7cb0e5e76951f3a.php 第 181 行.
NOTIC: [8] Undefined index: requireuser /www/wwwroot/order/Admin/Runtime/Cache/Home/c9598960eadfb49cd7cb0e5e76951f3a.php 第 181 行.
NOTIC: [8] Undefined index: requireuser /www/wwwroot/order/Admin/Runtime/Cache/Home/c9598960eadfb49cd7cb0e5e76951f3a.php 第 181 行.
NOTIC: [8] Undefined index: requireuser /www/wwwroot/order/Admin/Runtime/Cache/Home/c9598960eadfb49cd7cb0e5e76951f3a.php 第 181 行.
NOTIC: [8] Undefined index: requireuser /www/wwwroot/order/Admin/Runtime/Cache/Home/c9598960eadfb49cd7cb0e5e76951f3a.php 第 181 行.
NOTIC: [8] Undefined index: requireuser /www/wwwroot/order/Admin/Runtime/Cache/Home/c9598960eadfb49cd7cb0e5e76951f3a.php 第 181 行.
NOTIC: [8] Undefined index: requireuser /www/wwwroot/order/Admin/Runtime/Cache/Home/c9598960eadfb49cd7cb0e5e76951f3a.php 第 181 行.
NOTIC: [8] Undefined index: requireuser /www/wwwroot/order/Admin/Runtime/Cache/Home/c9598960eadfb49cd7cb0e5e76951f3a.php 第 181 行.
NOTIC: [8] Undefined index: requireuser /www/wwwroot/order/Admin/Runtime/Cache/Home/c9598960eadfb49cd7cb0e5e76951f3a.php 第 181 行.
NOTIC: [8] Undefined index: requireuser /www/wwwroot/order/Admin/Runtime/Cache/Home/c9598960eadfb49cd7cb0e5e76951f3a.php 第 181 行.
NOTIC: [8] Undefined index: requireuser /www/wwwroot/order/Admin/Runtime/Cache/Home/c9598960eadfb49cd7cb0e5e76951f3a.php 第 181 行.
NOTIC: [8] Undefined index: requireuser /www/wwwroot/order/Admin/Runtime/Cache/Home/c9598960eadfb49cd7cb0e5e76951f3a.php 第 181 行.
NOTIC: [8] Undefined index: requireuser /www/wwwroot/order/Admin/Runtime/Cache/Home/c9598960eadfb49cd7cb0e5e76951f3a.php 第 181 行.
NOTIC: [8] Undefined index: end_start /www/wwwroot/order/Admin/Runtime/Cache/Home/c9598960eadfb49cd7cb0e5e76951f3a.php 第 188 行.
NOTIC: [8] Undefined index: end_end /www/wwwroot/order/Admin/Runtime/Cache/Home/c9598960eadfb49cd7cb0e5e76951f3a.php 第 190 行.
NOTIC: [8] Undefined index: city /www/wwwroot/order/Admin/Runtime/Cache/Home/c9598960eadfb49cd7cb0e5e76951f3a.php 第 195 行.
NOTIC: [8] Undefined index: area /www/wwwroot/order/Admin/Runtime/Cache/Home/c9598960eadfb49cd7cb0e5e76951f3a.php 第 196 行.
NOTIC: [8] Undefined index: province /www/wwwroot/order/Admin/Runtime/Cache/Home/c9598960eadfb49cd7cb0e5e76951f3a.php 第 199 行.
NOTIC: [8] Undefined index: province /www/wwwroot/order/Admin/Runtime/Cache/Home/c9598960eadfb49cd7cb0e5e76951f3a.php 第 199 行.
NOTIC: [8] Undefined index: province /www/wwwroot/order/Admin/Runtime/Cache/Home/c9598960eadfb49cd7cb0e5e76951f3a.php 第 199 行.
NOTIC: [8] Undefined index: province /www/wwwroot/order/Admin/Runtime/Cache/Home/c9598960eadfb49cd7cb0e5e76951f3a.php 第 199 行.
NOTIC: [8] Undefined index: province /www/wwwroot/order/Admin/Runtime/Cache/Home/c9598960eadfb49cd7cb0e5e76951f3a.php 第 199 行.
NOTIC: [8] Undefined index: province /www/wwwroot/order/Admin/Runtime/Cache/Home/c9598960eadfb49cd7cb0e5e76951f3a.php 第 199 行.
NOTIC: [8] Undefined index: province /www/wwwroot/order/Admin/Runtime/Cache/Home/c9598960eadfb49cd7cb0e5e76951f3a.php 第 199 行.
NOTIC: [8] Undefined index: province /www/wwwroot/order/Admin/Runtime/Cache/Home/c9598960eadfb49cd7cb0e5e76951f3a.php 第 199 行.
NOTIC: [8] Undefined index: province /www/wwwroot/order/Admin/Runtime/Cache/Home/c9598960eadfb49cd7cb0e5e76951f3a.php 第 199 行.
NOTIC: [8] Undefined index: province /www/wwwroot/order/Admin/Runtime/Cache/Home/c9598960eadfb49cd7cb0e5e76951f3a.php 第 199 行.
NOTIC: [8] Undefined index: province /www/wwwroot/order/Admin/Runtime/Cache/Home/c9598960eadfb49cd7cb0e5e76951f3a.php 第 199 行.
NOTIC: [8] Undefined index: province /www/wwwroot/order/Admin/Runtime/Cache/Home/c9598960eadfb49cd7cb0e5e76951f3a.php 第 199 行.
NOTIC: [8] Undefined index: province /www/wwwroot/order/Admin/Runtime/Cache/Home/c9598960eadfb49cd7cb0e5e76951f3a.php 第 199 行.
NOTIC: [8] Undefined index: province /www/wwwroot/order/Admin/Runtime/Cache/Home/c9598960eadfb49cd7cb0e5e76951f3a.php 第 199 行.
NOTIC: [8] Undefined index: province /www/wwwroot/order/Admin/Runtime/Cache/Home/c9598960eadfb49cd7cb0e5e76951f3a.php 第 199 行.
NOTIC: [8] Undefined index: province /www/wwwroot/order/Admin/Runtime/Cache/Home/c9598960eadfb49cd7cb0e5e76951f3a.php 第 199 行.
NOTIC: [8] Undefined index: province /www/wwwroot/order/Admin/Runtime/Cache/Home/c9598960eadfb49cd7cb0e5e76951f3a.php 第 199 行.
NOTIC: [8] Undefined index: province /www/wwwroot/order/Admin/Runtime/Cache/Home/c9598960eadfb49cd7cb0e5e76951f3a.php 第 199 行.
NOTIC: [8] Undefined index: province /www/wwwroot/order/Admin/Runtime/Cache/Home/c9598960eadfb49cd7cb0e5e76951f3a.php 第 199 行.
NOTIC: [8] Undefined index: province /www/wwwroot/order/Admin/Runtime/Cache/Home/c9598960eadfb49cd7cb0e5e76951f3a.php 第 199 行.
NOTIC: [8] Undefined index: province /www/wwwroot/order/Admin/Runtime/Cache/Home/c9598960eadfb49cd7cb0e5e76951f3a.php 第 199 行.
NOTIC: [8] Undefined index: province /www/wwwroot/order/Admin/Runtime/Cache/Home/c9598960eadfb49cd7cb0e5e76951f3a.php 第 199 行.
NOTIC: [8] Undefined index: province /www/wwwroot/order/Admin/Runtime/Cache/Home/c9598960eadfb49cd7cb0e5e76951f3a.php 第 199 行.
NOTIC: [8] Undefined index: province /www/wwwroot/order/Admin/Runtime/Cache/Home/c9598960eadfb49cd7cb0e5e76951f3a.php 第 199 行.
NOTIC: [8] Undefined index: province /www/wwwroot/order/Admin/Runtime/Cache/Home/c9598960eadfb49cd7cb0e5e76951f3a.php 第 199 行.
NOTIC: [8] Undefined index: province /www/wwwroot/order/Admin/Runtime/Cache/Home/c9598960eadfb49cd7cb0e5e76951f3a.php 第 199 行.
NOTIC: [8] Undefined index: province /www/wwwroot/order/Admin/Runtime/Cache/Home/c9598960eadfb49cd7cb0e5e76951f3a.php 第 199 行.
NOTIC: [8] Undefined index: province /www/wwwroot/order/Admin/Runtime/Cache/Home/c9598960eadfb49cd7cb0e5e76951f3a.php 第 199 行.
NOTIC: [8] Undefined index: province /www/wwwroot/order/Admin/Runtime/Cache/Home/c9598960eadfb49cd7cb0e5e76951f3a.php 第 199 行.
NOTIC: [8] Undefined index: province /www/wwwroot/order/Admin/Runtime/Cache/Home/c9598960eadfb49cd7cb0e5e76951f3a.php 第 199 行.
NOTIC: [8] Undefined index: province /www/wwwroot/order/Admin/Runtime/Cache/Home/c9598960eadfb49cd7cb0e5e76951f3a.php 第 199 行.
NOTIC: [8] Undefined index: province /www/wwwroot/order/Admin/Runtime/Cache/Home/c9598960eadfb49cd7cb0e5e76951f3a.php 第 199 行.
NOTIC: [8] Undefined index: province /www/wwwroot/order/Admin/Runtime/Cache/Home/c9598960eadfb49cd7cb0e5e76951f3a.php 第 199 行.
NOTIC: [8] Undefined index: province /www/wwwroot/order/Admin/Runtime/Cache/Home/c9598960eadfb49cd7cb0e5e76951f3a.php 第 199 行.
NOTIC: [8] Undefined index: engineerId /www/wwwroot/order/Admin/Runtime/Cache/Home/c9598960eadfb49cd7cb0e5e76951f3a.php 第 239 行.
NOTIC: [8] Undefined index: engineerId /www/wwwroot/order/Admin/Runtime/Cache/Home/c9598960eadfb49cd7cb0e5e76951f3a.php 第 239 行.
NOTIC: [8] Undefined index: engineerId /www/wwwroot/order/Admin/Runtime/Cache/Home/c9598960eadfb49cd7cb0e5e76951f3a.php 第 239 行.
NOTIC: [8] Undefined index: engineerId /www/wwwroot/order/Admin/Runtime/Cache/Home/c9598960eadfb49cd7cb0e5e76951f3a.php 第 239 行.
NOTIC: [8] Undefined index: engineerId /www/wwwroot/order/Admin/Runtime/Cache/Home/c9598960eadfb49cd7cb0e5e76951f3a.php 第 239 行.
NOTIC: [8] Undefined index: engineerId /www/wwwroot/order/Admin/Runtime/Cache/Home/c9598960eadfb49cd7cb0e5e76951f3a.php 第 239 行.
NOTIC: [8] Undefined index: engineerId /www/wwwroot/order/Admin/Runtime/Cache/Home/c9598960eadfb49cd7cb0e5e76951f3a.php 第 239 行.
NOTIC: [8] Undefined index: engineerId /www/wwwroot/order/Admin/Runtime/Cache/Home/c9598960eadfb49cd7cb0e5e76951f3a.php 第 239 行.
NOTIC: [8] Undefined index: engineerId /www/wwwroot/order/Admin/Runtime/Cache/Home/c9598960eadfb49cd7cb0e5e76951f3a.php 第 239 行.
NOTIC: [8] Undefined index: engineerId /www/wwwroot/order/Admin/Runtime/Cache/Home/c9598960eadfb49cd7cb0e5e76951f3a.php 第 239 行.
NOTIC: [8] Undefined index: engineerId /www/wwwroot/order/Admin/Runtime/Cache/Home/c9598960eadfb49cd7cb0e5e76951f3a.php 第 239 行.
NOTIC: [8] Undefined index: engineerId /www/wwwroot/order/Admin/Runtime/Cache/Home/c9598960eadfb49cd7cb0e5e76951f3a.php 第 239 行.
NOTIC: [8] Undefined index: engineerId /www/wwwroot/order/Admin/Runtime/Cache/Home/c9598960eadfb49cd7cb0e5e76951f3a.php 第 239 行.
NOTIC: [8] Undefined index: engineerId /www/wwwroot/order/Admin/Runtime/Cache/Home/c9598960eadfb49cd7cb0e5e76951f3a.php 第 239 行.
NOTIC: [8] Undefined index: engineerId /www/wwwroot/order/Admin/Runtime/Cache/Home/c9598960eadfb49cd7cb0e5e76951f3a.php 第 239 行.
NOTIC: [8] Undefined index: engineerId /www/wwwroot/order/Admin/Runtime/Cache/Home/c9598960eadfb49cd7cb0e5e76951f3a.php 第 239 行.
NOTIC: [8] Undefined index: engineerId /www/wwwroot/order/Admin/Runtime/Cache/Home/c9598960eadfb49cd7cb0e5e76951f3a.php 第 239 行.
NOTIC: [8] Undefined index: engineerId /www/wwwroot/order/Admin/Runtime/Cache/Home/c9598960eadfb49cd7cb0e5e76951f3a.php 第 239 行.
NOTIC: [8] Undefined index: engineerId /www/wwwroot/order/Admin/Runtime/Cache/Home/c9598960eadfb49cd7cb0e5e76951f3a.php 第 239 行.
NOTIC: [8] Undefined index: engineerId /www/wwwroot/order/Admin/Runtime/Cache/Home/c9598960eadfb49cd7cb0e5e76951f3a.php 第 239 行.
NOTIC: [8] Undefined index: engineerId /www/wwwroot/order/Admin/Runtime/Cache/Home/c9598960eadfb49cd7cb0e5e76951f3a.php 第 239 行.
NOTIC: [8] Undefined index: engineerId /www/wwwroot/order/Admin/Runtime/Cache/Home/c9598960eadfb49cd7cb0e5e76951f3a.php 第 239 行.
NOTIC: [8] Undefined index: engineerId /www/wwwroot/order/Admin/Runtime/Cache/Home/c9598960eadfb49cd7cb0e5e76951f3a.php 第 239 行.
NOTIC: [8] Undefined index: engineerId /www/wwwroot/order/Admin/Runtime/Cache/Home/c9598960eadfb49cd7cb0e5e76951f3a.php 第 239 行.
NOTIC: [8] Undefined index: engineerId /www/wwwroot/order/Admin/Runtime/Cache/Home/c9598960eadfb49cd7cb0e5e76951f3a.php 第 239 行.
NOTIC: [8] Undefined index: engineerId /www/wwwroot/order/Admin/Runtime/Cache/Home/c9598960eadfb49cd7cb0e5e76951f3a.php 第 239 行.
NOTIC: [8] Undefined index: engineerId /www/wwwroot/order/Admin/Runtime/Cache/Home/c9598960eadfb49cd7cb0e5e76951f3a.php 第 239 行.
NOTIC: [8] Undefined index: engineerId /www/wwwroot/order/Admin/Runtime/Cache/Home/c9598960eadfb49cd7cb0e5e76951f3a.php 第 239 行.
NOTIC: [8] Undefined index: engineerId /www/wwwroot/order/Admin/Runtime/Cache/Home/c9598960eadfb49cd7cb0e5e76951f3a.php 第 239 行.
NOTIC: [8] Undefined index: engineerId /www/wwwroot/order/Admin/Runtime/Cache/Home/c9598960eadfb49cd7cb0e5e76951f3a.php 第 239 行.
NOTIC: [8] Undefined index: engineerId /www/wwwroot/order/Admin/Runtime/Cache/Home/c9598960eadfb49cd7cb0e5e76951f3a.php 第 239 行.
NOTIC: [8] Undefined index: engineerId /www/wwwroot/order/Admin/Runtime/Cache/Home/c9598960eadfb49cd7cb0e5e76951f3a.php 第 239 行.
NOTIC: [8] Undefined index: engineerId /www/wwwroot/order/Admin/Runtime/Cache/Home/c9598960eadfb49cd7cb0e5e76951f3a.php 第 239 行.
NOTIC: [8] Undefined index: engineerId /www/wwwroot/order/Admin/Runtime/Cache/Home/c9598960eadfb49cd7cb0e5e76951f3a.php 第 239 行.
NOTIC: [8] Undefined index: engineerId /www/wwwroot/order/Admin/Runtime/Cache/Home/c9598960eadfb49cd7cb0e5e76951f3a.php 第 239 行.
NOTIC: [8] Undefined index: engineerId /www/wwwroot/order/Admin/Runtime/Cache/Home/c9598960eadfb49cd7cb0e5e76951f3a.php 第 239 行.
NOTIC: [8] Undefined index: engineerId /www/wwwroot/order/Admin/Runtime/Cache/Home/c9598960eadfb49cd7cb0e5e76951f3a.php 第 239 行.
NOTIC: [8] Undefined index: engineerId /www/wwwroot/order/Admin/Runtime/Cache/Home/c9598960eadfb49cd7cb0e5e76951f3a.php 第 239 行.
NOTIC: [8] Undefined index: engineerId /www/wwwroot/order/Admin/Runtime/Cache/Home/c9598960eadfb49cd7cb0e5e76951f3a.php 第 239 行.
NOTIC: [8] Undefined index: engineerId /www/wwwroot/order/Admin/Runtime/Cache/Home/c9598960eadfb49cd7cb0e5e76951f3a.php 第 239 行.
NOTIC: [8] Undefined index: engineerId /www/wwwroot/order/Admin/Runtime/Cache/Home/c9598960eadfb49cd7cb0e5e76951f3a.php 第 239 行.
NOTIC: [8] Undefined index: engineerId /www/wwwroot/order/Admin/Runtime/Cache/Home/c9598960eadfb49cd7cb0e5e76951f3a.php 第 239 行.
NOTIC: [8] Undefined index: engineerId /www/wwwroot/order/Admin/Runtime/Cache/Home/c9598960eadfb49cd7cb0e5e76951f3a.php 第 239 行.
NOTIC: [8] Undefined index: engineerId /www/wwwroot/order/Admin/Runtime/Cache/Home/c9598960eadfb49cd7cb0e5e76951f3a.php 第 239 行.
NOTIC: [8] Undefined index: engineerId /www/wwwroot/order/Admin/Runtime/Cache/Home/c9598960eadfb49cd7cb0e5e76951f3a.php 第 239 行.
NOTIC: [8] Undefined index: engineerId /www/wwwroot/order/Admin/Runtime/Cache/Home/c9598960eadfb49cd7cb0e5e76951f3a.php 第 239 行.
NOTIC: [8] Undefined index: engineerId /www/wwwroot/order/Admin/Runtime/Cache/Home/c9598960eadfb49cd7cb0e5e76951f3a.php 第 239 行.
NOTIC: [8] Undefined index: engineerId /www/wwwroot/order/Admin/Runtime/Cache/Home/c9598960eadfb49cd7cb0e5e76951f3a.php 第 239 行.
NOTIC: [8] Undefined index: engineerId /www/wwwroot/order/Admin/Runtime/Cache/Home/c9598960eadfb49cd7cb0e5e76951f3a.php 第 239 行.
NOTIC: [8] Undefined index: engineerId /www/wwwroot/order/Admin/Runtime/Cache/Home/c9598960eadfb49cd7cb0e5e76951f3a.php 第 239 行.
NOTIC: [8] Undefined index: engineerId /www/wwwroot/order/Admin/Runtime/Cache/Home/c9598960eadfb49cd7cb0e5e76951f3a.php 第 239 行.
NOTIC: [8] Undefined index: engineerId /www/wwwroot/order/Admin/Runtime/Cache/Home/c9598960eadfb49cd7cb0e5e76951f3a.php 第 239 行.
NOTIC: [8] Undefined index: engineerId /www/wwwroot/order/Admin/Runtime/Cache/Home/c9598960eadfb49cd7cb0e5e76951f3a.php 第 239 行.
NOTIC: [8] Undefined index: engineerId /www/wwwroot/order/Admin/Runtime/Cache/Home/c9598960eadfb49cd7cb0e5e76951f3a.php 第 239 行.
NOTIC: [8] Undefined index: engineerId /www/wwwroot/order/Admin/Runtime/Cache/Home/c9598960eadfb49cd7cb0e5e76951f3a.php 第 239 行.
NOTIC: [8] Undefined index: engineerId /www/wwwroot/order/Admin/Runtime/Cache/Home/c9598960eadfb49cd7cb0e5e76951f3a.php 第 239 行.
NOTIC: [8] Undefined index: engineerId /www/wwwroot/order/Admin/Runtime/Cache/Home/c9598960eadfb49cd7cb0e5e76951f3a.php 第 239 行.
NOTIC: [8] Undefined index: engineerId /www/wwwroot/order/Admin/Runtime/Cache/Home/c9598960eadfb49cd7cb0e5e76951f3a.php 第 239 行.
NOTIC: [8] Undefined index: engineerId /www/wwwroot/order/Admin/Runtime/Cache/Home/c9598960eadfb49cd7cb0e5e76951f3a.php 第 239 行.
NOTIC: [8] Undefined index: engineerId /www/wwwroot/order/Admin/Runtime/Cache/Home/c9598960eadfb49cd7cb0e5e76951f3a.php 第 239 行.
NOTIC: [8] Undefined index: engineerId /www/wwwroot/order/Admin/Runtime/Cache/Home/c9598960eadfb49cd7cb0e5e76951f3a.php 第 239 行.
NOTIC: [8] Undefined index: engineerId /www/wwwroot/order/Admin/Runtime/Cache/Home/c9598960eadfb49cd7cb0e5e76951f3a.php 第 239 行.
NOTIC: [8] Undefined index: engineerId /www/wwwroot/order/Admin/Runtime/Cache/Home/c9598960eadfb49cd7cb0e5e76951f3a.php 第 239 行.
NOTIC: [8] Undefined index: engineerId /www/wwwroot/order/Admin/Runtime/Cache/Home/c9598960eadfb49cd7cb0e5e76951f3a.php 第 239 行.
NOTIC: [8] Undefined index: engineerId /www/wwwroot/order/Admin/Runtime/Cache/Home/c9598960eadfb49cd7cb0e5e76951f3a.php 第 239 行.
NOTIC: [8] Undefined index: engineerId /www/wwwroot/order/Admin/Runtime/Cache/Home/c9598960eadfb49cd7cb0e5e76951f3a.php 第 239 行.
NOTIC: [8] Undefined index: engineerId /www/wwwroot/order/Admin/Runtime/Cache/Home/c9598960eadfb49cd7cb0e5e76951f3a.php 第 239 行.
NOTIC: [8] Undefined index: engineerId /www/wwwroot/order/Admin/Runtime/Cache/Home/c9598960eadfb49cd7cb0e5e76951f3a.php 第 239 行.
NOTIC: [8] Undefined index: engineerId /www/wwwroot/order/Admin/Runtime/Cache/Home/c9598960eadfb49cd7cb0e5e76951f3a.php 第 239 行.
NOTIC: [8] Undefined index: engineerId /www/wwwroot/order/Admin/Runtime/Cache/Home/c9598960eadfb49cd7cb0e5e76951f3a.php 第 239 行.
NOTIC: [8] Undefined index: engineerId /www/wwwroot/order/Admin/Runtime/Cache/Home/c9598960eadfb49cd7cb0e5e76951f3a.php 第 239 行.
NOTIC: [8] Undefined index: engineerId /www/wwwroot/order/Admin/Runtime/Cache/Home/c9598960eadfb49cd7cb0e5e76951f3a.php 第 239 行.
NOTIC: [8] Undefined index: engineerId /www/wwwroot/order/Admin/Runtime/Cache/Home/c9598960eadfb49cd7cb0e5e76951f3a.php 第 239 行.
NOTIC: [8] Undefined index: engineerId /www/wwwroot/order/Admin/Runtime/Cache/Home/c9598960eadfb49cd7cb0e5e76951f3a.php 第 239 行.
NOTIC: [8] Undefined index: engineerId /www/wwwroot/order/Admin/Runtime/Cache/Home/c9598960eadfb49cd7cb0e5e76951f3a.php 第 239 行.
NOTIC: [8] Undefined index: engineerId /www/wwwroot/order/Admin/Runtime/Cache/Home/c9598960eadfb49cd7cb0e5e76951f3a.php 第 239 行.
NOTIC: [8] Undefined index: engineerId /www/wwwroot/order/Admin/Runtime/Cache/Home/c9598960eadfb49cd7cb0e5e76951f3a.php 第 239 行.
NOTIC: [8] Undefined index: engineerId /www/wwwroot/order/Admin/Runtime/Cache/Home/c9598960eadfb49cd7cb0e5e76951f3a.php 第 239 行.
NOTIC: [8] Undefined index: engineerId /www/wwwroot/order/Admin/Runtime/Cache/Home/c9598960eadfb49cd7cb0e5e76951f3a.php 第 239 行.
NOTIC: [8] Undefined index: engineerId /www/wwwroot/order/Admin/Runtime/Cache/Home/c9598960eadfb49cd7cb0e5e76951f3a.php 第 239 行.
NOTIC: [8] Undefined index: engineerId /www/wwwroot/order/Admin/Runtime/Cache/Home/c9598960eadfb49cd7cb0e5e76951f3a.php 第 239 行.
NOTIC: [8] Undefined index: engineerId /www/wwwroot/order/Admin/Runtime/Cache/Home/c9598960eadfb49cd7cb0e5e76951f3a.php 第 239 行.
NOTIC: [8] Undefined index: engineerId /www/wwwroot/order/Admin/Runtime/Cache/Home/c9598960eadfb49cd7cb0e5e76951f3a.php 第 239 行.
NOTIC: [8] Undefined index: engineerId /www/wwwroot/order/Admin/Runtime/Cache/Home/c9598960eadfb49cd7cb0e5e76951f3a.php 第 239 行.
NOTIC: [8] Undefined index: engineerId /www/wwwroot/order/Admin/Runtime/Cache/Home/c9598960eadfb49cd7cb0e5e76951f3a.php 第 239 行.
NOTIC: [8] Undefined index: engineerId /www/wwwroot/order/Admin/Runtime/Cache/Home/c9598960eadfb49cd7cb0e5e76951f3a.php 第 239 行.
NOTIC: [8] Undefined index: engineerId /www/wwwroot/order/Admin/Runtime/Cache/Home/c9598960eadfb49cd7cb0e5e76951f3a.php 第 239 行.
NOTIC: [8] Undefined index: engineerId /www/wwwroot/order/Admin/Runtime/Cache/Home/c9598960eadfb49cd7cb0e5e76951f3a.php 第 239 行.
NOTIC: [8] Undefined index: engineerId /www/wwwroot/order/Admin/Runtime/Cache/Home/c9598960eadfb49cd7cb0e5e76951f3a.php 第 239 行.
NOTIC: [8] Undefined index: engineerId /www/wwwroot/order/Admin/Runtime/Cache/Home/c9598960eadfb49cd7cb0e5e76951f3a.php 第 239 行.
NOTIC: [8] Undefined index: engineerId /www/wwwroot/order/Admin/Runtime/Cache/Home/c9598960eadfb49cd7cb0e5e76951f3a.php 第 239 行.
NOTIC: [8] Undefined index: engineerId /www/wwwroot/order/Admin/Runtime/Cache/Home/c9598960eadfb49cd7cb0e5e76951f3a.php 第 239 行.
NOTIC: [8] Undefined index: engineerId /www/wwwroot/order/Admin/Runtime/Cache/Home/c9598960eadfb49cd7cb0e5e76951f3a.php 第 239 行.
NOTIC: [8] Undefined index: engineerId /www/wwwroot/order/Admin/Runtime/Cache/Home/c9598960eadfb49cd7cb0e5e76951f3a.php 第 239 行.
NOTIC: [8] Undefined index: engineerId /www/wwwroot/order/Admin/Runtime/Cache/Home/c9598960eadfb49cd7cb0e5e76951f3a.php 第 239 行.
NOTIC: [8] Undefined index: engineerId /www/wwwroot/order/Admin/Runtime/Cache/Home/c9598960eadfb49cd7cb0e5e76951f3a.php 第 239 行.
NOTIC: [8] Undefined index: engineerId /www/wwwroot/order/Admin/Runtime/Cache/Home/c9598960eadfb49cd7cb0e5e76951f3a.php 第 239 行.
NOTIC: [8] Undefined index: engineerId /www/wwwroot/order/Admin/Runtime/Cache/Home/c9598960eadfb49cd7cb0e5e76951f3a.php 第 239 行.
NOTIC: [8] Undefined index: engineerId /www/wwwroot/order/Admin/Runtime/Cache/Home/c9598960eadfb49cd7cb0e5e76951f3a.php 第 239 行.
NOTIC: [8] Undefined index: engineerId /www/wwwroot/order/Admin/Runtime/Cache/Home/c9598960eadfb49cd7cb0e5e76951f3a.php 第 239 行.
NOTIC: [8] Undefined index: engineerId /www/wwwroot/order/Admin/Runtime/Cache/Home/c9598960eadfb49cd7cb0e5e76951f3a.php 第 239 行.
NOTIC: [8] Undefined index: engineerId /www/wwwroot/order/Admin/Runtime/Cache/Home/c9598960eadfb49cd7cb0e5e76951f3a.php 第 239 行.
NOTIC: [8] Undefined index: engineerId /www/wwwroot/order/Admin/Runtime/Cache/Home/c9598960eadfb49cd7cb0e5e76951f3a.php 第 239 行.
NOTIC: [8] Undefined index: engineerId /www/wwwroot/order/Admin/Runtime/Cache/Home/c9598960eadfb49cd7cb0e5e76951f3a.php 第 239 行.
NOTIC: [8] Undefined index: engineerId /www/wwwroot/order/Admin/Runtime/Cache/Home/c9598960eadfb49cd7cb0e5e76951f3a.php 第 239 行.
NOTIC: [8] Undefined index: engineerId /www/wwwroot/order/Admin/Runtime/Cache/Home/c9598960eadfb49cd7cb0e5e76951f3a.php 第 239 行.
NOTIC: [8] Undefined index: engineerId /www/wwwroot/order/Admin/Runtime/Cache/Home/c9598960eadfb49cd7cb0e5e76951f3a.php 第 239 行.
NOTIC: [8] Undefined index: engineerId /www/wwwroot/order/Admin/Runtime/Cache/Home/c9598960eadfb49cd7cb0e5e76951f3a.php 第 239 行.
NOTIC: [8] Undefined index: engineerId /www/wwwroot/order/Admin/Runtime/Cache/Home/c9598960eadfb49cd7cb0e5e76951f3a.php 第 239 行.
NOTIC: [8] Undefined index: engineerId /www/wwwroot/order/Admin/Runtime/Cache/Home/c9598960eadfb49cd7cb0e5e76951f3a.php 第 239 行.
NOTIC: [8] Undefined index: engineerId /www/wwwroot/order/Admin/Runtime/Cache/Home/c9598960eadfb49cd7cb0e5e76951f3a.php 第 239 行.
NOTIC: [8] Undefined index: engineerId /www/wwwroot/order/Admin/Runtime/Cache/Home/c9598960eadfb49cd7cb0e5e76951f3a.php 第 239 行.
NOTIC: [8] Undefined index: engineerId /www/wwwroot/order/Admin/Runtime/Cache/Home/c9598960eadfb49cd7cb0e5e76951f3a.php 第 239 行.
NOTIC: [8] Undefined index: engineerId /www/wwwroot/order/Admin/Runtime/Cache/Home/c9598960eadfb49cd7cb0e5e76951f3a.php 第 239 行.
NOTIC: [8] Undefined index: engineerId /www/wwwroot/order/Admin/Runtime/Cache/Home/c9598960eadfb49cd7cb0e5e76951f3a.php 第 239 行.
NOTIC: [8] Undefined index: engineerId /www/wwwroot/order/Admin/Runtime/Cache/Home/c9598960eadfb49cd7cb0e5e76951f3a.php 第 239 行.
NOTIC: [8] Undefined index: engineerId /www/wwwroot/order/Admin/Runtime/Cache/Home/c9598960eadfb49cd7cb0e5e76951f3a.php 第 239 行.
NOTIC: [8] Undefined index: engineerId /www/wwwroot/order/Admin/Runtime/Cache/Home/c9598960eadfb49cd7cb0e5e76951f3a.php 第 239 行.
NOTIC: [8] Undefined index: engineerId /www/wwwroot/order/Admin/Runtime/Cache/Home/c9598960eadfb49cd7cb0e5e76951f3a.php 第 239 行.
NOTIC: [8] Undefined index: engineerId /www/wwwroot/order/Admin/Runtime/Cache/Home/c9598960eadfb49cd7cb0e5e76951f3a.php 第 239 行.
NOTIC: [8] Undefined index: engineerId /www/wwwroot/order/Admin/Runtime/Cache/Home/c9598960eadfb49cd7cb0e5e76951f3a.php 第 239 行.
NOTIC: [8] Undefined index: engineerId /www/wwwroot/order/Admin/Runtime/Cache/Home/c9598960eadfb49cd7cb0e5e76951f3a.php 第 239 行.
NOTIC: [8] Undefined index: engineerId /www/wwwroot/order/Admin/Runtime/Cache/Home/c9598960eadfb49cd7cb0e5e76951f3a.php 第 239 行.
NOTIC: [8] Undefined index: engineerId /www/wwwroot/order/Admin/Runtime/Cache/Home/c9598960eadfb49cd7cb0e5e76951f3a.php 第 239 行.
NOTIC: [8] Undefined index: engineerId /www/wwwroot/order/Admin/Runtime/Cache/Home/c9598960eadfb49cd7cb0e5e76951f3a.php 第 239 行.
NOTIC: [8] Undefined index: engineerId /www/wwwroot/order/Admin/Runtime/Cache/Home/c9598960eadfb49cd7cb0e5e76951f3a.php 第 239 行.
NOTIC: [8] Undefined index: engineerId /www/wwwroot/order/Admin/Runtime/Cache/Home/c9598960eadfb49cd7cb0e5e76951f3a.php 第 239 行.
NOTIC: [8] Undefined index: engineerId /www/wwwroot/order/Admin/Runtime/Cache/Home/c9598960eadfb49cd7cb0e5e76951f3a.php 第 239 行.
NOTIC: [8] Undefined index: engineerId /www/wwwroot/order/Admin/Runtime/Cache/Home/c9598960eadfb49cd7cb0e5e76951f3a.php 第 239 行.
NOTIC: [8] Undefined index: engineerId /www/wwwroot/order/Admin/Runtime/Cache/Home/c9598960eadfb49cd7cb0e5e76951f3a.php 第 239 行.
NOTIC: [8] Undefined index: engineerId /www/wwwroot/order/Admin/Runtime/Cache/Home/c9598960eadfb49cd7cb0e5e76951f3a.php 第 239 行.
NOTIC: [8] Undefined index: engineerId /www/wwwroot/order/Admin/Runtime/Cache/Home/c9598960eadfb49cd7cb0e5e76951f3a.php 第 239 行.
NOTIC: [8] Undefined index: engineerId /www/wwwroot/order/Admin/Runtime/Cache/Home/c9598960eadfb49cd7cb0e5e76951f3a.php 第 239 行.
NOTIC: [8] Undefined index: engineerId /www/wwwroot/order/Admin/Runtime/Cache/Home/c9598960eadfb49cd7cb0e5e76951f3a.php 第 239 行.
NOTIC: [8] Undefined index: engineerId /www/wwwroot/order/Admin/Runtime/Cache/Home/c9598960eadfb49cd7cb0e5e76951f3a.php 第 239 行.
NOTIC: [8] Undefined index: engineerId /www/wwwroot/order/Admin/Runtime/Cache/Home/c9598960eadfb49cd7cb0e5e76951f3a.php 第 239 行.
NOTIC: [8] Undefined index: engineerId /www/wwwroot/order/Admin/Runtime/Cache/Home/c9598960eadfb49cd7cb0e5e76951f3a.php 第 239 行.
NOTIC: [8] Undefined index: engineerId /www/wwwroot/order/Admin/Runtime/Cache/Home/c9598960eadfb49cd7cb0e5e76951f3a.php 第 239 行.
NOTIC: [8] Undefined index: engineerId /www/wwwroot/order/Admin/Runtime/Cache/Home/c9598960eadfb49cd7cb0e5e76951f3a.php 第 239 行.
NOTIC: [8] Undefined index: engineerId /www/wwwroot/order/Admin/Runtime/Cache/Home/c9598960eadfb49cd7cb0e5e76951f3a.php 第 239 行.
NOTIC: [8] Undefined index: engineerId /www/wwwroot/order/Admin/Runtime/Cache/Home/c9598960eadfb49cd7cb0e5e76951f3a.php 第 239 行.
NOTIC: [8] Undefined index: engineerId /www/wwwroot/order/Admin/Runtime/Cache/Home/c9598960eadfb49cd7cb0e5e76951f3a.php 第 239 行.
NOTIC: [8] Undefined index: engineerId /www/wwwroot/order/Admin/Runtime/Cache/Home/c9598960eadfb49cd7cb0e5e76951f3a.php 第 239 行.
NOTIC: [8] Undefined index: engineerId /www/wwwroot/order/Admin/Runtime/Cache/Home/c9598960eadfb49cd7cb0e5e76951f3a.php 第 239 行.
NOTIC: [8] Undefined index: engineerId /www/wwwroot/order/Admin/Runtime/Cache/Home/c9598960eadfb49cd7cb0e5e76951f3a.php 第 239 行.
NOTIC: [8] Undefined index: engineerId /www/wwwroot/order/Admin/Runtime/Cache/Home/c9598960eadfb49cd7cb0e5e76951f3a.php 第 239 行.
NOTIC: [8] Undefined index: engineerId /www/wwwroot/order/Admin/Runtime/Cache/Home/c9598960eadfb49cd7cb0e5e76951f3a.php 第 239 行.
NOTIC: [8] Undefined index: engineerId /www/wwwroot/order/Admin/Runtime/Cache/Home/c9598960eadfb49cd7cb0e5e76951f3a.php 第 239 行.
NOTIC: [8] Undefined index: engineerId /www/wwwroot/order/Admin/Runtime/Cache/Home/c9598960eadfb49cd7cb0e5e76951f3a.php 第 239 行.
NOTIC: [8] Undefined index: engineerId /www/wwwroot/order/Admin/Runtime/Cache/Home/c9598960eadfb49cd7cb0e5e76951f3a.php 第 239 行.
NOTIC: [8] Undefined index: engineerId /www/wwwroot/order/Admin/Runtime/Cache/Home/c9598960eadfb49cd7cb0e5e76951f3a.php 第 239 行.
NOTIC: [8] Undefined index: engineerId /www/wwwroot/order/Admin/Runtime/Cache/Home/c9598960eadfb49cd7cb0e5e76951f3a.php 第 239 行.
NOTIC: [8] Undefined index: engineerId /www/wwwroot/order/Admin/Runtime/Cache/Home/c9598960eadfb49cd7cb0e5e76951f3a.php 第 239 行.
NOTIC: [8] Undefined index: engineerId /www/wwwroot/order/Admin/Runtime/Cache/Home/c9598960eadfb49cd7cb0e5e76951f3a.php 第 239 行.
NOTIC: [8] Undefined index: engineerId /www/wwwroot/order/Admin/Runtime/Cache/Home/c9598960eadfb49cd7cb0e5e76951f3a.php 第 239 行.
NOTIC: [8] Undefined index: engineerId /www/wwwroot/order/Admin/Runtime/Cache/Home/c9598960eadfb49cd7cb0e5e76951f3a.php 第 239 行.
NOTIC: [8] Undefined index: engineerId /www/wwwroot/order/Admin/Runtime/Cache/Home/c9598960eadfb49cd7cb0e5e76951f3a.php 第 239 行.
NOTIC: [8] Undefined index: engineerId /www/wwwroot/order/Admin/Runtime/Cache/Home/c9598960eadfb49cd7cb0e5e76951f3a.php 第 239 行.
NOTIC: [8] Undefined index: engineerId /www/wwwroot/order/Admin/Runtime/Cache/Home/c9598960eadfb49cd7cb0e5e76951f3a.php 第 239 行.
NOTIC: [8] Undefined index: engineerId /www/wwwroot/order/Admin/Runtime/Cache/Home/c9598960eadfb49cd7cb0e5e76951f3a.php 第 239 行.
NOTIC: [8] Undefined index: engineerId /www/wwwroot/order/Admin/Runtime/Cache/Home/c9598960eadfb49cd7cb0e5e76951f3a.php 第 239 行.
NOTIC: [8] Undefined index: engineerId /www/wwwroot/order/Admin/Runtime/Cache/Home/c9598960eadfb49cd7cb0e5e76951f3a.php 第 239 行.
NOTIC: [8] Undefined index: engineerId /www/wwwroot/order/Admin/Runtime/Cache/Home/c9598960eadfb49cd7cb0e5e76951f3a.php 第 239 行.
NOTIC: [8] Undefined index: engineerId /www/wwwroot/order/Admin/Runtime/Cache/Home/c9598960eadfb49cd7cb0e5e76951f3a.php 第 239 行.
NOTIC: [8] Undefined index: engineerId /www/wwwroot/order/Admin/Runtime/Cache/Home/c9598960eadfb49cd7cb0e5e76951f3a.php 第 239 行.
NOTIC: [8] Undefined index: jobtype /www/wwwroot/order/Admin/Runtime/Cache/Home/c9598960eadfb49cd7cb0e5e76951f3a.php 第 245 行.
NOTIC: [8] Undefined index: jobtype /www/wwwroot/order/Admin/Runtime/Cache/Home/c9598960eadfb49cd7cb0e5e76951f3a.php 第 245 行.
NOTIC: [8] Undefined index: jobtype /www/wwwroot/order/Admin/Runtime/Cache/Home/c9598960eadfb49cd7cb0e5e76951f3a.php 第 245 行.
NOTIC: [8] Undefined index: jobtype /www/wwwroot/order/Admin/Runtime/Cache/Home/c9598960eadfb49cd7cb0e5e76951f3a.php 第 245 行.
INFO: Run Behavior\ParseTemplateBehavior [ RunTime:0.012487s ]
INFO: [ view_parse ] --END-- [ RunTime:0.012512s ]
INFO: [ view_filter ] --START--
INFO: Run Behavior\WriteHtmlCacheBehavior [ RunTime:0.000123s ]
INFO: [ view_filter ] --END-- [ RunTime:0.000142s ]
INFO: [ app_end ] --START--
INFO: Run Behavior\ShowPageTraceBehavior [ RunTime:0.000288s ]
INFO: [ app_end ] --END-- [ RunTime:0.000311s ]

