执行日期：2017-05-11-17：52：44
【接收到的notify通知】:
{"appid":"wx70a18f1a70ce9daa","bank_type":"CFT","cash_fee":"100","fee_type":"CNY","is_subscribe":"Y","mch_id":"1240608902","nonce_str":"469arhksvqjaqn9qy6c2e7mgvlx10cx7","openid":"o5By_jmSSAk5aVMEkUTHr_uTRmAE","out_trade_no":"hxh170511055235_1-20170510150407","result_code":"SUCCESS","return_code":"SUCCESS","sign":"8C214930B04BA7A7769A6B2E224CB644","time_end":"20170511175243","total_fee":"100","trade_type":"JSAPI","transaction_id":"4000342001201705110440332876"}


执行日期：2017-05-11-17：52：44
【接收到的notify222通知】:



执行日期：2017-05-11-17：52：44
【接收sucess】:



执行日期：2017-05-11-17：52：44
zuihao:



执行日期：2017-05-11-17：52：44
zuihao:



执行日期：2017-05-11-17：52：55
【接收到的notify通知】:
{"appid":"wx70a18f1a70ce9daa","bank_type":"CFT","cash_fee":"100","fee_type":"CNY","is_subscribe":"Y","mch_id":"1240608902","nonce_str":"469arhksvqjaqn9qy6c2e7mgvlx10cx7","openid":"o5By_jmSSAk5aVMEkUTHr_uTRmAE","out_trade_no":"hxh170511055235_1-20170510150407","result_code":"SUCCESS","return_code":"SUCCESS","sign":"8C214930B04BA7A7769A6B2E224CB644","time_end":"20170511175243","total_fee":"100","trade_type":"JSAPI","transaction_id":"4000342001201705110440332876"}


执行日期：2017-05-11-17：52：55
【接收到的notify222通知】:



执行日期：2017-05-11-17：52：55
【接收sucess】:



执行日期：2017-05-11-17：52：55
zuihao:



执行日期：2017-05-11-17：52：55
zuihao:



执行日期：2017-05-11-17：53：13
【接收到的notify通知】:
{"appid":"wx70a18f1a70ce9daa","bank_type":"CFT","cash_fee":"100","fee_type":"CNY","is_subscribe":"Y","mch_id":"1240608902","nonce_str":"469arhksvqjaqn9qy6c2e7mgvlx10cx7","openid":"o5By_jmSSAk5aVMEkUTHr_uTRmAE","out_trade_no":"hxh170511055235_1-20170510150407","result_code":"SUCCESS","return_code":"SUCCESS","sign":"8C214930B04BA7A7769A6B2E224CB644","time_end":"20170511175243","total_fee":"100","trade_type":"JSAPI","transaction_id":"4000342001201705110440332876"}


执行日期：2017-05-11-17：53：13
【接收到的notify222通知】:



执行日期：2017-05-11-17：53：13
【接收sucess】:



执行日期：2017-05-11-17：53：13
zuihao:



执行日期：2017-05-11-17：53：13
zuihao:



执行日期：2017-05-11-17：53：44
【接收到的notify通知】:
{"appid":"wx70a18f1a70ce9daa","bank_type":"CFT","cash_fee":"100","fee_type":"CNY","is_subscribe":"Y","mch_id":"1240608902","nonce_str":"469arhksvqjaqn9qy6c2e7mgvlx10cx7","openid":"o5By_jmSSAk5aVMEkUTHr_uTRmAE","out_trade_no":"hxh170511055235_1-20170510150407","result_code":"SUCCESS","return_code":"SUCCESS","sign":"8C214930B04BA7A7769A6B2E224CB644","time_end":"20170511175243","total_fee":"100","trade_type":"JSAPI","transaction_id":"4000342001201705110440332876"}


执行日期：2017-05-11-17：53：44
【接收到的notify222通知】:



执行日期：2017-05-11-17：53：44
【接收sucess】:



执行日期：2017-05-11-17：53：44
zuihao:



执行日期：2017-05-11-17：53：44
zuihao:



执行日期：2017-05-11-17：56：45
【接收到的notify通知】:
{"appid":"wx70a18f1a70ce9daa","bank_type":"CFT","cash_fee":"100","fee_type":"CNY","is_subscribe":"Y","mch_id":"1240608902","nonce_str":"469arhksvqjaqn9qy6c2e7mgvlx10cx7","openid":"o5By_jmSSAk5aVMEkUTHr_uTRmAE","out_trade_no":"hxh170511055235_1-20170510150407","result_code":"SUCCESS","return_code":"SUCCESS","sign":"8C214930B04BA7A7769A6B2E224CB644","time_end":"20170511175243","total_fee":"100","trade_type":"JSAPI","transaction_id":"4000342001201705110440332876"}


执行日期：2017-05-11-17：56：45
【接收到的notify222通知】:



执行日期：2017-05-11-17：56：45
【接收sucess】:



执行日期：2017-05-11-17：56：45
zuihao:



执行日期：2017-05-11-17：56：45
zuihao:



执行日期：2017-05-11-18：00：16
【接收到的notify通知】:
{"appid":"wx70a18f1a70ce9daa","bank_type":"CFT","cash_fee":"100","fee_type":"CNY","is_subscribe":"Y","mch_id":"1240608902","nonce_str":"ai27z9qyk5srvf2tpbevtyk2v9jz5pvf","openid":"o5By_jmSSAk5aVMEkUTHr_uTRmAE","out_trade_no":"hxh170511060010_1-20170510150407","result_code":"SUCCESS","return_code":"SUCCESS","sign":"2900D61F2BDF4CBA2B4C2912D07E42B7","time_end":"20170511180015","total_fee":"100","trade_type":"JSAPI","transaction_id":"4000342001201705110438752619"}


执行日期：2017-05-11-18：00：16
【接收到的notify222通知】:



执行日期：2017-05-11-18：00：16
【接收sucess】:



执行日期：2017-05-11-18：00：16
zuihao:



执行日期：2017-05-11-18：00：16
zuihao:



执行日期：2017-05-11-18：00：31
【接收到的notify通知】:
{"appid":"wx70a18f1a70ce9daa","bank_type":"CFT","cash_fee":"100","fee_type":"CNY","is_subscribe":"Y","mch_id":"1240608902","nonce_str":"ai27z9qyk5srvf2tpbevtyk2v9jz5pvf","openid":"o5By_jmSSAk5aVMEkUTHr_uTRmAE","out_trade_no":"hxh170511060010_1-20170510150407","result_code":"SUCCESS","return_code":"SUCCESS","sign":"2900D61F2BDF4CBA2B4C2912D07E42B7","time_end":"20170511180015","total_fee":"100","trade_type":"JSAPI","transaction_id":"4000342001201705110438752619"}


执行日期：2017-05-11-18：00：31
【接收到的notify222通知】:



执行日期：2017-05-11-18：00：31
【接收sucess】:



执行日期：2017-05-11-18：00：31
zuihao:



执行日期：2017-05-11-18：00：31
zuihao:



执行日期：2017-05-11-18：00：47
【接收到的notify通知】:
{"appid":"wx70a18f1a70ce9daa","bank_type":"CFT","cash_fee":"100","fee_type":"CNY","is_subscribe":"Y","mch_id":"1240608902","nonce_str":"ai27z9qyk5srvf2tpbevtyk2v9jz5pvf","openid":"o5By_jmSSAk5aVMEkUTHr_uTRmAE","out_trade_no":"hxh170511060010_1-20170510150407","result_code":"SUCCESS","return_code":"SUCCESS","sign":"2900D61F2BDF4CBA2B4C2912D07E42B7","time_end":"20170511180015","total_fee":"100","trade_type":"JSAPI","transaction_id":"4000342001201705110438752619"}


执行日期：2017-05-11-18：00：47
【接收到的notify222通知】:



执行日期：2017-05-11-18：00：47
【接收sucess】:



执行日期：2017-05-11-18：00：47
zuihao:



执行日期：2017-05-11-18：00：47
zuihao:



执行日期：2017-05-11-18：01：19
【接收到的notify通知】:
{"appid":"wx70a18f1a70ce9daa","bank_type":"CFT","cash_fee":"100","fee_type":"CNY","is_subscribe":"Y","mch_id":"1240608902","nonce_str":"ai27z9qyk5srvf2tpbevtyk2v9jz5pvf","openid":"o5By_jmSSAk5aVMEkUTHr_uTRmAE","out_trade_no":"hxh170511060010_1-20170510150407","result_code":"SUCCESS","return_code":"SUCCESS","sign":"2900D61F2BDF4CBA2B4C2912D07E42B7","time_end":"20170511180015","total_fee":"100","trade_type":"JSAPI","transaction_id":"4000342001201705110438752619"}


执行日期：2017-05-11-18：01：19
【接收到的notify222通知】:



执行日期：2017-05-11-18：01：19
【接收sucess】:



执行日期：2017-05-11-18：01：19
zuihao:



执行日期：2017-05-11-18：01：19
zuihao:



执行日期：2017-05-11-18：02：34
【接收到的notify通知】:
{"appid":"wx70a18f1a70ce9daa","bank_type":"CFT","cash_fee":"100","fee_type":"CNY","is_subscribe":"Y","mch_id":"1240608902","nonce_str":"y33h94zxm3rz8vyoip4nezld611z8u0u","openid":"o5By_jmSSAk5aVMEkUTHr_uTRmAE","out_trade_no":"hxh170511060229_1-20170510150407","result_code":"SUCCESS","return_code":"SUCCESS","sign":"251FE08D28019C0C715585FE6F723F2B","time_end":"20170511180234","total_fee":"100","trade_type":"JSAPI","transaction_id":"4000342001201705110442362431"}


执行日期：2017-05-11-18：02：34
【接收到的notify222通知】:



执行日期：2017-05-11-18：02：34
【接收sucess】:



执行日期：2017-05-11-18：02：34
zuihao:



执行日期：2017-05-11-18：02：34
zuihao:



执行日期：2017-05-11-18：02：46
【接收到的notify通知】:
{"appid":"wx70a18f1a70ce9daa","bank_type":"CFT","cash_fee":"100","fee_type":"CNY","is_subscribe":"Y","mch_id":"1240608902","nonce_str":"y33h94zxm3rz8vyoip4nezld611z8u0u","openid":"o5By_jmSSAk5aVMEkUTHr_uTRmAE","out_trade_no":"hxh170511060229_1-20170510150407","result_code":"SUCCESS","return_code":"SUCCESS","sign":"251FE08D28019C0C715585FE6F723F2B","time_end":"20170511180234","total_fee":"100","trade_type":"JSAPI","transaction_id":"4000342001201705110442362431"}


执行日期：2017-05-11-18：02：46
【接收到的notify222通知】:



执行日期：2017-05-11-18：02：46
【接收sucess】:



执行日期：2017-05-11-18：02：46
zuihao:



执行日期：2017-05-11-18：02：46
zuihao:



执行日期：2017-05-11-18：03：03
【接收到的notify通知】:
{"appid":"wx70a18f1a70ce9daa","bank_type":"CFT","cash_fee":"100","fee_type":"CNY","is_subscribe":"Y","mch_id":"1240608902","nonce_str":"y33h94zxm3rz8vyoip4nezld611z8u0u","openid":"o5By_jmSSAk5aVMEkUTHr_uTRmAE","out_trade_no":"hxh170511060229_1-20170510150407","result_code":"SUCCESS","return_code":"SUCCESS","sign":"251FE08D28019C0C715585FE6F723F2B","time_end":"20170511180234","total_fee":"100","trade_type":"JSAPI","transaction_id":"4000342001201705110442362431"}


执行日期：2017-05-11-18：03：03
【接收到的notify222通知】:



执行日期：2017-05-11-18：03：03
【接收sucess】:



执行日期：2017-05-11-18：03：03
zuihao:



执行日期：2017-05-11-18：03：03
zuihao:



执行日期：2017-05-11-18：03：36
【接收到的notify通知】:
{"appid":"wx70a18f1a70ce9daa","bank_type":"CFT","cash_fee":"100","fee_type":"CNY","is_subscribe":"Y","mch_id":"1240608902","nonce_str":"y33h94zxm3rz8vyoip4nezld611z8u0u","openid":"o5By_jmSSAk5aVMEkUTHr_uTRmAE","out_trade_no":"hxh170511060229_1-20170510150407","result_code":"SUCCESS","return_code":"SUCCESS","sign":"251FE08D28019C0C715585FE6F723F2B","time_end":"20170511180234","total_fee":"100","trade_type":"JSAPI","transaction_id":"4000342001201705110442362431"}


执行日期：2017-05-11-18：03：36
【接收到的notify222通知】:



执行日期：2017-05-11-18：03：36
【接收sucess】:



执行日期：2017-05-11-18：03：36
zuihao:



执行日期：2017-05-11-18：03：36
zuihao:



执行日期：2017-05-11-18：04：05
【接收到的notify通知】:
{"appid":"wx70a18f1a70ce9daa","bank_type":"CFT","cash_fee":"100","fee_type":"CNY","is_subscribe":"Y","mch_id":"1240608902","nonce_str":"hisfu5ajxwcbi00ulqo8m1lzhcmd2djj","openid":"o5By_jmSSAk5aVMEkUTHr_uTRmAE","out_trade_no":"hxh170511060359_1-20170510150407","result_code":"SUCCESS","return_code":"SUCCESS","sign":"6DDFEBC05179D3E25BD1F0F8C1B26F8C","time_end":"20170511180404","total_fee":"100","trade_type":"JSAPI","transaction_id":"4000342001201705110442364342"}


执行日期：2017-05-11-18：04：05
【接收到的notify222通知】:



执行日期：2017-05-11-18：04：05
【接收sucess】:



执行日期：2017-05-11-18：04：05
zuihao:



执行日期：2017-05-11-18：04：05
zuihao:



执行日期：2017-05-11-18：04：15
【接收到的notify通知】:
{"appid":"wx70a18f1a70ce9daa","bank_type":"CFT","cash_fee":"100","fee_type":"CNY","is_subscribe":"Y","mch_id":"1240608902","nonce_str":"hisfu5ajxwcbi00ulqo8m1lzhcmd2djj","openid":"o5By_jmSSAk5aVMEkUTHr_uTRmAE","out_trade_no":"hxh170511060359_1-20170510150407","result_code":"SUCCESS","return_code":"SUCCESS","sign":"6DDFEBC05179D3E25BD1F0F8C1B26F8C","time_end":"20170511180404","total_fee":"100","trade_type":"JSAPI","transaction_id":"4000342001201705110442364342"}


执行日期：2017-05-11-18：04：15
【接收到的notify222通知】:



执行日期：2017-05-11-18：04：15
【接收sucess】:



执行日期：2017-05-11-18：04：15
zuihao:



执行日期：2017-05-11-18：04：15
zuihao:



执行日期：2017-05-11-18：04：21
【接收到的notify通知】:
{"appid":"wx70a18f1a70ce9daa","bank_type":"CFT","cash_fee":"100","fee_type":"CNY","is_subscribe":"Y","mch_id":"1240608902","nonce_str":"ai27z9qyk5srvf2tpbevtyk2v9jz5pvf","openid":"o5By_jmSSAk5aVMEkUTHr_uTRmAE","out_trade_no":"hxh170511060010_1-20170510150407","result_code":"SUCCESS","return_code":"SUCCESS","sign":"2900D61F2BDF4CBA2B4C2912D07E42B7","time_end":"20170511180015","total_fee":"100","trade_type":"JSAPI","transaction_id":"4000342001201705110438752619"}


执行日期：2017-05-11-18：04：21
【接收到的notify222通知】:



执行日期：2017-05-11-18：04：21
【接收sucess】:



执行日期：2017-05-11-18：04：21
zuihao:



执行日期：2017-05-11-18：04：21
zuihao:



执行日期：2017-05-11-18：04：31
【接收到的notify通知】:
{"appid":"wx70a18f1a70ce9daa","bank_type":"CFT","cash_fee":"100","fee_type":"CNY","is_subscribe":"Y","mch_id":"1240608902","nonce_str":"hisfu5ajxwcbi00ulqo8m1lzhcmd2djj","openid":"o5By_jmSSAk5aVMEkUTHr_uTRmAE","out_trade_no":"hxh170511060359_1-20170510150407","result_code":"SUCCESS","return_code":"SUCCESS","sign":"6DDFEBC05179D3E25BD1F0F8C1B26F8C","time_end":"20170511180404","total_fee":"100","trade_type":"JSAPI","transaction_id":"4000342001201705110442364342"}


执行日期：2017-05-11-18：04：31
【接收到的notify222通知】:



执行日期：2017-05-11-18：04：31
【接收sucess】:



执行日期：2017-05-11-18：04：31
zuihao:



执行日期：2017-05-11-18：04：31
zuihao:



执行日期：2017-05-11-18：05：04
【接收到的notify通知】:
{"appid":"wx70a18f1a70ce9daa","bank_type":"CFT","cash_fee":"100","fee_type":"CNY","is_subscribe":"Y","mch_id":"1240608902","nonce_str":"hisfu5ajxwcbi00ulqo8m1lzhcmd2djj","openid":"o5By_jmSSAk5aVMEkUTHr_uTRmAE","out_trade_no":"hxh170511060359_1-20170510150407","result_code":"SUCCESS","return_code":"SUCCESS","sign":"6DDFEBC05179D3E25BD1F0F8C1B26F8C","time_end":"20170511180404","total_fee":"100","trade_type":"JSAPI","transaction_id":"4000342001201705110442364342"}


执行日期：2017-05-11-18：05：04
【接收到的notify222通知】:



执行日期：2017-05-11-18：05：04
【接收sucess】:



执行日期：2017-05-11-18：05：04
zuihao:



执行日期：2017-05-11-18：05：04
zuihao:



执行日期：2017-05-11-18：06：18
【接收到的notify通知】:
{"appid":"wx70a18f1a70ce9daa","bank_type":"CFT","cash_fee":"100","fee_type":"CNY","is_subscribe":"Y","mch_id":"1240608902","nonce_str":"kwwq7elqlc6cqxmcf3ndp056fx4n65xj","openid":"o5By_jmSSAk5aVMEkUTHr_uTRmAE","out_trade_no":"hxh170511060612_1-20170510150407","result_code":"SUCCESS","return_code":"SUCCESS","sign":"A95CE0BF96E54F95397370D5A5B2F385","time_end":"20170511180617","total_fee":"100","trade_type":"JSAPI","transaction_id":"4000342001201705110440791613"}


执行日期：2017-05-11-18：06：18
【接收到的notify222通知】:



执行日期：2017-05-11-18：06：18
【接收sucess】:



执行日期：2017-05-11-18：06：18
zuihao:



执行日期：2017-05-11-18：06：18
zuihao:



执行日期：2017-05-11-18：06：18
1-20170510150407:222



执行日期：2017-05-11-18：06：31
【接收到的notify通知】:
{"appid":"wx70a18f1a70ce9daa","bank_type":"CFT","cash_fee":"100","fee_type":"CNY","is_subscribe":"Y","mch_id":"1240608902","nonce_str":"kwwq7elqlc6cqxmcf3ndp056fx4n65xj","openid":"o5By_jmSSAk5aVMEkUTHr_uTRmAE","out_trade_no":"hxh170511060612_1-20170510150407","result_code":"SUCCESS","return_code":"SUCCESS","sign":"A95CE0BF96E54F95397370D5A5B2F385","time_end":"20170511180617","total_fee":"100","trade_type":"JSAPI","transaction_id":"4000342001201705110440791613"}


执行日期：2017-05-11-18：06：31
【接收到的notify222通知】:



执行日期：2017-05-11-18：06：31
【接收sucess】:



执行日期：2017-05-11-18：06：31
zuihao:



执行日期：2017-05-11-18：06：31
zuihao:



执行日期：2017-05-11-18：06：31
1-20170510150407:222



执行日期：2017-05-11-18：06：37
【接收到的notify通知】:
{"appid":"wx70a18f1a70ce9daa","bank_type":"CFT","cash_fee":"100","fee_type":"CNY","is_subscribe":"Y","mch_id":"1240608902","nonce_str":"y33h94zxm3rz8vyoip4nezld611z8u0u","openid":"o5By_jmSSAk5aVMEkUTHr_uTRmAE","out_trade_no":"hxh170511060229_1-20170510150407","result_code":"SUCCESS","return_code":"SUCCESS","sign":"251FE08D28019C0C715585FE6F723F2B","time_end":"20170511180234","total_fee":"100","trade_type":"JSAPI","transaction_id":"4000342001201705110442362431"}


执行日期：2017-05-11-18：06：37
【接收到的notify222通知】:



执行日期：2017-05-11-18：06：37
【接收sucess】:



执行日期：2017-05-11-18：06：37
zuihao:



执行日期：2017-05-11-18：06：37
zuihao:



执行日期：2017-05-11-18：06：37
1-20170510150407:222



执行日期：2017-05-11-18：06：47
【接收到的notify通知】:
{"appid":"wx70a18f1a70ce9daa","bank_type":"CFT","cash_fee":"100","fee_type":"CNY","is_subscribe":"Y","mch_id":"1240608902","nonce_str":"kwwq7elqlc6cqxmcf3ndp056fx4n65xj","openid":"o5By_jmSSAk5aVMEkUTHr_uTRmAE","out_trade_no":"hxh170511060612_1-20170510150407","result_code":"SUCCESS","return_code":"SUCCESS","sign":"A95CE0BF96E54F95397370D5A5B2F385","time_end":"20170511180617","total_fee":"100","trade_type":"JSAPI","transaction_id":"4000342001201705110440791613"}


执行日期：2017-05-11-18：06：47
【接收到的notify222通知】:



执行日期：2017-05-11-18：06：47
【接收sucess】:



执行日期：2017-05-11-18：06：47
zuihao:



执行日期：2017-05-11-18：06：47
zuihao:



执行日期：2017-05-11-18：06：47
1-20170510150407:222



执行日期：2017-05-11-18：07：20
【接收到的notify通知】:
{"appid":"wx70a18f1a70ce9daa","bank_type":"CFT","cash_fee":"100","fee_type":"CNY","is_subscribe":"Y","mch_id":"1240608902","nonce_str":"kwwq7elqlc6cqxmcf3ndp056fx4n65xj","openid":"o5By_jmSSAk5aVMEkUTHr_uTRmAE","out_trade_no":"hxh170511060612_1-20170510150407","result_code":"SUCCESS","return_code":"SUCCESS","sign":"A95CE0BF96E54F95397370D5A5B2F385","time_end":"20170511180617","total_fee":"100","trade_type":"JSAPI","transaction_id":"4000342001201705110440791613"}


执行日期：2017-05-11-18：07：20
【接收到的notify222通知】:



执行日期：2017-05-11-18：07：20
【接收sucess】:



执行日期：2017-05-11-18：07：20
zuihao:



执行日期：2017-05-11-18：07：20
zuihao:



执行日期：2017-05-11-18：07：20
1-20170510150407:222



执行日期：2017-05-11-18：08：05
【接收到的notify通知】:
{"appid":"wx70a18f1a70ce9daa","bank_type":"CFT","cash_fee":"100","fee_type":"CNY","is_subscribe":"Y","mch_id":"1240608902","nonce_str":"hisfu5ajxwcbi00ulqo8m1lzhcmd2djj","openid":"o5By_jmSSAk5aVMEkUTHr_uTRmAE","out_trade_no":"hxh170511060359_1-20170510150407","result_code":"SUCCESS","return_code":"SUCCESS","sign":"6DDFEBC05179D3E25BD1F0F8C1B26F8C","time_end":"20170511180404","total_fee":"100","trade_type":"JSAPI","transaction_id":"4000342001201705110442364342"}


执行日期：2017-05-11-18：08：05
【接收到的notify222通知】:



执行日期：2017-05-11-18：08：05
【接收sucess】:



执行日期：2017-05-11-18：08：05
zuihao:



执行日期：2017-05-11-18：08：05
zuihao:



执行日期：2017-05-11-18：08：05
1-20170510150407:222



执行日期：2017-05-11-18：10：22
【接收到的notify通知】:
{"appid":"wx70a18f1a70ce9daa","bank_type":"CFT","cash_fee":"100","fee_type":"CNY","is_subscribe":"Y","mch_id":"1240608902","nonce_str":"kwwq7elqlc6cqxmcf3ndp056fx4n65xj","openid":"o5By_jmSSAk5aVMEkUTHr_uTRmAE","out_trade_no":"hxh170511060612_1-20170510150407","result_code":"SUCCESS","return_code":"SUCCESS","sign":"A95CE0BF96E54F95397370D5A5B2F385","time_end":"20170511180617","total_fee":"100","trade_type":"JSAPI","transaction_id":"4000342001201705110440791613"}


执行日期：2017-05-11-18：10：22
【接收到的notify222通知】:



执行日期：2017-05-11-18：10：22
【接收sucess】:



执行日期：2017-05-11-18：10：22
zuihao:



执行日期：2017-05-11-18：10：22
zuihao:



执行日期：2017-05-11-18：10：22
1-20170510150407:222



执行日期：2017-05-11-18：26：48
【接收到的notify通知】:
{"appid":"wx70a18f1a70ce9daa","bank_type":"CFT","cash_fee":"100","fee_type":"CNY","is_subscribe":"Y","mch_id":"1240608902","nonce_str":"469arhksvqjaqn9qy6c2e7mgvlx10cx7","openid":"o5By_jmSSAk5aVMEkUTHr_uTRmAE","out_trade_no":"hxh170511055235_1-20170510150407","result_code":"SUCCESS","return_code":"SUCCESS","sign":"8C214930B04BA7A7769A6B2E224CB644","time_end":"20170511175243","total_fee":"100","trade_type":"JSAPI","transaction_id":"4000342001201705110440332876"}


执行日期：2017-05-11-18：26：48
【接收到的notify222通知】:



执行日期：2017-05-11-18：26：48
【接收sucess】:



执行日期：2017-05-11-18：26：48
zuihao:



执行日期：2017-05-11-18：26：48
zuihao:



执行日期：2017-05-11-18：26：48
1-20170510150407:222



执行日期：2017-05-11-18：34：23
【接收到的notify通知】:
{"appid":"wx70a18f1a70ce9daa","bank_type":"CFT","cash_fee":"100","fee_type":"CNY","is_subscribe":"Y","mch_id":"1240608902","nonce_str":"ai27z9qyk5srvf2tpbevtyk2v9jz5pvf","openid":"o5By_jmSSAk5aVMEkUTHr_uTRmAE","out_trade_no":"hxh170511060010_1-20170510150407","result_code":"SUCCESS","return_code":"SUCCESS","sign":"2900D61F2BDF4CBA2B4C2912D07E42B7","time_end":"20170511180015","total_fee":"100","trade_type":"JSAPI","transaction_id":"4000342001201705110438752619"}


执行日期：2017-05-11-18：34：23
【接收到的notify222通知】:



执行日期：2017-05-11-18：34：23
【接收sucess】:



执行日期：2017-05-11-18：34：23
zuihao:



执行日期：2017-05-11-18：34：23
zuihao:



执行日期：2017-05-11-18：34：23
1-20170510150407:222



执行日期：2017-05-11-18：36：40
【接收到的notify通知】:
{"appid":"wx70a18f1a70ce9daa","bank_type":"CFT","cash_fee":"100","fee_type":"CNY","is_subscribe":"Y","mch_id":"1240608902","nonce_str":"y33h94zxm3rz8vyoip4nezld611z8u0u","openid":"o5By_jmSSAk5aVMEkUTHr_uTRmAE","out_trade_no":"hxh170511060229_1-20170510150407","result_code":"SUCCESS","return_code":"SUCCESS","sign":"251FE08D28019C0C715585FE6F723F2B","time_end":"20170511180234","total_fee":"100","trade_type":"JSAPI","transaction_id":"4000342001201705110442362431"}


执行日期：2017-05-11-18：36：40
【接收到的notify222通知】:



执行日期：2017-05-11-18：36：40
【接收sucess】:



执行日期：2017-05-11-18：36：40
zuihao:



执行日期：2017-05-11-18：36：40
zuihao:



执行日期：2017-05-11-18：36：40
1-20170510150407:222



执行日期：2017-05-11-18：38：08
【接收到的notify通知】:
{"appid":"wx70a18f1a70ce9daa","bank_type":"CFT","cash_fee":"100","fee_type":"CNY","is_subscribe":"Y","mch_id":"1240608902","nonce_str":"hisfu5ajxwcbi00ulqo8m1lzhcmd2djj","openid":"o5By_jmSSAk5aVMEkUTHr_uTRmAE","out_trade_no":"hxh170511060359_1-20170510150407","result_code":"SUCCESS","return_code":"SUCCESS","sign":"6DDFEBC05179D3E25BD1F0F8C1B26F8C","time_end":"20170511180404","total_fee":"100","trade_type":"JSAPI","transaction_id":"4000342001201705110442364342"}


执行日期：2017-05-11-18：38：08
【接收到的notify222通知】:



执行日期：2017-05-11-18：38：08
【接收sucess】:



执行日期：2017-05-11-18：38：08
zuihao:



执行日期：2017-05-11-18：38：08
zuihao:



执行日期：2017-05-11-18：38：08
1-20170510150407:222



执行日期：2017-05-11-18：40：24
【接收到的notify通知】:
{"appid":"wx70a18f1a70ce9daa","bank_type":"CFT","cash_fee":"100","fee_type":"CNY","is_subscribe":"Y","mch_id":"1240608902","nonce_str":"kwwq7elqlc6cqxmcf3ndp056fx4n65xj","openid":"o5By_jmSSAk5aVMEkUTHr_uTRmAE","out_trade_no":"hxh170511060612_1-20170510150407","result_code":"SUCCESS","return_code":"SUCCESS","sign":"A95CE0BF96E54F95397370D5A5B2F385","time_end":"20170511180617","total_fee":"100","trade_type":"JSAPI","transaction_id":"4000342001201705110440791613"}


执行日期：2017-05-11-18：40：24
【接收到的notify222通知】:



执行日期：2017-05-11-18：40：24
【接收sucess】:



执行日期：2017-05-11-18：40：24
zuihao:



执行日期：2017-05-11-18：40：24
zuihao:



执行日期：2017-05-11-18：40：24
1-20170510150407:222



执行日期：2017-05-11-18：56：50
【接收到的notify通知】:
{"appid":"wx70a18f1a70ce9daa","bank_type":"CFT","cash_fee":"100","fee_type":"CNY","is_subscribe":"Y","mch_id":"1240608902","nonce_str":"469arhksvqjaqn9qy6c2e7mgvlx10cx7","openid":"o5By_jmSSAk5aVMEkUTHr_uTRmAE","out_trade_no":"hxh170511055235_1-20170510150407","result_code":"SUCCESS","return_code":"SUCCESS","sign":"8C214930B04BA7A7769A6B2E224CB644","time_end":"20170511175243","total_fee":"100","trade_type":"JSAPI","transaction_id":"4000342001201705110440332876"}


执行日期：2017-05-11-18：56：50
【接收到的notify222通知】:



执行日期：2017-05-11-18：56：50
【接收sucess】:



执行日期：2017-05-11-18：56：50
zuihao:



执行日期：2017-05-11-18：56：50
zuihao:



执行日期：2017-05-11-18：56：50
1-20170510150407:222



执行日期：2017-05-11-19：04：24
【接收到的notify通知】:
{"appid":"wx70a18f1a70ce9daa","bank_type":"CFT","cash_fee":"100","fee_type":"CNY","is_subscribe":"Y","mch_id":"1240608902","nonce_str":"ai27z9qyk5srvf2tpbevtyk2v9jz5pvf","openid":"o5By_jmSSAk5aVMEkUTHr_uTRmAE","out_trade_no":"hxh170511060010_1-20170510150407","result_code":"SUCCESS","return_code":"SUCCESS","sign":"2900D61F2BDF4CBA2B4C2912D07E42B7","time_end":"20170511180015","total_fee":"100","trade_type":"JSAPI","transaction_id":"4000342001201705110438752619"}


执行日期：2017-05-11-19：04：24
【接收到的notify222通知】:



执行日期：2017-05-11-19：04：24
【接收sucess】:



执行日期：2017-05-11-19：04：24
zuihao:



执行日期：2017-05-11-19：04：24
zuihao:



执行日期：2017-05-11-19：04：24
1-20170510150407:222



执行日期：2017-05-11-19：06：42
【接收到的notify通知】:
{"appid":"wx70a18f1a70ce9daa","bank_type":"CFT","cash_fee":"100","fee_type":"CNY","is_subscribe":"Y","mch_id":"1240608902","nonce_str":"y33h94zxm3rz8vyoip4nezld611z8u0u","openid":"o5By_jmSSAk5aVMEkUTHr_uTRmAE","out_trade_no":"hxh170511060229_1-20170510150407","result_code":"SUCCESS","return_code":"SUCCESS","sign":"251FE08D28019C0C715585FE6F723F2B","time_end":"20170511180234","total_fee":"100","trade_type":"JSAPI","transaction_id":"4000342001201705110442362431"}


执行日期：2017-05-11-19：06：42
【接收到的notify222通知】:



执行日期：2017-05-11-19：06：42
【接收sucess】:



执行日期：2017-05-11-19：06：42
zuihao:



执行日期：2017-05-11-19：06：42
zuihao:



执行日期：2017-05-11-19：06：42
1-20170510150407:222



执行日期：2017-05-11-19：08：10
【接收到的notify通知】:
{"appid":"wx70a18f1a70ce9daa","bank_type":"CFT","cash_fee":"100","fee_type":"CNY","is_subscribe":"Y","mch_id":"1240608902","nonce_str":"hisfu5ajxwcbi00ulqo8m1lzhcmd2djj","openid":"o5By_jmSSAk5aVMEkUTHr_uTRmAE","out_trade_no":"hxh170511060359_1-20170510150407","result_code":"SUCCESS","return_code":"SUCCESS","sign":"6DDFEBC05179D3E25BD1F0F8C1B26F8C","time_end":"20170511180404","total_fee":"100","trade_type":"JSAPI","transaction_id":"4000342001201705110442364342"}


执行日期：2017-05-11-19：08：10
【接收到的notify222通知】:



执行日期：2017-05-11-19：08：10
【接收sucess】:



执行日期：2017-05-11-19：08：10
zuihao:



执行日期：2017-05-11-19：08：10
zuihao:



执行日期：2017-05-11-19：08：10
1-20170510150407:222



执行日期：2017-05-11-19：10：26
【接收到的notify通知】:
{"appid":"wx70a18f1a70ce9daa","bank_type":"CFT","cash_fee":"100","fee_type":"CNY","is_subscribe":"Y","mch_id":"1240608902","nonce_str":"kwwq7elqlc6cqxmcf3ndp056fx4n65xj","openid":"o5By_jmSSAk5aVMEkUTHr_uTRmAE","out_trade_no":"hxh170511060612_1-20170510150407","result_code":"SUCCESS","return_code":"SUCCESS","sign":"A95CE0BF96E54F95397370D5A5B2F385","time_end":"20170511180617","total_fee":"100","trade_type":"JSAPI","transaction_id":"4000342001201705110440791613"}


执行日期：2017-05-11-19：10：26
【接收到的notify222通知】:



执行日期：2017-05-11-19：10：26
【接收sucess】:



执行日期：2017-05-11-19：10：26
zuihao:



执行日期：2017-05-11-19：10：26
zuihao:



执行日期：2017-05-11-19：10：26
1-20170510150407:222



执行日期：2017-05-11-19：26：51
【接收到的notify通知】:
{"appid":"wx70a18f1a70ce9daa","bank_type":"CFT","cash_fee":"100","fee_type":"CNY","is_subscribe":"Y","mch_id":"1240608902","nonce_str":"469arhksvqjaqn9qy6c2e7mgvlx10cx7","openid":"o5By_jmSSAk5aVMEkUTHr_uTRmAE","out_trade_no":"hxh170511055235_1-20170510150407","result_code":"SUCCESS","return_code":"SUCCESS","sign":"8C214930B04BA7A7769A6B2E224CB644","time_end":"20170511175243","total_fee":"100","trade_type":"JSAPI","transaction_id":"4000342001201705110440332876"}


执行日期：2017-05-11-19：26：51
【接收到的notify222通知】:



执行日期：2017-05-11-19：26：51
【接收sucess】:



执行日期：2017-05-11-19：26：51
zuihao:



执行日期：2017-05-11-19：26：51
zuihao:



执行日期：2017-05-11-19：26：51
1-20170510150407:222



执行日期：2017-05-11-19：34：26
【接收到的notify通知】:
{"appid":"wx70a18f1a70ce9daa","bank_type":"CFT","cash_fee":"100","fee_type":"CNY","is_subscribe":"Y","mch_id":"1240608902","nonce_str":"ai27z9qyk5srvf2tpbevtyk2v9jz5pvf","openid":"o5By_jmSSAk5aVMEkUTHr_uTRmAE","out_trade_no":"hxh170511060010_1-20170510150407","result_code":"SUCCESS","return_code":"SUCCESS","sign":"2900D61F2BDF4CBA2B4C2912D07E42B7","time_end":"20170511180015","total_fee":"100","trade_type":"JSAPI","transaction_id":"4000342001201705110438752619"}


执行日期：2017-05-11-19：34：26
【接收到的notify222通知】:



执行日期：2017-05-11-19：34：26
【接收sucess】:



执行日期：2017-05-11-19：34：26
zuihao:



执行日期：2017-05-11-19：34：26
zuihao:



执行日期：2017-05-11-19：34：26
1-20170510150407:222



执行日期：2017-05-11-19：36：45
【接收到的notify通知】:
{"appid":"wx70a18f1a70ce9daa","bank_type":"CFT","cash_fee":"100","fee_type":"CNY","is_subscribe":"Y","mch_id":"1240608902","nonce_str":"y33h94zxm3rz8vyoip4nezld611z8u0u","openid":"o5By_jmSSAk5aVMEkUTHr_uTRmAE","out_trade_no":"hxh170511060229_1-20170510150407","result_code":"SUCCESS","return_code":"SUCCESS","sign":"251FE08D28019C0C715585FE6F723F2B","time_end":"20170511180234","total_fee":"100","trade_type":"JSAPI","transaction_id":"4000342001201705110442362431"}


执行日期：2017-05-11-19：36：45
【接收到的notify222通知】:



执行日期：2017-05-11-19：36：45
【接收sucess】:



执行日期：2017-05-11-19：36：45
zuihao:



执行日期：2017-05-11-19：36：45
zuihao:



执行日期：2017-05-11-19：36：45
1-20170510150407:222



执行日期：2017-05-11-19：38：12
【接收到的notify通知】:
{"appid":"wx70a18f1a70ce9daa","bank_type":"CFT","cash_fee":"100","fee_type":"CNY","is_subscribe":"Y","mch_id":"1240608902","nonce_str":"hisfu5ajxwcbi00ulqo8m1lzhcmd2djj","openid":"o5By_jmSSAk5aVMEkUTHr_uTRmAE","out_trade_no":"hxh170511060359_1-20170510150407","result_code":"SUCCESS","return_code":"SUCCESS","sign":"6DDFEBC05179D3E25BD1F0F8C1B26F8C","time_end":"20170511180404","total_fee":"100","trade_type":"JSAPI","transaction_id":"4000342001201705110442364342"}


执行日期：2017-05-11-19：38：12
【接收到的notify222通知】:



执行日期：2017-05-11-19：38：12
【接收sucess】:



执行日期：2017-05-11-19：38：12
zuihao:



执行日期：2017-05-11-19：38：12
zuihao:



执行日期：2017-05-11-19：38：12
1-20170510150407:222



执行日期：2017-05-11-19：40：27
【接收到的notify通知】:
{"appid":"wx70a18f1a70ce9daa","bank_type":"CFT","cash_fee":"100","fee_type":"CNY","is_subscribe":"Y","mch_id":"1240608902","nonce_str":"kwwq7elqlc6cqxmcf3ndp056fx4n65xj","openid":"o5By_jmSSAk5aVMEkUTHr_uTRmAE","out_trade_no":"hxh170511060612_1-20170510150407","result_code":"SUCCESS","return_code":"SUCCESS","sign":"A95CE0BF96E54F95397370D5A5B2F385","time_end":"20170511180617","total_fee":"100","trade_type":"JSAPI","transaction_id":"4000342001201705110440791613"}


执行日期：2017-05-11-19：40：27
【接收到的notify222通知】:



执行日期：2017-05-11-19：40：27
【接收sucess】:



执行日期：2017-05-11-19：40：27
zuihao:



执行日期：2017-05-11-19：40：27
zuihao:



执行日期：2017-05-11-19：40：27
1-20170510150407:222



执行日期：2017-05-11-19：56：53
【接收到的notify通知】:
{"appid":"wx70a18f1a70ce9daa","bank_type":"CFT","cash_fee":"100","fee_type":"CNY","is_subscribe":"Y","mch_id":"1240608902","nonce_str":"469arhksvqjaqn9qy6c2e7mgvlx10cx7","openid":"o5By_jmSSAk5aVMEkUTHr_uTRmAE","out_trade_no":"hxh170511055235_1-20170510150407","result_code":"SUCCESS","return_code":"SUCCESS","sign":"8C214930B04BA7A7769A6B2E224CB644","time_end":"20170511175243","total_fee":"100","trade_type":"JSAPI","transaction_id":"4000342001201705110440332876"}


执行日期：2017-05-11-19：56：53
【接收到的notify222通知】:



执行日期：2017-05-11-19：56：53
【接收sucess】:



执行日期：2017-05-11-19：56：53
zuihao:



执行日期：2017-05-11-19：56：53
zuihao:



执行日期：2017-05-11-19：56：53
1-20170510150407:222



执行日期：2017-05-11-20：04：28
【接收到的notify通知】:
{"appid":"wx70a18f1a70ce9daa","bank_type":"CFT","cash_fee":"100","fee_type":"CNY","is_subscribe":"Y","mch_id":"1240608902","nonce_str":"ai27z9qyk5srvf2tpbevtyk2v9jz5pvf","openid":"o5By_jmSSAk5aVMEkUTHr_uTRmAE","out_trade_no":"hxh170511060010_1-20170510150407","result_code":"SUCCESS","return_code":"SUCCESS","sign":"2900D61F2BDF4CBA2B4C2912D07E42B7","time_end":"20170511180015","total_fee":"100","trade_type":"JSAPI","transaction_id":"4000342001201705110438752619"}


执行日期：2017-05-11-20：04：28
【接收到的notify222通知】:



执行日期：2017-05-11-20：04：28
【接收sucess】:



执行日期：2017-05-11-20：04：28
zuihao:



执行日期：2017-05-11-20：04：28
zuihao:



执行日期：2017-05-11-20：04：28
1-20170510150407:222



执行日期：2017-05-11-20：06：46
【接收到的notify通知】:
{"appid":"wx70a18f1a70ce9daa","bank_type":"CFT","cash_fee":"100","fee_type":"CNY","is_subscribe":"Y","mch_id":"1240608902","nonce_str":"y33h94zxm3rz8vyoip4nezld611z8u0u","openid":"o5By_jmSSAk5aVMEkUTHr_uTRmAE","out_trade_no":"hxh170511060229_1-20170510150407","result_code":"SUCCESS","return_code":"SUCCESS","sign":"251FE08D28019C0C715585FE6F723F2B","time_end":"20170511180234","total_fee":"100","trade_type":"JSAPI","transaction_id":"4000342001201705110442362431"}


执行日期：2017-05-11-20：06：46
【接收到的notify222通知】:



执行日期：2017-05-11-20：06：46
【接收sucess】:



执行日期：2017-05-11-20：06：46
zuihao:



执行日期：2017-05-11-20：06：46
zuihao:



执行日期：2017-05-11-20：06：46
1-20170510150407:222



执行日期：2017-05-11-20：08：13
【接收到的notify通知】:
{"appid":"wx70a18f1a70ce9daa","bank_type":"CFT","cash_fee":"100","fee_type":"CNY","is_subscribe":"Y","mch_id":"1240608902","nonce_str":"hisfu5ajxwcbi00ulqo8m1lzhcmd2djj","openid":"o5By_jmSSAk5aVMEkUTHr_uTRmAE","out_trade_no":"hxh170511060359_1-20170510150407","result_code":"SUCCESS","return_code":"SUCCESS","sign":"6DDFEBC05179D3E25BD1F0F8C1B26F8C","time_end":"20170511180404","total_fee":"100","trade_type":"JSAPI","transaction_id":"4000342001201705110442364342"}


执行日期：2017-05-11-20：08：13
【接收到的notify222通知】:



执行日期：2017-05-11-20：08：13
【接收sucess】:



执行日期：2017-05-11-20：08：13
zuihao:



执行日期：2017-05-11-20：08：13
zuihao:



执行日期：2017-05-11-20：08：13
1-20170510150407:222



执行日期：2017-05-11-20：10：30
【接收到的notify通知】:
{"appid":"wx70a18f1a70ce9daa","bank_type":"CFT","cash_fee":"100","fee_type":"CNY","is_subscribe":"Y","mch_id":"1240608902","nonce_str":"kwwq7elqlc6cqxmcf3ndp056fx4n65xj","openid":"o5By_jmSSAk5aVMEkUTHr_uTRmAE","out_trade_no":"hxh170511060612_1-20170510150407","result_code":"SUCCESS","return_code":"SUCCESS","sign":"A95CE0BF96E54F95397370D5A5B2F385","time_end":"20170511180617","total_fee":"100","trade_type":"JSAPI","transaction_id":"4000342001201705110440791613"}


执行日期：2017-05-11-20：10：30
【接收到的notify222通知】:



执行日期：2017-05-11-20：10：30
【接收sucess】:



执行日期：2017-05-11-20：10：30
zuihao:



执行日期：2017-05-11-20：10：30
zuihao:



执行日期：2017-05-11-20：10：30
1-20170510150407:222



执行日期：2017-05-11-20：56：55
【接收到的notify通知】:
{"appid":"wx70a18f1a70ce9daa","bank_type":"CFT","cash_fee":"100","fee_type":"CNY","is_subscribe":"Y","mch_id":"1240608902","nonce_str":"469arhksvqjaqn9qy6c2e7mgvlx10cx7","openid":"o5By_jmSSAk5aVMEkUTHr_uTRmAE","out_trade_no":"hxh170511055235_1-20170510150407","result_code":"SUCCESS","return_code":"SUCCESS","sign":"8C214930B04BA7A7769A6B2E224CB644","time_end":"20170511175243","total_fee":"100","trade_type":"JSAPI","transaction_id":"4000342001201705110440332876"}


执行日期：2017-05-11-20：56：55
【接收到的notify222通知】:



执行日期：2017-05-11-20：56：55
【接收sucess】:



执行日期：2017-05-11-20：56：55
zuihao:



执行日期：2017-05-11-20：56：55
zuihao:



执行日期：2017-05-11-20：56：55
1-20170510150407:222



执行日期：2017-05-11-21：04：30
【接收到的notify通知】:
{"appid":"wx70a18f1a70ce9daa","bank_type":"CFT","cash_fee":"100","fee_type":"CNY","is_subscribe":"Y","mch_id":"1240608902","nonce_str":"ai27z9qyk5srvf2tpbevtyk2v9jz5pvf","openid":"o5By_jmSSAk5aVMEkUTHr_uTRmAE","out_trade_no":"hxh170511060010_1-20170510150407","result_code":"SUCCESS","return_code":"SUCCESS","sign":"2900D61F2BDF4CBA2B4C2912D07E42B7","time_end":"20170511180015","total_fee":"100","trade_type":"JSAPI","transaction_id":"4000342001201705110438752619"}


执行日期：2017-05-11-21：04：30
【接收到的notify222通知】:



执行日期：2017-05-11-21：04：30
【接收sucess】:



执行日期：2017-05-11-21：04：30
zuihao:



执行日期：2017-05-11-21：04：30
zuihao:



执行日期：2017-05-11-21：04：30
1-20170510150407:222



执行日期：2017-05-11-21：06：48
【接收到的notify通知】:
{"appid":"wx70a18f1a70ce9daa","bank_type":"CFT","cash_fee":"100","fee_type":"CNY","is_subscribe":"Y","mch_id":"1240608902","nonce_str":"y33h94zxm3rz8vyoip4nezld611z8u0u","openid":"o5By_jmSSAk5aVMEkUTHr_uTRmAE","out_trade_no":"hxh170511060229_1-20170510150407","result_code":"SUCCESS","return_code":"SUCCESS","sign":"251FE08D28019C0C715585FE6F723F2B","time_end":"20170511180234","total_fee":"100","trade_type":"JSAPI","transaction_id":"4000342001201705110442362431"}


执行日期：2017-05-11-21：06：48
【接收到的notify222通知】:



执行日期：2017-05-11-21：06：48
【接收sucess】:



执行日期：2017-05-11-21：06：48
zuihao:



执行日期：2017-05-11-21：06：48
zuihao:



执行日期：2017-05-11-21：06：48
1-20170510150407:222



执行日期：2017-05-11-21：08：15
【接收到的notify通知】:
{"appid":"wx70a18f1a70ce9daa","bank_type":"CFT","cash_fee":"100","fee_type":"CNY","is_subscribe":"Y","mch_id":"1240608902","nonce_str":"hisfu5ajxwcbi00ulqo8m1lzhcmd2djj","openid":"o5By_jmSSAk5aVMEkUTHr_uTRmAE","out_trade_no":"hxh170511060359_1-20170510150407","result_code":"SUCCESS","return_code":"SUCCESS","sign":"6DDFEBC05179D3E25BD1F0F8C1B26F8C","time_end":"20170511180404","total_fee":"100","trade_type":"JSAPI","transaction_id":"4000342001201705110442364342"}


执行日期：2017-05-11-21：08：15
【接收到的notify222通知】:



执行日期：2017-05-11-21：08：15
【接收sucess】:



执行日期：2017-05-11-21：08：15
zuihao:



执行日期：2017-05-11-21：08：15
zuihao:



执行日期：2017-05-11-21：08：15
1-20170510150407:222



执行日期：2017-05-11-21：10：32
【接收到的notify通知】:
{"appid":"wx70a18f1a70ce9daa","bank_type":"CFT","cash_fee":"100","fee_type":"CNY","is_subscribe":"Y","mch_id":"1240608902","nonce_str":"kwwq7elqlc6cqxmcf3ndp056fx4n65xj","openid":"o5By_jmSSAk5aVMEkUTHr_uTRmAE","out_trade_no":"hxh170511060612_1-20170510150407","result_code":"SUCCESS","return_code":"SUCCESS","sign":"A95CE0BF96E54F95397370D5A5B2F385","time_end":"20170511180617","total_fee":"100","trade_type":"JSAPI","transaction_id":"4000342001201705110440791613"}


执行日期：2017-05-11-21：10：32
【接收到的notify222通知】:



执行日期：2017-05-11-21：10：32
【接收sucess】:



执行日期：2017-05-11-21：10：32
zuihao:



执行日期：2017-05-11-21：10：32
zuihao:



执行日期：2017-05-11-21：10：32
1-20170510150407:222



