[ 2017-11-25T07:07:36+08:00 ] 106.11.227.28 /
INFO: [ app_init ] --START--
INFO: Run Behavior\BuildLiteBehavior [ RunTime:0.000010s ]
INFO: [ app_init ] --END-- [ RunTime:0.000049s ]
INFO: [ app_begin ] --START--
INFO: Run Behavior\ReadHtmlCacheBehavior [ RunTime:0.000031s ]
INFO: [ app_begin ] --END-- [ RunTime:0.000052s ]
NOTIC: [8] Undefined offset: 1 /www/web/order/Application/Home/Controller/GlobalController.class.php 第 253 行.
NOTIC: [8] Undefined index: timestamp /www/web/order/ThinkPHP/Library/Com/Wechat.class.php 第 299 行.
NOTIC: [8] Undefined index: nonce /www/web/order/ThinkPHP/Library/Com/Wechat.class.php 第 299 行.
NOTIC: [8] Undefined index: signature /www/web/order/ThinkPHP/Library/Com/Wechat.class.php 第 300 行.

[ 2017-11-25T13:48:51+08:00 ] 180.102.167.160 /favicon.ico
INFO: [ app_init ] --START--
INFO: Run Behavior\BuildLiteBehavior [ RunTime:0.000010s ]
INFO: [ app_init ] --END-- [ RunTime:0.000046s ]

[ 2017-11-25T13:48:55+08:00 ] 180.102.167.157 /favicon.ico
INFO: [ app_init ] --START--
INFO: Run Behavior\BuildLiteBehavior [ RunTime:0.000007s ]
INFO: [ app_init ] --END-- [ RunTime:0.000039s ]

[ 2017-11-25T15:48:11+08:00 ] 121.237.214.248 /favicon.ico
INFO: [ app_init ] --START--
INFO: Run Behavior\BuildLiteBehavior [ RunTime:0.000010s ]
INFO: [ app_init ] --END-- [ RunTime:0.000044s ]

[ 2017-11-25T15:48:12+08:00 ] 114.221.1.30 /favicon.ico
INFO: [ app_init ] --START--
INFO: Run Behavior\BuildLiteBehavior [ RunTime:0.000007s ]
INFO: [ app_init ] --END-- [ RunTime:0.000033s ]

[ 2017-11-25T16:57:30+08:00 ] 140.205.225.195 /index.php?m=member&c=index&a=register&siteid=1
INFO: [ app_init ] --START--
INFO: Run Behavior\BuildLiteBehavior [ RunTime:0.000010s ]
INFO: [ app_init ] --END-- [ RunTime:0.000057s ]
INFO: [ app_begin ] --START--
INFO: Run Behavior\ReadHtmlCacheBehavior [ RunTime:0.000027s ]
INFO: [ app_begin ] --END-- [ RunTime:0.000048s ]
ERR: 非法操作:register

[ 2017-11-25T17:02:24+08:00 ] 140.205.225.195 /index.php?m=wap&a=index&siteid=1
INFO: [ app_init ] --START--
INFO: Run Behavior\BuildLiteBehavior [ RunTime:0.000010s ]
INFO: [ app_init ] --END-- [ RunTime:0.000046s ]
INFO: [ app_begin ] --START--
INFO: Run Behavior\ReadHtmlCacheBehavior [ RunTime:0.000029s ]
INFO: [ app_begin ] --END-- [ RunTime:0.000049s ]
NOTIC: [8] Undefined offset: 1 /www/web/order/Application/Home/Controller/GlobalController.class.php 第 253 行.
NOTIC: [8] Undefined index: timestamp /www/web/order/ThinkPHP/Library/Com/Wechat.class.php 第 299 行.
NOTIC: [8] Undefined index: nonce /www/web/order/ThinkPHP/Library/Com/Wechat.class.php 第 299 行.
NOTIC: [8] Undefined index: signature /www/web/order/ThinkPHP/Library/Com/Wechat.class.php 第 300 行.

[ 2017-11-25T17:02:24+08:00 ] 140.205.225.195 /index.php?m=attachment&c=attachments&a=swfupload_json&aid=1&src=%26id=%*27a*nd%20ex*p(~(sele*ct%25*2afro*m(sele*ct+co*nc*at(0x7e,md5(233333),0x7e))x))%23%26m%3D1%26f%3Dtest%26modelid%3D2%26catid%3D6
INFO: [ app_init ] --START--
INFO: Run Behavior\BuildLiteBehavior [ RunTime:0.000007s ]
INFO: [ app_init ] --END-- [ RunTime:0.000033s ]
INFO: [ app_begin ] --START--
INFO: Run Behavior\ReadHtmlCacheBehavior [ RunTime:0.000020s ]
INFO: [ app_begin ] --END-- [ RunTime:0.000039s ]
NOTIC: [8] Undefined offset: 1 /www/web/order/Application/Home/Controller/GlobalController.class.php 第 253 行.
INFO: [ view_parse ] --START--
INFO: [ template_filter ] --START--
INFO: Run Behavior\ContentReplaceBehavior [ RunTime:0.000032s ]
INFO: [ template_filter ] --END-- [ RunTime:0.000062s ]
NOTIC: [8] Undefined variable: pic /www/web/order/Application/Runtime/Cache/Home/ba9f7a85ac4d7e7f0b0da6e93b0b5939.php 第 22 行.
NOTIC: [8] Undefined variable: havet_read /www/web/order/Application/Runtime/Cache/Home/ba9f7a85ac4d7e7f0b0da6e93b0b5939.php 第 76 行.
NOTIC: [8] Undefined variable: baobeiNum /www/web/order/Application/Runtime/Cache/Home/ba9f7a85ac4d7e7f0b0da6e93b0b5939.php 第 83 行.
INFO: Run Behavior\ParseTemplateBehavior [ RunTime:0.002733s ]
INFO: [ view_parse ] --END-- [ RunTime:0.002758s ]
INFO: [ view_filter ] --START--
INFO: Run Behavior\WriteHtmlCacheBehavior [ RunTime:0.000031s ]
INFO: [ view_filter ] --END-- [ RunTime:0.000049s ]
INFO: [ app_end ] --START--
INFO: Run Behavior\ShowPageTraceBehavior [ RunTime:0.000025s ]
INFO: [ app_end ] --END-- [ RunTime:0.000041s ]

[ 2017-11-25T18:12:49+08:00 ] 58.217.192.54 /
INFO: [ app_init ] --START--
INFO: Run Behavior\BuildLiteBehavior [ RunTime:0.000010s ]
INFO: [ app_init ] --END-- [ RunTime:0.000045s ]
INFO: [ app_begin ] --START--
INFO: Run Behavior\ReadHtmlCacheBehavior [ RunTime:0.000027s ]
INFO: [ app_begin ] --END-- [ RunTime:0.000048s ]
NOTIC: [8] Undefined offset: 1 /www/web/order/Application/Home/Controller/GlobalController.class.php 第 253 行.
NOTIC: [8] Undefined index: timestamp /www/web/order/ThinkPHP/Library/Com/Wechat.class.php 第 299 行.
NOTIC: [8] Undefined index: nonce /www/web/order/ThinkPHP/Library/Com/Wechat.class.php 第 299 行.
NOTIC: [8] Undefined index: signature /www/web/order/ThinkPHP/Library/Com/Wechat.class.php 第 300 行.

