[ 2017-11-30T04:16:24+08:00 ] 106.11.227.100 /
INFO: [ app_init ] --START--
INFO: Run Behavior\BuildLiteBehavior [ RunTime:0.000012s ]
INFO: [ app_init ] --END-- [ RunTime:0.000048s ]
INFO: [ app_begin ] --START--
INFO: Run Behavior\ReadHtmlCacheBehavior [ RunTime:0.000034s ]
INFO: [ app_begin ] --END-- [ RunTime:0.000055s ]
NOTIC: [8] Undefined offset: 1 /www/web/order/Application/Home/Controller/GlobalController.class.php 第 253 行.
NOTIC: [8] Undefined index: timestamp /www/web/order/ThinkPHP/Library/Com/Wechat.class.php 第 299 行.
NOTIC: [8] Undefined index: nonce /www/web/order/ThinkPHP/Library/Com/Wechat.class.php 第 299 行.
NOTIC: [8] Undefined index: signature /www/web/order/ThinkPHP/Library/Com/Wechat.class.php 第 300 行.

[ 2017-11-30T10:19:22+08:00 ] 140.207.54.80 /index.php?signature=2e9efa0b7e23269b2f403199cb9be0e4276b0d2e&timestamp=1512008362&nonce=685508104&openid=oK3GO0w5CQDqzr5KUOS-0Z2kYNKE&encrypt_type=aes&msg_signature=d626a450fea66529c60213c8c9d3e60d2226631a
INFO: [ app_init ] --START--
INFO: Run Behavior\BuildLiteBehavior [ RunTime:0.000016s ]
INFO: [ app_init ] --END-- [ RunTime:0.000061s ]
INFO: [ app_begin ] --START--
INFO: Run Behavior\ReadHtmlCacheBehavior [ RunTime:0.000034s ]
INFO: [ app_begin ] --END-- [ RunTime:0.000056s ]
NOTIC: [8] Undefined offset: 1 /www/web/order/Application/Home/Controller/GlobalController.class.php 第 253 行.
SQL: SHOW COLUMNS FROM `user` [ RunTime:0.0005s ]
SQL: SELECT * FROM `user` WHERE ( openid='oK3GO0w5CQDqzr5KUOS-0Z2kYNKE' )  [ RunTime:0.0002s ]
NOTIC: [2] file_put_contents(a.log): failed to open stream: Permission denied /www/web/order/Application/Home/Controller/GlobalController.class.php 第 133 行.
NOTIC: [2] file_put_contents(a.log): failed to open stream: Permission denied /www/web/order/Application/Home/Controller/GlobalController.class.php 第 135 行.
NOTIC: [2] file_put_contents(./token_2017_11_30.json): failed to open stream: Permission denied /www/web/order/ThinkPHP/Library/Com/WechatAuth.class.php 第 132 行.
NOTIC: [2] file_put_contents(./error.json): failed to open stream: Permission denied /www/web/order/Application/Home/Controller/GlobalController.class.php 第 73 行.

[ 2017-11-30T10:19:28+08:00 ] 61.160.224.136 /index.php?signature=255559f8be2adf369252c921435345c2112f271b&timestamp=1512008368&nonce=2111298569&openid=oK3GO0w5CQDqzr5KUOS-0Z2kYNKE&encrypt_type=aes&msg_signature=3d6500b56fe2dacc38cfd780b3de2d917f918e6d
INFO: [ app_init ] --START--
INFO: Run Behavior\BuildLiteBehavior [ RunTime:0.000013s ]
INFO: [ app_init ] --END-- [ RunTime:0.000049s ]
INFO: [ app_begin ] --START--
INFO: Run Behavior\ReadHtmlCacheBehavior [ RunTime:0.000025s ]
INFO: [ app_begin ] --END-- [ RunTime:0.000047s ]
NOTIC: [8] Undefined offset: 1 /www/web/order/Application/Home/Controller/GlobalController.class.php 第 253 行.
NOTIC: [8] Use of undefined constant self - assumed 'self' /www/web/order/ThinkPHP/Library/Com/Wechat.class.php 第 156 行.

[ 2017-11-30T10:19:30+08:00 ] 61.160.224.136 /index.php/task/sendtask.html?code=061Ax8Hx0R35pj1XfJHx0ypjHx0Ax8H8&state=h5_1461051704
INFO: [ app_init ] --START--
INFO: Run Behavior\BuildLiteBehavior [ RunTime:0.000012s ]
INFO: [ app_init ] --END-- [ RunTime:0.000063s ]
INFO: [ app_begin ] --START--
INFO: Run Behavior\ReadHtmlCacheBehavior [ RunTime:0.000029s ]
INFO: [ app_begin ] --END-- [ RunTime:0.000050s ]
NOTIC: [2048] Declaration of Home\Controller\TaskController::getcityinfo() should be compatible with Home\Controller\GlobalController::getCityInfo($provinceId) /www/web/order/Application/Home/Controller/TaskController.class.php 第 4 行.
SQL: SHOW COLUMNS FROM `company` [ RunTime:0.0004s ]
SQL: SELECT * FROM `company` WHERE ( status=1 )  [ RunTime:0.0001s ]
SQL: SHOW COLUMNS FROM `jobtype` [ RunTime:0.0003s ]
SQL: SELECT * FROM `jobtype` WHERE ( status=1 )  [ RunTime:0.0001s ]
INFO: [ view_parse ] --START--
INFO: [ template_filter ] --START--
INFO: Run Behavior\ContentReplaceBehavior [ RunTime:0.000034s ]
INFO: [ template_filter ] --END-- [ RunTime:0.000059s ]
INFO: Run Behavior\ParseTemplateBehavior [ RunTime:0.001346s ]
INFO: [ view_parse ] --END-- [ RunTime:0.001374s ]
INFO: [ view_filter ] --START--
INFO: Run Behavior\WriteHtmlCacheBehavior [ RunTime:0.000032s ]
INFO: [ view_filter ] --END-- [ RunTime:0.000049s ]

[ 2017-11-30T10:19:30+08:00 ] 61.160.224.140 /
INFO: [ app_init ] --START--
INFO: Run Behavior\BuildLiteBehavior [ RunTime:0.000009s ]
INFO: [ app_init ] --END-- [ RunTime:0.000038s ]
INFO: [ app_begin ] --START--
INFO: Run Behavior\ReadHtmlCacheBehavior [ RunTime:0.000026s ]
INFO: [ app_begin ] --END-- [ RunTime:0.000047s ]
NOTIC: [8] Undefined offset: 1 /www/web/order/Application/Home/Controller/GlobalController.class.php 第 253 行.
NOTIC: [8] Undefined index: timestamp /www/web/order/ThinkPHP/Library/Com/Wechat.class.php 第 299 行.
NOTIC: [8] Undefined index: nonce /www/web/order/ThinkPHP/Library/Com/Wechat.class.php 第 299 行.
NOTIC: [8] Undefined index: signature /www/web/order/ThinkPHP/Library/Com/Wechat.class.php 第 300 行.

[ 2017-11-30T10:19:32+08:00 ] 61.160.224.136 /task/index.html
INFO: [ app_init ] --START--
INFO: Run Behavior\BuildLiteBehavior [ RunTime:0.000010s ]
INFO: [ app_init ] --END-- [ RunTime:0.000057s ]
INFO: [ app_begin ] --START--
INFO: Run Behavior\ReadHtmlCacheBehavior [ RunTime:0.000028s ]
INFO: [ app_begin ] --END-- [ RunTime:0.000048s ]
NOTIC: [2048] Declaration of Home\Controller\TaskController::getcityinfo() should be compatible with Home\Controller\GlobalController::getCityInfo($provinceId) /www/web/order/Application/Home/Controller/TaskController.class.php 第 4 行.
SQL: SHOW COLUMNS FROM `company` [ RunTime:0.0004s ]
SQL: SELECT * FROM `company` WHERE ( status=1 )  [ RunTime:0.0001s ]
SQL: SHOW COLUMNS FROM `jobtype` [ RunTime:0.0002s ]
SQL: SELECT * FROM `jobtype` WHERE ( status=1 )  [ RunTime:0.0000s ]

[ 2017-11-30T10:19:42+08:00 ] 61.160.224.140 /task/index.html
INFO: [ app_init ] --START--
INFO: Run Behavior\BuildLiteBehavior [ RunTime:0.000011s ]
INFO: [ app_init ] --END-- [ RunTime:0.000044s ]
INFO: [ app_begin ] --START--
INFO: Run Behavior\ReadHtmlCacheBehavior [ RunTime:0.000027s ]
INFO: [ app_begin ] --END-- [ RunTime:0.000050s ]
NOTIC: [2048] Declaration of Home\Controller\TaskController::getcityinfo() should be compatible with Home\Controller\GlobalController::getCityInfo($provinceId) /www/web/order/Application/Home/Controller/TaskController.class.php 第 4 行.
SQL: SHOW COLUMNS FROM `company` [ RunTime:0.0004s ]
SQL: SELECT * FROM `company` WHERE ( status=1 )  [ RunTime:0.0001s ]
SQL: SHOW COLUMNS FROM `jobtype` [ RunTime:0.0003s ]
SQL: SELECT * FROM `jobtype` WHERE ( status=1 )  [ RunTime:0.0001s ]

[ 2017-11-30T10:19:58+08:00 ] 140.207.54.80 /index.php?signature=c0fc84cf20583df176fe4346469a5c6922012131&timestamp=1512008398&nonce=161391627&openid=oK3GO00JMjGwJsc-iDkOOyfoqx74&encrypt_type=aes&msg_signature=40705fa175833535a38648da92869def5fae516e
INFO: [ app_init ] --START--
INFO: Run Behavior\BuildLiteBehavior [ RunTime:0.000010s ]
INFO: [ app_init ] --END-- [ RunTime:0.000044s ]
INFO: [ app_begin ] --START--
INFO: Run Behavior\ReadHtmlCacheBehavior [ RunTime:0.000020s ]
INFO: [ app_begin ] --END-- [ RunTime:0.000040s ]
NOTIC: [8] Undefined offset: 1 /www/web/order/Application/Home/Controller/GlobalController.class.php 第 253 行.
SQL: SHOW COLUMNS FROM `user` [ RunTime:0.0005s ]
SQL: SELECT * FROM `user` WHERE ( openid='oK3GO00JMjGwJsc-iDkOOyfoqx74' )  [ RunTime:0.0002s ]
NOTIC: [2] file_put_contents(a.log): failed to open stream: Permission denied /www/web/order/Application/Home/Controller/GlobalController.class.php 第 133 行.
NOTIC: [2] file_put_contents(a.log): failed to open stream: Permission denied /www/web/order/Application/Home/Controller/GlobalController.class.php 第 135 行.
NOTIC: [2] file_put_contents(./token_2017_11_30.json): failed to open stream: Permission denied /www/web/order/ThinkPHP/Library/Com/WechatAuth.class.php 第 132 行.
NOTIC: [2] file_put_contents(./error.json): failed to open stream: Permission denied /www/web/order/Application/Home/Controller/GlobalController.class.php 第 73 行.

[ 2017-11-30T10:19:59+08:00 ] 61.160.224.136 /index.php?signature=2eb949cf62488f933d8a8d52146502a7f021b96a&timestamp=1512008399&nonce=233720057&openid=oK3GO0w5CQDqzr5KUOS-0Z2kYNKE&encrypt_type=aes&msg_signature=c9624536876c90a64de0c6acc7aba0ca1762d23f
INFO: [ app_init ] --START--
INFO: Run Behavior\BuildLiteBehavior [ RunTime:0.000009s ]
INFO: [ app_init ] --END-- [ RunTime:0.000051s ]
INFO: [ app_begin ] --START--
INFO: Run Behavior\ReadHtmlCacheBehavior [ RunTime:0.000020s ]
INFO: [ app_begin ] --END-- [ RunTime:0.000040s ]
NOTIC: [8] Undefined offset: 1 /www/web/order/Application/Home/Controller/GlobalController.class.php 第 253 行.
NOTIC: [8] Use of undefined constant self - assumed 'self' /www/web/order/ThinkPHP/Library/Com/Wechat.class.php 第 156 行.

[ 2017-11-30T10:20:00+08:00 ] 61.160.224.136 /index.php/task/sendtask.html?code=001vM5pk0KFobo1QY4ok0PPnpk0vM5pU&state=h5_1461051704
INFO: [ app_init ] --START--
INFO: Run Behavior\BuildLiteBehavior [ RunTime:0.000010s ]
INFO: [ app_init ] --END-- [ RunTime:0.000047s ]
INFO: [ app_begin ] --START--
INFO: Run Behavior\ReadHtmlCacheBehavior [ RunTime:0.000027s ]
INFO: [ app_begin ] --END-- [ RunTime:0.000049s ]
NOTIC: [2048] Declaration of Home\Controller\TaskController::getcityinfo() should be compatible with Home\Controller\GlobalController::getCityInfo($provinceId) /www/web/order/Application/Home/Controller/TaskController.class.php 第 4 行.
SQL: SHOW COLUMNS FROM `company` [ RunTime:0.0004s ]
SQL: SELECT * FROM `company` WHERE ( status=1 )  [ RunTime:0.0001s ]
SQL: SHOW COLUMNS FROM `jobtype` [ RunTime:0.0003s ]
SQL: SELECT * FROM `jobtype` WHERE ( status=1 )  [ RunTime:0.0001s ]
INFO: [ view_parse ] --START--
INFO: [ template_filter ] --START--
INFO: Run Behavior\ContentReplaceBehavior [ RunTime:0.000024s ]
INFO: [ template_filter ] --END-- [ RunTime:0.000059s ]
INFO: Run Behavior\ParseTemplateBehavior [ RunTime:0.001369s ]
INFO: [ view_parse ] --END-- [ RunTime:0.001398s ]
INFO: [ view_filter ] --START--
INFO: Run Behavior\WriteHtmlCacheBehavior [ RunTime:0.000026s ]
INFO: [ view_filter ] --END-- [ RunTime:0.000043s ]

[ 2017-11-30T10:20:01+08:00 ] 61.160.224.136 /index.php?signature=5df7dc1e5b4fe57abe7a474e7a68016499269df9&timestamp=1512008401&nonce=1970778284&openid=oK3GO00JMjGwJsc-iDkOOyfoqx74&encrypt_type=aes&msg_signature=3dfce686b116e4971e3280a2838fd5eca39c472c
INFO: [ app_init ] --START--
INFO: Run Behavior\BuildLiteBehavior [ RunTime:0.000010s ]
INFO: [ app_init ] --END-- [ RunTime:0.000054s ]
INFO: [ app_begin ] --START--
INFO: Run Behavior\ReadHtmlCacheBehavior [ RunTime:0.000021s ]
INFO: [ app_begin ] --END-- [ RunTime:0.000042s ]
NOTIC: [8] Undefined offset: 1 /www/web/order/Application/Home/Controller/GlobalController.class.php 第 253 行.
NOTIC: [8] Use of undefined constant self - assumed 'self' /www/web/order/ThinkPHP/Library/Com/Wechat.class.php 第 156 行.

[ 2017-11-30T10:20:02+08:00 ] 61.160.224.136 /index.php/task/sendtask.html?code=021RgbAg1kEBnz0jMSBg11fvAg1RgbAj&state=h5_1461051704
INFO: [ app_init ] --START--
INFO: Run Behavior\BuildLiteBehavior [ RunTime:0.000008s ]
INFO: [ app_init ] --END-- [ RunTime:0.000042s ]
INFO: [ app_begin ] --START--
INFO: Run Behavior\ReadHtmlCacheBehavior [ RunTime:0.000023s ]
INFO: [ app_begin ] --END-- [ RunTime:0.000042s ]
NOTIC: [2048] Declaration of Home\Controller\TaskController::getcityinfo() should be compatible with Home\Controller\GlobalController::getCityInfo($provinceId) /www/web/order/Application/Home/Controller/TaskController.class.php 第 4 行.
SQL: SHOW COLUMNS FROM `company` [ RunTime:0.0004s ]
SQL: SELECT * FROM `company` WHERE ( status=1 )  [ RunTime:0.0001s ]
SQL: SHOW COLUMNS FROM `jobtype` [ RunTime:0.0002s ]
SQL: SELECT * FROM `jobtype` WHERE ( status=1 )  [ RunTime:0.0001s ]
INFO: [ view_parse ] --START--
INFO: [ template_filter ] --START--
INFO: Run Behavior\ContentReplaceBehavior [ RunTime:0.000023s ]
INFO: [ template_filter ] --END-- [ RunTime:0.000047s ]
INFO: Run Behavior\ParseTemplateBehavior [ RunTime:0.001272s ]
INFO: [ view_parse ] --END-- [ RunTime:0.001298s ]
INFO: [ view_filter ] --START--
INFO: Run Behavior\WriteHtmlCacheBehavior [ RunTime:0.000035s ]
INFO: [ view_filter ] --END-- [ RunTime:0.000051s ]

[ 2017-11-30T10:20:02+08:00 ] 61.160.224.136 /task/index.html
INFO: [ app_init ] --START--
INFO: Run Behavior\BuildLiteBehavior [ RunTime:0.000011s ]
INFO: [ app_init ] --END-- [ RunTime:0.000045s ]
INFO: [ app_begin ] --START--
INFO: Run Behavior\ReadHtmlCacheBehavior [ RunTime:0.000027s ]
INFO: [ app_begin ] --END-- [ RunTime:0.000049s ]
NOTIC: [2048] Declaration of Home\Controller\TaskController::getcityinfo() should be compatible with Home\Controller\GlobalController::getCityInfo($provinceId) /www/web/order/Application/Home/Controller/TaskController.class.php 第 4 行.
SQL: SHOW COLUMNS FROM `company` [ RunTime:0.0005s ]
SQL: SELECT * FROM `company` WHERE ( status=1 )  [ RunTime:0.0001s ]
SQL: SHOW COLUMNS FROM `jobtype` [ RunTime:0.0003s ]
SQL: SELECT * FROM `jobtype` WHERE ( status=1 )  [ RunTime:0.0001s ]

[ 2017-11-30T10:20:02+08:00 ] 61.160.224.145 /favicon.ico
INFO: [ app_init ] --START--
INFO: Run Behavior\BuildLiteBehavior [ RunTime:0.000010s ]
INFO: [ app_init ] --END-- [ RunTime:0.000040s ]

[ 2017-11-30T10:20:04+08:00 ] 61.160.224.136 /task/index.html
INFO: [ app_init ] --START--
INFO: Run Behavior\BuildLiteBehavior [ RunTime:0.000011s ]
INFO: [ app_init ] --END-- [ RunTime:0.000053s ]
INFO: [ app_begin ] --START--
INFO: Run Behavior\ReadHtmlCacheBehavior [ RunTime:0.000027s ]
INFO: [ app_begin ] --END-- [ RunTime:0.000049s ]
NOTIC: [2048] Declaration of Home\Controller\TaskController::getcityinfo() should be compatible with Home\Controller\GlobalController::getCityInfo($provinceId) /www/web/order/Application/Home/Controller/TaskController.class.php 第 4 行.
SQL: SHOW COLUMNS FROM `company` [ RunTime:0.0004s ]
SQL: SELECT * FROM `company` WHERE ( status=1 )  [ RunTime:0.0001s ]
SQL: SHOW COLUMNS FROM `jobtype` [ RunTime:0.0003s ]
SQL: SELECT * FROM `jobtype` WHERE ( status=1 )  [ RunTime:0.0001s ]

[ 2017-11-30T10:20:05+08:00 ] 61.160.224.141 /index.php?signature=930fc43dca5e67676e9abe844d2a994b5bfd7ab3&timestamp=1512008405&nonce=1361417499&openid=oK3GO0w5CQDqzr5KUOS-0Z2kYNKE&encrypt_type=aes&msg_signature=bd5431c5458650dfffca22d7fa58f9dd7b1b1bc8
INFO: [ app_init ] --START--
INFO: Run Behavior\BuildLiteBehavior [ RunTime:0.000009s ]
INFO: [ app_init ] --END-- [ RunTime:0.000053s ]
INFO: [ app_begin ] --START--
INFO: Run Behavior\ReadHtmlCacheBehavior [ RunTime:0.000025s ]
INFO: [ app_begin ] --END-- [ RunTime:0.000046s ]
NOTIC: [8] Undefined offset: 1 /www/web/order/Application/Home/Controller/GlobalController.class.php 第 253 行.
NOTIC: [8] Use of undefined constant self - assumed 'self' /www/web/order/ThinkPHP/Library/Com/Wechat.class.php 第 156 行.

[ 2017-11-30T10:20:06+08:00 ] 61.160.224.136 /index.php/task/sendtask.html?code=071whS830BFeTC1IKW930gD6930whS8j&state=h5_1461051704
INFO: [ app_init ] --START--
INFO: Run Behavior\BuildLiteBehavior [ RunTime:0.000011s ]
INFO: [ app_init ] --END-- [ RunTime:0.000059s ]
INFO: [ app_begin ] --START--
INFO: Run Behavior\ReadHtmlCacheBehavior [ RunTime:0.000026s ]
INFO: [ app_begin ] --END-- [ RunTime:0.000047s ]
NOTIC: [2048] Declaration of Home\Controller\TaskController::getcityinfo() should be compatible with Home\Controller\GlobalController::getCityInfo($provinceId) /www/web/order/Application/Home/Controller/TaskController.class.php 第 4 行.
SQL: SHOW COLUMNS FROM `company` [ RunTime:0.0004s ]
SQL: SELECT * FROM `company` WHERE ( status=1 )  [ RunTime:0.0001s ]
SQL: SHOW COLUMNS FROM `jobtype` [ RunTime:0.0002s ]
SQL: SELECT * FROM `jobtype` WHERE ( status=1 )  [ RunTime:0.0000s ]
INFO: [ view_parse ] --START--
INFO: [ template_filter ] --START--
INFO: Run Behavior\ContentReplaceBehavior [ RunTime:0.000022s ]
INFO: [ template_filter ] --END-- [ RunTime:0.000047s ]
INFO: Run Behavior\ParseTemplateBehavior [ RunTime:0.001255s ]
INFO: [ view_parse ] --END-- [ RunTime:0.001293s ]
INFO: [ view_filter ] --START--
INFO: Run Behavior\WriteHtmlCacheBehavior [ RunTime:0.000025s ]
INFO: [ view_filter ] --END-- [ RunTime:0.000041s ]

[ 2017-11-30T10:20:08+08:00 ] 61.160.224.136 /task/index.html
INFO: [ app_init ] --START--
INFO: Run Behavior\BuildLiteBehavior [ RunTime:0.000009s ]
INFO: [ app_init ] --END-- [ RunTime:0.000043s ]
INFO: [ app_begin ] --START--
INFO: Run Behavior\ReadHtmlCacheBehavior [ RunTime:0.000023s ]
INFO: [ app_begin ] --END-- [ RunTime:0.000045s ]
NOTIC: [2048] Declaration of Home\Controller\TaskController::getcityinfo() should be compatible with Home\Controller\GlobalController::getCityInfo($provinceId) /www/web/order/Application/Home/Controller/TaskController.class.php 第 4 行.
SQL: SHOW COLUMNS FROM `company` [ RunTime:0.0005s ]
SQL: SELECT * FROM `company` WHERE ( status=1 )  [ RunTime:0.0001s ]
SQL: SHOW COLUMNS FROM `jobtype` [ RunTime:0.0003s ]
SQL: SELECT * FROM `jobtype` WHERE ( status=1 )  [ RunTime:0.0001s ]

[ 2017-11-30T10:20:12+08:00 ] 61.160.224.141 /index.php?signature=c5eaaed948d1f1154671665d9c9aa7e53457acd9&timestamp=1512008412&nonce=1808085263&openid=oK3GO00JMjGwJsc-iDkOOyfoqx74&encrypt_type=aes&msg_signature=320094c31c5d0766eb7e3e2b1d09507c5d0217cf
INFO: [ app_init ] --START--
INFO: Run Behavior\BuildLiteBehavior [ RunTime:0.000010s ]
INFO: [ app_init ] --END-- [ RunTime:0.000042s ]
INFO: [ app_begin ] --START--
INFO: Run Behavior\ReadHtmlCacheBehavior [ RunTime:0.000023s ]
INFO: [ app_begin ] --END-- [ RunTime:0.000043s ]
NOTIC: [8] Undefined offset: 1 /www/web/order/Application/Home/Controller/GlobalController.class.php 第 253 行.
NOTIC: [8] Use of undefined constant self - assumed 'self' /www/web/order/ThinkPHP/Library/Com/Wechat.class.php 第 156 行.

[ 2017-11-30T10:20:12+08:00 ] 61.160.224.136 /index.php/task/sendtask.html?code=061Al7LW0IX5dW10ARNW0fA7LW0Al7L7&state=h5_1461051704
INFO: [ app_init ] --START--
INFO: Run Behavior\BuildLiteBehavior [ RunTime:0.000008s ]
INFO: [ app_init ] --END-- [ RunTime:0.000040s ]
INFO: [ app_begin ] --START--
INFO: Run Behavior\ReadHtmlCacheBehavior [ RunTime:0.000022s ]
INFO: [ app_begin ] --END-- [ RunTime:0.000042s ]
NOTIC: [2048] Declaration of Home\Controller\TaskController::getcityinfo() should be compatible with Home\Controller\GlobalController::getCityInfo($provinceId) /www/web/order/Application/Home/Controller/TaskController.class.php 第 4 行.
SQL: SHOW COLUMNS FROM `company` [ RunTime:0.0004s ]
SQL: SELECT * FROM `company` WHERE ( status=1 )  [ RunTime:0.0001s ]
SQL: SHOW COLUMNS FROM `jobtype` [ RunTime:0.0003s ]
SQL: SELECT * FROM `jobtype` WHERE ( status=1 )  [ RunTime:0.0001s ]
INFO: [ view_parse ] --START--
INFO: [ template_filter ] --START--
INFO: Run Behavior\ContentReplaceBehavior [ RunTime:0.000023s ]
INFO: [ template_filter ] --END-- [ RunTime:0.000047s ]
INFO: Run Behavior\ParseTemplateBehavior [ RunTime:0.001328s ]
INFO: [ view_parse ] --END-- [ RunTime:0.001356s ]
INFO: [ view_filter ] --START--
INFO: Run Behavior\WriteHtmlCacheBehavior [ RunTime:0.000026s ]
INFO: [ view_filter ] --END-- [ RunTime:0.000041s ]

[ 2017-11-30T10:35:28+08:00 ] 61.160.224.141 /index.php?signature=df31f1d39149dfdf843cb48f0539db1f49642f19&timestamp=1512009328&nonce=841100115&openid=oK3GO0w5CQDqzr5KUOS-0Z2kYNKE&encrypt_type=aes&msg_signature=ed0c968d5e4a28c7ad2e66e964ae1006866251dd
INFO: [ app_init ] --START--
INFO: Run Behavior\BuildLiteBehavior [ RunTime:0.000009s ]
INFO: [ app_init ] --END-- [ RunTime:0.000043s ]
INFO: [ app_begin ] --START--
INFO: Run Behavior\ReadHtmlCacheBehavior [ RunTime:0.000037s ]
INFO: [ app_begin ] --END-- [ RunTime:0.000057s ]
NOTIC: [8] Undefined offset: 1 /www/web/order/Application/Home/Controller/GlobalController.class.php 第 253 行.
NOTIC: [8] Use of undefined constant self - assumed 'self' /www/web/order/ThinkPHP/Library/Com/Wechat.class.php 第 156 行.

[ 2017-11-30T10:35:29+08:00 ] 123.151.77.123 /index.php/task/sendtask.html?code=001391iZ1jF7VZ0kuFkZ1kEbiZ1391i7&state=h5_1461051704
INFO: [ app_init ] --START--
INFO: Run Behavior\BuildLiteBehavior [ RunTime:0.000008s ]
INFO: [ app_init ] --END-- [ RunTime:0.000043s ]
INFO: [ app_begin ] --START--
INFO: Run Behavior\ReadHtmlCacheBehavior [ RunTime:0.000022s ]
INFO: [ app_begin ] --END-- [ RunTime:0.000054s ]
NOTIC: [2048] Declaration of Home\Controller\TaskController::getcityinfo() should be compatible with Home\Controller\GlobalController::getCityInfo($provinceId) /www/web/order/Application/Home/Controller/TaskController.class.php 第 4 行.
SQL: SHOW COLUMNS FROM `company` [ RunTime:0.0005s ]
SQL: SELECT * FROM `company` WHERE ( status=1 )  [ RunTime:0.0001s ]
SQL: SHOW COLUMNS FROM `jobtype` [ RunTime:0.0003s ]
SQL: SELECT * FROM `jobtype` WHERE ( status=1 )  [ RunTime:0.0001s ]
INFO: [ view_parse ] --START--
INFO: [ template_filter ] --START--
INFO: Run Behavior\ContentReplaceBehavior [ RunTime:0.000025s ]
INFO: [ template_filter ] --END-- [ RunTime:0.000051s ]
INFO: Run Behavior\ParseTemplateBehavior [ RunTime:0.001437s ]
INFO: [ view_parse ] --END-- [ RunTime:0.001465s ]
INFO: [ view_filter ] --START--
INFO: Run Behavior\WriteHtmlCacheBehavior [ RunTime:0.000031s ]
INFO: [ view_filter ] --END-- [ RunTime:0.000048s ]

[ 2017-11-30T10:35:31+08:00 ] 123.151.77.123 /task/index.html
INFO: [ app_init ] --START--
INFO: Run Behavior\BuildLiteBehavior [ RunTime:0.000009s ]
INFO: [ app_init ] --END-- [ RunTime:0.000044s ]
INFO: [ app_begin ] --START--
INFO: Run Behavior\ReadHtmlCacheBehavior [ RunTime:0.000021s ]
INFO: [ app_begin ] --END-- [ RunTime:0.000042s ]
NOTIC: [2048] Declaration of Home\Controller\TaskController::getcityinfo() should be compatible with Home\Controller\GlobalController::getCityInfo($provinceId) /www/web/order/Application/Home/Controller/TaskController.class.php 第 4 行.
SQL: SHOW COLUMNS FROM `company` [ RunTime:0.0004s ]
SQL: SELECT * FROM `company` WHERE ( status=1 )  [ RunTime:0.0001s ]
SQL: SHOW COLUMNS FROM `jobtype` [ RunTime:0.0003s ]
SQL: SELECT * FROM `jobtype` WHERE ( status=1 )  [ RunTime:0.0001s ]

[ 2017-11-30T11:13:37+08:00 ] 140.207.54.75 /index.php?signature=166b32698aeb152198ba90a914c978e78fc0d5b2&timestamp=1512011617&nonce=1879606691&openid=oK3GO0zVHkbaJVR6z2uOXVNKyf9A&encrypt_type=aes&msg_signature=3727698516790d8a1e039b068c833b6c90d16dd5
INFO: [ app_init ] --START--
INFO: Run Behavior\BuildLiteBehavior [ RunTime:0.000010s ]
INFO: [ app_init ] --END-- [ RunTime:0.000046s ]
INFO: [ app_begin ] --START--
INFO: Run Behavior\ReadHtmlCacheBehavior [ RunTime:0.000027s ]
INFO: [ app_begin ] --END-- [ RunTime:0.000048s ]
NOTIC: [8] Undefined offset: 1 /www/web/order/Application/Home/Controller/GlobalController.class.php 第 253 行.
SQL: SHOW COLUMNS FROM `user` [ RunTime:0.0005s ]
SQL: SELECT * FROM `user` WHERE ( openid='oK3GO0zVHkbaJVR6z2uOXVNKyf9A' )  [ RunTime:0.0002s ]
NOTIC: [2] file_put_contents(a.log): failed to open stream: Permission denied /www/web/order/Application/Home/Controller/GlobalController.class.php 第 133 行.
NOTIC: [2] file_put_contents(a.log): failed to open stream: Permission denied /www/web/order/Application/Home/Controller/GlobalController.class.php 第 135 行.
NOTIC: [2] file_put_contents(./token_2017_11_30.json): failed to open stream: Permission denied /www/web/order/ThinkPHP/Library/Com/WechatAuth.class.php 第 132 行.
NOTIC: [2] file_put_contents(./error.json): failed to open stream: Permission denied /www/web/order/Application/Home/Controller/GlobalController.class.php 第 73 行.

[ 2017-11-30T14:00:37+08:00 ] 61.160.224.135 /index.php?signature=325731fcb97e0a2e2b21053fbc390e71df26d66f&timestamp=1512021636&nonce=548205215&openid=oK3GO0zVHkbaJVR6z2uOXVNKyf9A&encrypt_type=aes&msg_signature=0581f8847a1c4d7acac837c1db6953531673d3eb
INFO: [ app_init ] --START--
INFO: Run Behavior\BuildLiteBehavior [ RunTime:0.000009s ]
INFO: [ app_init ] --END-- [ RunTime:0.000045s ]
INFO: [ app_begin ] --START--
INFO: Run Behavior\ReadHtmlCacheBehavior [ RunTime:0.000034s ]
INFO: [ app_begin ] --END-- [ RunTime:0.000057s ]
NOTIC: [8] Undefined offset: 1 /www/web/order/Application/Home/Controller/GlobalController.class.php 第 253 行.
NOTIC: [8] Use of undefined constant self - assumed 'self' /www/web/order/ThinkPHP/Library/Com/Wechat.class.php 第 156 行.

[ 2017-11-30T14:00:38+08:00 ] 183.3.227.100 /index.php/task/sendtask.html?code=08127Hi02NWIT01Yq4i02BJRi0227Hid&state=h5_1461051704
INFO: [ app_init ] --START--
INFO: Run Behavior\BuildLiteBehavior [ RunTime:0.000010s ]
INFO: [ app_init ] --END-- [ RunTime:0.000045s ]
INFO: [ app_begin ] --START--
INFO: Run Behavior\ReadHtmlCacheBehavior [ RunTime:0.000022s ]
INFO: [ app_begin ] --END-- [ RunTime:0.000043s ]
NOTIC: [2048] Declaration of Home\Controller\TaskController::getcityinfo() should be compatible with Home\Controller\GlobalController::getCityInfo($provinceId) /www/web/order/Application/Home/Controller/TaskController.class.php 第 4 行.
SQL: SHOW COLUMNS FROM `company` [ RunTime:0.0004s ]
SQL: SELECT * FROM `company` WHERE ( status=1 )  [ RunTime:0.0001s ]
SQL: SHOW COLUMNS FROM `jobtype` [ RunTime:0.0003s ]
SQL: SELECT * FROM `jobtype` WHERE ( status=1 )  [ RunTime:0.0001s ]
INFO: [ view_parse ] --START--
INFO: [ template_filter ] --START--
INFO: Run Behavior\ContentReplaceBehavior [ RunTime:0.000024s ]
INFO: [ template_filter ] --END-- [ RunTime:0.000052s ]
INFO: Run Behavior\ParseTemplateBehavior [ RunTime:0.001471s ]
INFO: [ view_parse ] --END-- [ RunTime:0.001501s ]
INFO: [ view_filter ] --START--
INFO: Run Behavior\WriteHtmlCacheBehavior [ RunTime:0.000033s ]
INFO: [ view_filter ] --END-- [ RunTime:0.000051s ]

[ 2017-11-30T14:00:42+08:00 ] 183.3.227.100 /task/index.html
INFO: [ app_init ] --START--
INFO: Run Behavior\BuildLiteBehavior [ RunTime:0.000010s ]
INFO: [ app_init ] --END-- [ RunTime:0.000047s ]
INFO: [ app_begin ] --START--
INFO: Run Behavior\ReadHtmlCacheBehavior [ RunTime:0.000028s ]
INFO: [ app_begin ] --END-- [ RunTime:0.000052s ]
NOTIC: [2048] Declaration of Home\Controller\TaskController::getcityinfo() should be compatible with Home\Controller\GlobalController::getCityInfo($provinceId) /www/web/order/Application/Home/Controller/TaskController.class.php 第 4 行.
SQL: SHOW COLUMNS FROM `company` [ RunTime:0.0005s ]
SQL: SELECT * FROM `company` WHERE ( status=1 )  [ RunTime:0.0001s ]
SQL: SHOW COLUMNS FROM `jobtype` [ RunTime:0.0015s ]
SQL: SELECT * FROM `jobtype` WHERE ( status=1 )  [ RunTime:0.0001s ]

[ 2017-11-30T14:00:46+08:00 ] 140.207.54.76 /index.php?signature=81ef52d11f04f797179dbf93ff3fe450aee00a76&timestamp=1512021646&nonce=1467544845&openid=oK3GO0zVHkbaJVR6z2uOXVNKyf9A&encrypt_type=aes&msg_signature=b7fd02defe4ddeda27aafae2a01b850d24a5fd3c
INFO: [ app_init ] --START--
INFO: Run Behavior\BuildLiteBehavior [ RunTime:0.000014s ]
INFO: [ app_init ] --END-- [ RunTime:0.000057s ]
INFO: [ app_begin ] --START--
INFO: Run Behavior\ReadHtmlCacheBehavior [ RunTime:0.000023s ]
INFO: [ app_begin ] --END-- [ RunTime:0.000044s ]
NOTIC: [8] Undefined offset: 1 /www/web/order/Application/Home/Controller/GlobalController.class.php 第 253 行.
NOTIC: [8] Use of undefined constant self - assumed 'self' /www/web/order/ThinkPHP/Library/Com/Wechat.class.php 第 156 行.

[ 2017-11-30T14:00:47+08:00 ] 183.3.227.100 /index.php/task/sendtask.html?code=001gbOBo1VGYmp0F48Bo1iGrBo1gbOBl&state=h5_1461051704
INFO: [ app_init ] --START--
INFO: Run Behavior\BuildLiteBehavior [ RunTime:0.000009s ]
INFO: [ app_init ] --END-- [ RunTime:0.000045s ]
INFO: [ app_begin ] --START--
INFO: Run Behavior\ReadHtmlCacheBehavior [ RunTime:0.000022s ]
INFO: [ app_begin ] --END-- [ RunTime:0.000044s ]
NOTIC: [2048] Declaration of Home\Controller\TaskController::getcityinfo() should be compatible with Home\Controller\GlobalController::getCityInfo($provinceId) /www/web/order/Application/Home/Controller/TaskController.class.php 第 4 行.
SQL: SHOW COLUMNS FROM `company` [ RunTime:0.0005s ]
SQL: SELECT * FROM `company` WHERE ( status=1 )  [ RunTime:0.0001s ]
SQL: SHOW COLUMNS FROM `jobtype` [ RunTime:0.0010s ]
SQL: SELECT * FROM `jobtype` WHERE ( status=1 )  [ RunTime:0.0001s ]
INFO: [ view_parse ] --START--
INFO: [ template_filter ] --START--
INFO: Run Behavior\ContentReplaceBehavior [ RunTime:0.000023s ]
INFO: [ template_filter ] --END-- [ RunTime:0.000050s ]
INFO: Run Behavior\ParseTemplateBehavior [ RunTime:0.001191s ]
INFO: [ view_parse ] --END-- [ RunTime:0.001218s ]
INFO: [ view_filter ] --START--
INFO: Run Behavior\WriteHtmlCacheBehavior [ RunTime:0.000027s ]
INFO: [ view_filter ] --END-- [ RunTime:0.000051s ]

[ 2017-11-30T14:00:49+08:00 ] 183.3.227.100 /task/index.html
INFO: [ app_init ] --START--
INFO: Run Behavior\BuildLiteBehavior [ RunTime:0.000011s ]
INFO: [ app_init ] --END-- [ RunTime:0.000049s ]
INFO: [ app_begin ] --START--
INFO: Run Behavior\ReadHtmlCacheBehavior [ RunTime:0.000030s ]
INFO: [ app_begin ] --END-- [ RunTime:0.000054s ]
NOTIC: [2048] Declaration of Home\Controller\TaskController::getcityinfo() should be compatible with Home\Controller\GlobalController::getCityInfo($provinceId) /www/web/order/Application/Home/Controller/TaskController.class.php 第 4 行.
SQL: SHOW COLUMNS FROM `company` [ RunTime:0.0004s ]
SQL: SELECT * FROM `company` WHERE ( status=1 )  [ RunTime:0.0001s ]
SQL: SHOW COLUMNS FROM `jobtype` [ RunTime:0.0003s ]
SQL: SELECT * FROM `jobtype` WHERE ( status=1 )  [ RunTime:0.0001s ]

[ 2017-11-30T14:00:57+08:00 ] 140.207.54.75 /index.php?signature=ae2794f6226c8cecadd83388856e8150f1a8e9db&timestamp=1512021657&nonce=2075266378&openid=oK3GO0zVHkbaJVR6z2uOXVNKyf9A&encrypt_type=aes&msg_signature=4e972ed2fb06c68bc193627ec19468906106e497
INFO: [ app_init ] --START--
INFO: Run Behavior\BuildLiteBehavior [ RunTime:0.000010s ]
INFO: [ app_init ] --END-- [ RunTime:0.000046s ]
INFO: [ app_begin ] --START--
INFO: Run Behavior\ReadHtmlCacheBehavior [ RunTime:0.000020s ]
INFO: [ app_begin ] --END-- [ RunTime:0.000040s ]
NOTIC: [8] Undefined offset: 1 /www/web/order/Application/Home/Controller/GlobalController.class.php 第 253 行.
SQL: SHOW COLUMNS FROM `user` [ RunTime:0.0005s ]
SQL: SELECT * FROM `user` WHERE ( openid='oK3GO0zVHkbaJVR6z2uOXVNKyf9A' )  [ RunTime:0.0001s ]
NOTIC: [2] file_put_contents(a.log): failed to open stream: Permission denied /www/web/order/Application/Home/Controller/GlobalController.class.php 第 133 行.
NOTIC: [2] file_put_contents(a.log): failed to open stream: Permission denied /www/web/order/Application/Home/Controller/GlobalController.class.php 第 135 行.
NOTIC: [2] file_put_contents(./token_2017_11_30.json): failed to open stream: Permission denied /www/web/order/ThinkPHP/Library/Com/WechatAuth.class.php 第 132 行.
NOTIC: [2] file_put_contents(./error.json): failed to open stream: Permission denied /www/web/order/Application/Home/Controller/GlobalController.class.php 第 73 行.

[ 2017-11-30T15:06:32+08:00 ] 61.160.224.135 /index.php?signature=b3a671c3ab8cb5e18c48974f4c9d97ae2600f461&timestamp=1512025592&nonce=1744838023&openid=oK3GO0xdLhOGdK8w4k3E3M3WsE1s&encrypt_type=aes&msg_signature=cb16b6ff77cd1081bd71dacb58727074b1eaf776
INFO: [ app_init ] --START--
INFO: Run Behavior\BuildLiteBehavior [ RunTime:0.000010s ]
INFO: [ app_init ] --END-- [ RunTime:0.000045s ]
INFO: [ app_begin ] --START--
INFO: Run Behavior\ReadHtmlCacheBehavior [ RunTime:0.000031s ]
INFO: [ app_begin ] --END-- [ RunTime:0.000056s ]
NOTIC: [8] Undefined offset: 1 /www/web/order/Application/Home/Controller/GlobalController.class.php 第 253 行.
SQL: SHOW COLUMNS FROM `user` [ RunTime:0.0005s ]
SQL: SELECT * FROM `user` WHERE ( openid='oK3GO0xdLhOGdK8w4k3E3M3WsE1s' )  [ RunTime:0.0002s ]
NOTIC: [2] file_put_contents(a.log): failed to open stream: Permission denied /www/web/order/Application/Home/Controller/GlobalController.class.php 第 133 行.
NOTIC: [2] file_put_contents(a.log): failed to open stream: Permission denied /www/web/order/Application/Home/Controller/GlobalController.class.php 第 135 行.
NOTIC: [2] file_put_contents(./token_2017_11_30.json): failed to open stream: Permission denied /www/web/order/ThinkPHP/Library/Com/WechatAuth.class.php 第 132 行.
NOTIC: [2] file_put_contents(./error.json): failed to open stream: Permission denied /www/web/order/Application/Home/Controller/GlobalController.class.php 第 73 行.

[ 2017-11-30T15:06:35+08:00 ] 61.160.224.135 /index.php?signature=3aff6c537790669cea95e163047e745fe9738da5&timestamp=1512025595&nonce=1100683918&openid=oK3GO0xdLhOGdK8w4k3E3M3WsE1s&encrypt_type=aes&msg_signature=a8056ddaea0bfa8fefe425668b337d40ff76d5a0
INFO: [ app_init ] --START--
INFO: Run Behavior\BuildLiteBehavior [ RunTime:0.000010s ]
INFO: [ app_init ] --END-- [ RunTime:0.000044s ]
INFO: [ app_begin ] --START--
INFO: Run Behavior\ReadHtmlCacheBehavior [ RunTime:0.000019s ]
INFO: [ app_begin ] --END-- [ RunTime:0.000039s ]
NOTIC: [8] Undefined offset: 1 /www/web/order/Application/Home/Controller/GlobalController.class.php 第 253 行.
NOTIC: [8] Use of undefined constant self - assumed 'self' /www/web/order/ThinkPHP/Library/Com/Wechat.class.php 第 156 行.

[ 2017-11-30T15:06:38+08:00 ] 61.160.224.135 /index.php?signature=96c874c2ab4c84f67d4e479bf4c6d306c3016969&timestamp=1512025598&nonce=686857654&openid=oK3GO0xdLhOGdK8w4k3E3M3WsE1s&encrypt_type=aes&msg_signature=cee965cb23564a81d3e920ec6d3f284e13242234
INFO: [ app_init ] --START--
INFO: Run Behavior\BuildLiteBehavior [ RunTime:0.000008s ]
INFO: [ app_init ] --END-- [ RunTime:0.000043s ]
INFO: [ app_begin ] --START--
INFO: Run Behavior\ReadHtmlCacheBehavior [ RunTime:0.000018s ]
INFO: [ app_begin ] --END-- [ RunTime:0.000037s ]
NOTIC: [8] Undefined offset: 1 /www/web/order/Application/Home/Controller/GlobalController.class.php 第 253 行.
NOTIC: [8] Use of undefined constant self - assumed 'self' /www/web/order/ThinkPHP/Library/Com/Wechat.class.php 第 156 行.

[ 2017-11-30T16:18:24+08:00 ] 140.207.54.75 /index.php?signature=bd374883d7c85b222d9ea1bbee084554c7382b89&timestamp=1512029904&nonce=208618226&openid=oK3GO020XN3lzdwHLdrypcKQu8XE&encrypt_type=aes&msg_signature=05fbd39afa5730ea8a12ee7f12b2ab22a43ce9d2
INFO: [ app_init ] --START--
INFO: Run Behavior\BuildLiteBehavior [ RunTime:0.000009s ]
INFO: [ app_init ] --END-- [ RunTime:0.000044s ]
INFO: [ app_begin ] --START--
INFO: Run Behavior\ReadHtmlCacheBehavior [ RunTime:0.000027s ]
INFO: [ app_begin ] --END-- [ RunTime:0.000048s ]
NOTIC: [8] Undefined offset: 1 /www/web/order/Application/Home/Controller/GlobalController.class.php 第 253 行.
SQL: SHOW COLUMNS FROM `user` [ RunTime:0.0004s ]
SQL: SELECT * FROM `user` WHERE ( openid='oK3GO020XN3lzdwHLdrypcKQu8XE' )  [ RunTime:0.0002s ]
NOTIC: [2] file_put_contents(a.log): failed to open stream: Permission denied /www/web/order/Application/Home/Controller/GlobalController.class.php 第 133 行.
NOTIC: [2] file_put_contents(a.log): failed to open stream: Permission denied /www/web/order/Application/Home/Controller/GlobalController.class.php 第 135 行.
NOTIC: [2] file_put_contents(./token_2017_11_30.json): failed to open stream: Permission denied /www/web/order/ThinkPHP/Library/Com/WechatAuth.class.php 第 132 行.
NOTIC: [2] file_put_contents(./error.json): failed to open stream: Permission denied /www/web/order/Application/Home/Controller/GlobalController.class.php 第 73 行.

[ 2017-11-30T16:56:02+08:00 ] 140.207.54.80 /index.php?signature=f5e25dad03cf3ed3db4543394407ea50e2a7a010&timestamp=1512032162&nonce=161070961&openid=oK3GO06W-omFzEqwWYvDuMXfFJYA&encrypt_type=aes&msg_signature=3e0b2f6e6dea628ccc609931f645075ad5985235
INFO: [ app_init ] --START--
INFO: Run Behavior\BuildLiteBehavior [ RunTime:0.000009s ]
INFO: [ app_init ] --END-- [ RunTime:0.000046s ]
INFO: [ app_begin ] --START--
INFO: Run Behavior\ReadHtmlCacheBehavior [ RunTime:0.000029s ]
INFO: [ app_begin ] --END-- [ RunTime:0.000054s ]
NOTIC: [8] Undefined offset: 1 /www/web/order/Application/Home/Controller/GlobalController.class.php 第 253 行.
SQL: SHOW COLUMNS FROM `user` [ RunTime:0.0005s ]
SQL: SELECT * FROM `user` WHERE ( openid='oK3GO06W-omFzEqwWYvDuMXfFJYA' )  [ RunTime:0.0002s ]
NOTIC: [2] file_put_contents(a.log): failed to open stream: Permission denied /www/web/order/Application/Home/Controller/GlobalController.class.php 第 133 行.
NOTIC: [2] file_put_contents(a.log): failed to open stream: Permission denied /www/web/order/Application/Home/Controller/GlobalController.class.php 第 135 行.
NOTIC: [2] file_put_contents(./token_2017_11_30.json): failed to open stream: Permission denied /www/web/order/ThinkPHP/Library/Com/WechatAuth.class.php 第 132 行.
NOTIC: [2] file_put_contents(./error.json): failed to open stream: Permission denied /www/web/order/Application/Home/Controller/GlobalController.class.php 第 73 行.

[ 2017-11-30T21:14:07+08:00 ] 61.160.224.136 /index.php?signature=13212ea01952f9bd718f56ec1171e19b9dbd9661&timestamp=1512047647&nonce=684793779&openid=oK3GO05O1vkZJAeRahG6saEX1iUI&encrypt_type=aes&msg_signature=d6cd3c2c47c1b407abe23da9faea8d437087528b
INFO: [ app_init ] --START--
INFO: Run Behavior\BuildLiteBehavior [ RunTime:0.000013s ]
INFO: [ app_init ] --END-- [ RunTime:0.000053s ]
INFO: [ app_begin ] --START--
INFO: Run Behavior\ReadHtmlCacheBehavior [ RunTime:0.000032s ]
INFO: [ app_begin ] --END-- [ RunTime:0.000051s ]
NOTIC: [8] Undefined offset: 1 /www/web/order/Application/Home/Controller/GlobalController.class.php 第 253 行.
SQL: SHOW COLUMNS FROM `user` [ RunTime:0.0005s ]
SQL: SELECT * FROM `user` WHERE ( openid='oK3GO05O1vkZJAeRahG6saEX1iUI' )  [ RunTime:0.0002s ]
NOTIC: [2] file_put_contents(a.log): failed to open stream: Permission denied /www/web/order/Application/Home/Controller/GlobalController.class.php 第 133 行.
NOTIC: [2] file_put_contents(a.log): failed to open stream: Permission denied /www/web/order/Application/Home/Controller/GlobalController.class.php 第 135 行.
NOTIC: [2] file_put_contents(./token_2017_11_30.json): failed to open stream: Permission denied /www/web/order/ThinkPHP/Library/Com/WechatAuth.class.php 第 132 行.
NOTIC: [2] file_put_contents(./error.json): failed to open stream: Permission denied /www/web/order/Application/Home/Controller/GlobalController.class.php 第 73 行.

[ 2017-11-30T21:14:11+08:00 ] 140.207.54.79 /index.php?signature=7bb6db65b28c20181bdcb010d5bbaf1c10c77f15&timestamp=1512047651&nonce=312951863&openid=oK3GO05O1vkZJAeRahG6saEX1iUI&encrypt_type=aes&msg_signature=1a1272de63ef335f3df8ef29f6f6869770585f35
INFO: [ app_init ] --START--
INFO: Run Behavior\BuildLiteBehavior [ RunTime:0.000009s ]
INFO: [ app_init ] --END-- [ RunTime:0.000047s ]
INFO: [ app_begin ] --START--
INFO: Run Behavior\ReadHtmlCacheBehavior [ RunTime:0.000021s ]
INFO: [ app_begin ] --END-- [ RunTime:0.000041s ]
NOTIC: [8] Undefined offset: 1 /www/web/order/Application/Home/Controller/GlobalController.class.php 第 253 行.
NOTIC: [8] Use of undefined constant self - assumed 'self' /www/web/order/ThinkPHP/Library/Com/Wechat.class.php 第 156 行.

[ 2017-11-30T21:14:13+08:00 ] 61.151.207.252 /index.php/task/sendtask.html?code=021Ytx2V0Qh6dU1xsZ0V0EGG2V0Ytx2j&state=h5_1461051704
INFO: [ app_init ] --START--
INFO: Run Behavior\BuildLiteBehavior [ RunTime:0.000009s ]
INFO: [ app_init ] --END-- [ RunTime:0.000049s ]
INFO: [ app_begin ] --START--
INFO: Run Behavior\ReadHtmlCacheBehavior [ RunTime:0.000024s ]
INFO: [ app_begin ] --END-- [ RunTime:0.000044s ]
NOTIC: [2048] Declaration of Home\Controller\TaskController::getcityinfo() should be compatible with Home\Controller\GlobalController::getCityInfo($provinceId) /www/web/order/Application/Home/Controller/TaskController.class.php 第 4 行.
SQL: SHOW COLUMNS FROM `company` [ RunTime:0.0021s ]
SQL: SELECT * FROM `company` WHERE ( status=1 )  [ RunTime:0.0001s ]
SQL: SHOW COLUMNS FROM `jobtype` [ RunTime:0.0003s ]
SQL: SELECT * FROM `jobtype` WHERE ( status=1 )  [ RunTime:0.0001s ]
INFO: [ view_parse ] --START--
INFO: [ template_filter ] --START--
INFO: Run Behavior\ContentReplaceBehavior [ RunTime:0.000023s ]
INFO: [ template_filter ] --END-- [ RunTime:0.000048s ]
INFO: Run Behavior\ParseTemplateBehavior [ RunTime:0.001360s ]
INFO: [ view_parse ] --END-- [ RunTime:0.001385s ]
INFO: [ view_filter ] --START--
INFO: Run Behavior\WriteHtmlCacheBehavior [ RunTime:0.000032s ]
INFO: [ view_filter ] --END-- [ RunTime:0.000059s ]

[ 2017-11-30T21:14:17+08:00 ] 140.207.54.79 /index.php?signature=2c3f30de376fcfc461b70250616583872808de93&timestamp=1512047657&nonce=192877615&openid=oK3GO05O1vkZJAeRahG6saEX1iUI&encrypt_type=aes&msg_signature=51ae01a89d704a6ab0228b1e31a4bc2d92c718e3
INFO: [ app_init ] --START--
INFO: Run Behavior\BuildLiteBehavior [ RunTime:0.000010s ]
INFO: [ app_init ] --END-- [ RunTime:0.000046s ]
INFO: [ app_begin ] --START--
INFO: Run Behavior\ReadHtmlCacheBehavior [ RunTime:0.000025s ]
INFO: [ app_begin ] --END-- [ RunTime:0.000045s ]
NOTIC: [8] Undefined offset: 1 /www/web/order/Application/Home/Controller/GlobalController.class.php 第 253 行.
NOTIC: [8] Use of undefined constant self - assumed 'self' /www/web/order/ThinkPHP/Library/Com/Wechat.class.php 第 156 行.

[ 2017-11-30T21:14:18+08:00 ] 61.151.207.252 /index.php/task/sendtask.html?code=021GaIlm0rqgwl1WFShm0Qfzlm0GaIlY&state=h5_1461051704
INFO: [ app_init ] --START--
INFO: Run Behavior\BuildLiteBehavior [ RunTime:0.000008s ]
INFO: [ app_init ] --END-- [ RunTime:0.000043s ]
INFO: [ app_begin ] --START--
INFO: Run Behavior\ReadHtmlCacheBehavior [ RunTime:0.000024s ]
INFO: [ app_begin ] --END-- [ RunTime:0.000047s ]
NOTIC: [2048] Declaration of Home\Controller\TaskController::getcityinfo() should be compatible with Home\Controller\GlobalController::getCityInfo($provinceId) /www/web/order/Application/Home/Controller/TaskController.class.php 第 4 行.
SQL: SHOW COLUMNS FROM `company` [ RunTime:0.0006s ]
SQL: SELECT * FROM `company` WHERE ( status=1 )  [ RunTime:0.0001s ]
SQL: SHOW COLUMNS FROM `jobtype` [ RunTime:0.0020s ]
SQL: SELECT * FROM `jobtype` WHERE ( status=1 )  [ RunTime:0.0001s ]
INFO: [ view_parse ] --START--
INFO: [ template_filter ] --START--
INFO: Run Behavior\ContentReplaceBehavior [ RunTime:0.000024s ]
INFO: [ template_filter ] --END-- [ RunTime:0.000051s ]
INFO: Run Behavior\ParseTemplateBehavior [ RunTime:0.001473s ]
INFO: [ view_parse ] --END-- [ RunTime:0.001514s ]
INFO: [ view_filter ] --START--
INFO: Run Behavior\WriteHtmlCacheBehavior [ RunTime:0.000025s ]
INFO: [ view_filter ] --END-- [ RunTime:0.000040s ]

[ 2017-11-30T23:10:57+08:00 ] 61.160.224.140 /
INFO: [ app_init ] --START--
INFO: Run Behavior\BuildLiteBehavior [ RunTime:0.000011s ]
INFO: [ app_init ] --END-- [ RunTime:0.000046s ]
INFO: [ app_begin ] --START--
INFO: Run Behavior\ReadHtmlCacheBehavior [ RunTime:0.000031s ]
INFO: [ app_begin ] --END-- [ RunTime:0.000050s ]
NOTIC: [8] Undefined offset: 1 /www/web/order/Application/Home/Controller/GlobalController.class.php 第 253 行.
NOTIC: [8] Undefined index: timestamp /www/web/order/ThinkPHP/Library/Com/Wechat.class.php 第 299 行.
NOTIC: [8] Undefined index: nonce /www/web/order/ThinkPHP/Library/Com/Wechat.class.php 第 299 行.
NOTIC: [8] Undefined index: signature /www/web/order/ThinkPHP/Library/Com/Wechat.class.php 第 300 行.

