[ 2017-11-19T08:52:53+08:00 ] 58.16.42.87 /
INFO: [ app_init ] --START--
INFO: Run Behavior\BuildLiteBehavior [ RunTime:0.000011s ]
INFO: [ app_init ] --END-- [ RunTime:0.000051s ]
INFO: [ app_begin ] --START--
INFO: Run Behavior\ReadHtmlCacheBehavior [ RunTime:0.000035s ]
INFO: [ app_begin ] --END-- [ RunTime:0.000062s ]
NOTIC: [8] Undefined offset: 1 /www/web/order/Application/Home/Controller/GlobalController.class.php 第 253 行.
NOTIC: [8] Undefined index: timestamp /www/web/order/ThinkPHP/Library/Com/Wechat.class.php 第 299 行.
NOTIC: [8] Undefined index: nonce /www/web/order/ThinkPHP/Library/Com/Wechat.class.php 第 299 行.
NOTIC: [8] Undefined index: signature /www/web/order/ThinkPHP/Library/Com/Wechat.class.php 第 300 行.

[ 2017-11-19T08:55:25+08:00 ] 140.205.201.32 /index.php?m=member&c=index&a=register&siteid=1
INFO: [ app_init ] --START--
INFO: Run Behavior\BuildLiteBehavior [ RunTime:0.000011s ]
INFO: [ app_init ] --END-- [ RunTime:0.000055s ]
INFO: [ app_begin ] --START--
INFO: Run Behavior\ReadHtmlCacheBehavior [ RunTime:0.000029s ]
INFO: [ app_begin ] --END-- [ RunTime:0.000055s ]
ERR: 非法操作:register

[ 2017-11-19T08:55:27+08:00 ] 140.205.201.32 /index.php?m=wap&a=index&siteid=1
INFO: [ app_init ] --START--
INFO: Run Behavior\BuildLiteBehavior [ RunTime:0.000011s ]
INFO: [ app_init ] --END-- [ RunTime:0.000051s ]
INFO: [ app_begin ] --START--
INFO: Run Behavior\ReadHtmlCacheBehavior [ RunTime:0.000027s ]
INFO: [ app_begin ] --END-- [ RunTime:0.000053s ]
NOTIC: [8] Undefined offset: 1 /www/web/order/Application/Home/Controller/GlobalController.class.php 第 253 行.
NOTIC: [8] Undefined index: timestamp /www/web/order/ThinkPHP/Library/Com/Wechat.class.php 第 299 行.
NOTIC: [8] Undefined index: nonce /www/web/order/ThinkPHP/Library/Com/Wechat.class.php 第 299 行.
NOTIC: [8] Undefined index: signature /www/web/order/ThinkPHP/Library/Com/Wechat.class.php 第 300 行.

[ 2017-11-19T08:55:27+08:00 ] 140.205.201.32 /index.php?m=attachment&c=attachments&a=swfupload_json&aid=1&src=%26id=%*27a*nd%20ex*p(~(sele*ct%25*2afro*m(sele*ct+co*nc*at(0x7e,md5(233333),0x7e))x))%23%26m%3D1%26f%3Dtest%26modelid%3D2%26catid%3D6
INFO: [ app_init ] --START--
INFO: Run Behavior\BuildLiteBehavior [ RunTime:0.000007s ]
INFO: [ app_init ] --END-- [ RunTime:0.000042s ]
INFO: [ app_begin ] --START--
INFO: Run Behavior\ReadHtmlCacheBehavior [ RunTime:0.000022s ]
INFO: [ app_begin ] --END-- [ RunTime:0.000045s ]
NOTIC: [8] Undefined offset: 1 /www/web/order/Application/Home/Controller/GlobalController.class.php 第 253 行.
INFO: [ view_parse ] --START--
INFO: [ template_filter ] --START--
INFO: Run Behavior\ContentReplaceBehavior [ RunTime:0.000032s ]
INFO: [ template_filter ] --END-- [ RunTime:0.000060s ]
NOTIC: [8] Undefined variable: pic /www/web/order/Application/Runtime/Cache/Home/ba9f7a85ac4d7e7f0b0da6e93b0b5939.php 第 22 行.
NOTIC: [8] Undefined variable: havet_read /www/web/order/Application/Runtime/Cache/Home/ba9f7a85ac4d7e7f0b0da6e93b0b5939.php 第 76 行.
NOTIC: [8] Undefined variable: baobeiNum /www/web/order/Application/Runtime/Cache/Home/ba9f7a85ac4d7e7f0b0da6e93b0b5939.php 第 83 行.
INFO: Run Behavior\ParseTemplateBehavior [ RunTime:0.003588s ]
INFO: [ view_parse ] --END-- [ RunTime:0.003613s ]
INFO: [ view_filter ] --START--
INFO: Run Behavior\WriteHtmlCacheBehavior [ RunTime:0.000038s ]
INFO: [ view_filter ] --END-- [ RunTime:0.000057s ]
INFO: [ app_end ] --START--
INFO: Run Behavior\ShowPageTraceBehavior [ RunTime:0.000033s ]
INFO: [ app_end ] --END-- [ RunTime:0.000051s ]

[ 2017-11-19T11:23:59+08:00 ] 106.11.226.196 /
INFO: [ app_init ] --START--
INFO: Run Behavior\BuildLiteBehavior [ RunTime:0.000011s ]
INFO: [ app_init ] --END-- [ RunTime:0.000053s ]
INFO: [ app_begin ] --START--
INFO: Run Behavior\ReadHtmlCacheBehavior [ RunTime:0.000035s ]
INFO: [ app_begin ] --END-- [ RunTime:0.000061s ]
NOTIC: [8] Undefined offset: 1 /www/web/order/Application/Home/Controller/GlobalController.class.php 第 253 行.
NOTIC: [8] Undefined index: timestamp /www/web/order/ThinkPHP/Library/Com/Wechat.class.php 第 299 行.
NOTIC: [8] Undefined index: nonce /www/web/order/ThinkPHP/Library/Com/Wechat.class.php 第 299 行.
NOTIC: [8] Undefined index: signature /www/web/order/ThinkPHP/Library/Com/Wechat.class.php 第 300 行.

[ 2017-11-19T18:03:37+08:00 ] 140.205.201.44 /index.php?m=member&c=index&a=register&siteid=1
INFO: [ app_init ] --START--
INFO: Run Behavior\BuildLiteBehavior [ RunTime:0.000010s ]
INFO: [ app_init ] --END-- [ RunTime:0.000049s ]
INFO: [ app_begin ] --START--
INFO: Run Behavior\ReadHtmlCacheBehavior [ RunTime:0.000030s ]
INFO: [ app_begin ] --END-- [ RunTime:0.000056s ]
ERR: 非法操作:register

[ 2017-11-19T18:04:07+08:00 ] 140.205.201.44 /index.php?m=wap&a=index&siteid=1
INFO: [ app_init ] --START--
INFO: Run Behavior\BuildLiteBehavior [ RunTime:0.000011s ]
INFO: [ app_init ] --END-- [ RunTime:0.000051s ]
INFO: [ app_begin ] --START--
INFO: Run Behavior\ReadHtmlCacheBehavior [ RunTime:0.000028s ]
INFO: [ app_begin ] --END-- [ RunTime:0.000054s ]
NOTIC: [8] Undefined offset: 1 /www/web/order/Application/Home/Controller/GlobalController.class.php 第 253 行.
NOTIC: [8] Undefined index: timestamp /www/web/order/ThinkPHP/Library/Com/Wechat.class.php 第 299 行.
NOTIC: [8] Undefined index: nonce /www/web/order/ThinkPHP/Library/Com/Wechat.class.php 第 299 行.
NOTIC: [8] Undefined index: signature /www/web/order/ThinkPHP/Library/Com/Wechat.class.php 第 300 行.

[ 2017-11-19T18:04:07+08:00 ] 140.205.201.44 /index.php?m=attachment&c=attachments&a=swfupload_json&aid=1&src=%26id=%*27a*nd%20ex*p(~(sele*ct%25*2afro*m(sele*ct+co*nc*at(0x7e,md5(233333),0x7e))x))%23%26m%3D1%26f%3Dtest%26modelid%3D2%26catid%3D6
INFO: [ app_init ] --START--
INFO: Run Behavior\BuildLiteBehavior [ RunTime:0.000007s ]
INFO: [ app_init ] --END-- [ RunTime:0.000035s ]
INFO: [ app_begin ] --START--
INFO: Run Behavior\ReadHtmlCacheBehavior [ RunTime:0.000048s ]
INFO: [ app_begin ] --END-- [ RunTime:0.000074s ]
NOTIC: [8] Undefined offset: 1 /www/web/order/Application/Home/Controller/GlobalController.class.php 第 253 行.
INFO: [ view_parse ] --START--
INFO: [ template_filter ] --START--
INFO: Run Behavior\ContentReplaceBehavior [ RunTime:0.000032s ]
INFO: [ template_filter ] --END-- [ RunTime:0.000061s ]
NOTIC: [8] Undefined variable: pic /www/web/order/Application/Runtime/Cache/Home/ba9f7a85ac4d7e7f0b0da6e93b0b5939.php 第 22 行.
NOTIC: [8] Undefined variable: havet_read /www/web/order/Application/Runtime/Cache/Home/ba9f7a85ac4d7e7f0b0da6e93b0b5939.php 第 76 行.
NOTIC: [8] Undefined variable: baobeiNum /www/web/order/Application/Runtime/Cache/Home/ba9f7a85ac4d7e7f0b0da6e93b0b5939.php 第 83 行.
INFO: Run Behavior\ParseTemplateBehavior [ RunTime:0.002901s ]
INFO: [ view_parse ] --END-- [ RunTime:0.002928s ]
INFO: [ view_filter ] --START--
INFO: Run Behavior\WriteHtmlCacheBehavior [ RunTime:0.000041s ]
INFO: [ view_filter ] --END-- [ RunTime:0.000060s ]
INFO: [ app_end ] --START--
INFO: Run Behavior\ShowPageTraceBehavior [ RunTime:0.000034s ]
INFO: [ app_end ] --END-- [ RunTime:0.000054s ]

[ 2017-11-19T20:49:12+08:00 ] 117.88.245.247 /favicon.ico
INFO: [ app_init ] --START--
INFO: Run Behavior\BuildLiteBehavior [ RunTime:0.000010s ]
INFO: [ app_init ] --END-- [ RunTime:0.000048s ]

[ 2017-11-19T20:49:15+08:00 ] 117.88.245.249 /favicon.ico
INFO: [ app_init ] --START--
INFO: Run Behavior\BuildLiteBehavior [ RunTime:0.000010s ]
INFO: [ app_init ] --END-- [ RunTime:0.000049s ]

[ 2017-11-19T21:04:04+08:00 ] 140.207.54.80 /index.php?signature=bd4d94a4bd2751bfe2092f79f131f03bcf147e98&timestamp=1511096644&nonce=565495368&openid=oK3GO09vIH9HUyRICZXdsc-sco7E&encrypt_type=aes&msg_signature=02693ceff59274c5bb8303c8350649f6e6c99ce4
INFO: [ app_init ] --START--
INFO: Run Behavior\BuildLiteBehavior [ RunTime:0.000010s ]
INFO: [ app_init ] --END-- [ RunTime:0.000044s ]
INFO: [ app_begin ] --START--
INFO: Run Behavior\ReadHtmlCacheBehavior [ RunTime:0.000022s ]
INFO: [ app_begin ] --END-- [ RunTime:0.000043s ]
NOTIC: [8] Undefined offset: 1 /www/web/order/Application/Home/Controller/GlobalController.class.php 第 253 行.
NOTIC: [8] Use of undefined constant self - assumed 'self' /www/web/order/ThinkPHP/Library/Com/Wechat.class.php 第 156 行.

[ 2017-11-19T21:04:07+08:00 ] 61.151.178.168 /index.php/task/sendtask.html?code=011JSFQo0Kp9Ms1xDpSo0wYIQo0JSFQw&state=h5_1461051704
INFO: [ app_init ] --START--
INFO: Run Behavior\BuildLiteBehavior [ RunTime:0.000010s ]
INFO: [ app_init ] --END-- [ RunTime:0.000045s ]
INFO: [ app_begin ] --START--
INFO: Run Behavior\ReadHtmlCacheBehavior [ RunTime:0.000026s ]
INFO: [ app_begin ] --END-- [ RunTime:0.000050s ]
NOTIC: [2048] Declaration of Home\Controller\TaskController::getcityinfo() should be compatible with Home\Controller\GlobalController::getCityInfo($provinceId) /www/web/order/Application/Home/Controller/TaskController.class.php 第 4 行.
SQL: SHOW COLUMNS FROM `company` [ RunTime:0.0008s ]
SQL: SELECT * FROM `company` WHERE ( status=1 )  [ RunTime:0.0001s ]
SQL: SHOW COLUMNS FROM `jobtype` [ RunTime:0.0006s ]
SQL: SELECT * FROM `jobtype` WHERE ( status=1 )  [ RunTime:0.0001s ]
INFO: [ view_parse ] --START--
INFO: [ template_filter ] --START--
INFO: Run Behavior\ContentReplaceBehavior [ RunTime:0.000020s ]
INFO: [ template_filter ] --END-- [ RunTime:0.000045s ]
INFO: Run Behavior\ParseTemplateBehavior [ RunTime:0.001910s ]
INFO: [ view_parse ] --END-- [ RunTime:0.001939s ]
INFO: [ view_filter ] --START--
INFO: Run Behavior\WriteHtmlCacheBehavior [ RunTime:0.000024s ]
INFO: [ view_filter ] --END-- [ RunTime:0.000042s ]

[ 2017-11-19T21:04:09+08:00 ] 61.151.178.168 /task/index.html
INFO: [ app_init ] --START--
INFO: Run Behavior\BuildLiteBehavior [ RunTime:0.000010s ]
INFO: [ app_init ] --END-- [ RunTime:0.000066s ]
INFO: [ app_begin ] --START--
INFO: Run Behavior\ReadHtmlCacheBehavior [ RunTime:0.000025s ]
INFO: [ app_begin ] --END-- [ RunTime:0.000049s ]
NOTIC: [2048] Declaration of Home\Controller\TaskController::getcityinfo() should be compatible with Home\Controller\GlobalController::getCityInfo($provinceId) /www/web/order/Application/Home/Controller/TaskController.class.php 第 4 行.
SQL: SHOW COLUMNS FROM `company` [ RunTime:0.0008s ]
SQL: SELECT * FROM `company` WHERE ( status=1 )  [ RunTime:0.0001s ]
SQL: SHOW COLUMNS FROM `jobtype` [ RunTime:0.0006s ]
SQL: SELECT * FROM `jobtype` WHERE ( status=1 )  [ RunTime:0.0001s ]

[ 2017-11-19T21:04:09+08:00 ] 58.247.212.69 /
INFO: [ app_init ] --START--
INFO: Run Behavior\BuildLiteBehavior [ RunTime:0.000010s ]
INFO: [ app_init ] --END-- [ RunTime:0.000046s ]
INFO: [ app_begin ] --START--
INFO: Run Behavior\ReadHtmlCacheBehavior [ RunTime:0.000023s ]
INFO: [ app_begin ] --END-- [ RunTime:0.000044s ]
NOTIC: [8] Undefined offset: 1 /www/web/order/Application/Home/Controller/GlobalController.class.php 第 253 行.
NOTIC: [8] Undefined index: timestamp /www/web/order/ThinkPHP/Library/Com/Wechat.class.php 第 299 行.
NOTIC: [8] Undefined index: nonce /www/web/order/ThinkPHP/Library/Com/Wechat.class.php 第 299 行.
NOTIC: [8] Undefined index: signature /www/web/order/ThinkPHP/Library/Com/Wechat.class.php 第 300 行.

[ 2017-11-19T21:04:12+08:00 ] 140.207.54.80 /index.php?signature=e9cb6fbe0688e6b324848d31b395f8f322efeaaa&timestamp=1511096652&nonce=1907912390&openid=oK3GO09vIH9HUyRICZXdsc-sco7E&encrypt_type=aes&msg_signature=4d1d8998986540eaf24f018c0e3f763544f90895
INFO: [ app_init ] --START--
INFO: Run Behavior\BuildLiteBehavior [ RunTime:0.000010s ]
INFO: [ app_init ] --END-- [ RunTime:0.000049s ]
INFO: [ app_begin ] --START--
INFO: Run Behavior\ReadHtmlCacheBehavior [ RunTime:0.000024s ]
INFO: [ app_begin ] --END-- [ RunTime:0.000049s ]
NOTIC: [8] Undefined offset: 1 /www/web/order/Application/Home/Controller/GlobalController.class.php 第 253 行.
NOTIC: [8] Use of undefined constant self - assumed 'self' /www/web/order/ThinkPHP/Library/Com/Wechat.class.php 第 156 行.

[ 2017-11-19T21:04:13+08:00 ] 61.151.178.168 /index.php/task/sendtask.html?code=011lDXa51eGNoM1MBBa51nI4b51lDXaO&state=h5_1461051704
INFO: [ app_init ] --START--
INFO: Run Behavior\BuildLiteBehavior [ RunTime:0.000026s ]
INFO: [ app_init ] --END-- [ RunTime:0.000063s ]
INFO: [ app_begin ] --START--
INFO: Run Behavior\ReadHtmlCacheBehavior [ RunTime:0.000025s ]
INFO: [ app_begin ] --END-- [ RunTime:0.000049s ]
NOTIC: [2048] Declaration of Home\Controller\TaskController::getcityinfo() should be compatible with Home\Controller\GlobalController::getCityInfo($provinceId) /www/web/order/Application/Home/Controller/TaskController.class.php 第 4 行.
SQL: SHOW COLUMNS FROM `company` [ RunTime:0.0008s ]
SQL: SELECT * FROM `company` WHERE ( status=1 )  [ RunTime:0.0001s ]
SQL: SHOW COLUMNS FROM `jobtype` [ RunTime:0.0006s ]
SQL: SELECT * FROM `jobtype` WHERE ( status=1 )  [ RunTime:0.0001s ]
INFO: [ view_parse ] --START--
INFO: [ template_filter ] --START--
INFO: Run Behavior\ContentReplaceBehavior [ RunTime:0.000020s ]
INFO: [ template_filter ] --END-- [ RunTime:0.000046s ]
INFO: Run Behavior\ParseTemplateBehavior [ RunTime:0.001367s ]
INFO: [ view_parse ] --END-- [ RunTime:0.001395s ]
INFO: [ view_filter ] --START--
INFO: Run Behavior\WriteHtmlCacheBehavior [ RunTime:0.000025s ]
INFO: [ view_filter ] --END-- [ RunTime:0.000043s ]

[ 2017-11-19T21:04:15+08:00 ] 61.151.178.168 /task/index.html
INFO: [ app_init ] --START--
INFO: Run Behavior\BuildLiteBehavior [ RunTime:0.000009s ]
INFO: [ app_init ] --END-- [ RunTime:0.000045s ]
INFO: [ app_begin ] --START--
INFO: Run Behavior\ReadHtmlCacheBehavior [ RunTime:0.000031s ]
INFO: [ app_begin ] --END-- [ RunTime:0.000055s ]
NOTIC: [2048] Declaration of Home\Controller\TaskController::getcityinfo() should be compatible with Home\Controller\GlobalController::getCityInfo($provinceId) /www/web/order/Application/Home/Controller/TaskController.class.php 第 4 行.
SQL: SHOW COLUMNS FROM `company` [ RunTime:0.0008s ]
SQL: SELECT * FROM `company` WHERE ( status=1 )  [ RunTime:0.0001s ]
SQL: SHOW COLUMNS FROM `jobtype` [ RunTime:0.0006s ]
SQL: SELECT * FROM `jobtype` WHERE ( status=1 )  [ RunTime:0.0001s ]

[ 2017-11-19T21:04:17+08:00 ] 121.51.32.144 /
INFO: [ app_init ] --START--
INFO: Run Behavior\BuildLiteBehavior [ RunTime:0.000010s ]
INFO: [ app_init ] --END-- [ RunTime:0.000045s ]
INFO: [ app_begin ] --START--
INFO: Run Behavior\ReadHtmlCacheBehavior [ RunTime:0.000026s ]
INFO: [ app_begin ] --END-- [ RunTime:0.000049s ]
NOTIC: [8] Undefined offset: 1 /www/web/order/Application/Home/Controller/GlobalController.class.php 第 253 行.
NOTIC: [8] Undefined index: timestamp /www/web/order/ThinkPHP/Library/Com/Wechat.class.php 第 299 行.
NOTIC: [8] Undefined index: nonce /www/web/order/ThinkPHP/Library/Com/Wechat.class.php 第 299 行.
NOTIC: [8] Undefined index: signature /www/web/order/ThinkPHP/Library/Com/Wechat.class.php 第 300 行.

[ 2017-11-19T21:04:19+08:00 ] 120.204.17.67 /task/index.html
INFO: [ app_init ] --START--
INFO: Run Behavior\BuildLiteBehavior [ RunTime:0.000010s ]
INFO: [ app_init ] --END-- [ RunTime:0.000045s ]
INFO: [ app_begin ] --START--
INFO: Run Behavior\ReadHtmlCacheBehavior [ RunTime:0.000028s ]
INFO: [ app_begin ] --END-- [ RunTime:0.000053s ]
NOTIC: [2048] Declaration of Home\Controller\TaskController::getcityinfo() should be compatible with Home\Controller\GlobalController::getCityInfo($provinceId) /www/web/order/Application/Home/Controller/TaskController.class.php 第 4 行.
SQL: SHOW COLUMNS FROM `company` [ RunTime:0.0009s ]
SQL: SELECT * FROM `company` WHERE ( status=1 )  [ RunTime:0.0001s ]
SQL: SHOW COLUMNS FROM `jobtype` [ RunTime:0.0006s ]
SQL: SELECT * FROM `jobtype` WHERE ( status=1 )  [ RunTime:0.0001s ]

[ 2017-11-19T21:04:22+08:00 ] 140.207.54.79 /index.php?signature=0d5d43e3d3929833aed2f804cbd266d9b31e5c59&timestamp=1511096662&nonce=1255281829&openid=oK3GO09vIH9HUyRICZXdsc-sco7E&encrypt_type=aes&msg_signature=bbbdcf17dc576eb8994497ec429087c60abb40c4
INFO: [ app_init ] --START--
INFO: Run Behavior\BuildLiteBehavior [ RunTime:0.000010s ]
INFO: [ app_init ] --END-- [ RunTime:0.000048s ]
INFO: [ app_begin ] --START--
INFO: Run Behavior\ReadHtmlCacheBehavior [ RunTime:0.000024s ]
INFO: [ app_begin ] --END-- [ RunTime:0.000065s ]
NOTIC: [8] Undefined offset: 1 /www/web/order/Application/Home/Controller/GlobalController.class.php 第 253 行.
SQL: SHOW COLUMNS FROM `user` [ RunTime:0.0009s ]
SQL: SELECT * FROM `user` WHERE ( openid='oK3GO09vIH9HUyRICZXdsc-sco7E' )  [ RunTime:0.0002s ]
NOTIC: [2] file_put_contents(a.log): failed to open stream: Permission denied /www/web/order/Application/Home/Controller/GlobalController.class.php 第 133 行.
NOTIC: [2] file_put_contents(a.log): failed to open stream: Permission denied /www/web/order/Application/Home/Controller/GlobalController.class.php 第 135 行.
NOTIC: [2] file_put_contents(./token_2017_11_19.json): failed to open stream: Permission denied /www/web/order/ThinkPHP/Library/Com/WechatAuth.class.php 第 132 行.
NOTIC: [2] file_put_contents(./error.json): failed to open stream: Permission denied /www/web/order/Application/Home/Controller/GlobalController.class.php 第 73 行.

[ 2017-11-19T21:04:23+08:00 ] 120.204.17.69 /
INFO: [ app_init ] --START--
INFO: Run Behavior\BuildLiteBehavior [ RunTime:0.000009s ]
INFO: [ app_init ] --END-- [ RunTime:0.000045s ]
INFO: [ app_begin ] --START--
INFO: Run Behavior\ReadHtmlCacheBehavior [ RunTime:0.000024s ]
INFO: [ app_begin ] --END-- [ RunTime:0.000046s ]
NOTIC: [8] Undefined offset: 1 /www/web/order/Application/Home/Controller/GlobalController.class.php 第 253 行.
NOTIC: [8] Undefined index: timestamp /www/web/order/ThinkPHP/Library/Com/Wechat.class.php 第 299 行.
NOTIC: [8] Undefined index: nonce /www/web/order/ThinkPHP/Library/Com/Wechat.class.php 第 299 行.
NOTIC: [8] Undefined index: signature /www/web/order/ThinkPHP/Library/Com/Wechat.class.php 第 300 行.

[ 2017-11-19T23:19:57+08:00 ] 117.88.245.238 /favicon.ico
INFO: [ app_init ] --START--
INFO: Run Behavior\BuildLiteBehavior [ RunTime:0.000011s ]
INFO: [ app_init ] --END-- [ RunTime:0.000049s ]

