[ 2017-11-21T09:32:16+08:00 ] 140.207.54.79 /index.php?signature=415de95d27bb26291d1ed30f395b32d3b9429a49&timestamp=1511227936&nonce=67778405&openid=oK3GO028Eij9O5H9qXBH9bKk57R8&encrypt_type=aes&msg_signature=064dddaaf7725a9e67ddde928a43a5343f910746
INFO: [ app_init ] --START--
INFO: Run Behavior\BuildLiteBehavior [ RunTime:0.000012s ]
INFO: [ app_init ] --END-- [ RunTime:0.000057s ]
INFO: [ app_begin ] --START--
INFO: Run Behavior\ReadHtmlCacheBehavior [ RunTime:0.000028s ]
INFO: [ app_begin ] --END-- [ RunTime:0.000055s ]
NOTIC: [8] Undefined offset: 1 /www/web/order/Application/Home/Controller/GlobalController.class.php 第 253 行.
NOTIC: [8] Use of undefined constant self - assumed 'self' /www/web/order/ThinkPHP/Library/Com/Wechat.class.php 第 156 行.

[ 2017-11-21T09:32:17+08:00 ] 115.53.171.159 /index.php/task/sendtask.html?code=071iBd9S1BI2w61uMQ8S1g0T8S1iBd9Q&state=h5_1461051704
INFO: [ app_init ] --START--
INFO: Run Behavior\BuildLiteBehavior [ RunTime:0.000012s ]
INFO: [ app_init ] --END-- [ RunTime:0.000055s ]
INFO: [ app_begin ] --START--
INFO: Run Behavior\ReadHtmlCacheBehavior [ RunTime:0.000027s ]
INFO: [ app_begin ] --END-- [ RunTime:0.000053s ]
NOTIC: [2048] Declaration of Home\Controller\TaskController::getcityinfo() should be compatible with Home\Controller\GlobalController::getCityInfo($provinceId) /www/web/order/Application/Home/Controller/TaskController.class.php 第 4 行.
SQL: SHOW COLUMNS FROM `company` [ RunTime:0.0008s ]
SQL: SELECT * FROM `company` WHERE ( status=1 )  [ RunTime:0.0001s ]
SQL: SHOW COLUMNS FROM `jobtype` [ RunTime:0.0007s ]
SQL: SELECT * FROM `jobtype` WHERE ( status=1 )  [ RunTime:0.0001s ]
INFO: [ view_parse ] --START--
INFO: [ template_filter ] --START--
INFO: Run Behavior\ContentReplaceBehavior [ RunTime:0.000023s ]
INFO: [ template_filter ] --END-- [ RunTime:0.000050s ]
INFO: Run Behavior\ParseTemplateBehavior [ RunTime:0.001591s ]
INFO: [ view_parse ] --END-- [ RunTime:0.001623s ]
INFO: [ view_filter ] --START--
INFO: Run Behavior\WriteHtmlCacheBehavior [ RunTime:0.000034s ]
INFO: [ view_filter ] --END-- [ RunTime:0.000054s ]

[ 2017-11-21T09:32:19+08:00 ] 115.53.171.159 /task/index.html
INFO: [ app_init ] --START--
INFO: Run Behavior\BuildLiteBehavior [ RunTime:0.000011s ]
INFO: [ app_init ] --END-- [ RunTime:0.000054s ]
INFO: [ app_begin ] --START--
INFO: Run Behavior\ReadHtmlCacheBehavior [ RunTime:0.000026s ]
INFO: [ app_begin ] --END-- [ RunTime:0.000053s ]
NOTIC: [2048] Declaration of Home\Controller\TaskController::getcityinfo() should be compatible with Home\Controller\GlobalController::getCityInfo($provinceId) /www/web/order/Application/Home/Controller/TaskController.class.php 第 4 行.
SQL: SHOW COLUMNS FROM `company` [ RunTime:0.0008s ]
SQL: SELECT * FROM `company` WHERE ( status=1 )  [ RunTime:0.0001s ]
SQL: SHOW COLUMNS FROM `jobtype` [ RunTime:0.0007s ]
SQL: SELECT * FROM `jobtype` WHERE ( status=1 )  [ RunTime:0.0001s ]

[ 2017-11-21T09:32:23+08:00 ] 140.207.54.79 /index.php?signature=1c2a3a43d55006e59bb2cf1cba21a857c9ecda23&timestamp=1511227943&nonce=937345542&openid=oK3GO028Eij9O5H9qXBH9bKk57R8&encrypt_type=aes&msg_signature=cad079724fa26b16e59fb981b183de52662fe781
INFO: [ app_init ] --START--
INFO: Run Behavior\BuildLiteBehavior [ RunTime:0.000011s ]
INFO: [ app_init ] --END-- [ RunTime:0.000050s ]
INFO: [ app_begin ] --START--
INFO: Run Behavior\ReadHtmlCacheBehavior [ RunTime:0.000022s ]
INFO: [ app_begin ] --END-- [ RunTime:0.000057s ]
NOTIC: [8] Undefined offset: 1 /www/web/order/Application/Home/Controller/GlobalController.class.php 第 253 行.
NOTIC: [8] Use of undefined constant self - assumed 'self' /www/web/order/ThinkPHP/Library/Com/Wechat.class.php 第 156 行.

[ 2017-11-21T09:32:23+08:00 ] 115.53.171.159 /index.php/task/sendtask.html?code=071OiYAa0BIfyw1qCjBa0w6GAa0OiYAJ&state=h5_1461051704
INFO: [ app_init ] --START--
INFO: Run Behavior\BuildLiteBehavior [ RunTime:0.000008s ]
INFO: [ app_init ] --END-- [ RunTime:0.000042s ]
INFO: [ app_begin ] --START--
INFO: Run Behavior\ReadHtmlCacheBehavior [ RunTime:0.000024s ]
INFO: [ app_begin ] --END-- [ RunTime:0.000047s ]
NOTIC: [2048] Declaration of Home\Controller\TaskController::getcityinfo() should be compatible with Home\Controller\GlobalController::getCityInfo($provinceId) /www/web/order/Application/Home/Controller/TaskController.class.php 第 4 行.
SQL: SHOW COLUMNS FROM `company` [ RunTime:0.0008s ]
SQL: SELECT * FROM `company` WHERE ( status=1 )  [ RunTime:0.0001s ]
SQL: SHOW COLUMNS FROM `jobtype` [ RunTime:0.0006s ]
SQL: SELECT * FROM `jobtype` WHERE ( status=1 )  [ RunTime:0.0001s ]
INFO: [ view_parse ] --START--
INFO: [ template_filter ] --START--
INFO: Run Behavior\ContentReplaceBehavior [ RunTime:0.000019s ]
INFO: [ template_filter ] --END-- [ RunTime:0.000044s ]
INFO: Run Behavior\ParseTemplateBehavior [ RunTime:0.001402s ]
INFO: [ view_parse ] --END-- [ RunTime:0.001431s ]
INFO: [ view_filter ] --START--
INFO: Run Behavior\WriteHtmlCacheBehavior [ RunTime:0.000024s ]
INFO: [ view_filter ] --END-- [ RunTime:0.000042s ]

[ 2017-11-21T10:38:31+08:00 ] 119.6.239.25 /
INFO: [ app_init ] --START--
INFO: Run Behavior\BuildLiteBehavior [ RunTime:0.000011s ]
INFO: [ app_init ] --END-- [ RunTime:0.000050s ]
INFO: [ app_begin ] --START--
INFO: Run Behavior\ReadHtmlCacheBehavior [ RunTime:0.000029s ]
INFO: [ app_begin ] --END-- [ RunTime:0.000051s ]
NOTIC: [8] Undefined offset: 1 /www/web/order/Application/Home/Controller/GlobalController.class.php 第 253 行.
NOTIC: [8] Undefined index: timestamp /www/web/order/ThinkPHP/Library/Com/Wechat.class.php 第 299 行.
NOTIC: [8] Undefined index: nonce /www/web/order/ThinkPHP/Library/Com/Wechat.class.php 第 299 行.
NOTIC: [8] Undefined index: signature /www/web/order/ThinkPHP/Library/Com/Wechat.class.php 第 300 行.

[ 2017-11-21T11:13:35+08:00 ] 106.11.225.112 /
INFO: [ app_init ] --START--
INFO: Run Behavior\BuildLiteBehavior [ RunTime:0.000011s ]
INFO: [ app_init ] --END-- [ RunTime:0.000050s ]
INFO: [ app_begin ] --START--
INFO: Run Behavior\ReadHtmlCacheBehavior [ RunTime:0.000028s ]
INFO: [ app_begin ] --END-- [ RunTime:0.000050s ]
NOTIC: [8] Undefined offset: 1 /www/web/order/Application/Home/Controller/GlobalController.class.php 第 253 行.
NOTIC: [8] Undefined index: timestamp /www/web/order/ThinkPHP/Library/Com/Wechat.class.php 第 299 行.
NOTIC: [8] Undefined index: nonce /www/web/order/ThinkPHP/Library/Com/Wechat.class.php 第 299 行.
NOTIC: [8] Undefined index: signature /www/web/order/ThinkPHP/Library/Com/Wechat.class.php 第 300 行.

[ 2017-11-21T11:14:54+08:00 ] 221.226.125.130 /favicon.ico
INFO: [ app_init ] --START--
INFO: Run Behavior\BuildLiteBehavior [ RunTime:0.000010s ]
INFO: [ app_init ] --END-- [ RunTime:0.000048s ]

[ 2017-11-21T12:01:52+08:00 ] 140.207.54.75 /index.php?signature=3ecadc63dc6972bd7e348a3a673b6925f08c926f&timestamp=1511236912&nonce=982766783&openid=oK3GO0zhb3KycaVwZhNMnfg2O_64&encrypt_type=aes&msg_signature=605aafab146f5095c057f005992cc3db21e12496
INFO: [ app_init ] --START--
INFO: Run Behavior\BuildLiteBehavior [ RunTime:0.000011s ]
INFO: [ app_init ] --END-- [ RunTime:0.000061s ]
INFO: [ app_begin ] --START--
INFO: Run Behavior\ReadHtmlCacheBehavior [ RunTime:0.000035s ]
INFO: [ app_begin ] --END-- [ RunTime:0.000062s ]
NOTIC: [8] Undefined offset: 1 /www/web/order/Application/Home/Controller/GlobalController.class.php 第 253 行.
SQL: SHOW COLUMNS FROM `user` [ RunTime:0.0008s ]
SQL: SELECT * FROM `user` WHERE ( openid='oK3GO0zhb3KycaVwZhNMnfg2O_64' )  [ RunTime:0.0002s ]
NOTIC: [2] file_put_contents(a.log): failed to open stream: Permission denied /www/web/order/Application/Home/Controller/GlobalController.class.php 第 133 行.
NOTIC: [2] file_put_contents(a.log): failed to open stream: Permission denied /www/web/order/Application/Home/Controller/GlobalController.class.php 第 135 行.
NOTIC: [2] file_put_contents(./token_2017_11_21.json): failed to open stream: Permission denied /www/web/order/ThinkPHP/Library/Com/WechatAuth.class.php 第 132 行.
NOTIC: [2] file_put_contents(./error.json): failed to open stream: Permission denied /www/web/order/Application/Home/Controller/GlobalController.class.php 第 73 行.

[ 2017-11-21T12:01:55+08:00 ] 140.207.54.76 /index.php?signature=f0537c6391c1b9feb0140a1c4c4f2c193ddd3f25&timestamp=1511236915&nonce=305987764&openid=oK3GO0zhb3KycaVwZhNMnfg2O_64&encrypt_type=aes&msg_signature=f99148fe4ee168d36df56e98899c403f6e9bdb6e
INFO: [ app_init ] --START--
INFO: Run Behavior\BuildLiteBehavior [ RunTime:0.000012s ]
INFO: [ app_init ] --END-- [ RunTime:0.000054s ]
INFO: [ app_begin ] --START--
INFO: Run Behavior\ReadHtmlCacheBehavior [ RunTime:0.000025s ]
INFO: [ app_begin ] --END-- [ RunTime:0.000047s ]
NOTIC: [8] Undefined offset: 1 /www/web/order/Application/Home/Controller/GlobalController.class.php 第 253 行.
NOTIC: [8] Use of undefined constant self - assumed 'self' /www/web/order/ThinkPHP/Library/Com/Wechat.class.php 第 156 行.

[ 2017-11-21T16:28:32+08:00 ] 140.207.54.76 /index.php?signature=c36e6ecd41e7e3419df354a6976a5104758254b4&timestamp=1511252911&nonce=797018320&openid=oK3GO09sSB_lSPQRdjpehOgHejaI&encrypt_type=aes&msg_signature=a18f99182421dfa6d4fd2572965737528a17cc2a
INFO: [ app_init ] --START--
INFO: Run Behavior\BuildLiteBehavior [ RunTime:0.000011s ]
INFO: [ app_init ] --END-- [ RunTime:0.000053s ]
INFO: [ app_begin ] --START--
INFO: Run Behavior\ReadHtmlCacheBehavior [ RunTime:0.000027s ]
INFO: [ app_begin ] --END-- [ RunTime:0.000058s ]
NOTIC: [8] Undefined offset: 1 /www/web/order/Application/Home/Controller/GlobalController.class.php 第 253 行.
SQL: SHOW COLUMNS FROM `user` [ RunTime:0.0010s ]
SQL: SELECT * FROM `user` WHERE ( openid='oK3GO09sSB_lSPQRdjpehOgHejaI' )  [ RunTime:0.0002s ]
NOTIC: [2] file_put_contents(a.log): failed to open stream: Permission denied /www/web/order/Application/Home/Controller/GlobalController.class.php 第 133 行.
NOTIC: [2] file_put_contents(a.log): failed to open stream: Permission denied /www/web/order/Application/Home/Controller/GlobalController.class.php 第 135 行.
NOTIC: [2] file_put_contents(./token_2017_11_21.json): failed to open stream: Permission denied /www/web/order/ThinkPHP/Library/Com/WechatAuth.class.php 第 132 行.
NOTIC: [2] file_put_contents(./error.json): failed to open stream: Permission denied /www/web/order/Application/Home/Controller/GlobalController.class.php 第 73 行.

[ 2017-11-21T18:11:56+08:00 ] 140.207.54.76 /index.php?signature=020d40912eda3b4e206e2abf53c76b2de97de3d4&timestamp=1511259115&nonce=106534824&openid=oK3GO0zhb3KycaVwZhNMnfg2O_64&encrypt_type=aes&msg_signature=c2aab7b115034f61b7517c5c58942f4cce30d4c5
INFO: [ app_init ] --START--
INFO: Run Behavior\BuildLiteBehavior [ RunTime:0.000019s ]
INFO: [ app_init ] --END-- [ RunTime:0.000093s ]
INFO: [ app_begin ] --START--
INFO: Run Behavior\ReadHtmlCacheBehavior [ RunTime:0.000056s ]
INFO: [ app_begin ] --END-- [ RunTime:0.000087s ]
NOTIC: [8] Undefined offset: 1 /www/web/order/Application/Home/Controller/GlobalController.class.php 第 253 行.
NOTIC: [8] Use of undefined constant self - assumed 'self' /www/web/order/ThinkPHP/Library/Com/Wechat.class.php 第 156 行.

[ 2017-11-21T18:11:56+08:00 ] 175.175.95.12 /index.php/task/sendtask.html?code=0613hxfo1m8Kjk0KYRfo1FXLfo13hxfO&state=h5_1461051704
INFO: [ app_init ] --START--
INFO: Run Behavior\BuildLiteBehavior [ RunTime:0.000013s ]
INFO: [ app_init ] --END-- [ RunTime:0.000067s ]
INFO: [ app_begin ] --START--
INFO: Run Behavior\ReadHtmlCacheBehavior [ RunTime:0.000028s ]
INFO: [ app_begin ] --END-- [ RunTime:0.000066s ]
NOTIC: [2048] Declaration of Home\Controller\TaskController::getcityinfo() should be compatible with Home\Controller\GlobalController::getCityInfo($provinceId) /www/web/order/Application/Home/Controller/TaskController.class.php 第 4 行.
ERR: SQLSTATE[HY000] [2002] Connection refused

[ 2017-11-21T18:11:58+08:00 ] 140.207.54.75 /index.php?signature=8eb27a19c512b32f17ab4bebd71c9e19407ca51c&timestamp=1511259118&nonce=469452470&openid=oK3GO0zhb3KycaVwZhNMnfg2O_64&encrypt_type=aes&msg_signature=6386e0da688145cebd78bc048f7dd8f3d70ad9a7
INFO: [ app_init ] --START--
INFO: Run Behavior\BuildLiteBehavior [ RunTime:0.000013s ]
INFO: [ app_init ] --END-- [ RunTime:0.000083s ]
INFO: [ app_begin ] --START--
INFO: Run Behavior\ReadHtmlCacheBehavior [ RunTime:0.000024s ]
INFO: [ app_begin ] --END-- [ RunTime:0.000049s ]
NOTIC: [8] Undefined offset: 1 /www/web/order/Application/Home/Controller/GlobalController.class.php 第 253 行.
NOTIC: [8] Use of undefined constant self - assumed 'self' /www/web/order/ThinkPHP/Library/Com/Wechat.class.php 第 156 行.

[ 2017-11-21T18:11:58+08:00 ] 175.175.95.12 /index.php/task/sendtask.html?code=001Fp3nC0n18Cg2cXqkC0kN4nC0Fp3nW&state=h5_1461051704
INFO: [ app_init ] --START--
INFO: Run Behavior\BuildLiteBehavior [ RunTime:0.000013s ]
INFO: [ app_init ] --END-- [ RunTime:0.000066s ]
INFO: [ app_begin ] --START--
INFO: Run Behavior\ReadHtmlCacheBehavior [ RunTime:0.000028s ]
INFO: [ app_begin ] --END-- [ RunTime:0.000055s ]
NOTIC: [2048] Declaration of Home\Controller\TaskController::getcityinfo() should be compatible with Home\Controller\GlobalController::getCityInfo($provinceId) /www/web/order/Application/Home/Controller/TaskController.class.php 第 4 行.
ERR: SQLSTATE[HY000] [2002] Connection refused

[ 2017-11-21T20:33:07+08:00 ] 140.207.54.75 /index.php?signature=4973f82e9a08ac5d73a754459d21073e0535d4da&timestamp=1511267587&nonce=473357083&openid=oK3GO09sSB_lSPQRdjpehOgHejaI&encrypt_type=aes&msg_signature=01ab06c42688f40e5718bc9fa22b29fc936bdcd9
INFO: [ app_init ] --START--
INFO: Run Behavior\BuildLiteBehavior [ RunTime:0.000012s ]
INFO: [ app_init ] --END-- [ RunTime:0.000055s ]
INFO: [ app_begin ] --START--
INFO: Run Behavior\ReadHtmlCacheBehavior [ RunTime:0.000038s ]
INFO: [ app_begin ] --END-- [ RunTime:0.000071s ]
NOTIC: [8] Undefined offset: 1 /www/web/order/Application/Home/Controller/GlobalController.class.php 第 253 行.
NOTIC: [8] Use of undefined constant self - assumed 'self' /www/web/order/ThinkPHP/Library/Com/Wechat.class.php 第 156 行.

[ 2017-11-21T20:33:08+08:00 ] 14.116.133.171 /index.php/task/sendtask.html?code=001HzgdA0oJCph1mmneA0XtsdA0Hzgd9&state=h5_1461051704
INFO: [ app_init ] --START--
INFO: Run Behavior\BuildLiteBehavior [ RunTime:0.000009s ]
INFO: [ app_init ] --END-- [ RunTime:0.000043s ]
INFO: [ app_begin ] --START--
INFO: Run Behavior\ReadHtmlCacheBehavior [ RunTime:0.000022s ]
INFO: [ app_begin ] --END-- [ RunTime:0.000043s ]
NOTIC: [2048] Declaration of Home\Controller\TaskController::getcityinfo() should be compatible with Home\Controller\GlobalController::getCityInfo($provinceId) /www/web/order/Application/Home/Controller/TaskController.class.php 第 4 行.
SQL: SHOW COLUMNS FROM `company` [ RunTime:0.0004s ]
SQL: SELECT * FROM `company` WHERE ( status=1 )  [ RunTime:0.0001s ]
SQL: SHOW COLUMNS FROM `jobtype` [ RunTime:0.0003s ]
SQL: SELECT * FROM `jobtype` WHERE ( status=1 )  [ RunTime:0.0000s ]
INFO: [ view_parse ] --START--
INFO: [ template_filter ] --START--
INFO: Run Behavior\ContentReplaceBehavior [ RunTime:0.000024s ]
INFO: [ template_filter ] --END-- [ RunTime:0.000056s ]
INFO: Run Behavior\ParseTemplateBehavior [ RunTime:0.016214s ]
INFO: [ view_parse ] --END-- [ RunTime:0.016241s ]
INFO: [ view_filter ] --START--
INFO: Run Behavior\WriteHtmlCacheBehavior [ RunTime:0.000028s ]
INFO: [ view_filter ] --END-- [ RunTime:0.000043s ]

[ 2017-11-21T20:33:11+08:00 ] 14.116.133.171 /task/index.html
INFO: [ app_init ] --START--
INFO: Run Behavior\BuildLiteBehavior [ RunTime:0.000008s ]
INFO: [ app_init ] --END-- [ RunTime:0.000042s ]
INFO: [ app_begin ] --START--
INFO: Run Behavior\ReadHtmlCacheBehavior [ RunTime:0.000022s ]
INFO: [ app_begin ] --END-- [ RunTime:0.000043s ]
NOTIC: [2048] Declaration of Home\Controller\TaskController::getcityinfo() should be compatible with Home\Controller\GlobalController::getCityInfo($provinceId) /www/web/order/Application/Home/Controller/TaskController.class.php 第 4 行.
SQL: SHOW COLUMNS FROM `company` [ RunTime:0.0004s ]
SQL: SELECT * FROM `company` WHERE ( status=1 )  [ RunTime:0.0001s ]
SQL: SHOW COLUMNS FROM `jobtype` [ RunTime:0.0003s ]
SQL: SELECT * FROM `jobtype` WHERE ( status=1 )  [ RunTime:0.0001s ]

[ 2017-11-21T20:33:14+08:00 ] 140.207.54.75 /index.php?signature=d818cb4f27caab10c6ef15019a02e80b5ff04b8f&timestamp=1511267594&nonce=2104480310&openid=oK3GO09sSB_lSPQRdjpehOgHejaI&encrypt_type=aes&msg_signature=ae2ef0dfa70042e8b1cdd324668c628375096269
INFO: [ app_init ] --START--
INFO: Run Behavior\BuildLiteBehavior [ RunTime:0.000014s ]
INFO: [ app_init ] --END-- [ RunTime:0.000064s ]
INFO: [ app_begin ] --START--
INFO: Run Behavior\ReadHtmlCacheBehavior [ RunTime:0.000027s ]
INFO: [ app_begin ] --END-- [ RunTime:0.000054s ]
NOTIC: [8] Undefined offset: 1 /www/web/order/Application/Home/Controller/GlobalController.class.php 第 253 行.
NOTIC: [8] Use of undefined constant self - assumed 'self' /www/web/order/ThinkPHP/Library/Com/Wechat.class.php 第 156 行.

[ 2017-11-21T20:33:14+08:00 ] 14.116.133.171 /index.php/task/sendtask.html?code=021RBl8H0ZQsel2l7I8H0Rfs8H0RBl8x&state=h5_1461051704
INFO: [ app_init ] --START--
INFO: Run Behavior\BuildLiteBehavior [ RunTime:0.000010s ]
INFO: [ app_init ] --END-- [ RunTime:0.000043s ]
INFO: [ app_begin ] --START--
INFO: Run Behavior\ReadHtmlCacheBehavior [ RunTime:0.000023s ]
INFO: [ app_begin ] --END-- [ RunTime:0.000043s ]
NOTIC: [2048] Declaration of Home\Controller\TaskController::getcityinfo() should be compatible with Home\Controller\GlobalController::getCityInfo($provinceId) /www/web/order/Application/Home/Controller/TaskController.class.php 第 4 行.
SQL: SHOW COLUMNS FROM `company` [ RunTime:0.0004s ]
SQL: SELECT * FROM `company` WHERE ( status=1 )  [ RunTime:0.0001s ]
SQL: SHOW COLUMNS FROM `jobtype` [ RunTime:0.0003s ]
SQL: SELECT * FROM `jobtype` WHERE ( status=1 )  [ RunTime:0.0001s ]
INFO: [ view_parse ] --START--
INFO: [ template_filter ] --START--
INFO: Run Behavior\ContentReplaceBehavior [ RunTime:0.000024s ]
INFO: [ template_filter ] --END-- [ RunTime:0.000049s ]
INFO: Run Behavior\ParseTemplateBehavior [ RunTime:0.001318s ]
INFO: [ view_parse ] --END-- [ RunTime:0.001345s ]
INFO: [ view_filter ] --START--
INFO: Run Behavior\WriteHtmlCacheBehavior [ RunTime:0.000026s ]
INFO: [ view_filter ] --END-- [ RunTime:0.000042s ]

[ 2017-11-21T20:33:21+08:00 ] 120.204.17.69 /task/index.html
INFO: [ app_init ] --START--
INFO: Run Behavior\BuildLiteBehavior [ RunTime:0.000029s ]
INFO: [ app_init ] --END-- [ RunTime:0.000093s ]
INFO: [ app_begin ] --START--
INFO: Run Behavior\ReadHtmlCacheBehavior [ RunTime:0.000056s ]
INFO: [ app_begin ] --END-- [ RunTime:0.000092s ]
NOTIC: [2048] Declaration of Home\Controller\TaskController::getcityinfo() should be compatible with Home\Controller\GlobalController::getCityInfo($provinceId) /www/web/order/Application/Home/Controller/TaskController.class.php 第 4 行.
SQL: SHOW COLUMNS FROM `company` [ RunTime:0.0006s ]
SQL: SELECT * FROM `company` WHERE ( status=1 )  [ RunTime:0.0002s ]
SQL: SHOW COLUMNS FROM `jobtype` [ RunTime:0.0003s ]
SQL: SELECT * FROM `jobtype` WHERE ( status=1 )  [ RunTime:0.0001s ]

[ 2017-11-21T20:37:15+08:00 ] 140.207.54.76 /index.php?signature=7c3aca1da387114861165801801f1f24732371c2&timestamp=1511267835&nonce=132855230&openid=oK3GO09sSB_lSPQRdjpehOgHejaI&encrypt_type=aes&msg_signature=e9f5233188270253a12232f1639cba4925fd575a
INFO: [ app_init ] --START--
INFO: Run Behavior\BuildLiteBehavior [ RunTime:0.000010s ]
INFO: [ app_init ] --END-- [ RunTime:0.000044s ]
INFO: [ app_begin ] --START--
INFO: Run Behavior\ReadHtmlCacheBehavior [ RunTime:0.000025s ]
INFO: [ app_begin ] --END-- [ RunTime:0.000044s ]
NOTIC: [8] Undefined offset: 1 /www/web/order/Application/Home/Controller/GlobalController.class.php 第 253 行.
NOTIC: [8] Use of undefined constant self - assumed 'self' /www/web/order/ThinkPHP/Library/Com/Wechat.class.php 第 156 行.

[ 2017-11-21T20:37:16+08:00 ] 14.116.133.171 /index.php/task/sendtask.html?code=08141xPj1ALTsk0uwOPj1JJLPj141xPD&state=h5_1461051704
INFO: [ app_init ] --START--
INFO: Run Behavior\BuildLiteBehavior [ RunTime:0.000008s ]
INFO: [ app_init ] --END-- [ RunTime:0.000043s ]
INFO: [ app_begin ] --START--
INFO: Run Behavior\ReadHtmlCacheBehavior [ RunTime:0.000021s ]
INFO: [ app_begin ] --END-- [ RunTime:0.000043s ]
NOTIC: [2048] Declaration of Home\Controller\TaskController::getcityinfo() should be compatible with Home\Controller\GlobalController::getCityInfo($provinceId) /www/web/order/Application/Home/Controller/TaskController.class.php 第 4 行.
SQL: SHOW COLUMNS FROM `company` [ RunTime:0.0004s ]
SQL: SELECT * FROM `company` WHERE ( status=1 )  [ RunTime:0.0001s ]
SQL: SHOW COLUMNS FROM `jobtype` [ RunTime:0.0003s ]
SQL: SELECT * FROM `jobtype` WHERE ( status=1 )  [ RunTime:0.0001s ]
INFO: [ view_parse ] --START--
INFO: [ template_filter ] --START--
INFO: Run Behavior\ContentReplaceBehavior [ RunTime:0.000022s ]
INFO: [ template_filter ] --END-- [ RunTime:0.000046s ]
INFO: Run Behavior\ParseTemplateBehavior [ RunTime:0.001182s ]
INFO: [ view_parse ] --END-- [ RunTime:0.001208s ]
INFO: [ view_filter ] --START--
INFO: Run Behavior\WriteHtmlCacheBehavior [ RunTime:0.000030s ]
INFO: [ view_filter ] --END-- [ RunTime:0.000046s ]

[ 2017-11-21T20:37:18+08:00 ] 14.116.133.171 /task/index.html
INFO: [ app_init ] --START--
INFO: Run Behavior\BuildLiteBehavior [ RunTime:0.000010s ]
INFO: [ app_init ] --END-- [ RunTime:0.000042s ]
INFO: [ app_begin ] --START--
INFO: Run Behavior\ReadHtmlCacheBehavior [ RunTime:0.000019s ]
INFO: [ app_begin ] --END-- [ RunTime:0.000039s ]
NOTIC: [2048] Declaration of Home\Controller\TaskController::getcityinfo() should be compatible with Home\Controller\GlobalController::getCityInfo($provinceId) /www/web/order/Application/Home/Controller/TaskController.class.php 第 4 行.
SQL: SHOW COLUMNS FROM `company` [ RunTime:0.0004s ]
SQL: SELECT * FROM `company` WHERE ( status=1 )  [ RunTime:0.0001s ]
SQL: SHOW COLUMNS FROM `jobtype` [ RunTime:0.0002s ]
SQL: SELECT * FROM `jobtype` WHERE ( status=1 )  [ RunTime:0.0000s ]

[ 2017-11-21T20:37:23+08:00 ] 140.207.54.76 /index.php?signature=3be58305984582ead140d70bc6ba619f4918f338&timestamp=1511267843&nonce=1310849864&openid=oK3GO09sSB_lSPQRdjpehOgHejaI&encrypt_type=aes&msg_signature=39d080b7e2fa75a4a2986134ec6601ad12346427
INFO: [ app_init ] --START--
INFO: Run Behavior\BuildLiteBehavior [ RunTime:0.000011s ]
INFO: [ app_init ] --END-- [ RunTime:0.000047s ]
INFO: [ app_begin ] --START--
INFO: Run Behavior\ReadHtmlCacheBehavior [ RunTime:0.000022s ]
INFO: [ app_begin ] --END-- [ RunTime:0.000043s ]
NOTIC: [8] Undefined offset: 1 /www/web/order/Application/Home/Controller/GlobalController.class.php 第 253 行.
NOTIC: [8] Use of undefined constant self - assumed 'self' /www/web/order/ThinkPHP/Library/Com/Wechat.class.php 第 156 行.

[ 2017-11-21T20:37:23+08:00 ] 14.116.133.171 /index.php/task/sendtask.html?code=071TaEND0CzWud2gvCMD00ZmND0TaENb&state=h5_1461051704
INFO: [ app_init ] --START--
INFO: Run Behavior\BuildLiteBehavior [ RunTime:0.000017s ]
INFO: [ app_init ] --END-- [ RunTime:0.000054s ]
INFO: [ app_begin ] --START--
INFO: Run Behavior\ReadHtmlCacheBehavior [ RunTime:0.000023s ]
INFO: [ app_begin ] --END-- [ RunTime:0.000043s ]
NOTIC: [2048] Declaration of Home\Controller\TaskController::getcityinfo() should be compatible with Home\Controller\GlobalController::getCityInfo($provinceId) /www/web/order/Application/Home/Controller/TaskController.class.php 第 4 行.
SQL: SHOW COLUMNS FROM `company` [ RunTime:0.0004s ]
SQL: SELECT * FROM `company` WHERE ( status=1 )  [ RunTime:0.0001s ]
SQL: SHOW COLUMNS FROM `jobtype` [ RunTime:0.0003s ]
SQL: SELECT * FROM `jobtype` WHERE ( status=1 )  [ RunTime:0.0000s ]
INFO: [ view_parse ] --START--
INFO: [ template_filter ] --START--
INFO: Run Behavior\ContentReplaceBehavior [ RunTime:0.000023s ]
INFO: [ template_filter ] --END-- [ RunTime:0.000056s ]
INFO: Run Behavior\ParseTemplateBehavior [ RunTime:0.001159s ]
INFO: [ view_parse ] --END-- [ RunTime:0.001188s ]
INFO: [ view_filter ] --START--
INFO: Run Behavior\WriteHtmlCacheBehavior [ RunTime:0.000035s ]
INFO: [ view_filter ] --END-- [ RunTime:0.000050s ]

[ 2017-11-21T20:37:25+08:00 ] 14.116.133.171 /task/index.html
INFO: [ app_init ] --START--
INFO: Run Behavior\BuildLiteBehavior [ RunTime:0.000029s ]
INFO: [ app_init ] --END-- [ RunTime:0.000064s ]
INFO: [ app_begin ] --START--
INFO: Run Behavior\ReadHtmlCacheBehavior [ RunTime:0.000023s ]
INFO: [ app_begin ] --END-- [ RunTime:0.000043s ]
NOTIC: [2048] Declaration of Home\Controller\TaskController::getcityinfo() should be compatible with Home\Controller\GlobalController::getCityInfo($provinceId) /www/web/order/Application/Home/Controller/TaskController.class.php 第 4 行.
SQL: SHOW COLUMNS FROM `company` [ RunTime:0.0004s ]
SQL: SELECT * FROM `company` WHERE ( status=1 )  [ RunTime:0.0001s ]
SQL: SHOW COLUMNS FROM `jobtype` [ RunTime:0.0003s ]
SQL: SELECT * FROM `jobtype` WHERE ( status=1 )  [ RunTime:0.0001s ]

[ 2017-11-21T22:34:14+08:00 ] 121.229.145.23 /favicon.ico
INFO: [ app_init ] --START--
INFO: Run Behavior\BuildLiteBehavior [ RunTime:0.000009s ]
INFO: [ app_init ] --END-- [ RunTime:0.000043s ]

[ 2017-11-21T22:34:19+08:00 ] 121.229.145.23 /favicon.ico
INFO: [ app_init ] --START--
INFO: Run Behavior\BuildLiteBehavior [ RunTime:0.000009s ]
INFO: [ app_init ] --END-- [ RunTime:0.000040s ]

