[ 2017-11-26T00:05:41+08:00 ] 140.207.54.79 /index.php?signature=f54f06e80d9e2cb128e710a6caf2de30d53d22e8&timestamp=1511625941&nonce=1181950270&openid=oK3GO05Qe3U_6Oaf-z27JjRQaMFY&encrypt_type=aes&msg_signature=de72150d4a43f1a137b623ded1175a744872665b
INFO: [ app_init ] --START--
INFO: Run Behavior\BuildLiteBehavior [ RunTime:0.000009s ]
INFO: [ app_init ] --END-- [ RunTime:0.000046s ]
INFO: [ app_begin ] --START--
INFO: Run Behavior\ReadHtmlCacheBehavior [ RunTime:0.000029s ]
INFO: [ app_begin ] --END-- [ RunTime:0.000064s ]
NOTIC: [8] Undefined offset: 1 /www/web/order/Application/Home/Controller/GlobalController.class.php 第 253 行.
NOTIC: [8] Use of undefined constant self - assumed 'self' /www/web/order/ThinkPHP/Library/Com/Wechat.class.php 第 156 行.

[ 2017-11-26T00:05:41+08:00 ] 122.157.224.197 /index.php/task/sendtask.html?code=071YAhC71lgOgT13tYD71RMbC71YAhCQ&state=h5_1461051704
INFO: [ app_init ] --START--
INFO: Run Behavior\BuildLiteBehavior [ RunTime:0.000009s ]
INFO: [ app_init ] --END-- [ RunTime:0.000043s ]
INFO: [ app_begin ] --START--
INFO: Run Behavior\ReadHtmlCacheBehavior [ RunTime:0.000021s ]
INFO: [ app_begin ] --END-- [ RunTime:0.000043s ]
NOTIC: [2048] Declaration of Home\Controller\TaskController::getcityinfo() should be compatible with Home\Controller\GlobalController::getCityInfo($provinceId) /www/web/order/Application/Home/Controller/TaskController.class.php 第 4 行.
SQL: SHOW COLUMNS FROM `company` [ RunTime:0.0008s ]
SQL: SELECT * FROM `company` WHERE ( status=1 )  [ RunTime:0.0001s ]
SQL: SHOW COLUMNS FROM `jobtype` [ RunTime:0.0006s ]
SQL: SELECT * FROM `jobtype` WHERE ( status=1 )  [ RunTime:0.0001s ]
INFO: [ view_parse ] --START--
INFO: [ template_filter ] --START--
INFO: Run Behavior\ContentReplaceBehavior [ RunTime:0.000023s ]
INFO: [ template_filter ] --END-- [ RunTime:0.000047s ]
INFO: Run Behavior\ParseTemplateBehavior [ RunTime:0.001452s ]
INFO: [ view_parse ] --END-- [ RunTime:0.001480s ]
INFO: [ view_filter ] --START--
INFO: Run Behavior\WriteHtmlCacheBehavior [ RunTime:0.000031s ]
INFO: [ view_filter ] --END-- [ RunTime:0.000048s ]

[ 2017-11-26T00:05:44+08:00 ] 140.207.54.80 /index.php?signature=1089eb38a048bb78c8cbd0aefa2971e647ee7010&timestamp=1511625944&nonce=824057426&openid=oK3GO05Qe3U_6Oaf-z27JjRQaMFY&encrypt_type=aes&msg_signature=e669e618b5fa099603a3942bc974d48302b70c17
INFO: [ app_init ] --START--
INFO: Run Behavior\BuildLiteBehavior [ RunTime:0.000009s ]
INFO: [ app_init ] --END-- [ RunTime:0.000065s ]
INFO: [ app_begin ] --START--
INFO: Run Behavior\ReadHtmlCacheBehavior [ RunTime:0.000023s ]
INFO: [ app_begin ] --END-- [ RunTime:0.000045s ]
NOTIC: [8] Undefined offset: 1 /www/web/order/Application/Home/Controller/GlobalController.class.php 第 253 行.
NOTIC: [8] Use of undefined constant self - assumed 'self' /www/web/order/ThinkPHP/Library/Com/Wechat.class.php 第 156 行.

[ 2017-11-26T00:05:45+08:00 ] 122.157.224.197 /index.php/task/sendtask.html?code=021T2VAI1l95390rHtDI1FbEAI1T2VAC&state=h5_1461051704
INFO: [ app_init ] --START--
INFO: Run Behavior\BuildLiteBehavior [ RunTime:0.000009s ]
INFO: [ app_init ] --END-- [ RunTime:0.000046s ]
INFO: [ app_begin ] --START--
INFO: Run Behavior\ReadHtmlCacheBehavior [ RunTime:0.000024s ]
INFO: [ app_begin ] --END-- [ RunTime:0.000047s ]
NOTIC: [2048] Declaration of Home\Controller\TaskController::getcityinfo() should be compatible with Home\Controller\GlobalController::getCityInfo($provinceId) /www/web/order/Application/Home/Controller/TaskController.class.php 第 4 行.
SQL: SHOW COLUMNS FROM `company` [ RunTime:0.0008s ]
SQL: SELECT * FROM `company` WHERE ( status=1 )  [ RunTime:0.0001s ]
SQL: SHOW COLUMNS FROM `jobtype` [ RunTime:0.0006s ]
SQL: SELECT * FROM `jobtype` WHERE ( status=1 )  [ RunTime:0.0001s ]
INFO: [ view_parse ] --START--
INFO: [ template_filter ] --START--
INFO: Run Behavior\ContentReplaceBehavior [ RunTime:0.000023s ]
INFO: [ template_filter ] --END-- [ RunTime:0.000049s ]
INFO: Run Behavior\ParseTemplateBehavior [ RunTime:0.001640s ]
INFO: [ view_parse ] --END-- [ RunTime:0.001667s ]
INFO: [ view_filter ] --START--
INFO: Run Behavior\WriteHtmlCacheBehavior [ RunTime:0.000027s ]
INFO: [ view_filter ] --END-- [ RunTime:0.000044s ]

[ 2017-11-26T00:05:57+08:00 ] 121.51.32.144 /index.php/task/sendtask.html
INFO: [ app_init ] --START--
INFO: Run Behavior\BuildLiteBehavior [ RunTime:0.000009s ]
INFO: [ app_init ] --END-- [ RunTime:0.000043s ]
INFO: [ app_begin ] --START--
INFO: Run Behavior\ReadHtmlCacheBehavior [ RunTime:0.000023s ]
INFO: [ app_begin ] --END-- [ RunTime:0.000045s ]
NOTIC: [2048] Declaration of Home\Controller\TaskController::getcityinfo() should be compatible with Home\Controller\GlobalController::getCityInfo($provinceId) /www/web/order/Application/Home/Controller/TaskController.class.php 第 4 行.
SQL: SHOW COLUMNS FROM `company` [ RunTime:0.0008s ]
SQL: SELECT * FROM `company` WHERE ( status=1 )  [ RunTime:0.0001s ]
SQL: SHOW COLUMNS FROM `jobtype` [ RunTime:0.0006s ]
SQL: SELECT * FROM `jobtype` WHERE ( status=1 )  [ RunTime:0.0001s ]
INFO: [ view_parse ] --START--
INFO: [ template_filter ] --START--
INFO: Run Behavior\ContentReplaceBehavior [ RunTime:0.000024s ]
INFO: [ template_filter ] --END-- [ RunTime:0.000049s ]
INFO: Run Behavior\ParseTemplateBehavior [ RunTime:0.001429s ]
INFO: [ view_parse ] --END-- [ RunTime:0.001459s ]
INFO: [ view_filter ] --START--
INFO: Run Behavior\WriteHtmlCacheBehavior [ RunTime:0.000024s ]
INFO: [ view_filter ] --END-- [ RunTime:0.000041s ]

[ 2017-11-26T00:08:59+08:00 ] 140.207.54.79 /index.php?signature=6f84dd7b04965ab2879015c7224a539a42668c2b&timestamp=1511626139&nonce=1867791057&openid=oK3GO05Qe3U_6Oaf-z27JjRQaMFY&encrypt_type=aes&msg_signature=a172acfe5cb377fb0f5946c6eb295c77ca62af82
INFO: [ app_init ] --START--
INFO: Run Behavior\BuildLiteBehavior [ RunTime:0.000010s ]
INFO: [ app_init ] --END-- [ RunTime:0.000041s ]
INFO: [ app_begin ] --START--
INFO: Run Behavior\ReadHtmlCacheBehavior [ RunTime:0.000034s ]
INFO: [ app_begin ] --END-- [ RunTime:0.000055s ]
NOTIC: [8] Undefined offset: 1 /www/web/order/Application/Home/Controller/GlobalController.class.php 第 253 行.
NOTIC: [8] Use of undefined constant self - assumed 'self' /www/web/order/ThinkPHP/Library/Com/Wechat.class.php 第 156 行.

[ 2017-11-26T00:08:59+08:00 ] 122.157.224.197 /index.php/task/sendtask.html?code=001x12Ig0VU79y1XfGIg07k5Ig0x12Ij&state=h5_1461051704
INFO: [ app_init ] --START--
INFO: Run Behavior\BuildLiteBehavior [ RunTime:0.000007s ]
INFO: [ app_init ] --END-- [ RunTime:0.000035s ]
INFO: [ app_begin ] --START--
INFO: Run Behavior\ReadHtmlCacheBehavior [ RunTime:0.000019s ]
INFO: [ app_begin ] --END-- [ RunTime:0.000041s ]
NOTIC: [2048] Declaration of Home\Controller\TaskController::getcityinfo() should be compatible with Home\Controller\GlobalController::getCityInfo($provinceId) /www/web/order/Application/Home/Controller/TaskController.class.php 第 4 行.
SQL: SHOW COLUMNS FROM `company` [ RunTime:0.0008s ]
SQL: SELECT * FROM `company` WHERE ( status=1 )  [ RunTime:0.0001s ]
SQL: SHOW COLUMNS FROM `jobtype` [ RunTime:0.0006s ]
SQL: SELECT * FROM `jobtype` WHERE ( status=1 )  [ RunTime:0.0001s ]
INFO: [ view_parse ] --START--
INFO: [ template_filter ] --START--
INFO: Run Behavior\ContentReplaceBehavior [ RunTime:0.000022s ]
INFO: [ template_filter ] --END-- [ RunTime:0.000046s ]
INFO: Run Behavior\ParseTemplateBehavior [ RunTime:0.001428s ]
INFO: [ view_parse ] --END-- [ RunTime:0.001456s ]
INFO: [ view_filter ] --START--
INFO: Run Behavior\WriteHtmlCacheBehavior [ RunTime:0.000030s ]
INFO: [ view_filter ] --END-- [ RunTime:0.000047s ]

[ 2017-11-26T00:10:58+08:00 ] 101.226.66.174 /index.php/task/sendtask.html
INFO: [ app_init ] --START--
INFO: Run Behavior\BuildLiteBehavior [ RunTime:0.000011s ]
INFO: [ app_init ] --END-- [ RunTime:0.000046s ]
INFO: [ app_begin ] --START--
INFO: Run Behavior\ReadHtmlCacheBehavior [ RunTime:0.000029s ]
INFO: [ app_begin ] --END-- [ RunTime:0.000052s ]
NOTIC: [2048] Declaration of Home\Controller\TaskController::getcityinfo() should be compatible with Home\Controller\GlobalController::getCityInfo($provinceId) /www/web/order/Application/Home/Controller/TaskController.class.php 第 4 行.
SQL: SHOW COLUMNS FROM `company` [ RunTime:0.0008s ]
SQL: SELECT * FROM `company` WHERE ( status=1 )  [ RunTime:0.0001s ]
SQL: SHOW COLUMNS FROM `jobtype` [ RunTime:0.0006s ]
SQL: SELECT * FROM `jobtype` WHERE ( status=1 )  [ RunTime:0.0001s ]
INFO: [ view_parse ] --START--
INFO: [ template_filter ] --START--
INFO: Run Behavior\ContentReplaceBehavior [ RunTime:0.000023s ]
INFO: [ template_filter ] --END-- [ RunTime:0.000047s ]
INFO: Run Behavior\ParseTemplateBehavior [ RunTime:0.001464s ]
INFO: [ view_parse ] --END-- [ RunTime:0.001492s ]
INFO: [ view_filter ] --START--
INFO: Run Behavior\WriteHtmlCacheBehavior [ RunTime:0.000036s ]
INFO: [ view_filter ] --END-- [ RunTime:0.000054s ]

[ 2017-11-26T00:11:49+08:00 ] 140.207.54.79 /index.php?signature=2ccacefa0d0c3511be89562e4d35b15ceb082561&timestamp=1511626309&nonce=1601265046&openid=oK3GO05Qe3U_6Oaf-z27JjRQaMFY&encrypt_type=aes&msg_signature=4b5972766170ac78cbcea70c22f8b38490e032b7
INFO: [ app_init ] --START--
INFO: Run Behavior\BuildLiteBehavior [ RunTime:0.000010s ]
INFO: [ app_init ] --END-- [ RunTime:0.000045s ]
INFO: [ app_begin ] --START--
INFO: Run Behavior\ReadHtmlCacheBehavior [ RunTime:0.000020s ]
INFO: [ app_begin ] --END-- [ RunTime:0.000041s ]
NOTIC: [8] Undefined offset: 1 /www/web/order/Application/Home/Controller/GlobalController.class.php 第 253 行.
NOTIC: [8] Use of undefined constant self - assumed 'self' /www/web/order/ThinkPHP/Library/Com/Wechat.class.php 第 156 行.

[ 2017-11-26T00:11:49+08:00 ] 122.157.224.197 /index.php/task/sendtask.html?code=011jgvUL1imfN41J44SL1n7zUL1jgvUd&state=h5_1461051704
INFO: [ app_init ] --START--
INFO: Run Behavior\BuildLiteBehavior [ RunTime:0.000016s ]
INFO: [ app_init ] --END-- [ RunTime:0.000048s ]
INFO: [ app_begin ] --START--
INFO: Run Behavior\ReadHtmlCacheBehavior [ RunTime:0.000022s ]
INFO: [ app_begin ] --END-- [ RunTime:0.000042s ]
NOTIC: [2048] Declaration of Home\Controller\TaskController::getcityinfo() should be compatible with Home\Controller\GlobalController::getCityInfo($provinceId) /www/web/order/Application/Home/Controller/TaskController.class.php 第 4 行.
SQL: SHOW COLUMNS FROM `company` [ RunTime:0.0008s ]
SQL: SELECT * FROM `company` WHERE ( status=1 )  [ RunTime:0.0001s ]
SQL: SHOW COLUMNS FROM `jobtype` [ RunTime:0.0006s ]
SQL: SELECT * FROM `jobtype` WHERE ( status=1 )  [ RunTime:0.0001s ]
INFO: [ view_parse ] --START--
INFO: [ template_filter ] --START--
INFO: Run Behavior\ContentReplaceBehavior [ RunTime:0.000024s ]
INFO: [ template_filter ] --END-- [ RunTime:0.000051s ]
INFO: Run Behavior\ParseTemplateBehavior [ RunTime:0.001719s ]
INFO: [ view_parse ] --END-- [ RunTime:0.001748s ]
INFO: [ view_filter ] --START--
INFO: Run Behavior\WriteHtmlCacheBehavior [ RunTime:0.000028s ]
INFO: [ view_filter ] --END-- [ RunTime:0.000046s ]

[ 2017-11-26T00:11:52+08:00 ] 122.157.224.197 /task/index.html
INFO: [ app_init ] --START--
INFO: Run Behavior\BuildLiteBehavior [ RunTime:0.000010s ]
INFO: [ app_init ] --END-- [ RunTime:0.000043s ]
INFO: [ app_begin ] --START--
INFO: Run Behavior\ReadHtmlCacheBehavior [ RunTime:0.000022s ]
INFO: [ app_begin ] --END-- [ RunTime:0.000043s ]
NOTIC: [2048] Declaration of Home\Controller\TaskController::getcityinfo() should be compatible with Home\Controller\GlobalController::getCityInfo($provinceId) /www/web/order/Application/Home/Controller/TaskController.class.php 第 4 行.
SQL: SHOW COLUMNS FROM `company` [ RunTime:0.0008s ]
SQL: SELECT * FROM `company` WHERE ( status=1 )  [ RunTime:0.0001s ]
SQL: SHOW COLUMNS FROM `jobtype` [ RunTime:0.0006s ]
SQL: SELECT * FROM `jobtype` WHERE ( status=1 )  [ RunTime:0.0001s ]

[ 2017-11-26T00:11:55+08:00 ] 140.207.54.80 /index.php?signature=acf3b926d1b6556b1147d7105979123810999891&timestamp=1511626315&nonce=901654815&openid=oK3GO05Qe3U_6Oaf-z27JjRQaMFY&encrypt_type=aes&msg_signature=bcd32b906c0e0d3830ffa74a273d058fc788a626
INFO: [ app_init ] --START--
INFO: Run Behavior\BuildLiteBehavior [ RunTime:0.000009s ]
INFO: [ app_init ] --END-- [ RunTime:0.000043s ]
INFO: [ app_begin ] --START--
INFO: Run Behavior\ReadHtmlCacheBehavior [ RunTime:0.000019s ]
INFO: [ app_begin ] --END-- [ RunTime:0.000040s ]
NOTIC: [8] Undefined offset: 1 /www/web/order/Application/Home/Controller/GlobalController.class.php 第 253 行.
NOTIC: [8] Use of undefined constant self - assumed 'self' /www/web/order/ThinkPHP/Library/Com/Wechat.class.php 第 156 行.

[ 2017-11-26T00:11:55+08:00 ] 122.157.224.197 /index.php/task/sendtask.html?code=081lsnAm062s0m1iYTzm0N0mAm0lsnAL&state=h5_1461051704
INFO: [ app_init ] --START--
INFO: Run Behavior\BuildLiteBehavior [ RunTime:0.000007s ]
INFO: [ app_init ] --END-- [ RunTime:0.000037s ]
INFO: [ app_begin ] --START--
INFO: Run Behavior\ReadHtmlCacheBehavior [ RunTime:0.000021s ]
INFO: [ app_begin ] --END-- [ RunTime:0.000042s ]
NOTIC: [2048] Declaration of Home\Controller\TaskController::getcityinfo() should be compatible with Home\Controller\GlobalController::getCityInfo($provinceId) /www/web/order/Application/Home/Controller/TaskController.class.php 第 4 行.
SQL: SHOW COLUMNS FROM `company` [ RunTime:0.0008s ]
SQL: SELECT * FROM `company` WHERE ( status=1 )  [ RunTime:0.0001s ]
SQL: SHOW COLUMNS FROM `jobtype` [ RunTime:0.0006s ]
SQL: SELECT * FROM `jobtype` WHERE ( status=1 )  [ RunTime:0.0001s ]
INFO: [ view_parse ] --START--
INFO: [ template_filter ] --START--
INFO: Run Behavior\ContentReplaceBehavior [ RunTime:0.000022s ]
INFO: [ template_filter ] --END-- [ RunTime:0.000046s ]
INFO: Run Behavior\ParseTemplateBehavior [ RunTime:0.001417s ]
INFO: [ view_parse ] --END-- [ RunTime:0.001446s ]
INFO: [ view_filter ] --START--
INFO: Run Behavior\WriteHtmlCacheBehavior [ RunTime:0.000024s ]
INFO: [ view_filter ] --END-- [ RunTime:0.000041s ]

[ 2017-11-26T00:12:02+08:00 ] 120.204.17.71 /task/index.html
INFO: [ app_init ] --START--
INFO: Run Behavior\BuildLiteBehavior [ RunTime:0.000010s ]
INFO: [ app_init ] --END-- [ RunTime:0.000043s ]
INFO: [ app_begin ] --START--
INFO: Run Behavior\ReadHtmlCacheBehavior [ RunTime:0.000030s ]
INFO: [ app_begin ] --END-- [ RunTime:0.000052s ]
NOTIC: [2048] Declaration of Home\Controller\TaskController::getcityinfo() should be compatible with Home\Controller\GlobalController::getCityInfo($provinceId) /www/web/order/Application/Home/Controller/TaskController.class.php 第 4 行.
SQL: SHOW COLUMNS FROM `company` [ RunTime:0.0008s ]
SQL: SELECT * FROM `company` WHERE ( status=1 )  [ RunTime:0.0001s ]
SQL: SHOW COLUMNS FROM `jobtype` [ RunTime:0.0007s ]
SQL: SELECT * FROM `jobtype` WHERE ( status=1 )  [ RunTime:0.0001s ]

[ 2017-11-26T00:12:13+08:00 ] 140.207.54.79 /index.php?signature=90abb9ddc2048d8140370069ec8b2614e80d3c17&timestamp=1511626333&nonce=342528416&openid=oK3GO05Qe3U_6Oaf-z27JjRQaMFY&encrypt_type=aes&msg_signature=74d550a19f240c6906811890f7524cd9782130aa
INFO: [ app_init ] --START--
INFO: Run Behavior\BuildLiteBehavior [ RunTime:0.000010s ]
INFO: [ app_init ] --END-- [ RunTime:0.000046s ]
INFO: [ app_begin ] --START--
INFO: Run Behavior\ReadHtmlCacheBehavior [ RunTime:0.000021s ]
INFO: [ app_begin ] --END-- [ RunTime:0.000041s ]
NOTIC: [8] Undefined offset: 1 /www/web/order/Application/Home/Controller/GlobalController.class.php 第 253 行.
SQL: SHOW COLUMNS FROM `user` [ RunTime:0.0008s ]
SQL: SELECT * FROM `user` WHERE ( openid='oK3GO05Qe3U_6Oaf-z27JjRQaMFY' )  [ RunTime:0.0002s ]
NOTIC: [2] file_put_contents(a.log): failed to open stream: Permission denied /www/web/order/Application/Home/Controller/GlobalController.class.php 第 133 行.
NOTIC: [2] file_put_contents(a.log): failed to open stream: Permission denied /www/web/order/Application/Home/Controller/GlobalController.class.php 第 135 行.
NOTIC: [2] file_put_contents(./token_2017_11_26.json): failed to open stream: Permission denied /www/web/order/ThinkPHP/Library/Com/WechatAuth.class.php 第 132 行.
NOTIC: [2] file_put_contents(./error.json): failed to open stream: Permission denied /www/web/order/Application/Home/Controller/GlobalController.class.php 第 73 行.

[ 2017-11-26T06:21:09+08:00 ] 106.11.242.122 /
INFO: [ app_init ] --START--
INFO: Run Behavior\BuildLiteBehavior [ RunTime:0.000010s ]
INFO: [ app_init ] --END-- [ RunTime:0.000046s ]
INFO: [ app_begin ] --START--
INFO: Run Behavior\ReadHtmlCacheBehavior [ RunTime:0.000029s ]
INFO: [ app_begin ] --END-- [ RunTime:0.000050s ]
NOTIC: [8] Undefined offset: 1 /www/web/order/Application/Home/Controller/GlobalController.class.php 第 253 行.
NOTIC: [8] Undefined index: timestamp /www/web/order/ThinkPHP/Library/Com/Wechat.class.php 第 299 行.
NOTIC: [8] Undefined index: nonce /www/web/order/ThinkPHP/Library/Com/Wechat.class.php 第 299 行.
NOTIC: [8] Undefined index: signature /www/web/order/ThinkPHP/Library/Com/Wechat.class.php 第 300 行.

[ 2017-11-26T08:54:00+08:00 ] 119.6.238.69 /
INFO: [ app_init ] --START--
INFO: Run Behavior\BuildLiteBehavior [ RunTime:0.000010s ]
INFO: [ app_init ] --END-- [ RunTime:0.000045s ]
INFO: [ app_begin ] --START--
INFO: Run Behavior\ReadHtmlCacheBehavior [ RunTime:0.000027s ]
INFO: [ app_begin ] --END-- [ RunTime:0.000048s ]
NOTIC: [8] Undefined offset: 1 /www/web/order/Application/Home/Controller/GlobalController.class.php 第 253 行.
NOTIC: [8] Undefined index: timestamp /www/web/order/ThinkPHP/Library/Com/Wechat.class.php 第 299 行.
NOTIC: [8] Undefined index: nonce /www/web/order/ThinkPHP/Library/Com/Wechat.class.php 第 299 行.
NOTIC: [8] Undefined index: signature /www/web/order/ThinkPHP/Library/Com/Wechat.class.php 第 300 行.

[ 2017-11-26T18:38:46+08:00 ] 140.207.54.80 /index.php?signature=1ec1d7f0d771b6b1ddd9641607ea9d7651a6eb16&timestamp=1511692726&nonce=1695460754&openid=oK3GO05Qe3U_6Oaf-z27JjRQaMFY&encrypt_type=aes&msg_signature=3c6df44f482d3f68b6acf9b9f2f729163f5429a9
INFO: [ app_init ] --START--
INFO: Run Behavior\BuildLiteBehavior [ RunTime:0.000011s ]
INFO: [ app_init ] --END-- [ RunTime:0.000062s ]
INFO: [ app_begin ] --START--
INFO: Run Behavior\ReadHtmlCacheBehavior [ RunTime:0.000029s ]
INFO: [ app_begin ] --END-- [ RunTime:0.000049s ]
NOTIC: [8] Undefined offset: 1 /www/web/order/Application/Home/Controller/GlobalController.class.php 第 253 行.
NOTIC: [8] Use of undefined constant self - assumed 'self' /www/web/order/ThinkPHP/Library/Com/Wechat.class.php 第 156 行.

[ 2017-11-26T18:38:47+08:00 ] 112.101.25.170 /index.php/task/sendtask.html?code=0712lx5h26UJxH0Wo36h2SQI5h22lx5v&state=h5_1461051704
INFO: [ app_init ] --START--
INFO: Run Behavior\BuildLiteBehavior [ RunTime:0.000012s ]
INFO: [ app_init ] --END-- [ RunTime:0.000059s ]
INFO: [ app_begin ] --START--
INFO: Run Behavior\ReadHtmlCacheBehavior [ RunTime:0.000025s ]
INFO: [ app_begin ] --END-- [ RunTime:0.000048s ]
NOTIC: [2048] Declaration of Home\Controller\TaskController::getcityinfo() should be compatible with Home\Controller\GlobalController::getCityInfo($provinceId) /www/web/order/Application/Home/Controller/TaskController.class.php 第 4 行.
SQL: SHOW COLUMNS FROM `company` [ RunTime:0.0008s ]
SQL: SELECT * FROM `company` WHERE ( status=1 )  [ RunTime:0.0001s ]
SQL: SHOW COLUMNS FROM `jobtype` [ RunTime:0.0007s ]
SQL: SELECT * FROM `jobtype` WHERE ( status=1 )  [ RunTime:0.0001s ]
INFO: [ view_parse ] --START--
INFO: [ template_filter ] --START--
INFO: Run Behavior\ContentReplaceBehavior [ RunTime:0.000023s ]
INFO: [ template_filter ] --END-- [ RunTime:0.000049s ]
INFO: Run Behavior\ParseTemplateBehavior [ RunTime:0.001559s ]
INFO: [ view_parse ] --END-- [ RunTime:0.001589s ]
INFO: [ view_filter ] --START--
INFO: Run Behavior\WriteHtmlCacheBehavior [ RunTime:0.000033s ]
INFO: [ view_filter ] --END-- [ RunTime:0.000050s ]

[ 2017-11-26T22:51:37+08:00 ] 114.221.1.8 /admin
INFO: [ app_init ] --START--
INFO: Run Behavior\BuildLiteBehavior [ RunTime:0.000010s ]
INFO: [ app_init ] --END-- [ RunTime:0.000047s ]
INFO: [ app_begin ] --START--
INFO: Run Behavior\ReadHtmlCacheBehavior [ RunTime:0.000029s ]
INFO: [ app_begin ] --END-- [ RunTime:0.000049s ]
NOTIC: [8] Undefined offset: 1 /www/web/order/Application/Home/Controller/GlobalController.class.php 第 253 行.
INFO: [ view_parse ] --START--
INFO: [ template_filter ] --START--
INFO: Run Behavior\ContentReplaceBehavior [ RunTime:0.000032s ]
INFO: [ template_filter ] --END-- [ RunTime:0.000064s ]
NOTIC: [8] Undefined variable: pic /www/web/order/Application/Runtime/Cache/Home/ba9f7a85ac4d7e7f0b0da6e93b0b5939.php 第 22 行.
NOTIC: [8] Undefined variable: havet_read /www/web/order/Application/Runtime/Cache/Home/ba9f7a85ac4d7e7f0b0da6e93b0b5939.php 第 76 行.
NOTIC: [8] Undefined variable: baobeiNum /www/web/order/Application/Runtime/Cache/Home/ba9f7a85ac4d7e7f0b0da6e93b0b5939.php 第 83 行.
INFO: Run Behavior\ParseTemplateBehavior [ RunTime:0.002798s ]
INFO: [ view_parse ] --END-- [ RunTime:0.002823s ]
INFO: [ view_filter ] --START--
INFO: Run Behavior\WriteHtmlCacheBehavior [ RunTime:0.000033s ]
INFO: [ view_filter ] --END-- [ RunTime:0.000051s ]
INFO: [ app_end ] --START--
INFO: Run Behavior\ShowPageTraceBehavior [ RunTime:0.000025s ]
INFO: [ app_end ] --END-- [ RunTime:0.000041s ]

[ 2017-11-26T22:51:38+08:00 ] 114.221.1.30 /Public/images/
INFO: [ app_init ] --START--
INFO: Run Behavior\BuildLiteBehavior [ RunTime:0.000009s ]
INFO: [ app_init ] --END-- [ RunTime:0.000046s ]
INFO: [ app_begin ] --START--
INFO: Run Behavior\ReadHtmlCacheBehavior [ RunTime:0.000022s ]
INFO: [ app_begin ] --END-- [ RunTime:0.000043s ]
INFO: [ view_parse ] --START--
INFO: [ template_filter ] --START--
INFO: Run Behavior\ContentReplaceBehavior [ RunTime:0.000034s ]
INFO: [ template_filter ] --END-- [ RunTime:0.000064s ]
NOTIC: [8] Undefined variable: pic /www/web/order/Application/Runtime/Cache/Home/ba9f7a85ac4d7e7f0b0da6e93b0b5939.php 第 22 行.
NOTIC: [8] Undefined variable: havet_read /www/web/order/Application/Runtime/Cache/Home/ba9f7a85ac4d7e7f0b0da6e93b0b5939.php 第 76 行.
NOTIC: [8] Undefined variable: baobeiNum /www/web/order/Application/Runtime/Cache/Home/ba9f7a85ac4d7e7f0b0da6e93b0b5939.php 第 83 行.
INFO: Run Behavior\ParseTemplateBehavior [ RunTime:0.002775s ]
INFO: [ view_parse ] --END-- [ RunTime:0.002799s ]
INFO: [ view_filter ] --START--
INFO: Run Behavior\WriteHtmlCacheBehavior [ RunTime:0.000025s ]
INFO: [ view_filter ] --END-- [ RunTime:0.000042s ]
INFO: [ app_end ] --START--
INFO: Run Behavior\ShowPageTraceBehavior [ RunTime:0.000019s ]
INFO: [ app_end ] --END-- [ RunTime:0.000035s ]

[ 2017-11-26T22:51:38+08:00 ] 114.221.1.30 /Public/images/404.png
INFO: [ app_init ] --START--
INFO: Run Behavior\BuildLiteBehavior [ RunTime:0.000007s ]
INFO: [ app_init ] --END-- [ RunTime:0.000035s ]

[ 2017-11-26T22:51:38+08:00 ] 114.221.209.231 /Public/images/icon-12.png
INFO: [ app_init ] --START--
INFO: Run Behavior\BuildLiteBehavior [ RunTime:0.000007s ]
INFO: [ app_init ] --END-- [ RunTime:0.000034s ]

[ 2017-11-26T22:51:44+08:00 ] 114.221.1.30 /favicon.ico
INFO: [ app_init ] --START--
INFO: Run Behavior\BuildLiteBehavior [ RunTime:0.000009s ]
INFO: [ app_init ] --END-- [ RunTime:0.000044s ]

[ 2017-11-26T22:55:11+08:00 ] 114.221.209.230 /favicon.ico
INFO: [ app_init ] --START--
INFO: Run Behavior\BuildLiteBehavior [ RunTime:0.000009s ]
INFO: [ app_init ] --END-- [ RunTime:0.000045s ]

[ 2017-11-26T22:55:13+08:00 ] 114.221.1.29 /favicon.ico
INFO: [ app_init ] --START--
INFO: Run Behavior\BuildLiteBehavior [ RunTime:0.000007s ]
INFO: [ app_init ] --END-- [ RunTime:0.000034s ]

