[ 2017-11-10T18:23:30+08:00 ] 220.248.47.34 /index.php/task/sendtask.html?mobile=15000897931&debug=true
INFO: [ app_init ] --START--
INFO: Run Behavior\BuildLiteBehavior [ RunTime:0.000011s ]
INFO: [ app_init ] --END-- [ RunTime:0.000081s ]
INFO: [ app_begin ] --START--
INFO: Run Behavior\ReadHtmlCacheBehavior [ RunTime:0.000034s ]
INFO: [ app_begin ] --END-- [ RunTime:0.000062s ]
NOTIC: [2048] Declaration of Home\Controller\TaskController::getcityinfo() should be compatible with Home\Controller\GlobalController::getCityInfo($provinceId) /www/web/order/Application/Home/Controller/TaskController.class.php 第 4 行.
SQL: SHOW COLUMNS FROM `user` [ RunTime:0.0009s ]
SQL: SELECT * FROM `user` WHERE ( mobile='15000897931' )  [ RunTime:0.0002s ]
SQL: SHOW COLUMNS FROM `company` [ RunTime:0.0006s ]
SQL: SELECT * FROM `company` WHERE ( status=1 )  [ RunTime:0.0001s ]
SQL: SHOW COLUMNS FROM `jobtype` [ RunTime:0.0006s ]
SQL: SELECT * FROM `jobtype` WHERE ( status=1 )  [ RunTime:0.0001s ]
INFO: [ view_parse ] --START--
INFO: [ template_filter ] --START--
INFO: Run Behavior\ContentReplaceBehavior [ RunTime:0.000020s ]
INFO: [ template_filter ] --END-- [ RunTime:0.000046s ]
INFO: Run Behavior\ParseTemplateBehavior [ RunTime:0.001262s ]
INFO: [ view_parse ] --END-- [ RunTime:0.001289s ]
INFO: [ view_filter ] --START--
INFO: Run Behavior\WriteHtmlCacheBehavior [ RunTime:0.000033s ]
INFO: [ view_filter ] --END-- [ RunTime:0.000050s ]

[ 2017-11-10T18:23:32+08:00 ] 220.248.47.34 /index.php/task/index.html
INFO: [ app_init ] --START--
INFO: Run Behavior\BuildLiteBehavior [ RunTime:0.000011s ]
INFO: [ app_init ] --END-- [ RunTime:0.000083s ]
INFO: [ app_begin ] --START--
INFO: Run Behavior\ReadHtmlCacheBehavior [ RunTime:0.000026s ]
INFO: [ app_begin ] --END-- [ RunTime:0.000054s ]
NOTIC: [2048] Declaration of Home\Controller\TaskController::getcityinfo() should be compatible with Home\Controller\GlobalController::getCityInfo($provinceId) /www/web/order/Application/Home/Controller/TaskController.class.php 第 4 行.
SQL: SHOW COLUMNS FROM `company` [ RunTime:0.0008s ]
SQL: SELECT * FROM `company` WHERE ( status=1 )  [ RunTime:0.0001s ]
SQL: SHOW COLUMNS FROM `jobtype` [ RunTime:0.0006s ]
SQL: SELECT * FROM `jobtype` WHERE ( status=1 )  [ RunTime:0.0001s ]
ERR: SQLSTATE[42S02]: Base table or view not found: 1146 Table 'gorder.task_type' doesn't exist

[ 2017-11-10T18:24:22+08:00 ] 220.248.47.34 /index.php/task/sendtask.html?mobile=15000897931&debug=true
INFO: [ app_init ] --START--
INFO: Run Behavior\BuildLiteBehavior [ RunTime:0.000011s ]
INFO: [ app_init ] --END-- [ RunTime:0.000072s ]
INFO: [ app_begin ] --START--
INFO: Run Behavior\ReadHtmlCacheBehavior [ RunTime:0.000032s ]
INFO: [ app_begin ] --END-- [ RunTime:0.000058s ]
NOTIC: [2048] Declaration of Home\Controller\TaskController::getcityinfo() should be compatible with Home\Controller\GlobalController::getCityInfo($provinceId) /www/web/order/Application/Home/Controller/TaskController.class.php 第 4 行.
SQL: SHOW COLUMNS FROM `user` [ RunTime:0.0008s ]
SQL: SELECT * FROM `user` WHERE ( mobile='15000897931' )  [ RunTime:0.0002s ]
SQL: SHOW COLUMNS FROM `company` [ RunTime:0.0006s ]
SQL: SELECT * FROM `company` WHERE ( status=1 )  [ RunTime:0.0001s ]
SQL: SHOW COLUMNS FROM `jobtype` [ RunTime:0.0006s ]
SQL: SELECT * FROM `jobtype` WHERE ( status=1 )  [ RunTime:0.0001s ]
INFO: [ view_parse ] --START--
INFO: [ template_filter ] --START--
INFO: Run Behavior\ContentReplaceBehavior [ RunTime:0.000023s ]
INFO: [ template_filter ] --END-- [ RunTime:0.000063s ]
INFO: Run Behavior\ParseTemplateBehavior [ RunTime:0.001392s ]
INFO: [ view_parse ] --END-- [ RunTime:0.001419s ]
INFO: [ view_filter ] --START--
INFO: Run Behavior\WriteHtmlCacheBehavior [ RunTime:0.000022s ]
INFO: [ view_filter ] --END-- [ RunTime:0.000039s ]

[ 2017-11-10T18:24:25+08:00 ] 220.248.47.34 /index.php/task/index.html
INFO: [ app_init ] --START--
INFO: Run Behavior\BuildLiteBehavior [ RunTime:0.000011s ]
INFO: [ app_init ] --END-- [ RunTime:0.000075s ]
INFO: [ app_begin ] --START--
INFO: Run Behavior\ReadHtmlCacheBehavior [ RunTime:0.000027s ]
INFO: [ app_begin ] --END-- [ RunTime:0.000057s ]
NOTIC: [2048] Declaration of Home\Controller\TaskController::getcityinfo() should be compatible with Home\Controller\GlobalController::getCityInfo($provinceId) /www/web/order/Application/Home/Controller/TaskController.class.php 第 4 行.
SQL: SHOW COLUMNS FROM `company` [ RunTime:0.0008s ]
SQL: SELECT * FROM `company` WHERE ( status=1 )  [ RunTime:0.0001s ]
SQL: SHOW COLUMNS FROM `jobtype` [ RunTime:0.0006s ]
SQL: SELECT * FROM `jobtype` WHERE ( status=1 )  [ RunTime:0.0001s ]
ERR: SQLSTATE[42S02]: Base table or view not found: 1146 Table 'gorder.task_type' doesn't exist

[ 2017-11-10T18:24:26+08:00 ] 220.248.47.34 /index.php/task/sendtask.html?mobile=15000897931&debug=true
INFO: [ app_init ] --START--
INFO: Run Behavior\BuildLiteBehavior [ RunTime:0.000010s ]
INFO: [ app_init ] --END-- [ RunTime:0.000066s ]
INFO: [ app_begin ] --START--
INFO: Run Behavior\ReadHtmlCacheBehavior [ RunTime:0.000024s ]
INFO: [ app_begin ] --END-- [ RunTime:0.000048s ]
NOTIC: [2048] Declaration of Home\Controller\TaskController::getcityinfo() should be compatible with Home\Controller\GlobalController::getCityInfo($provinceId) /www/web/order/Application/Home/Controller/TaskController.class.php 第 4 行.
SQL: SHOW COLUMNS FROM `user` [ RunTime:0.0008s ]
SQL: SELECT * FROM `user` WHERE ( mobile='15000897931' )  [ RunTime:0.0001s ]
SQL: SHOW COLUMNS FROM `company` [ RunTime:0.0006s ]
SQL: SELECT * FROM `company` WHERE ( status=1 )  [ RunTime:0.0001s ]
SQL: SHOW COLUMNS FROM `jobtype` [ RunTime:0.0006s ]
SQL: SELECT * FROM `jobtype` WHERE ( status=1 )  [ RunTime:0.0001s ]
INFO: [ view_parse ] --START--
INFO: [ template_filter ] --START--
INFO: Run Behavior\ContentReplaceBehavior [ RunTime:0.000020s ]
INFO: [ template_filter ] --END-- [ RunTime:0.000046s ]
INFO: Run Behavior\ParseTemplateBehavior [ RunTime:0.001356s ]
INFO: [ view_parse ] --END-- [ RunTime:0.001384s ]
INFO: [ view_filter ] --START--
INFO: Run Behavior\WriteHtmlCacheBehavior [ RunTime:0.000023s ]
INFO: [ view_filter ] --END-- [ RunTime:0.000039s ]

[ 2017-11-10T18:24:27+08:00 ] 220.248.47.34 /index.php/task/sendtask.html?mobile=15000897931&debug=true
INFO: [ app_init ] --START--
INFO: Run Behavior\BuildLiteBehavior [ RunTime:0.000010s ]
INFO: [ app_init ] --END-- [ RunTime:0.000065s ]
INFO: [ app_begin ] --START--
INFO: Run Behavior\ReadHtmlCacheBehavior [ RunTime:0.000024s ]
INFO: [ app_begin ] --END-- [ RunTime:0.000047s ]
NOTIC: [2048] Declaration of Home\Controller\TaskController::getcityinfo() should be compatible with Home\Controller\GlobalController::getCityInfo($provinceId) /www/web/order/Application/Home/Controller/TaskController.class.php 第 4 行.
SQL: SHOW COLUMNS FROM `user` [ RunTime:0.0008s ]
SQL: SELECT * FROM `user` WHERE ( mobile='15000897931' )  [ RunTime:0.0001s ]
SQL: SHOW COLUMNS FROM `company` [ RunTime:0.0006s ]
SQL: SELECT * FROM `company` WHERE ( status=1 )  [ RunTime:0.0001s ]
SQL: SHOW COLUMNS FROM `jobtype` [ RunTime:0.0006s ]
SQL: SELECT * FROM `jobtype` WHERE ( status=1 )  [ RunTime:0.0001s ]
INFO: [ view_parse ] --START--
INFO: [ template_filter ] --START--
INFO: Run Behavior\ContentReplaceBehavior [ RunTime:0.000021s ]
INFO: [ template_filter ] --END-- [ RunTime:0.000045s ]
INFO: Run Behavior\ParseTemplateBehavior [ RunTime:0.001366s ]
INFO: [ view_parse ] --END-- [ RunTime:0.001394s ]
INFO: [ view_filter ] --START--
INFO: Run Behavior\WriteHtmlCacheBehavior [ RunTime:0.000023s ]
INFO: [ view_filter ] --END-- [ RunTime:0.000040s ]

[ 2017-11-10T18:24:29+08:00 ] 220.248.47.34 /index.php/task/index.html
INFO: [ app_init ] --START--
INFO: Run Behavior\BuildLiteBehavior [ RunTime:0.000011s ]
INFO: [ app_init ] --END-- [ RunTime:0.000070s ]
INFO: [ app_begin ] --START--
INFO: Run Behavior\ReadHtmlCacheBehavior [ RunTime:0.000027s ]
INFO: [ app_begin ] --END-- [ RunTime:0.000053s ]
NOTIC: [2048] Declaration of Home\Controller\TaskController::getcityinfo() should be compatible with Home\Controller\GlobalController::getCityInfo($provinceId) /www/web/order/Application/Home/Controller/TaskController.class.php 第 4 行.
SQL: SHOW COLUMNS FROM `company` [ RunTime:0.0008s ]
SQL: SELECT * FROM `company` WHERE ( status=1 )  [ RunTime:0.0001s ]
SQL: SHOW COLUMNS FROM `jobtype` [ RunTime:0.0007s ]
SQL: SELECT * FROM `jobtype` WHERE ( status=1 )  [ RunTime:0.0001s ]
ERR: SQLSTATE[42S02]: Base table or view not found: 1146 Table 'gorder.task_type' doesn't exist

[ 2017-11-10T18:24:46+08:00 ] 220.248.47.34 /index.php/task/sendtask.html?mobile=15000897931&debug=true
INFO: [ app_init ] --START--
INFO: Run Behavior\BuildLiteBehavior [ RunTime:0.000010s ]
INFO: [ app_init ] --END-- [ RunTime:0.000089s ]
INFO: [ app_begin ] --START--
INFO: Run Behavior\ReadHtmlCacheBehavior [ RunTime:0.000031s ]
INFO: [ app_begin ] --END-- [ RunTime:0.000057s ]
NOTIC: [2048] Declaration of Home\Controller\TaskController::getcityinfo() should be compatible with Home\Controller\GlobalController::getCityInfo($provinceId) /www/web/order/Application/Home/Controller/TaskController.class.php 第 4 行.
SQL: SHOW COLUMNS FROM `user` [ RunTime:0.0008s ]
SQL: SELECT * FROM `user` WHERE ( mobile='15000897931' )  [ RunTime:0.0002s ]
SQL: SHOW COLUMNS FROM `company` [ RunTime:0.0006s ]
SQL: SELECT * FROM `company` WHERE ( status=1 )  [ RunTime:0.0001s ]
SQL: SHOW COLUMNS FROM `jobtype` [ RunTime:0.0006s ]
SQL: SELECT * FROM `jobtype` WHERE ( status=1 )  [ RunTime:0.0001s ]
INFO: [ view_parse ] --START--
INFO: [ template_filter ] --START--
INFO: Run Behavior\ContentReplaceBehavior [ RunTime:0.000030s ]
INFO: [ template_filter ] --END-- [ RunTime:0.000058s ]
NOTIC: [8] Undefined variable: type /www/web/order/Application/Runtime/Cache/Home/f8b96e267ff04853b39a4bef79de2695.php 第 55 行.
INFO: Run Behavior\ParseTemplateBehavior [ RunTime:0.002997s ]
INFO: [ view_parse ] --END-- [ RunTime:0.003023s ]
INFO: [ view_filter ] --START--
INFO: Run Behavior\WriteHtmlCacheBehavior [ RunTime:0.000033s ]
INFO: [ view_filter ] --END-- [ RunTime:0.000051s ]
INFO: [ app_end ] --START--
INFO: Run Behavior\ShowPageTraceBehavior [ RunTime:0.000035s ]
INFO: [ app_end ] --END-- [ RunTime:0.000054s ]

[ 2017-11-10T18:24:48+08:00 ] 220.248.47.34 /index.php/task/sendtask.html?mobile=15000897931&debug=true
INFO: [ app_init ] --START--
INFO: Run Behavior\BuildLiteBehavior [ RunTime:0.000010s ]
INFO: [ app_init ] --END-- [ RunTime:0.000065s ]
INFO: [ app_begin ] --START--
INFO: Run Behavior\ReadHtmlCacheBehavior [ RunTime:0.000025s ]
INFO: [ app_begin ] --END-- [ RunTime:0.000051s ]
NOTIC: [2048] Declaration of Home\Controller\TaskController::getcityinfo() should be compatible with Home\Controller\GlobalController::getCityInfo($provinceId) /www/web/order/Application/Home/Controller/TaskController.class.php 第 4 行.
SQL: SHOW COLUMNS FROM `user` [ RunTime:0.0008s ]
SQL: SELECT * FROM `user` WHERE ( mobile='15000897931' )  [ RunTime:0.0001s ]
SQL: SHOW COLUMNS FROM `company` [ RunTime:0.0006s ]
SQL: SELECT * FROM `company` WHERE ( status=1 )  [ RunTime:0.0001s ]
SQL: SHOW COLUMNS FROM `jobtype` [ RunTime:0.0006s ]
SQL: SELECT * FROM `jobtype` WHERE ( status=1 )  [ RunTime:0.0001s ]
INFO: [ view_parse ] --START--
INFO: [ template_filter ] --START--
INFO: Run Behavior\ContentReplaceBehavior [ RunTime:0.000031s ]
INFO: [ template_filter ] --END-- [ RunTime:0.000059s ]
NOTIC: [8] Undefined variable: type /www/web/order/Application/Runtime/Cache/Home/f8b96e267ff04853b39a4bef79de2695.php 第 55 行.
INFO: Run Behavior\ParseTemplateBehavior [ RunTime:0.003054s ]
INFO: [ view_parse ] --END-- [ RunTime:0.003080s ]
INFO: [ view_filter ] --START--
INFO: Run Behavior\WriteHtmlCacheBehavior [ RunTime:0.000026s ]
INFO: [ view_filter ] --END-- [ RunTime:0.000046s ]
INFO: [ app_end ] --START--
INFO: Run Behavior\ShowPageTraceBehavior [ RunTime:0.000022s ]
INFO: [ app_end ] --END-- [ RunTime:0.000040s ]

[ 2017-11-10T18:26:19+08:00 ] 220.248.47.34 /index.php/task/sendtask.html?mobile=15000897931&debug=true
INFO: [ app_init ] --START--
INFO: Run Behavior\BuildLiteBehavior [ RunTime:0.000011s ]
INFO: [ app_init ] --END-- [ RunTime:0.000073s ]
INFO: [ app_begin ] --START--
INFO: Run Behavior\ReadHtmlCacheBehavior [ RunTime:0.000030s ]
INFO: [ app_begin ] --END-- [ RunTime:0.000055s ]
NOTIC: [2048] Declaration of Home\Controller\TaskController::getcityinfo() should be compatible with Home\Controller\GlobalController::getCityInfo($provinceId) /www/web/order/Application/Home/Controller/TaskController.class.php 第 4 行.
SQL: SHOW COLUMNS FROM `user` [ RunTime:0.0008s ]
SQL: SELECT * FROM `user` WHERE ( mobile='15000897931' )  [ RunTime:0.0002s ]
SQL: SHOW COLUMNS FROM `company` [ RunTime:0.0006s ]
SQL: SELECT * FROM `company` WHERE ( status=1 )  [ RunTime:0.0001s ]
SQL: SHOW COLUMNS FROM `jobtype` [ RunTime:0.0006s ]
SQL: SELECT * FROM `jobtype` WHERE ( status=1 )  [ RunTime:0.0001s ]
INFO: [ view_parse ] --START--
INFO: [ template_filter ] --START--
INFO: Run Behavior\ContentReplaceBehavior [ RunTime:0.000021s ]
INFO: [ template_filter ] --END-- [ RunTime:0.000046s ]
INFO: Run Behavior\ParseTemplateBehavior [ RunTime:0.001366s ]
INFO: [ view_parse ] --END-- [ RunTime:0.001395s ]
INFO: [ view_filter ] --START--
INFO: Run Behavior\WriteHtmlCacheBehavior [ RunTime:0.000031s ]
INFO: [ view_filter ] --END-- [ RunTime:0.000049s ]

[ 2017-11-10T18:26:21+08:00 ] 220.248.47.34 /index.php/task/index.html
INFO: [ app_init ] --START--
INFO: Run Behavior\BuildLiteBehavior [ RunTime:0.000012s ]
INFO: [ app_init ] --END-- [ RunTime:0.000088s ]
INFO: [ app_begin ] --START--
INFO: Run Behavior\ReadHtmlCacheBehavior [ RunTime:0.000029s ]
INFO: [ app_begin ] --END-- [ RunTime:0.000057s ]
NOTIC: [2048] Declaration of Home\Controller\TaskController::getcityinfo() should be compatible with Home\Controller\GlobalController::getCityInfo($provinceId) /www/web/order/Application/Home/Controller/TaskController.class.php 第 4 行.
SQL: SHOW COLUMNS FROM `company` [ RunTime:0.0009s ]
SQL: SELECT * FROM `company` WHERE ( status=1 )  [ RunTime:0.0001s ]
SQL: SHOW COLUMNS FROM `jobtype` [ RunTime:0.0007s ]
SQL: SELECT * FROM `jobtype` WHERE ( status=1 )  [ RunTime:0.0001s ]

[ 2017-11-10T18:37:53+08:00 ] 120.204.17.69 /index.php
INFO: [ app_init ] --START--
INFO: Run Behavior\BuildLiteBehavior [ RunTime:0.000010s ]
INFO: [ app_init ] --END-- [ RunTime:0.000068s ]
INFO: [ app_begin ] --START--
INFO: Run Behavior\ReadHtmlCacheBehavior [ RunTime:0.000029s ]
INFO: [ app_begin ] --END-- [ RunTime:0.000067s ]
NOTIC: [8] Undefined offset: 1 /www/web/order/Application/Home/Controller/GlobalController.class.php 第 253 行.
NOTIC: [8] Undefined index: timestamp /www/web/order/ThinkPHP/Library/Com/Wechat.class.php 第 299 行.
NOTIC: [8] Undefined index: nonce /www/web/order/ThinkPHP/Library/Com/Wechat.class.php 第 299 行.
NOTIC: [8] Undefined index: signature /www/web/order/ThinkPHP/Library/Com/Wechat.class.php 第 300 行.

[ 2017-11-10T18:38:49+08:00 ] 220.248.47.34 /index.php
INFO: [ app_init ] --START--
INFO: Run Behavior\BuildLiteBehavior [ RunTime:0.000010s ]
INFO: [ app_init ] --END-- [ RunTime:0.000077s ]
INFO: [ app_begin ] --START--
INFO: Run Behavior\ReadHtmlCacheBehavior [ RunTime:0.000024s ]
INFO: [ app_begin ] --END-- [ RunTime:0.000046s ]
NOTIC: [8] Undefined offset: 1 /www/web/order/Application/Home/Controller/GlobalController.class.php 第 253 行.
NOTIC: [8] Undefined index: timestamp /www/web/order/ThinkPHP/Library/Com/Wechat.class.php 第 299 行.
NOTIC: [8] Undefined index: nonce /www/web/order/ThinkPHP/Library/Com/Wechat.class.php 第 299 行.
NOTIC: [8] Undefined index: signature /www/web/order/ThinkPHP/Library/Com/Wechat.class.php 第 300 行.

[ 2017-11-10T18:38:55+08:00 ] 220.248.47.34 /index.php
INFO: [ app_init ] --START--
INFO: Run Behavior\BuildLiteBehavior [ RunTime:0.000010s ]
INFO: [ app_init ] --END-- [ RunTime:0.000071s ]
INFO: [ app_begin ] --START--
INFO: Run Behavior\ReadHtmlCacheBehavior [ RunTime:0.000030s ]
INFO: [ app_begin ] --END-- [ RunTime:0.000055s ]
NOTIC: [8] Undefined offset: 1 /www/web/order/Application/Home/Controller/GlobalController.class.php 第 253 行.
NOTIC: [8] Undefined index: timestamp /www/web/order/ThinkPHP/Library/Com/Wechat.class.php 第 299 行.
NOTIC: [8] Undefined index: nonce /www/web/order/ThinkPHP/Library/Com/Wechat.class.php 第 299 行.
NOTIC: [8] Undefined index: signature /www/web/order/ThinkPHP/Library/Com/Wechat.class.php 第 300 行.

[ 2017-11-10T18:39:11+08:00 ] 140.207.54.76 /index.php?signature=f87edfc2d51671f68c4e2c7d137216cef6110011&echostr=10552919286815903727&timestamp=1510310351&nonce=2891252736
INFO: [ app_init ] --START--
INFO: Run Behavior\BuildLiteBehavior [ RunTime:0.000009s ]
INFO: [ app_init ] --END-- [ RunTime:0.000064s ]
INFO: [ app_begin ] --START--
INFO: Run Behavior\ReadHtmlCacheBehavior [ RunTime:0.000024s ]
INFO: [ app_begin ] --END-- [ RunTime:0.000047s ]
NOTIC: [8] Undefined offset: 1 /www/web/order/Application/Home/Controller/GlobalController.class.php 第 253 行.

[ 2017-11-10T18:40:39+08:00 ] 140.207.54.75 /index.php?signature=79cb26eebb8505494e5b89cd76e14eba877cdd84&timestamp=1510310438&nonce=1360111498&openid=oK3GO04F161rVhqEaVtC0nf-EjUo
INFO: [ app_init ] --START--
INFO: Run Behavior\BuildLiteBehavior [ RunTime:0.000011s ]
INFO: [ app_init ] --END-- [ RunTime:0.000075s ]
INFO: [ app_begin ] --START--
INFO: Run Behavior\ReadHtmlCacheBehavior [ RunTime:0.000030s ]
INFO: [ app_begin ] --END-- [ RunTime:0.000055s ]
NOTIC: [8] Undefined offset: 1 /www/web/order/Application/Home/Controller/GlobalController.class.php 第 253 行.
SQL: SHOW COLUMNS FROM `user` [ RunTime:0.0008s ]
SQL: SELECT * FROM `user` WHERE ( openid='oK3GO04F161rVhqEaVtC0nf-EjUo' )  [ RunTime:0.0003s ]
NOTIC: [2] file_put_contents(a.log): failed to open stream: Permission denied /www/web/order/Application/Home/Controller/GlobalController.class.php 第 133 行.
NOTIC: [2] file_put_contents(a.log): failed to open stream: Permission denied /www/web/order/Application/Home/Controller/GlobalController.class.php 第 135 行.
NOTIC: [2] file_put_contents(./token_2017_11_10.json): failed to open stream: Permission denied /www/web/order/ThinkPHP/Library/Com/WechatAuth.class.php 第 132 行.
INFO: [ app_end ] --START--
INFO: Run Behavior\ShowPageTraceBehavior [ RunTime:0.000058s ]
INFO: [ app_end ] --END-- [ RunTime:0.000095s ]

[ 2017-11-10T18:40:47+08:00 ] 140.207.54.76 /index.php?signature=1ff5a3a4ea5e2d056c457a246b116b7eb1a0cbf5&timestamp=1510310446&nonce=789020111&openid=oK3GO04F161rVhqEaVtC0nf-EjUo
INFO: [ app_init ] --START--
INFO: Run Behavior\BuildLiteBehavior [ RunTime:0.000010s ]
INFO: [ app_init ] --END-- [ RunTime:0.000066s ]
INFO: [ app_begin ] --START--
INFO: Run Behavior\ReadHtmlCacheBehavior [ RunTime:0.000023s ]
INFO: [ app_begin ] --END-- [ RunTime:0.000046s ]
NOTIC: [8] Undefined offset: 1 /www/web/order/Application/Home/Controller/GlobalController.class.php 第 253 行.
SQL: SHOW COLUMNS FROM `user` [ RunTime:0.0008s ]
SQL: SELECT * FROM `user` WHERE ( openid='oK3GO04F161rVhqEaVtC0nf-EjUo' )  [ RunTime:0.0001s ]
NOTIC: [2] file_put_contents(a.log): failed to open stream: Permission denied /www/web/order/Application/Home/Controller/GlobalController.class.php 第 133 行.
NOTIC: [2] file_put_contents(a.log): failed to open stream: Permission denied /www/web/order/Application/Home/Controller/GlobalController.class.php 第 135 行.
NOTIC: [2] file_put_contents(./token_2017_11_10.json): failed to open stream: Permission denied /www/web/order/ThinkPHP/Library/Com/WechatAuth.class.php 第 132 行.
INFO: [ app_end ] --START--
INFO: Run Behavior\ShowPageTraceBehavior [ RunTime:0.000032s ]
INFO: [ app_end ] --END-- [ RunTime:0.000058s ]

[ 2017-11-10T18:48:13+08:00 ] 140.207.54.75 /index.php?signature=3045756c5782423dc460e25786b6965a64abeb0f&timestamp=1510310892&nonce=766023178&openid=oK3GO06kQK7E0pvvROGh_T7tIijg
INFO: [ app_init ] --START--
INFO: Run Behavior\BuildLiteBehavior [ RunTime:0.000011s ]
INFO: [ app_init ] --END-- [ RunTime:0.000073s ]
INFO: [ app_begin ] --START--
INFO: Run Behavior\ReadHtmlCacheBehavior [ RunTime:0.000030s ]
INFO: [ app_begin ] --END-- [ RunTime:0.000054s ]
NOTIC: [8] Undefined offset: 1 /www/web/order/Application/Home/Controller/GlobalController.class.php 第 252 行.
SQL: SHOW COLUMNS FROM `user` [ RunTime:0.0009s ]
SQL: SELECT * FROM `user` WHERE ( openid='oK3GO06kQK7E0pvvROGh_T7tIijg' )  [ RunTime:0.0002s ]
NOTIC: [2] file_put_contents(a.log): failed to open stream: Permission denied /www/web/order/Application/Home/Controller/GlobalController.class.php 第 133 行.
NOTIC: [2] file_put_contents(a.log): failed to open stream: Permission denied /www/web/order/Application/Home/Controller/GlobalController.class.php 第 135 行.
NOTIC: [2] file_put_contents(./token_2017_11_10.json): failed to open stream: Permission denied /www/web/order/ThinkPHP/Library/Com/WechatAuth.class.php 第 132 行.
INFO: [ app_end ] --START--
INFO: Run Behavior\ShowPageTraceBehavior [ RunTime:0.000066s ]
INFO: [ app_end ] --END-- [ RunTime:0.000103s ]

[ 2017-11-10T18:49:08+08:00 ] 101.226.233.142 /MP_verify_ofVN2CssBwfF6z58.txt
INFO: [ app_init ] --START--
INFO: Run Behavior\BuildLiteBehavior [ RunTime:0.000009s ]
INFO: [ app_init ] --END-- [ RunTime:0.000064s ]
INFO: [ app_begin ] --START--
INFO: Run Behavior\ReadHtmlCacheBehavior [ RunTime:0.000025s ]
INFO: [ app_begin ] --END-- [ RunTime:0.000048s ]
NOTIC: [8] Undefined offset: 1 /www/web/order/Application/Home/Controller/GlobalController.class.php 第 252 行.
INFO: [ view_parse ] --START--
INFO: [ template_filter ] --START--
INFO: Run Behavior\ContentReplaceBehavior [ RunTime:0.000030s ]
INFO: [ template_filter ] --END-- [ RunTime:0.000057s ]
NOTIC: [8] Undefined variable: pic /www/web/order/Application/Runtime/Cache/Home/ba9f7a85ac4d7e7f0b0da6e93b0b5939.php 第 22 行.
NOTIC: [8] Undefined variable: havet_read /www/web/order/Application/Runtime/Cache/Home/ba9f7a85ac4d7e7f0b0da6e93b0b5939.php 第 76 行.
NOTIC: [8] Undefined variable: baobeiNum /www/web/order/Application/Runtime/Cache/Home/ba9f7a85ac4d7e7f0b0da6e93b0b5939.php 第 83 行.
INFO: Run Behavior\ParseTemplateBehavior [ RunTime:0.002650s ]
INFO: [ view_parse ] --END-- [ RunTime:0.002675s ]
INFO: [ view_filter ] --START--
INFO: Run Behavior\WriteHtmlCacheBehavior [ RunTime:0.000031s ]
INFO: [ view_filter ] --END-- [ RunTime:0.000048s ]
INFO: [ app_end ] --START--
INFO: Run Behavior\ShowPageTraceBehavior [ RunTime:0.000020s ]
INFO: [ app_end ] --END-- [ RunTime:0.000037s ]

[ 2017-11-10T18:50:50+08:00 ] 140.207.54.75 /index.php?signature=1e8672ec647fee9aaf65c0b5fe6d5fb8c974a0aa&timestamp=1510311050&nonce=1186226824&openid=oK3GO06kQK7E0pvvROGh_T7tIijg
INFO: [ app_init ] --START--
INFO: Run Behavior\BuildLiteBehavior [ RunTime:0.000011s ]
INFO: [ app_init ] --END-- [ RunTime:0.000072s ]
INFO: [ app_begin ] --START--
INFO: Run Behavior\ReadHtmlCacheBehavior [ RunTime:0.000043s ]
INFO: [ app_begin ] --END-- [ RunTime:0.000066s ]
NOTIC: [8] Undefined offset: 1 /www/web/order/Application/Home/Controller/GlobalController.class.php 第 252 行.
SQL: SHOW COLUMNS FROM `user` [ RunTime:0.0008s ]
SQL: SELECT * FROM `user` WHERE ( openid='oK3GO06kQK7E0pvvROGh_T7tIijg' )  [ RunTime:0.0001s ]
NOTIC: [2] file_put_contents(a.log): failed to open stream: Permission denied /www/web/order/Application/Home/Controller/GlobalController.class.php 第 133 行.
NOTIC: [2] file_put_contents(a.log): failed to open stream: Permission denied /www/web/order/Application/Home/Controller/GlobalController.class.php 第 135 行.
NOTIC: [2] file_put_contents(./token_2017_11_10.json): failed to open stream: Permission denied /www/web/order/ThinkPHP/Library/Com/WechatAuth.class.php 第 132 行.
INFO: [ app_end ] --START--
INFO: Run Behavior\ShowPageTraceBehavior [ RunTime:0.000041s ]
INFO: [ app_end ] --END-- [ RunTime:0.000070s ]

[ 2017-11-10T18:50:51+08:00 ] 183.192.201.97 /
INFO: [ app_init ] --START--
INFO: Run Behavior\BuildLiteBehavior [ RunTime:0.000010s ]
INFO: [ app_init ] --END-- [ RunTime:0.000071s ]
INFO: [ app_begin ] --START--
INFO: Run Behavior\ReadHtmlCacheBehavior [ RunTime:0.000022s ]
INFO: [ app_begin ] --END-- [ RunTime:0.000043s ]
NOTIC: [8] Undefined offset: 1 /www/web/order/Application/Home/Controller/GlobalController.class.php 第 252 行.
NOTIC: [8] Undefined index: timestamp /www/web/order/ThinkPHP/Library/Com/Wechat.class.php 第 299 行.
NOTIC: [8] Undefined index: nonce /www/web/order/ThinkPHP/Library/Com/Wechat.class.php 第 299 行.
NOTIC: [8] Undefined index: signature /www/web/order/ThinkPHP/Library/Com/Wechat.class.php 第 300 行.

[ 2017-11-10T18:52:16+08:00 ] 220.248.47.34 /index.php/task/sendtask.html?mobile=15000897931&debug=true
INFO: [ app_init ] --START--
INFO: Run Behavior\BuildLiteBehavior [ RunTime:0.000011s ]
INFO: [ app_init ] --END-- [ RunTime:0.000087s ]
INFO: [ app_begin ] --START--
INFO: Run Behavior\ReadHtmlCacheBehavior [ RunTime:0.000033s ]
INFO: [ app_begin ] --END-- [ RunTime:0.000060s ]
NOTIC: [2048] Declaration of Home\Controller\TaskController::getcityinfo() should be compatible with Home\Controller\GlobalController::getCityInfo($provinceId) /www/web/order/Application/Home/Controller/TaskController.class.php 第 4 行.
SQL: SHOW COLUMNS FROM `user` [ RunTime:0.0009s ]
SQL: SELECT * FROM `user` WHERE ( mobile='15000897931' )  [ RunTime:0.0002s ]
SQL: SHOW COLUMNS FROM `company` [ RunTime:0.0007s ]
SQL: SELECT * FROM `company` WHERE ( status=1 )  [ RunTime:0.0001s ]
SQL: SHOW COLUMNS FROM `jobtype` [ RunTime:0.0007s ]
SQL: SELECT * FROM `jobtype` WHERE ( status=1 )  [ RunTime:0.0001s ]
INFO: [ view_parse ] --START--
INFO: [ template_filter ] --START--
INFO: Run Behavior\ContentReplaceBehavior [ RunTime:0.000021s ]
INFO: [ template_filter ] --END-- [ RunTime:0.000050s ]
INFO: Run Behavior\ParseTemplateBehavior [ RunTime:0.001523s ]
INFO: [ view_parse ] --END-- [ RunTime:0.001552s ]
INFO: [ view_filter ] --START--
INFO: Run Behavior\WriteHtmlCacheBehavior [ RunTime:0.000033s ]
INFO: [ view_filter ] --END-- [ RunTime:0.000053s ]

[ 2017-11-10T18:52:18+08:00 ] 220.248.47.34 /index.php/task/index.html
INFO: [ app_init ] --START--
INFO: Run Behavior\BuildLiteBehavior [ RunTime:0.000011s ]
INFO: [ app_init ] --END-- [ RunTime:0.000069s ]
INFO: [ app_begin ] --START--
INFO: Run Behavior\ReadHtmlCacheBehavior [ RunTime:0.000026s ]
INFO: [ app_begin ] --END-- [ RunTime:0.000062s ]
NOTIC: [2048] Declaration of Home\Controller\TaskController::getcityinfo() should be compatible with Home\Controller\GlobalController::getCityInfo($provinceId) /www/web/order/Application/Home/Controller/TaskController.class.php 第 4 行.
SQL: SHOW COLUMNS FROM `company` [ RunTime:0.0009s ]
SQL: SELECT * FROM `company` WHERE ( status=1 )  [ RunTime:0.0001s ]
SQL: SHOW COLUMNS FROM `jobtype` [ RunTime:0.0007s ]
SQL: SELECT * FROM `jobtype` WHERE ( status=1 )  [ RunTime:0.0001s ]

[ 2017-11-10T18:52:19+08:00 ] 220.248.47.34 /index.php/task/index.html
INFO: [ app_init ] --START--
INFO: Run Behavior\BuildLiteBehavior [ RunTime:0.000010s ]
INFO: [ app_init ] --END-- [ RunTime:0.000059s ]
INFO: [ app_begin ] --START--
INFO: Run Behavior\ReadHtmlCacheBehavior [ RunTime:0.000024s ]
INFO: [ app_begin ] --END-- [ RunTime:0.000048s ]
NOTIC: [2048] Declaration of Home\Controller\TaskController::getcityinfo() should be compatible with Home\Controller\GlobalController::getCityInfo($provinceId) /www/web/order/Application/Home/Controller/TaskController.class.php 第 4 行.
SQL: SHOW COLUMNS FROM `company` [ RunTime:0.0007s ]
SQL: SELECT * FROM `company` WHERE ( status=1 )  [ RunTime:0.0001s ]
SQL: SHOW COLUMNS FROM `jobtype` [ RunTime:0.0006s ]
SQL: SELECT * FROM `jobtype` WHERE ( status=1 )  [ RunTime:0.0001s ]

[ 2017-11-10T18:52:23+08:00 ] 220.248.47.34 /index.php
INFO: [ app_init ] --START--
INFO: Run Behavior\BuildLiteBehavior [ RunTime:0.000012s ]
INFO: [ app_init ] --END-- [ RunTime:0.000072s ]
INFO: [ app_begin ] --START--
INFO: Run Behavior\ReadHtmlCacheBehavior [ RunTime:0.000027s ]
INFO: [ app_begin ] --END-- [ RunTime:0.000052s ]
NOTIC: [8] Undefined offset: 1 /www/web/order/Application/Home/Controller/GlobalController.class.php 第 252 行.
NOTIC: [8] Undefined index: timestamp /www/web/order/ThinkPHP/Library/Com/Wechat.class.php 第 299 行.
NOTIC: [8] Undefined index: nonce /www/web/order/ThinkPHP/Library/Com/Wechat.class.php 第 299 行.
NOTIC: [8] Undefined index: signature /www/web/order/ThinkPHP/Library/Com/Wechat.class.php 第 300 行.

[ 2017-11-10T18:52:47+08:00 ] 220.248.47.34 /index.php?mobile=15000897931&debug=true
INFO: [ app_init ] --START--
INFO: Run Behavior\BuildLiteBehavior [ RunTime:0.000010s ]
INFO: [ app_init ] --END-- [ RunTime:0.000066s ]
INFO: [ app_begin ] --START--
INFO: Run Behavior\ReadHtmlCacheBehavior [ RunTime:0.000023s ]
INFO: [ app_begin ] --END-- [ RunTime:0.000046s ]
NOTIC: [8] Undefined offset: 1 /www/web/order/Application/Home/Controller/GlobalController.class.php 第 252 行.
SQL: SHOW COLUMNS FROM `user` [ RunTime:0.0008s ]
SQL: SELECT * FROM `user` WHERE ( mobile='15000897931' )  [ RunTime:0.0001s ]
NOTIC: [8] Undefined index: timestamp /www/web/order/ThinkPHP/Library/Com/Wechat.class.php 第 299 行.
NOTIC: [8] Undefined index: nonce /www/web/order/ThinkPHP/Library/Com/Wechat.class.php 第 299 行.
NOTIC: [8] Undefined index: signature /www/web/order/ThinkPHP/Library/Com/Wechat.class.php 第 300 行.

[ 2017-11-10T18:55:10+08:00 ] 220.248.47.34 /index.php?mobile=15000897931&debug=true
INFO: [ app_init ] --START--
INFO: Run Behavior\BuildLiteBehavior [ RunTime:0.000010s ]
INFO: [ app_init ] --END-- [ RunTime:0.000072s ]
INFO: [ app_begin ] --START--
INFO: Run Behavior\ReadHtmlCacheBehavior [ RunTime:0.000032s ]
INFO: [ app_begin ] --END-- [ RunTime:0.000058s ]
NOTIC: [8] Undefined offset: 1 /www/web/order/Application/Home/Controller/GlobalController.class.php 第 252 行.
SQL: SHOW COLUMNS FROM `user` [ RunTime:0.0014s ]
SQL: SELECT * FROM `user` WHERE ( mobile='15000897931' )  [ RunTime:0.0001s ]
NOTIC: [8] Undefined index: timestamp /www/web/order/ThinkPHP/Library/Com/Wechat.class.php 第 299 行.
NOTIC: [8] Undefined index: nonce /www/web/order/ThinkPHP/Library/Com/Wechat.class.php 第 299 行.
NOTIC: [8] Undefined index: signature /www/web/order/ThinkPHP/Library/Com/Wechat.class.php 第 300 行.

[ 2017-11-10T18:55:12+08:00 ] 220.248.47.34 /index.php?mobile=15000897931&debug=true
INFO: [ app_init ] --START--
INFO: Run Behavior\BuildLiteBehavior [ RunTime:0.000011s ]
INFO: [ app_init ] --END-- [ RunTime:0.000079s ]
INFO: [ app_begin ] --START--
INFO: Run Behavior\ReadHtmlCacheBehavior [ RunTime:0.000027s ]
INFO: [ app_begin ] --END-- [ RunTime:0.000052s ]
NOTIC: [8] Undefined offset: 1 /www/web/order/Application/Home/Controller/GlobalController.class.php 第 252 行.
SQL: SHOW COLUMNS FROM `user` [ RunTime:0.0009s ]
SQL: SELECT * FROM `user` WHERE ( mobile='15000897931' )  [ RunTime:0.0001s ]
NOTIC: [8] Undefined index: timestamp /www/web/order/ThinkPHP/Library/Com/Wechat.class.php 第 299 行.
NOTIC: [8] Undefined index: nonce /www/web/order/ThinkPHP/Library/Com/Wechat.class.php 第 299 行.
NOTIC: [8] Undefined index: signature /www/web/order/ThinkPHP/Library/Com/Wechat.class.php 第 300 行.

[ 2017-11-10T18:55:14+08:00 ] 220.248.47.34 /index.php
INFO: [ app_init ] --START--
INFO: Run Behavior\BuildLiteBehavior [ RunTime:0.000009s ]
INFO: [ app_init ] --END-- [ RunTime:0.000061s ]
INFO: [ app_begin ] --START--
INFO: Run Behavior\ReadHtmlCacheBehavior [ RunTime:0.000024s ]
INFO: [ app_begin ] --END-- [ RunTime:0.000046s ]
NOTIC: [8] Undefined offset: 1 /www/web/order/Application/Home/Controller/GlobalController.class.php 第 252 行.
NOTIC: [8] Undefined index: timestamp /www/web/order/ThinkPHP/Library/Com/Wechat.class.php 第 299 行.
NOTIC: [8] Undefined index: nonce /www/web/order/ThinkPHP/Library/Com/Wechat.class.php 第 299 行.
NOTIC: [8] Undefined index: signature /www/web/order/ThinkPHP/Library/Com/Wechat.class.php 第 300 行.

[ 2017-11-10T18:55:14+08:00 ] 220.248.47.34 /index.php/task/index.html
INFO: [ app_init ] --START--
INFO: Run Behavior\BuildLiteBehavior [ RunTime:0.000009s ]
INFO: [ app_init ] --END-- [ RunTime:0.000065s ]
INFO: [ app_begin ] --START--
INFO: Run Behavior\ReadHtmlCacheBehavior [ RunTime:0.000023s ]
INFO: [ app_begin ] --END-- [ RunTime:0.000047s ]
NOTIC: [2048] Declaration of Home\Controller\TaskController::getcityinfo() should be compatible with Home\Controller\GlobalController::getCityInfo($provinceId) /www/web/order/Application/Home/Controller/TaskController.class.php 第 4 行.
SQL: SHOW COLUMNS FROM `company` [ RunTime:0.0008s ]
SQL: SELECT * FROM `company` WHERE ( status=1 )  [ RunTime:0.0001s ]
SQL: SHOW COLUMNS FROM `jobtype` [ RunTime:0.0006s ]
SQL: SELECT * FROM `jobtype` WHERE ( status=1 )  [ RunTime:0.0001s ]

[ 2017-11-10T18:55:15+08:00 ] 220.248.47.34 /index.php/task/sendtask.html?mobile=15000897931&debug=true
INFO: [ app_init ] --START--
INFO: Run Behavior\BuildLiteBehavior [ RunTime:0.000010s ]
INFO: [ app_init ] --END-- [ RunTime:0.000064s ]
INFO: [ app_begin ] --START--
INFO: Run Behavior\ReadHtmlCacheBehavior [ RunTime:0.000024s ]
INFO: [ app_begin ] --END-- [ RunTime:0.000048s ]
NOTIC: [2048] Declaration of Home\Controller\TaskController::getcityinfo() should be compatible with Home\Controller\GlobalController::getCityInfo($provinceId) /www/web/order/Application/Home/Controller/TaskController.class.php 第 4 行.
SQL: SHOW COLUMNS FROM `user` [ RunTime:0.0008s ]
SQL: SELECT * FROM `user` WHERE ( mobile='15000897931' )  [ RunTime:0.0001s ]
SQL: SHOW COLUMNS FROM `company` [ RunTime:0.0006s ]
SQL: SELECT * FROM `company` WHERE ( status=1 )  [ RunTime:0.0001s ]
SQL: SHOW COLUMNS FROM `jobtype` [ RunTime:0.0006s ]
SQL: SELECT * FROM `jobtype` WHERE ( status=1 )  [ RunTime:0.0001s ]
INFO: [ view_parse ] --START--
INFO: [ template_filter ] --START--
INFO: Run Behavior\ContentReplaceBehavior [ RunTime:0.000021s ]
INFO: [ template_filter ] --END-- [ RunTime:0.000055s ]
INFO: Run Behavior\ParseTemplateBehavior [ RunTime:0.001403s ]
INFO: [ view_parse ] --END-- [ RunTime:0.001431s ]
INFO: [ view_filter ] --START--
INFO: Run Behavior\WriteHtmlCacheBehavior [ RunTime:0.000031s ]
INFO: [ view_filter ] --END-- [ RunTime:0.000048s ]

[ 2017-11-10T18:55:16+08:00 ] 220.248.47.34 /index.php/task/sendtask.html?mobile=15000897931&debug=true
INFO: [ app_init ] --START--
INFO: Run Behavior\BuildLiteBehavior [ RunTime:0.000009s ]
INFO: [ app_init ] --END-- [ RunTime:0.000064s ]
INFO: [ app_begin ] --START--
INFO: Run Behavior\ReadHtmlCacheBehavior [ RunTime:0.000024s ]
INFO: [ app_begin ] --END-- [ RunTime:0.000049s ]
NOTIC: [2048] Declaration of Home\Controller\TaskController::getcityinfo() should be compatible with Home\Controller\GlobalController::getCityInfo($provinceId) /www/web/order/Application/Home/Controller/TaskController.class.php 第 4 行.
SQL: SHOW COLUMNS FROM `user` [ RunTime:0.0008s ]
SQL: SELECT * FROM `user` WHERE ( mobile='15000897931' )  [ RunTime:0.0001s ]
SQL: SHOW COLUMNS FROM `company` [ RunTime:0.0006s ]
SQL: SELECT * FROM `company` WHERE ( status=1 )  [ RunTime:0.0001s ]
SQL: SHOW COLUMNS FROM `jobtype` [ RunTime:0.0006s ]
SQL: SELECT * FROM `jobtype` WHERE ( status=1 )  [ RunTime:0.0001s ]
INFO: [ view_parse ] --START--
INFO: [ template_filter ] --START--
INFO: Run Behavior\ContentReplaceBehavior [ RunTime:0.000021s ]
INFO: [ template_filter ] --END-- [ RunTime:0.000045s ]
INFO: Run Behavior\ParseTemplateBehavior [ RunTime:0.001372s ]
INFO: [ view_parse ] --END-- [ RunTime:0.001399s ]
INFO: [ view_filter ] --START--
INFO: Run Behavior\WriteHtmlCacheBehavior [ RunTime:0.000033s ]
INFO: [ view_filter ] --END-- [ RunTime:0.000051s ]

[ 2017-11-10T18:55:18+08:00 ] 220.248.47.34 /index.php/task/sendtask.html?mobile=15000897931&debug=true
INFO: [ app_init ] --START--
INFO: Run Behavior\BuildLiteBehavior [ RunTime:0.000010s ]
INFO: [ app_init ] --END-- [ RunTime:0.000067s ]
INFO: [ app_begin ] --START--
INFO: Run Behavior\ReadHtmlCacheBehavior [ RunTime:0.000026s ]
INFO: [ app_begin ] --END-- [ RunTime:0.000050s ]
NOTIC: [2048] Declaration of Home\Controller\TaskController::getcityinfo() should be compatible with Home\Controller\GlobalController::getCityInfo($provinceId) /www/web/order/Application/Home/Controller/TaskController.class.php 第 4 行.
SQL: SHOW COLUMNS FROM `user` [ RunTime:0.0008s ]
SQL: SELECT * FROM `user` WHERE ( mobile='15000897931' )  [ RunTime:0.0001s ]
SQL: SHOW COLUMNS FROM `company` [ RunTime:0.0007s ]
SQL: SELECT * FROM `company` WHERE ( status=1 )  [ RunTime:0.0001s ]
SQL: SHOW COLUMNS FROM `jobtype` [ RunTime:0.0006s ]
SQL: SELECT * FROM `jobtype` WHERE ( status=1 )  [ RunTime:0.0001s ]
INFO: [ view_parse ] --START--
INFO: [ template_filter ] --START--
INFO: Run Behavior\ContentReplaceBehavior [ RunTime:0.000021s ]
INFO: [ template_filter ] --END-- [ RunTime:0.000048s ]
INFO: Run Behavior\ParseTemplateBehavior [ RunTime:0.001401s ]
INFO: [ view_parse ] --END-- [ RunTime:0.001431s ]
INFO: [ view_filter ] --START--
INFO: Run Behavior\WriteHtmlCacheBehavior [ RunTime:0.000025s ]
INFO: [ view_filter ] --END-- [ RunTime:0.000043s ]

[ 2017-11-10T18:55:19+08:00 ] 220.248.47.34 /index.php/task/sendtask.html?mobile=15000897931&debug=true
INFO: [ app_init ] --START--
INFO: Run Behavior\BuildLiteBehavior [ RunTime:0.000009s ]
INFO: [ app_init ] --END-- [ RunTime:0.000064s ]
INFO: [ app_begin ] --START--
INFO: Run Behavior\ReadHtmlCacheBehavior [ RunTime:0.000025s ]
INFO: [ app_begin ] --END-- [ RunTime:0.000049s ]
NOTIC: [2048] Declaration of Home\Controller\TaskController::getcityinfo() should be compatible with Home\Controller\GlobalController::getCityInfo($provinceId) /www/web/order/Application/Home/Controller/TaskController.class.php 第 4 行.
SQL: SHOW COLUMNS FROM `user` [ RunTime:0.0008s ]
SQL: SELECT * FROM `user` WHERE ( mobile='15000897931' )  [ RunTime:0.0001s ]
SQL: SHOW COLUMNS FROM `company` [ RunTime:0.0006s ]
SQL: SELECT * FROM `company` WHERE ( status=1 )  [ RunTime:0.0001s ]
SQL: SHOW COLUMNS FROM `jobtype` [ RunTime:0.0006s ]
SQL: SELECT * FROM `jobtype` WHERE ( status=1 )  [ RunTime:0.0001s ]
INFO: [ view_parse ] --START--
INFO: [ template_filter ] --START--
INFO: Run Behavior\ContentReplaceBehavior [ RunTime:0.000020s ]
INFO: [ template_filter ] --END-- [ RunTime:0.000045s ]
INFO: Run Behavior\ParseTemplateBehavior [ RunTime:0.001396s ]
INFO: [ view_parse ] --END-- [ RunTime:0.001424s ]
INFO: [ view_filter ] --START--
INFO: Run Behavior\WriteHtmlCacheBehavior [ RunTime:0.000024s ]
INFO: [ view_filter ] --END-- [ RunTime:0.000040s ]

[ 2017-11-10T18:55:21+08:00 ] 220.248.47.34 /task/index.html
INFO: [ app_init ] --START--
INFO: Run Behavior\BuildLiteBehavior [ RunTime:0.000011s ]
INFO: [ app_init ] --END-- [ RunTime:0.000071s ]
INFO: [ app_begin ] --START--
INFO: Run Behavior\ReadHtmlCacheBehavior [ RunTime:0.000028s ]
INFO: [ app_begin ] --END-- [ RunTime:0.000055s ]
NOTIC: [2048] Declaration of Home\Controller\TaskController::getcityinfo() should be compatible with Home\Controller\GlobalController::getCityInfo($provinceId) /www/web/order/Application/Home/Controller/TaskController.class.php 第 4 行.
SQL: SHOW COLUMNS FROM `company` [ RunTime:0.0009s ]
SQL: SELECT * FROM `company` WHERE ( status=1 )  [ RunTime:0.0001s ]
SQL: SHOW COLUMNS FROM `jobtype` [ RunTime:0.0007s ]
SQL: SELECT * FROM `jobtype` WHERE ( status=1 )  [ RunTime:0.0001s ]

[ 2017-11-10T18:56:42+08:00 ] 220.248.47.34 /
INFO: [ app_init ] --START--
INFO: Run Behavior\BuildLiteBehavior [ RunTime:0.000011s ]
INFO: [ app_init ] --END-- [ RunTime:0.000082s ]
INFO: [ app_begin ] --START--
INFO: Run Behavior\ReadHtmlCacheBehavior [ RunTime:0.000038s ]
INFO: [ app_begin ] --END-- [ RunTime:0.000065s ]
NOTIC: [8] Undefined offset: 1 /www/web/order/Application/Home/Controller/GlobalController.class.php 第 252 行.

[ 2017-11-10T18:57:18+08:00 ] 220.248.47.34 /
INFO: [ app_init ] --START--
INFO: Run Behavior\BuildLiteBehavior [ RunTime:0.000011s ]
INFO: [ app_init ] --END-- [ RunTime:0.000071s ]
INFO: [ app_begin ] --START--
INFO: Run Behavior\ReadHtmlCacheBehavior [ RunTime:0.000026s ]
INFO: [ app_begin ] --END-- [ RunTime:0.000052s ]
NOTIC: [8] Undefined offset: 1 /www/web/order/Application/Home/Controller/GlobalController.class.php 第 252 行.

[ 2017-11-10T18:57:23+08:00 ] 220.248.47.34 /
INFO: [ app_init ] --START--
INFO: Run Behavior\BuildLiteBehavior [ RunTime:0.000011s ]
INFO: [ app_init ] --END-- [ RunTime:0.000071s ]
INFO: [ app_begin ] --START--
INFO: Run Behavior\ReadHtmlCacheBehavior [ RunTime:0.000035s ]
INFO: [ app_begin ] --END-- [ RunTime:0.000061s ]
NOTIC: [8] Undefined offset: 1 /www/web/order/Application/Home/Controller/GlobalController.class.php 第 252 行.

[ 2017-11-10T18:58:02+08:00 ] 220.248.47.34 /
INFO: [ app_init ] --START--
INFO: Run Behavior\BuildLiteBehavior [ RunTime:0.000011s ]
INFO: [ app_init ] --END-- [ RunTime:0.000077s ]
INFO: [ app_begin ] --START--
INFO: Run Behavior\ReadHtmlCacheBehavior [ RunTime:0.000033s ]
INFO: [ app_begin ] --END-- [ RunTime:0.000058s ]
NOTIC: [8] Undefined offset: 1 /www/web/order/Application/Home/Controller/GlobalController.class.php 第 252 行.
NOTIC: [8] Undefined index: timestamp /www/web/order/ThinkPHP/Library/Com/Wechat.class.php 第 299 行.
NOTIC: [8] Undefined index: nonce /www/web/order/ThinkPHP/Library/Com/Wechat.class.php 第 299 行.
NOTIC: [8] Undefined index: signature /www/web/order/ThinkPHP/Library/Com/Wechat.class.php 第 300 行.

[ 2017-11-10T18:58:04+08:00 ] 220.248.47.34 /
INFO: [ app_init ] --START--
INFO: Run Behavior\BuildLiteBehavior [ RunTime:0.000010s ]
INFO: [ app_init ] --END-- [ RunTime:0.000065s ]
INFO: [ app_begin ] --START--
INFO: Run Behavior\ReadHtmlCacheBehavior [ RunTime:0.000025s ]
INFO: [ app_begin ] --END-- [ RunTime:0.000047s ]
NOTIC: [8] Undefined offset: 1 /www/web/order/Application/Home/Controller/GlobalController.class.php 第 252 行.
NOTIC: [8] Undefined index: timestamp /www/web/order/ThinkPHP/Library/Com/Wechat.class.php 第 299 行.
NOTIC: [8] Undefined index: nonce /www/web/order/ThinkPHP/Library/Com/Wechat.class.php 第 299 行.
NOTIC: [8] Undefined index: signature /www/web/order/ThinkPHP/Library/Com/Wechat.class.php 第 300 行.

[ 2017-11-10T19:01:40+08:00 ] 220.248.47.34 /
INFO: [ app_init ] --START--
INFO: Run Behavior\BuildLiteBehavior [ RunTime:0.000010s ]
INFO: [ app_init ] --END-- [ RunTime:0.000074s ]
INFO: [ app_begin ] --START--
INFO: Run Behavior\ReadHtmlCacheBehavior [ RunTime:0.000028s ]
INFO: [ app_begin ] --END-- [ RunTime:0.000050s ]
NOTIC: [8] Undefined offset: 1 /www/web/order/Application/Home/Controller/GlobalController.class.php 第 253 行.

[ 2017-11-10T19:03:22+08:00 ] 220.248.47.34 /
INFO: [ app_init ] --START--
INFO: Run Behavior\BuildLiteBehavior [ RunTime:0.000010s ]
INFO: [ app_init ] --END-- [ RunTime:0.000073s ]
INFO: [ app_begin ] --START--
INFO: Run Behavior\ReadHtmlCacheBehavior [ RunTime:0.000030s ]
INFO: [ app_begin ] --END-- [ RunTime:0.000053s ]
NOTIC: [8] Undefined offset: 1 /www/web/order/Application/Home/Controller/GlobalController.class.php 第 256 行.
NOTIC: [8] Undefined index: timestamp /www/web/order/ThinkPHP/Library/Com/Wechat.class.php 第 299 行.
NOTIC: [8] Undefined index: nonce /www/web/order/ThinkPHP/Library/Com/Wechat.class.php 第 299 行.
NOTIC: [8] Undefined index: signature /www/web/order/ThinkPHP/Library/Com/Wechat.class.php 第 300 行.

[ 2017-11-10T19:07:13+08:00 ] 220.248.47.34 /
INFO: [ app_init ] --START--
INFO: Run Behavior\BuildLiteBehavior [ RunTime:0.000012s ]
INFO: [ app_init ] --END-- [ RunTime:0.000084s ]
INFO: [ app_begin ] --START--
INFO: Run Behavior\ReadHtmlCacheBehavior [ RunTime:0.000033s ]
INFO: [ app_begin ] --END-- [ RunTime:0.000060s ]
NOTIC: [8] Undefined offset: 1 /www/web/order/Application/Home/Controller/GlobalController.class.php 第 252 行.
NOTIC: [8] Undefined index: timestamp /www/web/order/ThinkPHP/Library/Com/Wechat.class.php 第 299 行.
NOTIC: [8] Undefined index: nonce /www/web/order/ThinkPHP/Library/Com/Wechat.class.php 第 299 行.
NOTIC: [8] Undefined index: signature /www/web/order/ThinkPHP/Library/Com/Wechat.class.php 第 300 行.

[ 2017-11-10T19:08:25+08:00 ] 140.207.54.75 /index.php?signature=578619b1d9896f48cd7a4a128baa6c34c785f18e&echostr=5443988802170620668&timestamp=1510312104&nonce=2150271441
INFO: [ app_init ] --START--
INFO: Run Behavior\BuildLiteBehavior [ RunTime:0.000010s ]
INFO: [ app_init ] --END-- [ RunTime:0.000073s ]
INFO: [ app_begin ] --START--
INFO: Run Behavior\ReadHtmlCacheBehavior [ RunTime:0.000031s ]
INFO: [ app_begin ] --END-- [ RunTime:0.000055s ]
NOTIC: [8] Undefined offset: 1 /www/web/order/Application/Home/Controller/GlobalController.class.php 第 252 行.

[ 2017-11-10T19:11:01+08:00 ] 140.207.54.75 /index.php?signature=f3dccb02ef7b96896e76cf3760620aad2d557417&echostr=10418274241790447461&timestamp=1510312261&nonce=2359201662
INFO: [ app_init ] --START--
INFO: Run Behavior\BuildLiteBehavior [ RunTime:0.000011s ]
INFO: [ app_init ] --END-- [ RunTime:0.000074s ]
INFO: [ app_begin ] --START--
INFO: Run Behavior\ReadHtmlCacheBehavior [ RunTime:0.000052s ]
INFO: [ app_begin ] --END-- [ RunTime:0.000079s ]
NOTIC: [8] Undefined offset: 1 /www/web/order/Application/Home/Controller/GlobalController.class.php 第 252 行.

[ 2017-11-10T19:11:16+08:00 ] 140.207.54.75 /index.php?signature=aa15114cbefd596c2e379d70905bfc5e209122d2&timestamp=1510312276&nonce=1521228892&openid=oK3GO06kQK7E0pvvROGh_T7tIijg&encrypt_type=aes&msg_signature=c41ed6670cebb3efa7436e35b62e18016d6fb077
INFO: [ app_init ] --START--
INFO: Run Behavior\BuildLiteBehavior [ RunTime:0.000011s ]
INFO: [ app_init ] --END-- [ RunTime:0.000079s ]
INFO: [ app_begin ] --START--
INFO: Run Behavior\ReadHtmlCacheBehavior [ RunTime:0.000025s ]
INFO: [ app_begin ] --END-- [ RunTime:0.000052s ]
NOTIC: [8] Undefined offset: 1 /www/web/order/Application/Home/Controller/GlobalController.class.php 第 252 行.
SQL: SHOW COLUMNS FROM `user` [ RunTime:0.0009s ]
SQL: SELECT * FROM `user` WHERE ( openid='oK3GO06kQK7E0pvvROGh_T7tIijg' )  [ RunTime:0.0001s ]
NOTIC: [2] file_put_contents(a.log): failed to open stream: Permission denied /www/web/order/Application/Home/Controller/GlobalController.class.php 第 133 行.
NOTIC: [2] file_put_contents(a.log): failed to open stream: Permission denied /www/web/order/Application/Home/Controller/GlobalController.class.php 第 135 行.
NOTIC: [2] file_put_contents(./token_2017_11_10.json): failed to open stream: Permission denied /www/web/order/ThinkPHP/Library/Com/WechatAuth.class.php 第 132 行.
NOTIC: [2] file_put_contents(./error.json): failed to open stream: Permission denied /www/web/order/Application/Home/Controller/GlobalController.class.php 第 73 行.

[ 2017-11-10T19:16:02+08:00 ] 220.248.47.34 /
INFO: [ app_init ] --START--
INFO: Run Behavior\BuildLiteBehavior [ RunTime:0.000010s ]
INFO: [ app_init ] --END-- [ RunTime:0.000070s ]
INFO: [ app_begin ] --START--
INFO: Run Behavior\ReadHtmlCacheBehavior [ RunTime:0.000030s ]
INFO: [ app_begin ] --END-- [ RunTime:0.000053s ]
NOTIC: [8] Undefined offset: 1 /www/web/order/Application/Home/Controller/GlobalController.class.php 第 252 行.
NOTIC: [8] Undefined index: timestamp /www/web/order/ThinkPHP/Library/Com/Wechat.class.php 第 299 行.
NOTIC: [8] Undefined index: nonce /www/web/order/ThinkPHP/Library/Com/Wechat.class.php 第 299 行.
NOTIC: [8] Undefined index: signature /www/web/order/ThinkPHP/Library/Com/Wechat.class.php 第 300 行.

[ 2017-11-10T19:24:49+08:00 ] 220.248.47.34 /task/index.html
INFO: [ app_init ] --START--
INFO: Run Behavior\BuildLiteBehavior [ RunTime:0.000010s ]
INFO: [ app_init ] --END-- [ RunTime:0.000076s ]
INFO: [ app_begin ] --START--
INFO: Run Behavior\ReadHtmlCacheBehavior [ RunTime:0.000034s ]
INFO: [ app_begin ] --END-- [ RunTime:0.000061s ]
NOTIC: [2048] Declaration of Home\Controller\TaskController::getcityinfo() should be compatible with Home\Controller\GlobalController::getCityInfo($provinceId) /www/web/order/Application/Home/Controller/TaskController.class.php 第 4 行.
SQL: SHOW COLUMNS FROM `company` [ RunTime:0.0008s ]
SQL: SELECT * FROM `company` WHERE ( status=1 )  [ RunTime:0.0001s ]
SQL: SHOW COLUMNS FROM `jobtype` [ RunTime:0.0007s ]
SQL: SELECT * FROM `jobtype` WHERE ( status=1 )  [ RunTime:0.0001s ]

[ 2017-11-10T19:24:50+08:00 ] 220.248.47.34 /index.php/task/sendtask.html?mobile=15000897931&debug=true
INFO: [ app_init ] --START--
INFO: Run Behavior\BuildLiteBehavior [ RunTime:0.000011s ]
INFO: [ app_init ] --END-- [ RunTime:0.000079s ]
INFO: [ app_begin ] --START--
INFO: Run Behavior\ReadHtmlCacheBehavior [ RunTime:0.000026s ]
INFO: [ app_begin ] --END-- [ RunTime:0.000052s ]
NOTIC: [2048] Declaration of Home\Controller\TaskController::getcityinfo() should be compatible with Home\Controller\GlobalController::getCityInfo($provinceId) /www/web/order/Application/Home/Controller/TaskController.class.php 第 4 行.
SQL: SHOW COLUMNS FROM `user` [ RunTime:0.0009s ]
SQL: SELECT * FROM `user` WHERE ( mobile='15000897931' )  [ RunTime:0.0001s ]
SQL: SHOW COLUMNS FROM `company` [ RunTime:0.0007s ]
SQL: SELECT * FROM `company` WHERE ( status=1 )  [ RunTime:0.0001s ]
SQL: SHOW COLUMNS FROM `jobtype` [ RunTime:0.0007s ]
SQL: SELECT * FROM `jobtype` WHERE ( status=1 )  [ RunTime:0.0001s ]
INFO: [ view_parse ] --START--
INFO: [ template_filter ] --START--
INFO: Run Behavior\ContentReplaceBehavior [ RunTime:0.000022s ]
INFO: [ template_filter ] --END-- [ RunTime:0.000050s ]
INFO: Run Behavior\ParseTemplateBehavior [ RunTime:0.001573s ]
INFO: [ view_parse ] --END-- [ RunTime:0.001605s ]
INFO: [ view_filter ] --START--
INFO: Run Behavior\WriteHtmlCacheBehavior [ RunTime:0.000034s ]
INFO: [ view_filter ] --END-- [ RunTime:0.000053s ]

[ 2017-11-10T19:24:52+08:00 ] 220.248.47.34 /task/index.html
INFO: [ app_init ] --START--
INFO: Run Behavior\BuildLiteBehavior [ RunTime:0.000010s ]
INFO: [ app_init ] --END-- [ RunTime:0.000064s ]
INFO: [ app_begin ] --START--
INFO: Run Behavior\ReadHtmlCacheBehavior [ RunTime:0.000040s ]
INFO: [ app_begin ] --END-- [ RunTime:0.000067s ]
NOTIC: [2048] Declaration of Home\Controller\TaskController::getcityinfo() should be compatible with Home\Controller\GlobalController::getCityInfo($provinceId) /www/web/order/Application/Home/Controller/TaskController.class.php 第 4 行.
SQL: SHOW COLUMNS FROM `company` [ RunTime:0.0008s ]
SQL: SELECT * FROM `company` WHERE ( status=1 )  [ RunTime:0.0001s ]
SQL: SHOW COLUMNS FROM `jobtype` [ RunTime:0.0006s ]
SQL: SELECT * FROM `jobtype` WHERE ( status=1 )  [ RunTime:0.0001s ]

[ 2017-11-10T19:24:54+08:00 ] 220.248.47.34 /index.php/task/sendtask.html?mobile=15000897931&debug=true
INFO: [ app_init ] --START--
INFO: Run Behavior\BuildLiteBehavior [ RunTime:0.000010s ]
INFO: [ app_init ] --END-- [ RunTime:0.000065s ]
INFO: [ app_begin ] --START--
INFO: Run Behavior\ReadHtmlCacheBehavior [ RunTime:0.000024s ]
INFO: [ app_begin ] --END-- [ RunTime:0.000047s ]
NOTIC: [2048] Declaration of Home\Controller\TaskController::getcityinfo() should be compatible with Home\Controller\GlobalController::getCityInfo($provinceId) /www/web/order/Application/Home/Controller/TaskController.class.php 第 4 行.
SQL: SHOW COLUMNS FROM `user` [ RunTime:0.0008s ]
SQL: SELECT * FROM `user` WHERE ( mobile='15000897931' )  [ RunTime:0.0001s ]
SQL: SHOW COLUMNS FROM `company` [ RunTime:0.0006s ]
SQL: SELECT * FROM `company` WHERE ( status=1 )  [ RunTime:0.0001s ]
SQL: SHOW COLUMNS FROM `jobtype` [ RunTime:0.0006s ]
SQL: SELECT * FROM `jobtype` WHERE ( status=1 )  [ RunTime:0.0001s ]
INFO: [ view_parse ] --START--
INFO: [ template_filter ] --START--
INFO: Run Behavior\ContentReplaceBehavior [ RunTime:0.000019s ]
INFO: [ template_filter ] --END-- [ RunTime:0.000045s ]
INFO: Run Behavior\ParseTemplateBehavior [ RunTime:0.001372s ]
INFO: [ view_parse ] --END-- [ RunTime:0.001400s ]
INFO: [ view_filter ] --START--
INFO: Run Behavior\WriteHtmlCacheBehavior [ RunTime:0.000023s ]
INFO: [ view_filter ] --END-- [ RunTime:0.000040s ]

[ 2017-11-10T19:24:56+08:00 ] 220.248.47.34 /task/index.html
INFO: [ app_init ] --START--
INFO: Run Behavior\BuildLiteBehavior [ RunTime:0.000010s ]
INFO: [ app_init ] --END-- [ RunTime:0.000065s ]
INFO: [ app_begin ] --START--
INFO: Run Behavior\ReadHtmlCacheBehavior [ RunTime:0.000025s ]
INFO: [ app_begin ] --END-- [ RunTime:0.000049s ]
NOTIC: [2048] Declaration of Home\Controller\TaskController::getcityinfo() should be compatible with Home\Controller\GlobalController::getCityInfo($provinceId) /www/web/order/Application/Home/Controller/TaskController.class.php 第 4 行.
SQL: SHOW COLUMNS FROM `company` [ RunTime:0.0008s ]
SQL: SELECT * FROM `company` WHERE ( status=1 )  [ RunTime:0.0001s ]
SQL: SHOW COLUMNS FROM `jobtype` [ RunTime:0.0006s ]
SQL: SELECT * FROM `jobtype` WHERE ( status=1 )  [ RunTime:0.0001s ]

[ 2017-11-10T19:28:20+08:00 ] 140.207.54.75 /index.php?signature=9ea8b9a612c026a7b669f537c6a47c06f71a999c&timestamp=1510313300&nonce=115227366&openid=oK3GO06kQK7E0pvvROGh_T7tIijg&encrypt_type=aes&msg_signature=62c8b05a76c4bf53e731a4baa1c56a39644c3479
INFO: [ app_init ] --START--
INFO: Run Behavior\BuildLiteBehavior [ RunTime:0.000011s ]
INFO: [ app_init ] --END-- [ RunTime:0.000071s ]
INFO: [ app_begin ] --START--
INFO: Run Behavior\ReadHtmlCacheBehavior [ RunTime:0.000027s ]
INFO: [ app_begin ] --END-- [ RunTime:0.000050s ]
NOTIC: [8] Undefined offset: 1 /www/web/order/Application/Home/Controller/GlobalController.class.php 第 252 行.
NOTIC: [8] Use of undefined constant self - assumed 'self' /www/web/order/ThinkPHP/Library/Com/Wechat.class.php 第 156 行.

[ 2017-11-10T19:29:17+08:00 ] 140.207.54.75 /index.php?signature=8b573c24fe876918106a6159f9d32e43a2a33dc3&timestamp=1510313357&nonce=1308889900&openid=oK3GO06kQK7E0pvvROGh_T7tIijg&encrypt_type=aes&msg_signature=c74820a13d7189537afbb29b7423345c393ec22f
INFO: [ app_init ] --START--
INFO: Run Behavior\BuildLiteBehavior [ RunTime:0.000010s ]
INFO: [ app_init ] --END-- [ RunTime:0.000067s ]
INFO: [ app_begin ] --START--
INFO: Run Behavior\ReadHtmlCacheBehavior [ RunTime:0.000027s ]
INFO: [ app_begin ] --END-- [ RunTime:0.000054s ]
NOTIC: [8] Undefined offset: 1 /www/web/order/Application/Home/Controller/GlobalController.class.php 第 252 行.
NOTIC: [8] Use of undefined constant self - assumed 'self' /www/web/order/ThinkPHP/Library/Com/Wechat.class.php 第 156 行.

[ 2017-11-10T19:33:19+08:00 ] 140.207.54.76 /index.php?signature=50ab5c6bc6d20b07b3552cf35438bac05e2895bf&timestamp=1510313599&nonce=641451492&openid=oK3GO06kQK7E0pvvROGh_T7tIijg&encrypt_type=aes&msg_signature=9aece8485c6f26835100ad8a24ed05c9422568ba
INFO: [ app_init ] --START--
INFO: Run Behavior\BuildLiteBehavior [ RunTime:0.000010s ]
INFO: [ app_init ] --END-- [ RunTime:0.000069s ]
INFO: [ app_begin ] --START--
INFO: Run Behavior\ReadHtmlCacheBehavior [ RunTime:0.000028s ]
INFO: [ app_begin ] --END-- [ RunTime:0.000051s ]
NOTIC: [8] Undefined offset: 1 /www/web/order/Application/Home/Controller/GlobalController.class.php 第 252 行.
NOTIC: [8] Use of undefined constant self - assumed 'self' /www/web/order/ThinkPHP/Library/Com/Wechat.class.php 第 156 行.

[ 2017-11-10T19:35:19+08:00 ] 140.207.54.75 /index.php?signature=0b9721d73315fd8de4ce477919701eaf17dea1a5&timestamp=1510313719&nonce=764943969&openid=oK3GO06kQK7E0pvvROGh_T7tIijg&encrypt_type=aes&msg_signature=ede8614771b827a6e8e3e86ac9620bcd25a0f646
INFO: [ app_init ] --START--
INFO: Run Behavior\BuildLiteBehavior [ RunTime:0.000010s ]
INFO: [ app_init ] --END-- [ RunTime:0.000077s ]
INFO: [ app_begin ] --START--
INFO: Run Behavior\ReadHtmlCacheBehavior [ RunTime:0.000030s ]
INFO: [ app_begin ] --END-- [ RunTime:0.000056s ]
NOTIC: [8] Undefined offset: 1 /www/web/order/Application/Home/Controller/GlobalController.class.php 第 252 行.
NOTIC: [8] Use of undefined constant self - assumed 'self' /www/web/order/ThinkPHP/Library/Com/Wechat.class.php 第 156 行.

[ 2017-11-10T19:57:41+08:00 ] 140.207.54.76 /index.php?signature=8555f3dd7f6dc68e2eead377eeafddc1a726266e&timestamp=1510315061&nonce=942797937&openid=oK3GO06kQK7E0pvvROGh_T7tIijg&encrypt_type=aes&msg_signature=78d5b90f83409288a70b166d4713622f5939cdfa
INFO: [ app_init ] --START--
INFO: Run Behavior\BuildLiteBehavior [ RunTime:0.000011s ]
INFO: [ app_init ] --END-- [ RunTime:0.000071s ]
INFO: [ app_begin ] --START--
INFO: Run Behavior\ReadHtmlCacheBehavior [ RunTime:0.000028s ]
INFO: [ app_begin ] --END-- [ RunTime:0.000051s ]
NOTIC: [8] Undefined offset: 1 /www/web/order/Application/Home/Controller/GlobalController.class.php 第 252 行.
NOTIC: [8] Use of undefined constant self - assumed 'self' /www/web/order/ThinkPHP/Library/Com/Wechat.class.php 第 156 行.

[ 2017-11-10T19:57:42+08:00 ] 101.226.233.148 /index.php/task/sendtask.html?code=061c2pOi0lu0Gm1emKQi0evdOi0c2pOg&state=h5_1461051704
INFO: [ app_init ] --START--
INFO: Run Behavior\BuildLiteBehavior [ RunTime:0.000010s ]
INFO: [ app_init ] --END-- [ RunTime:0.000065s ]
INFO: [ app_begin ] --START--
INFO: Run Behavior\ReadHtmlCacheBehavior [ RunTime:0.000025s ]
INFO: [ app_begin ] --END-- [ RunTime:0.000048s ]
NOTIC: [2048] Declaration of Home\Controller\TaskController::getcityinfo() should be compatible with Home\Controller\GlobalController::getCityInfo($provinceId) /www/web/order/Application/Home/Controller/TaskController.class.php 第 4 行.
SQL: SHOW COLUMNS FROM `company` [ RunTime:0.0007s ]
SQL: SELECT * FROM `company` WHERE ( status=1 )  [ RunTime:0.0001s ]
SQL: SHOW COLUMNS FROM `jobtype` [ RunTime:0.0006s ]
SQL: SELECT * FROM `jobtype` WHERE ( status=1 )  [ RunTime:0.0001s ]
INFO: [ view_parse ] --START--
INFO: [ template_filter ] --START--
INFO: Run Behavior\ContentReplaceBehavior [ RunTime:0.000021s ]
INFO: [ template_filter ] --END-- [ RunTime:0.000046s ]
INFO: Run Behavior\ParseTemplateBehavior [ RunTime:0.001384s ]
INFO: [ view_parse ] --END-- [ RunTime:0.001421s ]
INFO: [ view_filter ] --START--
INFO: Run Behavior\WriteHtmlCacheBehavior [ RunTime:0.000031s ]
INFO: [ view_filter ] --END-- [ RunTime:0.000048s ]

[ 2017-11-10T19:57:42+08:00 ] 117.136.8.97 /index.php/task/sendtask.html?code=061c2pOi0lu0Gm1emKQi0evdOi0c2pOg&state=h5_1461051704
INFO: [ app_init ] --START--
INFO: Run Behavior\BuildLiteBehavior [ RunTime:0.000008s ]
INFO: [ app_init ] --END-- [ RunTime:0.000047s ]
INFO: [ app_begin ] --START--
INFO: Run Behavior\ReadHtmlCacheBehavior [ RunTime:0.000022s ]
INFO: [ app_begin ] --END-- [ RunTime:0.000046s ]
NOTIC: [2048] Declaration of Home\Controller\TaskController::getcityinfo() should be compatible with Home\Controller\GlobalController::getCityInfo($provinceId) /www/web/order/Application/Home/Controller/TaskController.class.php 第 4 行.
SQL: SHOW COLUMNS FROM `company` [ RunTime:0.0006s ]
SQL: SELECT * FROM `company` WHERE ( status=1 )  [ RunTime:0.0001s ]
SQL: SHOW COLUMNS FROM `jobtype` [ RunTime:0.0006s ]
SQL: SELECT * FROM `jobtype` WHERE ( status=1 )  [ RunTime:0.0001s ]
INFO: [ view_parse ] --START--
INFO: [ template_filter ] --START--
INFO: Run Behavior\ContentReplaceBehavior [ RunTime:0.000020s ]
INFO: [ template_filter ] --END-- [ RunTime:0.000045s ]
INFO: Run Behavior\ParseTemplateBehavior [ RunTime:0.001287s ]
INFO: [ view_parse ] --END-- [ RunTime:0.001314s ]
INFO: [ view_filter ] --START--
INFO: Run Behavior\WriteHtmlCacheBehavior [ RunTime:0.000023s ]
INFO: [ view_filter ] --END-- [ RunTime:0.000040s ]

[ 2017-11-10T19:57:45+08:00 ] 117.136.8.97 /task/index.html
INFO: [ app_init ] --START--
INFO: Run Behavior\BuildLiteBehavior [ RunTime:0.000010s ]
INFO: [ app_init ] --END-- [ RunTime:0.000079s ]
INFO: [ app_begin ] --START--
INFO: Run Behavior\ReadHtmlCacheBehavior [ RunTime:0.000027s ]
INFO: [ app_begin ] --END-- [ RunTime:0.000053s ]
NOTIC: [2048] Declaration of Home\Controller\TaskController::getcityinfo() should be compatible with Home\Controller\GlobalController::getCityInfo($provinceId) /www/web/order/Application/Home/Controller/TaskController.class.php 第 4 行.
SQL: SHOW COLUMNS FROM `company` [ RunTime:0.0009s ]
SQL: SELECT * FROM `company` WHERE ( status=1 )  [ RunTime:0.0001s ]
SQL: SHOW COLUMNS FROM `jobtype` [ RunTime:0.0007s ]
SQL: SELECT * FROM `jobtype` WHERE ( status=1 )  [ RunTime:0.0001s ]

[ 2017-11-10T19:57:53+08:00 ] 101.226.233.153 /task/index.html
INFO: [ app_init ] --START--
INFO: Run Behavior\BuildLiteBehavior [ RunTime:0.000011s ]
INFO: [ app_init ] --END-- [ RunTime:0.000081s ]
INFO: [ app_begin ] --START--
INFO: Run Behavior\ReadHtmlCacheBehavior [ RunTime:0.000026s ]
INFO: [ app_begin ] --END-- [ RunTime:0.000052s ]
NOTIC: [2048] Declaration of Home\Controller\TaskController::getcityinfo() should be compatible with Home\Controller\GlobalController::getCityInfo($provinceId) /www/web/order/Application/Home/Controller/TaskController.class.php 第 4 行.
SQL: SHOW COLUMNS FROM `company` [ RunTime:0.0008s ]
SQL: SELECT * FROM `company` WHERE ( status=1 )  [ RunTime:0.0001s ]
SQL: SHOW COLUMNS FROM `jobtype` [ RunTime:0.0007s ]
SQL: SELECT * FROM `jobtype` WHERE ( status=1 )  [ RunTime:0.0001s ]

[ 2017-11-10T19:57:55+08:00 ] 120.204.17.46 /task/index.html
INFO: [ app_init ] --START--
INFO: Run Behavior\BuildLiteBehavior [ RunTime:0.000009s ]
INFO: [ app_init ] --END-- [ RunTime:0.000064s ]
INFO: [ app_begin ] --START--
INFO: Run Behavior\ReadHtmlCacheBehavior [ RunTime:0.000024s ]
INFO: [ app_begin ] --END-- [ RunTime:0.000046s ]
NOTIC: [2048] Declaration of Home\Controller\TaskController::getcityinfo() should be compatible with Home\Controller\GlobalController::getCityInfo($provinceId) /www/web/order/Application/Home/Controller/TaskController.class.php 第 4 行.
SQL: SHOW COLUMNS FROM `company` [ RunTime:0.0007s ]
SQL: SELECT * FROM `company` WHERE ( status=1 )  [ RunTime:0.0001s ]
SQL: SHOW COLUMNS FROM `jobtype` [ RunTime:0.0006s ]
SQL: SELECT * FROM `jobtype` WHERE ( status=1 )  [ RunTime:0.0001s ]

[ 2017-11-10T21:54:31+08:00 ] 140.207.54.79 /index.php?signature=8808233e18237bd3ebe63f369f7e98177e7b4b86&timestamp=1510322071&nonce=208878562&openid=oK3GO05Qe3U_6Oaf-z27JjRQaMFY&encrypt_type=aes&msg_signature=ec541135227aaa9778b517b126786cd5d948d6ce
INFO: [ app_init ] --START--
INFO: Run Behavior\BuildLiteBehavior [ RunTime:0.000010s ]
INFO: [ app_init ] --END-- [ RunTime:0.000072s ]
INFO: [ app_begin ] --START--
INFO: Run Behavior\ReadHtmlCacheBehavior [ RunTime:0.000027s ]
INFO: [ app_begin ] --END-- [ RunTime:0.000049s ]
NOTIC: [8] Undefined offset: 1 /www/web/order/Application/Home/Controller/GlobalController.class.php 第 252 行.
SQL: SHOW COLUMNS FROM `user` [ RunTime:0.0008s ]
SQL: SELECT * FROM `user` WHERE ( openid='oK3GO05Qe3U_6Oaf-z27JjRQaMFY' )  [ RunTime:0.0002s ]
NOTIC: [2] file_put_contents(a.log): failed to open stream: Permission denied /www/web/order/Application/Home/Controller/GlobalController.class.php 第 133 行.
NOTIC: [2] file_put_contents(a.log): failed to open stream: Permission denied /www/web/order/Application/Home/Controller/GlobalController.class.php 第 135 行.
NOTIC: [2] file_put_contents(./token_2017_11_10.json): failed to open stream: Permission denied /www/web/order/ThinkPHP/Library/Com/WechatAuth.class.php 第 132 行.
NOTIC: [2] file_put_contents(./error.json): failed to open stream: Permission denied /www/web/order/Application/Home/Controller/GlobalController.class.php 第 73 行.

[ 2017-11-10T21:54:45+08:00 ] 140.207.54.80 /index.php?signature=f544ef453d05da7b0d2a899f9485f8ba4d2f28a8&timestamp=1510322085&nonce=1934997513&openid=oK3GO05Qe3U_6Oaf-z27JjRQaMFY&encrypt_type=aes&msg_signature=44d9bd80d07062c1cbbb1937325aa73404cc44ab
INFO: [ app_init ] --START--
INFO: Run Behavior\BuildLiteBehavior [ RunTime:0.000010s ]
INFO: [ app_init ] --END-- [ RunTime:0.000069s ]
INFO: [ app_begin ] --START--
INFO: Run Behavior\ReadHtmlCacheBehavior [ RunTime:0.000024s ]
INFO: [ app_begin ] --END-- [ RunTime:0.000049s ]
NOTIC: [8] Undefined offset: 1 /www/web/order/Application/Home/Controller/GlobalController.class.php 第 252 行.
NOTIC: [8] Use of undefined constant self - assumed 'self' /www/web/order/ThinkPHP/Library/Com/Wechat.class.php 第 156 行.

[ 2017-11-10T21:54:45+08:00 ] 117.136.7.215 /index.php/task/sendtask.html?code=0815k4IO0mtZJa2wbEIO0WbOHO05k4IK&state=h5_1461051704
INFO: [ app_init ] --START--
INFO: Run Behavior\BuildLiteBehavior [ RunTime:0.000025s ]
INFO: [ app_init ] --END-- [ RunTime:0.000092s ]
INFO: [ app_begin ] --START--
INFO: Run Behavior\ReadHtmlCacheBehavior [ RunTime:0.000024s ]
INFO: [ app_begin ] --END-- [ RunTime:0.000048s ]
NOTIC: [2048] Declaration of Home\Controller\TaskController::getcityinfo() should be compatible with Home\Controller\GlobalController::getCityInfo($provinceId) /www/web/order/Application/Home/Controller/TaskController.class.php 第 4 行.
SQL: SHOW COLUMNS FROM `company` [ RunTime:0.0008s ]
SQL: SELECT * FROM `company` WHERE ( status=1 )  [ RunTime:0.0001s ]
SQL: SHOW COLUMNS FROM `jobtype` [ RunTime:0.0006s ]
SQL: SELECT * FROM `jobtype` WHERE ( status=1 )  [ RunTime:0.0001s ]
INFO: [ view_parse ] --START--
INFO: [ template_filter ] --START--
INFO: Run Behavior\ContentReplaceBehavior [ RunTime:0.000021s ]
INFO: [ template_filter ] --END-- [ RunTime:0.000046s ]
INFO: Run Behavior\ParseTemplateBehavior [ RunTime:0.001391s ]
INFO: [ view_parse ] --END-- [ RunTime:0.001419s ]
INFO: [ view_filter ] --START--
INFO: Run Behavior\WriteHtmlCacheBehavior [ RunTime:0.000031s ]
INFO: [ view_filter ] --END-- [ RunTime:0.000047s ]

[ 2017-11-10T21:54:46+08:00 ] 101.226.233.142 /index.php/task/sendtask.html?code=0815k4IO0mtZJa2wbEIO0WbOHO05k4IK&state=h5_1461051704
INFO: [ app_init ] --START--
INFO: Run Behavior\BuildLiteBehavior [ RunTime:0.000011s ]
INFO: [ app_init ] --END-- [ RunTime:0.000071s ]
INFO: [ app_begin ] --START--
INFO: Run Behavior\ReadHtmlCacheBehavior [ RunTime:0.000027s ]
INFO: [ app_begin ] --END-- [ RunTime:0.000056s ]
NOTIC: [2048] Declaration of Home\Controller\TaskController::getcityinfo() should be compatible with Home\Controller\GlobalController::getCityInfo($provinceId) /www/web/order/Application/Home/Controller/TaskController.class.php 第 4 行.
SQL: SHOW COLUMNS FROM `company` [ RunTime:0.0008s ]
SQL: SELECT * FROM `company` WHERE ( status=1 )  [ RunTime:0.0001s ]
SQL: SHOW COLUMNS FROM `jobtype` [ RunTime:0.0007s ]
SQL: SELECT * FROM `jobtype` WHERE ( status=1 )  [ RunTime:0.0001s ]
INFO: [ view_parse ] --START--
INFO: [ template_filter ] --START--
INFO: Run Behavior\ContentReplaceBehavior [ RunTime:0.000024s ]
INFO: [ template_filter ] --END-- [ RunTime:0.000052s ]
INFO: Run Behavior\ParseTemplateBehavior [ RunTime:0.001555s ]
INFO: [ view_parse ] --END-- [ RunTime:0.001587s ]
INFO: [ view_filter ] --START--
INFO: Run Behavior\WriteHtmlCacheBehavior [ RunTime:0.000050s ]
INFO: [ view_filter ] --END-- [ RunTime:0.000072s ]

[ 2017-11-10T21:54:47+08:00 ] 140.207.54.80 /index.php?signature=e136f9c06651c7d6000f0c6396d84946018de732&timestamp=1510322087&nonce=1627468153&openid=oK3GO05Qe3U_6Oaf-z27JjRQaMFY&encrypt_type=aes&msg_signature=0f360e917814c328137c3fcae8f53aafb82bf8fa
INFO: [ app_init ] --START--
INFO: Run Behavior\BuildLiteBehavior [ RunTime:0.000010s ]
INFO: [ app_init ] --END-- [ RunTime:0.000065s ]
INFO: [ app_begin ] --START--
INFO: Run Behavior\ReadHtmlCacheBehavior [ RunTime:0.000021s ]
INFO: [ app_begin ] --END-- [ RunTime:0.000043s ]
NOTIC: [8] Undefined offset: 1 /www/web/order/Application/Home/Controller/GlobalController.class.php 第 252 行.
NOTIC: [8] Use of undefined constant self - assumed 'self' /www/web/order/ThinkPHP/Library/Com/Wechat.class.php 第 156 行.

[ 2017-11-10T21:54:47+08:00 ] 117.136.7.215 /index.php/task/sendtask.html?code=011lxGnu02ncyb1au8ou0pCUnu0lxGnv&state=h5_1461051704
INFO: [ app_init ] --START--
INFO: Run Behavior\BuildLiteBehavior [ RunTime:0.000010s ]
INFO: [ app_init ] --END-- [ RunTime:0.000065s ]
INFO: [ app_begin ] --START--
INFO: Run Behavior\ReadHtmlCacheBehavior [ RunTime:0.000024s ]
INFO: [ app_begin ] --END-- [ RunTime:0.000046s ]
NOTIC: [2048] Declaration of Home\Controller\TaskController::getcityinfo() should be compatible with Home\Controller\GlobalController::getCityInfo($provinceId) /www/web/order/Application/Home/Controller/TaskController.class.php 第 4 行.
SQL: SHOW COLUMNS FROM `company` [ RunTime:0.0008s ]
SQL: SELECT * FROM `company` WHERE ( status=1 )  [ RunTime:0.0001s ]
SQL: SHOW COLUMNS FROM `jobtype` [ RunTime:0.0016s ]
SQL: SELECT * FROM `jobtype` WHERE ( status=1 )  [ RunTime:0.0001s ]
INFO: [ view_parse ] --START--
INFO: [ template_filter ] --START--
INFO: Run Behavior\ContentReplaceBehavior [ RunTime:0.000019s ]
INFO: [ template_filter ] --END-- [ RunTime:0.000045s ]
INFO: Run Behavior\ParseTemplateBehavior [ RunTime:0.001340s ]
INFO: [ view_parse ] --END-- [ RunTime:0.001368s ]
INFO: [ view_filter ] --START--
INFO: Run Behavior\WriteHtmlCacheBehavior [ RunTime:0.000023s ]
INFO: [ view_filter ] --END-- [ RunTime:0.000040s ]

[ 2017-11-10T21:54:49+08:00 ] 117.136.7.215 /task/index.html
INFO: [ app_init ] --START--
INFO: Run Behavior\BuildLiteBehavior [ RunTime:0.000011s ]
INFO: [ app_init ] --END-- [ RunTime:0.000071s ]
INFO: [ app_begin ] --START--
INFO: Run Behavior\ReadHtmlCacheBehavior [ RunTime:0.000027s ]
INFO: [ app_begin ] --END-- [ RunTime:0.000054s ]
NOTIC: [2048] Declaration of Home\Controller\TaskController::getcityinfo() should be compatible with Home\Controller\GlobalController::getCityInfo($provinceId) /www/web/order/Application/Home/Controller/TaskController.class.php 第 4 行.
SQL: SHOW COLUMNS FROM `company` [ RunTime:0.0009s ]
SQL: SELECT * FROM `company` WHERE ( status=1 )  [ RunTime:0.0001s ]
SQL: SHOW COLUMNS FROM `jobtype` [ RunTime:0.0007s ]
SQL: SELECT * FROM `jobtype` WHERE ( status=1 )  [ RunTime:0.0001s ]

[ 2017-11-10T21:54:51+08:00 ] 140.207.54.79 /index.php?signature=3348d27f178d18053193822dea6f62bee13edfdb&timestamp=1510322091&nonce=172040205&openid=oK3GO05Qe3U_6Oaf-z27JjRQaMFY&encrypt_type=aes&msg_signature=d4543a57ea46133ba01303f6f11e8ee5bfd2f933
INFO: [ app_init ] --START--
INFO: Run Behavior\BuildLiteBehavior [ RunTime:0.000010s ]
INFO: [ app_init ] --END-- [ RunTime:0.000070s ]
INFO: [ app_begin ] --START--
INFO: Run Behavior\ReadHtmlCacheBehavior [ RunTime:0.000024s ]
INFO: [ app_begin ] --END-- [ RunTime:0.000050s ]
NOTIC: [8] Undefined offset: 1 /www/web/order/Application/Home/Controller/GlobalController.class.php 第 252 行.
NOTIC: [8] Use of undefined constant self - assumed 'self' /www/web/order/ThinkPHP/Library/Com/Wechat.class.php 第 156 行.

[ 2017-11-10T21:54:51+08:00 ] 117.136.7.215 /index.php/task/sendtask.html?code=061NogXL0Nj2q32BmmUL0nklXL0NogXm&state=h5_1461051704
INFO: [ app_init ] --START--
INFO: Run Behavior\BuildLiteBehavior [ RunTime:0.000010s ]
INFO: [ app_init ] --END-- [ RunTime:0.000063s ]
INFO: [ app_begin ] --START--
INFO: Run Behavior\ReadHtmlCacheBehavior [ RunTime:0.000037s ]
INFO: [ app_begin ] --END-- [ RunTime:0.000063s ]
NOTIC: [2048] Declaration of Home\Controller\TaskController::getcityinfo() should be compatible with Home\Controller\GlobalController::getCityInfo($provinceId) /www/web/order/Application/Home/Controller/TaskController.class.php 第 4 行.
SQL: SHOW COLUMNS FROM `company` [ RunTime:0.0009s ]
SQL: SELECT * FROM `company` WHERE ( status=1 )  [ RunTime:0.0001s ]
SQL: SHOW COLUMNS FROM `jobtype` [ RunTime:0.0007s ]
SQL: SELECT * FROM `jobtype` WHERE ( status=1 )  [ RunTime:0.0001s ]
INFO: [ view_parse ] --START--
INFO: [ template_filter ] --START--
INFO: Run Behavior\ContentReplaceBehavior [ RunTime:0.000022s ]
INFO: [ template_filter ] --END-- [ RunTime:0.000052s ]
INFO: Run Behavior\ParseTemplateBehavior [ RunTime:0.001570s ]
INFO: [ view_parse ] --END-- [ RunTime:0.001602s ]
INFO: [ view_filter ] --START--
INFO: Run Behavior\WriteHtmlCacheBehavior [ RunTime:0.000026s ]
INFO: [ view_filter ] --END-- [ RunTime:0.000047s ]

[ 2017-11-10T22:41:28+08:00 ] 106.11.225.155 /
INFO: [ app_init ] --START--
INFO: Run Behavior\BuildLiteBehavior [ RunTime:0.000013s ]
INFO: [ app_init ] --END-- [ RunTime:0.000095s ]
INFO: [ app_begin ] --START--
INFO: Run Behavior\ReadHtmlCacheBehavior [ RunTime:0.000039s ]
INFO: [ app_begin ] --END-- [ RunTime:0.000070s ]
NOTIC: [8] Undefined offset: 1 /www/web/order/Application/Home/Controller/GlobalController.class.php 第 252 行.
NOTIC: [8] Undefined index: timestamp /www/web/order/ThinkPHP/Library/Com/Wechat.class.php 第 299 行.
NOTIC: [8] Undefined index: nonce /www/web/order/ThinkPHP/Library/Com/Wechat.class.php 第 299 行.
NOTIC: [8] Undefined index: signature /www/web/order/ThinkPHP/Library/Com/Wechat.class.php 第 300 行.

[ 2017-11-10T23:30:17+08:00 ] 140.207.54.75 /index.php?signature=ecb707885eb8d4ff0fcc8822f6ec790dd9310999&timestamp=1510327817&nonce=344680192&openid=oK3GO04F161rVhqEaVtC0nf-EjUo&encrypt_type=aes&msg_signature=d1118274deeff512bba2730d80e5987814c33e81
INFO: [ app_init ] --START--
INFO: Run Behavior\BuildLiteBehavior [ RunTime:0.000011s ]
INFO: [ app_init ] --END-- [ RunTime:0.000092s ]
INFO: [ app_begin ] --START--
INFO: Run Behavior\ReadHtmlCacheBehavior [ RunTime:0.000030s ]
INFO: [ app_begin ] --END-- [ RunTime:0.000056s ]
NOTIC: [8] Undefined offset: 1 /www/web/order/Application/Home/Controller/GlobalController.class.php 第 252 行.
SQL: SHOW COLUMNS FROM `user` [ RunTime:0.0009s ]
SQL: SELECT * FROM `user` WHERE ( openid='oK3GO04F161rVhqEaVtC0nf-EjUo' )  [ RunTime:0.0003s ]
NOTIC: [2] file_put_contents(a.log): failed to open stream: Permission denied /www/web/order/Application/Home/Controller/GlobalController.class.php 第 133 行.
NOTIC: [2] file_put_contents(a.log): failed to open stream: Permission denied /www/web/order/Application/Home/Controller/GlobalController.class.php 第 135 行.
NOTIC: [2] file_put_contents(./token_2017_11_10.json): failed to open stream: Permission denied /www/web/order/ThinkPHP/Library/Com/WechatAuth.class.php 第 132 行.
NOTIC: [2] file_put_contents(./error.json): failed to open stream: Permission denied /www/web/order/Application/Home/Controller/GlobalController.class.php 第 73 行.

