[ 2017-12-05T00:05:38+08:00 ] 61.160.224.141 /admin.php
INFO: [ app_init ] --START--
INFO: Run Behavior\BuildLiteBehavior [ RunTime:0.000011s ]
INFO: [ app_init ] --END-- [ RunTime:0.000049s ]
INFO: [ app_begin ] --START--
INFO: Run Behavior\ReadHtmlCacheBehavior [ RunTime:0.000311s ]
INFO: [ app_begin ] --END-- [ RunTime:0.000344s ]

[ 2017-12-05T00:05:38+08:00 ] 61.160.224.141 /admin.php/Home/login/index.html
INFO: [ app_init ] --START--
INFO: Run Behavior\BuildLiteBehavior [ RunTime:0.000008s ]
INFO: [ app_init ] --END-- [ RunTime:0.000038s ]
INFO: [ app_begin ] --START--
INFO: Run Behavior\ReadHtmlCacheBehavior [ RunTime:0.000290s ]
INFO: [ app_begin ] --END-- [ RunTime:0.000319s ]
INFO: [ view_parse ] --START--
INFO: [ template_filter ] --START--
INFO: Run Behavior\ContentReplaceBehavior [ RunTime:0.000023s ]
INFO: [ template_filter ] --END-- [ RunTime:0.000052s ]
INFO: Run Behavior\ParseTemplateBehavior [ RunTime:0.004728s ]
INFO: [ view_parse ] --END-- [ RunTime:0.004758s ]
INFO: [ view_filter ] --START--
INFO: Run Behavior\WriteHtmlCacheBehavior [ RunTime:0.000257s ]
INFO: [ view_filter ] --END-- [ RunTime:0.000279s ]
INFO: [ app_end ] --START--
INFO: Run Behavior\ShowPageTraceBehavior [ RunTime:0.000460s ]
INFO: [ app_end ] --END-- [ RunTime:0.000484s ]

[ 2017-12-05T00:30:09+08:00 ] 61.160.224.141 /admin.php/Home/login/index.html
INFO: [ app_init ] --START--
INFO: Run Behavior\BuildLiteBehavior [ RunTime:0.000012s ]
INFO: [ app_init ] --END-- [ RunTime:0.000085s ]
INFO: [ app_begin ] --START--
INFO: Run Behavior\ReadHtmlCacheBehavior [ RunTime:0.000509s ]
INFO: [ app_begin ] --END-- [ RunTime:0.000556s ]
INFO: [ view_parse ] --START--
INFO: [ template_filter ] --START--
INFO: Run Behavior\ContentReplaceBehavior [ RunTime:0.000022s ]
INFO: [ template_filter ] --END-- [ RunTime:0.000056s ]
INFO: Run Behavior\ParseTemplateBehavior [ RunTime:0.005285s ]
INFO: [ view_parse ] --END-- [ RunTime:0.005319s ]
INFO: [ view_filter ] --START--
INFO: Run Behavior\WriteHtmlCacheBehavior [ RunTime:0.000278s ]
INFO: [ view_filter ] --END-- [ RunTime:0.000300s ]
INFO: [ app_end ] --START--
INFO: Run Behavior\ShowPageTraceBehavior [ RunTime:0.000490s ]
INFO: [ app_end ] --END-- [ RunTime:0.000518s ]

[ 2017-12-05T00:30:40+08:00 ] 61.160.224.136 /admin.php/Home/Login/login.html
INFO: [ app_init ] --START--
INFO: Run Behavior\BuildLiteBehavior [ RunTime:0.000008s ]
INFO: [ app_init ] --END-- [ RunTime:0.000045s ]
INFO: [ app_begin ] --START--
INFO: Run Behavior\ReadHtmlCacheBehavior [ RunTime:0.000321s ]
INFO: [ app_begin ] --END-- [ RunTime:0.000353s ]
SQL: SHOW COLUMNS FROM `user` [ RunTime:0.0221s ]
SQL: SELECT * FROM `user` WHERE ( username='admin' and userpwd ='880343944aeb296d98d986b169ee9414' and status=1 )  [ RunTime:0.0012s ]
SQL: UPDATE `user` SET `latestLogin`='1512405039' WHERE `id` = '1' [ RunTime:0.0826s ]

[ 2017-12-05T00:30:40+08:00 ] 61.160.224.136 /admin.php/Home/order/index.html
INFO: [ app_init ] --START--
INFO: Run Behavior\BuildLiteBehavior [ RunTime:0.000007s ]
INFO: [ app_init ] --END-- [ RunTime:0.000051s ]
INFO: [ app_begin ] --START--
INFO: Run Behavior\ReadHtmlCacheBehavior [ RunTime:0.000317s ]
INFO: [ app_begin ] --END-- [ RunTime:0.000348s ]
NOTIC: [2048] Declaration of Home\Controller\OrderController::getcityinfo() should be compatible with Home\Controller\GlobalController::getCityInfo($provinceId) /www/wwwroot/order/Admin/Home/Controller/OrderController.class.php 第 4 行.
NOTIC: [2048] Declaration of Home\Controller\OrderController::getareainfo() should be compatible with Home\Controller\GlobalController::getAreaInfo($cityid) /www/wwwroot/order/Admin/Home/Controller/OrderController.class.php 第 4 行.
NOTIC: [8] Undefined index: manage_list /www/wwwroot/order/Admin/Home/Controller/GlobalController.class.php 第 34 行.
SQL: SHOW COLUMNS FROM `engineer` [ RunTime:0.0027s ]
SQL: SELECT * FROM `engineer` WHERE ( status=1 )  [ RunTime:0.0008s ]
SQL: SHOW COLUMNS FROM `customer` [ RunTime:0.0028s ]
SQL: SELECT * FROM `customer` WHERE ( status=1 )  [ RunTime:0.0053s ]
SQL: SHOW COLUMNS FROM `company` [ RunTime:0.0015s ]
SQL: SELECT * FROM `company` WHERE ( status=1 )  [ RunTime:0.0002s ]
SQL: SHOW COLUMNS FROM `jobtype` [ RunTime:0.0008s ]
SQL: SELECT * FROM `jobtype` WHERE ( status=1 )  [ RunTime:0.0001s ]
SQL: SHOW COLUMNS FROM `province` [ RunTime:0.0013s ]
SQL: SELECT * FROM `province`  [ RunTime:0.0001s ]
SQL: SHOW COLUMNS FROM `g_order` [ RunTime:0.0006s ]
SQL: SELECT COUNT(*) AS tp_count FROM `g_order` LIMIT 1   [ RunTime:0.0001s ]
SQL: SELECT g_order.*,customer.code,customer.province,customer.city,customer.area FROM `g_order` left join customer on customer.name = g_order.customerId  ORDER BY id DESC LIMIT 0,30   [ RunTime:0.0002s ]
INFO: [ view_parse ] --START--
NOTIC: [2] file_get_contents(./Admin/Home/View/Public/top.html): failed to open stream: No such file or directory /www/wwwroot/order/ThinkPHP/Library/Think/Template.class.php 第 696 行.
INFO: [ template_filter ] --START--
INFO: Run Behavior\ContentReplaceBehavior [ RunTime:0.000064s ]
INFO: [ template_filter ] --END-- [ RunTime:0.000093s ]
NOTIC: [8] Undefined index: accept_start /www/wwwroot/order/Admin/Runtime/Cache/Home/c9598960eadfb49cd7cb0e5e76951f3a.php 第 156 行.
NOTIC: [8] Undefined index: accept_end /www/wwwroot/order/Admin/Runtime/Cache/Home/c9598960eadfb49cd7cb0e5e76951f3a.php 第 158 行.
NOTIC: [8] Undefined index: status /www/wwwroot/order/Admin/Runtime/Cache/Home/c9598960eadfb49cd7cb0e5e76951f3a.php 第 163 行.
NOTIC: [8] Undefined index: status /www/wwwroot/order/Admin/Runtime/Cache/Home/c9598960eadfb49cd7cb0e5e76951f3a.php 第 164 行.
NOTIC: [8] Undefined index: status /www/wwwroot/order/Admin/Runtime/Cache/Home/c9598960eadfb49cd7cb0e5e76951f3a.php 第 165 行.
NOTIC: [8] Undefined index: status /www/wwwroot/order/Admin/Runtime/Cache/Home/c9598960eadfb49cd7cb0e5e76951f3a.php 第 166 行.
NOTIC: [8] Undefined index: status /www/wwwroot/order/Admin/Runtime/Cache/Home/c9598960eadfb49cd7cb0e5e76951f3a.php 第 167 行.
NOTIC: [8] Undefined index: arrive_start /www/wwwroot/order/Admin/Runtime/Cache/Home/c9598960eadfb49cd7cb0e5e76951f3a.php 第 174 行.
NOTIC: [8] Undefined index: arrive_end /www/wwwroot/order/Admin/Runtime/Cache/Home/c9598960eadfb49cd7cb0e5e76951f3a.php 第 176 行.
NOTIC: [8] Undefined index: requireuser /www/wwwroot/order/Admin/Runtime/Cache/Home/c9598960eadfb49cd7cb0e5e76951f3a.php 第 181 行.
NOTIC: [8] Undefined index: requireuser /www/wwwroot/order/Admin/Runtime/Cache/Home/c9598960eadfb49cd7cb0e5e76951f3a.php 第 181 行.
NOTIC: [8] Undefined index: requireuser /www/wwwroot/order/Admin/Runtime/Cache/Home/c9598960eadfb49cd7cb0e5e76951f3a.php 第 181 行.
NOTIC: [8] Undefined index: requireuser /www/wwwroot/order/Admin/Runtime/Cache/Home/c9598960eadfb49cd7cb0e5e76951f3a.php 第 181 行.
NOTIC: [8] Undefined index: requireuser /www/wwwroot/order/Admin/Runtime/Cache/Home/c9598960eadfb49cd7cb0e5e76951f3a.php 第 181 行.
NOTIC: [8] Undefined index: requireuser /www/wwwroot/order/Admin/Runtime/Cache/Home/c9598960eadfb49cd7cb0e5e76951f3a.php 第 181 行.
NOTIC: [8] Undefined index: requireuser /www/wwwroot/order/Admin/Runtime/Cache/Home/c9598960eadfb49cd7cb0e5e76951f3a.php 第 181 行.
NOTIC: [8] Undefined index: requireuser /www/wwwroot/order/Admin/Runtime/Cache/Home/c9598960eadfb49cd7cb0e5e76951f3a.php 第 181 行.
NOTIC: [8] Undefined index: requireuser /www/wwwroot/order/Admin/Runtime/Cache/Home/c9598960eadfb49cd7cb0e5e76951f3a.php 第 181 行.
NOTIC: [8] Undefined index: requireuser /www/wwwroot/order/Admin/Runtime/Cache/Home/c9598960eadfb49cd7cb0e5e76951f3a.php 第 181 行.
NOTIC: [8] Undefined index: requireuser /www/wwwroot/order/Admin/Runtime/Cache/Home/c9598960eadfb49cd7cb0e5e76951f3a.php 第 181 行.
NOTIC: [8] Undefined index: requireuser /www/wwwroot/order/Admin/Runtime/Cache/Home/c9598960eadfb49cd7cb0e5e76951f3a.php 第 181 行.
NOTIC: [8] Undefined index: requireuser /www/wwwroot/order/Admin/Runtime/Cache/Home/c9598960eadfb49cd7cb0e5e76951f3a.php 第 181 行.
NOTIC: [8] Undefined index: requireuser /www/wwwroot/order/Admin/Runtime/Cache/Home/c9598960eadfb49cd7cb0e5e76951f3a.php 第 181 行.
NOTIC: [8] Undefined index: requireuser /www/wwwroot/order/Admin/Runtime/Cache/Home/c9598960eadfb49cd7cb0e5e76951f3a.php 第 181 行.
NOTIC: [8] Undefined index: requireuser /www/wwwroot/order/Admin/Runtime/Cache/Home/c9598960eadfb49cd7cb0e5e76951f3a.php 第 181 行.
NOTIC: [8] Undefined index: requireuser /www/wwwroot/order/Admin/Runtime/Cache/Home/c9598960eadfb49cd7cb0e5e76951f3a.php 第 181 行.
NOTIC: [8] Undefined index: requireuser /www/wwwroot/order/Admin/Runtime/Cache/Home/c9598960eadfb49cd7cb0e5e76951f3a.php 第 181 行.
NOTIC: [8] Undefined index: requireuser /www/wwwroot/order/Admin/Runtime/Cache/Home/c9598960eadfb49cd7cb0e5e76951f3a.php 第 181 行.
NOTIC: [8] Undefined index: requireuser /www/wwwroot/order/Admin/Runtime/Cache/Home/c9598960eadfb49cd7cb0e5e76951f3a.php 第 181 行.
NOTIC: [8] Undefined index: requireuser /www/wwwroot/order/Admin/Runtime/Cache/Home/c9598960eadfb49cd7cb0e5e76951f3a.php 第 181 行.
NOTIC: [8] Undefined index: requireuser /www/wwwroot/order/Admin/Runtime/Cache/Home/c9598960eadfb49cd7cb0e5e76951f3a.php 第 181 行.
NOTIC: [8] Undefined index: requireuser /www/wwwroot/order/Admin/Runtime/Cache/Home/c9598960eadfb49cd7cb0e5e76951f3a.php 第 181 行.
NOTIC: [8] Undefined index: requireuser /www/wwwroot/order/Admin/Runtime/Cache/Home/c9598960eadfb49cd7cb0e5e76951f3a.php 第 181 行.
NOTIC: [8] Undefined index: requireuser /www/wwwroot/order/Admin/Runtime/Cache/Home/c9598960eadfb49cd7cb0e5e76951f3a.php 第 181 行.
NOTIC: [8] Undefined index: requireuser /www/wwwroot/order/Admin/Runtime/Cache/Home/c9598960eadfb49cd7cb0e5e76951f3a.php 第 181 行.
NOTIC: [8] Undefined index: requireuser /www/wwwroot/order/Admin/Runtime/Cache/Home/c9598960eadfb49cd7cb0e5e76951f3a.php 第 181 行.
NOTIC: [8] Undefined index: requireuser /www/wwwroot/order/Admin/Runtime/Cache/Home/c9598960eadfb49cd7cb0e5e76951f3a.php 第 181 行.
NOTIC: [8] Undefined index: requireuser /www/wwwroot/order/Admin/Runtime/Cache/Home/c9598960eadfb49cd7cb0e5e76951f3a.php 第 181 行.
NOTIC: [8] Undefined index: requireuser /www/wwwroot/order/Admin/Runtime/Cache/Home/c9598960eadfb49cd7cb0e5e76951f3a.php 第 181 行.
NOTIC: [8] Undefined index: requireuser /www/wwwroot/order/Admin/Runtime/Cache/Home/c9598960eadfb49cd7cb0e5e76951f3a.php 第 181 行.
NOTIC: [8] Undefined index: requireuser /www/wwwroot/order/Admin/Runtime/Cache/Home/c9598960eadfb49cd7cb0e5e76951f3a.php 第 181 行.
NOTIC: [8] Undefined index: requireuser /www/wwwroot/order/Admin/Runtime/Cache/Home/c9598960eadfb49cd7cb0e5e76951f3a.php 第 181 行.
NOTIC: [8] Undefined index: requireuser /www/wwwroot/order/Admin/Runtime/Cache/Home/c9598960eadfb49cd7cb0e5e76951f3a.php 第 181 行.
NOTIC: [8] Undefined index: requireuser /www/wwwroot/order/Admin/Runtime/Cache/Home/c9598960eadfb49cd7cb0e5e76951f3a.php 第 181 行.
NOTIC: [8] Undefined index: requireuser /www/wwwroot/order/Admin/Runtime/Cache/Home/c9598960eadfb49cd7cb0e5e76951f3a.php 第 181 行.
NOTIC: [8] Undefined index: requireuser /www/wwwroot/order/Admin/Runtime/Cache/Home/c9598960eadfb49cd7cb0e5e76951f3a.php 第 181 行.
NOTIC: [8] Undefined index: requireuser /www/wwwroot/order/Admin/Runtime/Cache/Home/c9598960eadfb49cd7cb0e5e76951f3a.php 第 181 行.
NOTIC: [8] Undefined index: end_start /www/wwwroot/order/Admin/Runtime/Cache/Home/c9598960eadfb49cd7cb0e5e76951f3a.php 第 188 行.
NOTIC: [8] Undefined index: end_end /www/wwwroot/order/Admin/Runtime/Cache/Home/c9598960eadfb49cd7cb0e5e76951f3a.php 第 190 行.
NOTIC: [8] Undefined index: city /www/wwwroot/order/Admin/Runtime/Cache/Home/c9598960eadfb49cd7cb0e5e76951f3a.php 第 195 行.
NOTIC: [8] Undefined index: area /www/wwwroot/order/Admin/Runtime/Cache/Home/c9598960eadfb49cd7cb0e5e76951f3a.php 第 196 行.
NOTIC: [8] Undefined index: province /www/wwwroot/order/Admin/Runtime/Cache/Home/c9598960eadfb49cd7cb0e5e76951f3a.php 第 199 行.
NOTIC: [8] Undefined index: province /www/wwwroot/order/Admin/Runtime/Cache/Home/c9598960eadfb49cd7cb0e5e76951f3a.php 第 199 行.
NOTIC: [8] Undefined index: province /www/wwwroot/order/Admin/Runtime/Cache/Home/c9598960eadfb49cd7cb0e5e76951f3a.php 第 199 行.
NOTIC: [8] Undefined index: province /www/wwwroot/order/Admin/Runtime/Cache/Home/c9598960eadfb49cd7cb0e5e76951f3a.php 第 199 行.
NOTIC: [8] Undefined index: province /www/wwwroot/order/Admin/Runtime/Cache/Home/c9598960eadfb49cd7cb0e5e76951f3a.php 第 199 行.
NOTIC: [8] Undefined index: province /www/wwwroot/order/Admin/Runtime/Cache/Home/c9598960eadfb49cd7cb0e5e76951f3a.php 第 199 行.
NOTIC: [8] Undefined index: province /www/wwwroot/order/Admin/Runtime/Cache/Home/c9598960eadfb49cd7cb0e5e76951f3a.php 第 199 行.
NOTIC: [8] Undefined index: province /www/wwwroot/order/Admin/Runtime/Cache/Home/c9598960eadfb49cd7cb0e5e76951f3a.php 第 199 行.
NOTIC: [8] Undefined index: province /www/wwwroot/order/Admin/Runtime/Cache/Home/c9598960eadfb49cd7cb0e5e76951f3a.php 第 199 行.
NOTIC: [8] Undefined index: province /www/wwwroot/order/Admin/Runtime/Cache/Home/c9598960eadfb49cd7cb0e5e76951f3a.php 第 199 行.
NOTIC: [8] Undefined index: province /www/wwwroot/order/Admin/Runtime/Cache/Home/c9598960eadfb49cd7cb0e5e76951f3a.php 第 199 行.
NOTIC: [8] Undefined index: province /www/wwwroot/order/Admin/Runtime/Cache/Home/c9598960eadfb49cd7cb0e5e76951f3a.php 第 199 行.
NOTIC: [8] Undefined index: province /www/wwwroot/order/Admin/Runtime/Cache/Home/c9598960eadfb49cd7cb0e5e76951f3a.php 第 199 行.
NOTIC: [8] Undefined index: province /www/wwwroot/order/Admin/Runtime/Cache/Home/c9598960eadfb49cd7cb0e5e76951f3a.php 第 199 行.
NOTIC: [8] Undefined index: province /www/wwwroot/order/Admin/Runtime/Cache/Home/c9598960eadfb49cd7cb0e5e76951f3a.php 第 199 行.
NOTIC: [8] Undefined index: province /www/wwwroot/order/Admin/Runtime/Cache/Home/c9598960eadfb49cd7cb0e5e76951f3a.php 第 199 行.
NOTIC: [8] Undefined index: province /www/wwwroot/order/Admin/Runtime/Cache/Home/c9598960eadfb49cd7cb0e5e76951f3a.php 第 199 行.
NOTIC: [8] Undefined index: province /www/wwwroot/order/Admin/Runtime/Cache/Home/c9598960eadfb49cd7cb0e5e76951f3a.php 第 199 行.
NOTIC: [8] Undefined index: province /www/wwwroot/order/Admin/Runtime/Cache/Home/c9598960eadfb49cd7cb0e5e76951f3a.php 第 199 行.
NOTIC: [8] Undefined index: province /www/wwwroot/order/Admin/Runtime/Cache/Home/c9598960eadfb49cd7cb0e5e76951f3a.php 第 199 行.
NOTIC: [8] Undefined index: province /www/wwwroot/order/Admin/Runtime/Cache/Home/c9598960eadfb49cd7cb0e5e76951f3a.php 第 199 行.
NOTIC: [8] Undefined index: province /www/wwwroot/order/Admin/Runtime/Cache/Home/c9598960eadfb49cd7cb0e5e76951f3a.php 第 199 行.
NOTIC: [8] Undefined index: province /www/wwwroot/order/Admin/Runtime/Cache/Home/c9598960eadfb49cd7cb0e5e76951f3a.php 第 199 行.
NOTIC: [8] Undefined index: province /www/wwwroot/order/Admin/Runtime/Cache/Home/c9598960eadfb49cd7cb0e5e76951f3a.php 第 199 行.
NOTIC: [8] Undefined index: province /www/wwwroot/order/Admin/Runtime/Cache/Home/c9598960eadfb49cd7cb0e5e76951f3a.php 第 199 行.
NOTIC: [8] Undefined index: province /www/wwwroot/order/Admin/Runtime/Cache/Home/c9598960eadfb49cd7cb0e5e76951f3a.php 第 199 行.
NOTIC: [8] Undefined index: province /www/wwwroot/order/Admin/Runtime/Cache/Home/c9598960eadfb49cd7cb0e5e76951f3a.php 第 199 行.
NOTIC: [8] Undefined index: province /www/wwwroot/order/Admin/Runtime/Cache/Home/c9598960eadfb49cd7cb0e5e76951f3a.php 第 199 行.
NOTIC: [8] Undefined index: province /www/wwwroot/order/Admin/Runtime/Cache/Home/c9598960eadfb49cd7cb0e5e76951f3a.php 第 199 行.
NOTIC: [8] Undefined index: province /www/wwwroot/order/Admin/Runtime/Cache/Home/c9598960eadfb49cd7cb0e5e76951f3a.php 第 199 行.
NOTIC: [8] Undefined index: province /www/wwwroot/order/Admin/Runtime/Cache/Home/c9598960eadfb49cd7cb0e5e76951f3a.php 第 199 行.
NOTIC: [8] Undefined index: province /www/wwwroot/order/Admin/Runtime/Cache/Home/c9598960eadfb49cd7cb0e5e76951f3a.php 第 199 行.
NOTIC: [8] Undefined index: province /www/wwwroot/order/Admin/Runtime/Cache/Home/c9598960eadfb49cd7cb0e5e76951f3a.php 第 199 行.
NOTIC: [8] Undefined index: province /www/wwwroot/order/Admin/Runtime/Cache/Home/c9598960eadfb49cd7cb0e5e76951f3a.php 第 199 行.
NOTIC: [8] Undefined index: engineerId /www/wwwroot/order/Admin/Runtime/Cache/Home/c9598960eadfb49cd7cb0e5e76951f3a.php 第 239 行.
NOTIC: [8] Undefined index: engineerId /www/wwwroot/order/Admin/Runtime/Cache/Home/c9598960eadfb49cd7cb0e5e76951f3a.php 第 239 行.
NOTIC: [8] Undefined index: engineerId /www/wwwroot/order/Admin/Runtime/Cache/Home/c9598960eadfb49cd7cb0e5e76951f3a.php 第 239 行.
NOTIC: [8] Undefined index: engineerId /www/wwwroot/order/Admin/Runtime/Cache/Home/c9598960eadfb49cd7cb0e5e76951f3a.php 第 239 行.
NOTIC: [8] Undefined index: engineerId /www/wwwroot/order/Admin/Runtime/Cache/Home/c9598960eadfb49cd7cb0e5e76951f3a.php 第 239 行.
NOTIC: [8] Undefined index: engineerId /www/wwwroot/order/Admin/Runtime/Cache/Home/c9598960eadfb49cd7cb0e5e76951f3a.php 第 239 行.
NOTIC: [8] Undefined index: engineerId /www/wwwroot/order/Admin/Runtime/Cache/Home/c9598960eadfb49cd7cb0e5e76951f3a.php 第 239 行.
NOTIC: [8] Undefined index: engineerId /www/wwwroot/order/Admin/Runtime/Cache/Home/c9598960eadfb49cd7cb0e5e76951f3a.php 第 239 行.
NOTIC: [8] Undefined index: engineerId /www/wwwroot/order/Admin/Runtime/Cache/Home/c9598960eadfb49cd7cb0e5e76951f3a.php 第 239 行.
NOTIC: [8] Undefined index: engineerId /www/wwwroot/order/Admin/Runtime/Cache/Home/c9598960eadfb49cd7cb0e5e76951f3a.php 第 239 行.
NOTIC: [8] Undefined index: engineerId /www/wwwroot/order/Admin/Runtime/Cache/Home/c9598960eadfb49cd7cb0e5e76951f3a.php 第 239 行.
NOTIC: [8] Undefined index: engineerId /www/wwwroot/order/Admin/Runtime/Cache/Home/c9598960eadfb49cd7cb0e5e76951f3a.php 第 239 行.
NOTIC: [8] Undefined index: engineerId /www/wwwroot/order/Admin/Runtime/Cache/Home/c9598960eadfb49cd7cb0e5e76951f3a.php 第 239 行.
NOTIC: [8] Undefined index: engineerId /www/wwwroot/order/Admin/Runtime/Cache/Home/c9598960eadfb49cd7cb0e5e76951f3a.php 第 239 行.
NOTIC: [8] Undefined index: engineerId /www/wwwroot/order/Admin/Runtime/Cache/Home/c9598960eadfb49cd7cb0e5e76951f3a.php 第 239 行.
NOTIC: [8] Undefined index: engineerId /www/wwwroot/order/Admin/Runtime/Cache/Home/c9598960eadfb49cd7cb0e5e76951f3a.php 第 239 行.
NOTIC: [8] Undefined index: engineerId /www/wwwroot/order/Admin/Runtime/Cache/Home/c9598960eadfb49cd7cb0e5e76951f3a.php 第 239 行.
NOTIC: [8] Undefined index: engineerId /www/wwwroot/order/Admin/Runtime/Cache/Home/c9598960eadfb49cd7cb0e5e76951f3a.php 第 239 行.
NOTIC: [8] Undefined index: engineerId /www/wwwroot/order/Admin/Runtime/Cache/Home/c9598960eadfb49cd7cb0e5e76951f3a.php 第 239 行.
NOTIC: [8] Undefined index: engineerId /www/wwwroot/order/Admin/Runtime/Cache/Home/c9598960eadfb49cd7cb0e5e76951f3a.php 第 239 行.
NOTIC: [8] Undefined index: engineerId /www/wwwroot/order/Admin/Runtime/Cache/Home/c9598960eadfb49cd7cb0e5e76951f3a.php 第 239 行.
NOTIC: [8] Undefined index: engineerId /www/wwwroot/order/Admin/Runtime/Cache/Home/c9598960eadfb49cd7cb0e5e76951f3a.php 第 239 行.
NOTIC: [8] Undefined index: engineerId /www/wwwroot/order/Admin/Runtime/Cache/Home/c9598960eadfb49cd7cb0e5e76951f3a.php 第 239 行.
NOTIC: [8] Undefined index: engineerId /www/wwwroot/order/Admin/Runtime/Cache/Home/c9598960eadfb49cd7cb0e5e76951f3a.php 第 239 行.
NOTIC: [8] Undefined index: engineerId /www/wwwroot/order/Admin/Runtime/Cache/Home/c9598960eadfb49cd7cb0e5e76951f3a.php 第 239 行.
NOTIC: [8] Undefined index: engineerId /www/wwwroot/order/Admin/Runtime/Cache/Home/c9598960eadfb49cd7cb0e5e76951f3a.php 第 239 行.
NOTIC: [8] Undefined index: engineerId /www/wwwroot/order/Admin/Runtime/Cache/Home/c9598960eadfb49cd7cb0e5e76951f3a.php 第 239 行.
NOTIC: [8] Undefined index: engineerId /www/wwwroot/order/Admin/Runtime/Cache/Home/c9598960eadfb49cd7cb0e5e76951f3a.php 第 239 行.
NOTIC: [8] Undefined index: engineerId /www/wwwroot/order/Admin/Runtime/Cache/Home/c9598960eadfb49cd7cb0e5e76951f3a.php 第 239 行.
NOTIC: [8] Undefined index: engineerId /www/wwwroot/order/Admin/Runtime/Cache/Home/c9598960eadfb49cd7cb0e5e76951f3a.php 第 239 行.
NOTIC: [8] Undefined index: engineerId /www/wwwroot/order/Admin/Runtime/Cache/Home/c9598960eadfb49cd7cb0e5e76951f3a.php 第 239 行.
NOTIC: [8] Undefined index: engineerId /www/wwwroot/order/Admin/Runtime/Cache/Home/c9598960eadfb49cd7cb0e5e76951f3a.php 第 239 行.
NOTIC: [8] Undefined index: engineerId /www/wwwroot/order/Admin/Runtime/Cache/Home/c9598960eadfb49cd7cb0e5e76951f3a.php 第 239 行.
NOTIC: [8] Undefined index: engineerId /www/wwwroot/order/Admin/Runtime/Cache/Home/c9598960eadfb49cd7cb0e5e76951f3a.php 第 239 行.
NOTIC: [8] Undefined index: engineerId /www/wwwroot/order/Admin/Runtime/Cache/Home/c9598960eadfb49cd7cb0e5e76951f3a.php 第 239 行.
NOTIC: [8] Undefined index: engineerId /www/wwwroot/order/Admin/Runtime/Cache/Home/c9598960eadfb49cd7cb0e5e76951f3a.php 第 239 行.
NOTIC: [8] Undefined index: engineerId /www/wwwroot/order/Admin/Runtime/Cache/Home/c9598960eadfb49cd7cb0e5e76951f3a.php 第 239 行.
NOTIC: [8] Undefined index: engineerId /www/wwwroot/order/Admin/Runtime/Cache/Home/c9598960eadfb49cd7cb0e5e76951f3a.php 第 239 行.
NOTIC: [8] Undefined index: engineerId /www/wwwroot/order/Admin/Runtime/Cache/Home/c9598960eadfb49cd7cb0e5e76951f3a.php 第 239 行.
NOTIC: [8] Undefined index: engineerId /www/wwwroot/order/Admin/Runtime/Cache/Home/c9598960eadfb49cd7cb0e5e76951f3a.php 第 239 行.
NOTIC: [8] Undefined index: engineerId /www/wwwroot/order/Admin/Runtime/Cache/Home/c9598960eadfb49cd7cb0e5e76951f3a.php 第 239 行.
NOTIC: [8] Undefined index: engineerId /www/wwwroot/order/Admin/Runtime/Cache/Home/c9598960eadfb49cd7cb0e5e76951f3a.php 第 239 行.
NOTIC: [8] Undefined index: engineerId /www/wwwroot/order/Admin/Runtime/Cache/Home/c9598960eadfb49cd7cb0e5e76951f3a.php 第 239 行.
NOTIC: [8] Undefined index: engineerId /www/wwwroot/order/Admin/Runtime/Cache/Home/c9598960eadfb49cd7cb0e5e76951f3a.php 第 239 行.
NOTIC: [8] Undefined index: engineerId /www/wwwroot/order/Admin/Runtime/Cache/Home/c9598960eadfb49cd7cb0e5e76951f3a.php 第 239 行.
NOTIC: [8] Undefined index: engineerId /www/wwwroot/order/Admin/Runtime/Cache/Home/c9598960eadfb49cd7cb0e5e76951f3a.php 第 239 行.
NOTIC: [8] Undefined index: engineerId /www/wwwroot/order/Admin/Runtime/Cache/Home/c9598960eadfb49cd7cb0e5e76951f3a.php 第 239 行.
NOTIC: [8] Undefined index: engineerId /www/wwwroot/order/Admin/Runtime/Cache/Home/c9598960eadfb49cd7cb0e5e76951f3a.php 第 239 行.
NOTIC: [8] Undefined index: engineerId /www/wwwroot/order/Admin/Runtime/Cache/Home/c9598960eadfb49cd7cb0e5e76951f3a.php 第 239 行.
NOTIC: [8] Undefined index: engineerId /www/wwwroot/order/Admin/Runtime/Cache/Home/c9598960eadfb49cd7cb0e5e76951f3a.php 第 239 行.
NOTIC: [8] Undefined index: engineerId /www/wwwroot/order/Admin/Runtime/Cache/Home/c9598960eadfb49cd7cb0e5e76951f3a.php 第 239 行.
NOTIC: [8] Undefined index: engineerId /www/wwwroot/order/Admin/Runtime/Cache/Home/c9598960eadfb49cd7cb0e5e76951f3a.php 第 239 行.
NOTIC: [8] Undefined index: engineerId /www/wwwroot/order/Admin/Runtime/Cache/Home/c9598960eadfb49cd7cb0e5e76951f3a.php 第 239 行.
NOTIC: [8] Undefined index: engineerId /www/wwwroot/order/Admin/Runtime/Cache/Home/c9598960eadfb49cd7cb0e5e76951f3a.php 第 239 行.
NOTIC: [8] Undefined index: engineerId /www/wwwroot/order/Admin/Runtime/Cache/Home/c9598960eadfb49cd7cb0e5e76951f3a.php 第 239 行.
NOTIC: [8] Undefined index: engineerId /www/wwwroot/order/Admin/Runtime/Cache/Home/c9598960eadfb49cd7cb0e5e76951f3a.php 第 239 行.
NOTIC: [8] Undefined index: engineerId /www/wwwroot/order/Admin/Runtime/Cache/Home/c9598960eadfb49cd7cb0e5e76951f3a.php 第 239 行.
NOTIC: [8] Undefined index: engineerId /www/wwwroot/order/Admin/Runtime/Cache/Home/c9598960eadfb49cd7cb0e5e76951f3a.php 第 239 行.
NOTIC: [8] Undefined index: engineerId /www/wwwroot/order/Admin/Runtime/Cache/Home/c9598960eadfb49cd7cb0e5e76951f3a.php 第 239 行.
NOTIC: [8] Undefined index: engineerId /www/wwwroot/order/Admin/Runtime/Cache/Home/c9598960eadfb49cd7cb0e5e76951f3a.php 第 239 行.
NOTIC: [8] Undefined index: engineerId /www/wwwroot/order/Admin/Runtime/Cache/Home/c9598960eadfb49cd7cb0e5e76951f3a.php 第 239 行.
NOTIC: [8] Undefined index: engineerId /www/wwwroot/order/Admin/Runtime/Cache/Home/c9598960eadfb49cd7cb0e5e76951f3a.php 第 239 行.
NOTIC: [8] Undefined index: engineerId /www/wwwroot/order/Admin/Runtime/Cache/Home/c9598960eadfb49cd7cb0e5e76951f3a.php 第 239 行.
NOTIC: [8] Undefined index: engineerId /www/wwwroot/order/Admin/Runtime/Cache/Home/c9598960eadfb49cd7cb0e5e76951f3a.php 第 239 行.
NOTIC: [8] Undefined index: engineerId /www/wwwroot/order/Admin/Runtime/Cache/Home/c9598960eadfb49cd7cb0e5e76951f3a.php 第 239 行.
NOTIC: [8] Undefined index: engineerId /www/wwwroot/order/Admin/Runtime/Cache/Home/c9598960eadfb49cd7cb0e5e76951f3a.php 第 239 行.
NOTIC: [8] Undefined index: engineerId /www/wwwroot/order/Admin/Runtime/Cache/Home/c9598960eadfb49cd7cb0e5e76951f3a.php 第 239 行.
NOTIC: [8] Undefined index: engineerId /www/wwwroot/order/Admin/Runtime/Cache/Home/c9598960eadfb49cd7cb0e5e76951f3a.php 第 239 行.
NOTIC: [8] Undefined index: engineerId /www/wwwroot/order/Admin/Runtime/Cache/Home/c9598960eadfb49cd7cb0e5e76951f3a.php 第 239 行.
NOTIC: [8] Undefined index: engineerId /www/wwwroot/order/Admin/Runtime/Cache/Home/c9598960eadfb49cd7cb0e5e76951f3a.php 第 239 行.
NOTIC: [8] Undefined index: engineerId /www/wwwroot/order/Admin/Runtime/Cache/Home/c9598960eadfb49cd7cb0e5e76951f3a.php 第 239 行.
NOTIC: [8] Undefined index: engineerId /www/wwwroot/order/Admin/Runtime/Cache/Home/c9598960eadfb49cd7cb0e5e76951f3a.php 第 239 行.
NOTIC: [8] Undefined index: engineerId /www/wwwroot/order/Admin/Runtime/Cache/Home/c9598960eadfb49cd7cb0e5e76951f3a.php 第 239 行.
NOTIC: [8] Undefined index: engineerId /www/wwwroot/order/Admin/Runtime/Cache/Home/c9598960eadfb49cd7cb0e5e76951f3a.php 第 239 行.
NOTIC: [8] Undefined index: engineerId /www/wwwroot/order/Admin/Runtime/Cache/Home/c9598960eadfb49cd7cb0e5e76951f3a.php 第 239 行.
NOTIC: [8] Undefined index: engineerId /www/wwwroot/order/Admin/Runtime/Cache/Home/c9598960eadfb49cd7cb0e5e76951f3a.php 第 239 行.
NOTIC: [8] Undefined index: engineerId /www/wwwroot/order/Admin/Runtime/Cache/Home/c9598960eadfb49cd7cb0e5e76951f3a.php 第 239 行.
NOTIC: [8] Undefined index: engineerId /www/wwwroot/order/Admin/Runtime/Cache/Home/c9598960eadfb49cd7cb0e5e76951f3a.php 第 239 行.
NOTIC: [8] Undefined index: engineerId /www/wwwroot/order/Admin/Runtime/Cache/Home/c9598960eadfb49cd7cb0e5e76951f3a.php 第 239 行.
NOTIC: [8] Undefined index: engineerId /www/wwwroot/order/Admin/Runtime/Cache/Home/c9598960eadfb49cd7cb0e5e76951f3a.php 第 239 行.
NOTIC: [8] Undefined index: engineerId /www/wwwroot/order/Admin/Runtime/Cache/Home/c9598960eadfb49cd7cb0e5e76951f3a.php 第 239 行.
NOTIC: [8] Undefined index: engineerId /www/wwwroot/order/Admin/Runtime/Cache/Home/c9598960eadfb49cd7cb0e5e76951f3a.php 第 239 行.
NOTIC: [8] Undefined index: engineerId /www/wwwroot/order/Admin/Runtime/Cache/Home/c9598960eadfb49cd7cb0e5e76951f3a.php 第 239 行.
NOTIC: [8] Undefined index: engineerId /www/wwwroot/order/Admin/Runtime/Cache/Home/c9598960eadfb49cd7cb0e5e76951f3a.php 第 239 行.
NOTIC: [8] Undefined index: engineerId /www/wwwroot/order/Admin/Runtime/Cache/Home/c9598960eadfb49cd7cb0e5e76951f3a.php 第 239 行.
NOTIC: [8] Undefined index: engineerId /www/wwwroot/order/Admin/Runtime/Cache/Home/c9598960eadfb49cd7cb0e5e76951f3a.php 第 239 行.
NOTIC: [8] Undefined index: engineerId /www/wwwroot/order/Admin/Runtime/Cache/Home/c9598960eadfb49cd7cb0e5e76951f3a.php 第 239 行.
NOTIC: [8] Undefined index: engineerId /www/wwwroot/order/Admin/Runtime/Cache/Home/c9598960eadfb49cd7cb0e5e76951f3a.php 第 239 行.
NOTIC: [8] Undefined index: engineerId /www/wwwroot/order/Admin/Runtime/Cache/Home/c9598960eadfb49cd7cb0e5e76951f3a.php 第 239 行.
NOTIC: [8] Undefined index: engineerId /www/wwwroot/order/Admin/Runtime/Cache/Home/c9598960eadfb49cd7cb0e5e76951f3a.php 第 239 行.
NOTIC: [8] Undefined index: engineerId /www/wwwroot/order/Admin/Runtime/Cache/Home/c9598960eadfb49cd7cb0e5e76951f3a.php 第 239 行.
NOTIC: [8] Undefined index: engineerId /www/wwwroot/order/Admin/Runtime/Cache/Home/c9598960eadfb49cd7cb0e5e76951f3a.php 第 239 行.
NOTIC: [8] Undefined index: engineerId /www/wwwroot/order/Admin/Runtime/Cache/Home/c9598960eadfb49cd7cb0e5e76951f3a.php 第 239 行.
NOTIC: [8] Undefined index: engineerId /www/wwwroot/order/Admin/Runtime/Cache/Home/c9598960eadfb49cd7cb0e5e76951f3a.php 第 239 行.
NOTIC: [8] Undefined index: engineerId /www/wwwroot/order/Admin/Runtime/Cache/Home/c9598960eadfb49cd7cb0e5e76951f3a.php 第 239 行.
NOTIC: [8] Undefined index: engineerId /www/wwwroot/order/Admin/Runtime/Cache/Home/c9598960eadfb49cd7cb0e5e76951f3a.php 第 239 行.
NOTIC: [8] Undefined index: engineerId /www/wwwroot/order/Admin/Runtime/Cache/Home/c9598960eadfb49cd7cb0e5e76951f3a.php 第 239 行.
NOTIC: [8] Undefined index: engineerId /www/wwwroot/order/Admin/Runtime/Cache/Home/c9598960eadfb49cd7cb0e5e76951f3a.php 第 239 行.
NOTIC: [8] Undefined index: engineerId /www/wwwroot/order/Admin/Runtime/Cache/Home/c9598960eadfb49cd7cb0e5e76951f3a.php 第 239 行.
NOTIC: [8] Undefined index: engineerId /www/wwwroot/order/Admin/Runtime/Cache/Home/c9598960eadfb49cd7cb0e5e76951f3a.php 第 239 行.
NOTIC: [8] Undefined index: engineerId /www/wwwroot/order/Admin/Runtime/Cache/Home/c9598960eadfb49cd7cb0e5e76951f3a.php 第 239 行.
NOTIC: [8] Undefined index: engineerId /www/wwwroot/order/Admin/Runtime/Cache/Home/c9598960eadfb49cd7cb0e5e76951f3a.php 第 239 行.
NOTIC: [8] Undefined index: engineerId /www/wwwroot/order/Admin/Runtime/Cache/Home/c9598960eadfb49cd7cb0e5e76951f3a.php 第 239 行.
NOTIC: [8] Undefined index: engineerId /www/wwwroot/order/Admin/Runtime/Cache/Home/c9598960eadfb49cd7cb0e5e76951f3a.php 第 239 行.
NOTIC: [8] Undefined index: engineerId /www/wwwroot/order/Admin/Runtime/Cache/Home/c9598960eadfb49cd7cb0e5e76951f3a.php 第 239 行.
NOTIC: [8] Undefined index: engineerId /www/wwwroot/order/Admin/Runtime/Cache/Home/c9598960eadfb49cd7cb0e5e76951f3a.php 第 239 行.
NOTIC: [8] Undefined index: engineerId /www/wwwroot/order/Admin/Runtime/Cache/Home/c9598960eadfb49cd7cb0e5e76951f3a.php 第 239 行.
NOTIC: [8] Undefined index: engineerId /www/wwwroot/order/Admin/Runtime/Cache/Home/c9598960eadfb49cd7cb0e5e76951f3a.php 第 239 行.
NOTIC: [8] Undefined index: engineerId /www/wwwroot/order/Admin/Runtime/Cache/Home/c9598960eadfb49cd7cb0e5e76951f3a.php 第 239 行.
NOTIC: [8] Undefined index: engineerId /www/wwwroot/order/Admin/Runtime/Cache/Home/c9598960eadfb49cd7cb0e5e76951f3a.php 第 239 行.
NOTIC: [8] Undefined index: engineerId /www/wwwroot/order/Admin/Runtime/Cache/Home/c9598960eadfb49cd7cb0e5e76951f3a.php 第 239 行.
NOTIC: [8] Undefined index: engineerId /www/wwwroot/order/Admin/Runtime/Cache/Home/c9598960eadfb49cd7cb0e5e76951f3a.php 第 239 行.
NOTIC: [8] Undefined index: engineerId /www/wwwroot/order/Admin/Runtime/Cache/Home/c9598960eadfb49cd7cb0e5e76951f3a.php 第 239 行.
NOTIC: [8] Undefined index: engineerId /www/wwwroot/order/Admin/Runtime/Cache/Home/c9598960eadfb49cd7cb0e5e76951f3a.php 第 239 行.
NOTIC: [8] Undefined index: engineerId /www/wwwroot/order/Admin/Runtime/Cache/Home/c9598960eadfb49cd7cb0e5e76951f3a.php 第 239 行.
NOTIC: [8] Undefined index: engineerId /www/wwwroot/order/Admin/Runtime/Cache/Home/c9598960eadfb49cd7cb0e5e76951f3a.php 第 239 行.
NOTIC: [8] Undefined index: engineerId /www/wwwroot/order/Admin/Runtime/Cache/Home/c9598960eadfb49cd7cb0e5e76951f3a.php 第 239 行.
NOTIC: [8] Undefined index: engineerId /www/wwwroot/order/Admin/Runtime/Cache/Home/c9598960eadfb49cd7cb0e5e76951f3a.php 第 239 行.
NOTIC: [8] Undefined index: engineerId /www/wwwroot/order/Admin/Runtime/Cache/Home/c9598960eadfb49cd7cb0e5e76951f3a.php 第 239 行.
NOTIC: [8] Undefined index: engineerId /www/wwwroot/order/Admin/Runtime/Cache/Home/c9598960eadfb49cd7cb0e5e76951f3a.php 第 239 行.
NOTIC: [8] Undefined index: engineerId /www/wwwroot/order/Admin/Runtime/Cache/Home/c9598960eadfb49cd7cb0e5e76951f3a.php 第 239 行.
NOTIC: [8] Undefined index: engineerId /www/wwwroot/order/Admin/Runtime/Cache/Home/c9598960eadfb49cd7cb0e5e76951f3a.php 第 239 行.
NOTIC: [8] Undefined index: engineerId /www/wwwroot/order/Admin/Runtime/Cache/Home/c9598960eadfb49cd7cb0e5e76951f3a.php 第 239 行.
NOTIC: [8] Undefined index: engineerId /www/wwwroot/order/Admin/Runtime/Cache/Home/c9598960eadfb49cd7cb0e5e76951f3a.php 第 239 行.
NOTIC: [8] Undefined index: engineerId /www/wwwroot/order/Admin/Runtime/Cache/Home/c9598960eadfb49cd7cb0e5e76951f3a.php 第 239 行.
NOTIC: [8] Undefined index: engineerId /www/wwwroot/order/Admin/Runtime/Cache/Home/c9598960eadfb49cd7cb0e5e76951f3a.php 第 239 行.
NOTIC: [8] Undefined index: engineerId /www/wwwroot/order/Admin/Runtime/Cache/Home/c9598960eadfb49cd7cb0e5e76951f3a.php 第 239 行.
NOTIC: [8] Undefined index: engineerId /www/wwwroot/order/Admin/Runtime/Cache/Home/c9598960eadfb49cd7cb0e5e76951f3a.php 第 239 行.
NOTIC: [8] Undefined index: engineerId /www/wwwroot/order/Admin/Runtime/Cache/Home/c9598960eadfb49cd7cb0e5e76951f3a.php 第 239 行.
NOTIC: [8] Undefined index: engineerId /www/wwwroot/order/Admin/Runtime/Cache/Home/c9598960eadfb49cd7cb0e5e76951f3a.php 第 239 行.
NOTIC: [8] Undefined index: engineerId /www/wwwroot/order/Admin/Runtime/Cache/Home/c9598960eadfb49cd7cb0e5e76951f3a.php 第 239 行.
NOTIC: [8] Undefined index: engineerId /www/wwwroot/order/Admin/Runtime/Cache/Home/c9598960eadfb49cd7cb0e5e76951f3a.php 第 239 行.
NOTIC: [8] Undefined index: engineerId /www/wwwroot/order/Admin/Runtime/Cache/Home/c9598960eadfb49cd7cb0e5e76951f3a.php 第 239 行.
NOTIC: [8] Undefined index: engineerId /www/wwwroot/order/Admin/Runtime/Cache/Home/c9598960eadfb49cd7cb0e5e76951f3a.php 第 239 行.
NOTIC: [8] Undefined index: engineerId /www/wwwroot/order/Admin/Runtime/Cache/Home/c9598960eadfb49cd7cb0e5e76951f3a.php 第 239 行.
NOTIC: [8] Undefined index: engineerId /www/wwwroot/order/Admin/Runtime/Cache/Home/c9598960eadfb49cd7cb0e5e76951f3a.php 第 239 行.
NOTIC: [8] Undefined index: engineerId /www/wwwroot/order/Admin/Runtime/Cache/Home/c9598960eadfb49cd7cb0e5e76951f3a.php 第 239 行.
NOTIC: [8] Undefined index: engineerId /www/wwwroot/order/Admin/Runtime/Cache/Home/c9598960eadfb49cd7cb0e5e76951f3a.php 第 239 行.
NOTIC: [8] Undefined index: engineerId /www/wwwroot/order/Admin/Runtime/Cache/Home/c9598960eadfb49cd7cb0e5e76951f3a.php 第 239 行.
NOTIC: [8] Undefined index: engineerId /www/wwwroot/order/Admin/Runtime/Cache/Home/c9598960eadfb49cd7cb0e5e76951f3a.php 第 239 行.
NOTIC: [8] Undefined index: engineerId /www/wwwroot/order/Admin/Runtime/Cache/Home/c9598960eadfb49cd7cb0e5e76951f3a.php 第 239 行.
NOTIC: [8] Undefined index: engineerId /www/wwwroot/order/Admin/Runtime/Cache/Home/c9598960eadfb49cd7cb0e5e76951f3a.php 第 239 行.
NOTIC: [8] Undefined index: engineerId /www/wwwroot/order/Admin/Runtime/Cache/Home/c9598960eadfb49cd7cb0e5e76951f3a.php 第 239 行.
NOTIC: [8] Undefined index: engineerId /www/wwwroot/order/Admin/Runtime/Cache/Home/c9598960eadfb49cd7cb0e5e76951f3a.php 第 239 行.
NOTIC: [8] Undefined index: engineerId /www/wwwroot/order/Admin/Runtime/Cache/Home/c9598960eadfb49cd7cb0e5e76951f3a.php 第 239 行.
NOTIC: [8] Undefined index: engineerId /www/wwwroot/order/Admin/Runtime/Cache/Home/c9598960eadfb49cd7cb0e5e76951f3a.php 第 239 行.
NOTIC: [8] Undefined index: engineerId /www/wwwroot/order/Admin/Runtime/Cache/Home/c9598960eadfb49cd7cb0e5e76951f3a.php 第 239 行.
NOTIC: [8] Undefined index: engineerId /www/wwwroot/order/Admin/Runtime/Cache/Home/c9598960eadfb49cd7cb0e5e76951f3a.php 第 239 行.
NOTIC: [8] Undefined index: engineerId /www/wwwroot/order/Admin/Runtime/Cache/Home/c9598960eadfb49cd7cb0e5e76951f3a.php 第 239 行.
NOTIC: [8] Undefined index: engineerId /www/wwwroot/order/Admin/Runtime/Cache/Home/c9598960eadfb49cd7cb0e5e76951f3a.php 第 239 行.
NOTIC: [8] Undefined index: engineerId /www/wwwroot/order/Admin/Runtime/Cache/Home/c9598960eadfb49cd7cb0e5e76951f3a.php 第 239 行.
NOTIC: [8] Undefined index: engineerId /www/wwwroot/order/Admin/Runtime/Cache/Home/c9598960eadfb49cd7cb0e5e76951f3a.php 第 239 行.
NOTIC: [8] Undefined index: engineerId /www/wwwroot/order/Admin/Runtime/Cache/Home/c9598960eadfb49cd7cb0e5e76951f3a.php 第 239 行.
NOTIC: [8] Undefined index: engineerId /www/wwwroot/order/Admin/Runtime/Cache/Home/c9598960eadfb49cd7cb0e5e76951f3a.php 第 239 行.
NOTIC: [8] Undefined index: engineerId /www/wwwroot/order/Admin/Runtime/Cache/Home/c9598960eadfb49cd7cb0e5e76951f3a.php 第 239 行.
NOTIC: [8] Undefined index: engineerId /www/wwwroot/order/Admin/Runtime/Cache/Home/c9598960eadfb49cd7cb0e5e76951f3a.php 第 239 行.
NOTIC: [8] Undefined index: engineerId /www/wwwroot/order/Admin/Runtime/Cache/Home/c9598960eadfb49cd7cb0e5e76951f3a.php 第 239 行.
NOTIC: [8] Undefined index: engineerId /www/wwwroot/order/Admin/Runtime/Cache/Home/c9598960eadfb49cd7cb0e5e76951f3a.php 第 239 行.
NOTIC: [8] Undefined index: engineerId /www/wwwroot/order/Admin/Runtime/Cache/Home/c9598960eadfb49cd7cb0e5e76951f3a.php 第 239 行.
NOTIC: [8] Undefined index: engineerId /www/wwwroot/order/Admin/Runtime/Cache/Home/c9598960eadfb49cd7cb0e5e76951f3a.php 第 239 行.
NOTIC: [8] Undefined index: engineerId /www/wwwroot/order/Admin/Runtime/Cache/Home/c9598960eadfb49cd7cb0e5e76951f3a.php 第 239 行.
NOTIC: [8] Undefined index: engineerId /www/wwwroot/order/Admin/Runtime/Cache/Home/c9598960eadfb49cd7cb0e5e76951f3a.php 第 239 行.
NOTIC: [8] Undefined index: engineerId /www/wwwroot/order/Admin/Runtime/Cache/Home/c9598960eadfb49cd7cb0e5e76951f3a.php 第 239 行.
NOTIC: [8] Undefined index: engineerId /www/wwwroot/order/Admin/Runtime/Cache/Home/c9598960eadfb49cd7cb0e5e76951f3a.php 第 239 行.
NOTIC: [8] Undefined index: engineerId /www/wwwroot/order/Admin/Runtime/Cache/Home/c9598960eadfb49cd7cb0e5e76951f3a.php 第 239 行.
NOTIC: [8] Undefined index: jobtype /www/wwwroot/order/Admin/Runtime/Cache/Home/c9598960eadfb49cd7cb0e5e76951f3a.php 第 245 行.
NOTIC: [8] Undefined index: jobtype /www/wwwroot/order/Admin/Runtime/Cache/Home/c9598960eadfb49cd7cb0e5e76951f3a.php 第 245 行.
NOTIC: [8] Undefined index: jobtype /www/wwwroot/order/Admin/Runtime/Cache/Home/c9598960eadfb49cd7cb0e5e76951f3a.php 第 245 行.
NOTIC: [8] Undefined index: jobtype /www/wwwroot/order/Admin/Runtime/Cache/Home/c9598960eadfb49cd7cb0e5e76951f3a.php 第 245 行.
INFO: Run Behavior\ParseTemplateBehavior [ RunTime:0.013048s ]
INFO: [ view_parse ] --END-- [ RunTime:0.013076s ]
INFO: [ view_filter ] --START--
INFO: Run Behavior\WriteHtmlCacheBehavior [ RunTime:0.000128s ]
INFO: [ view_filter ] --END-- [ RunTime:0.000147s ]
INFO: [ app_end ] --START--
INFO: Run Behavior\ShowPageTraceBehavior [ RunTime:0.000286s ]
INFO: [ app_end ] --END-- [ RunTime:0.000308s ]

[ 2017-12-05T10:13:31+08:00 ] 120.52.18.51 /admin.php/
INFO: [ app_init ] --START--
INFO: Run Behavior\BuildLiteBehavior [ RunTime:0.000006s ]
INFO: [ app_init ] --END-- [ RunTime:0.000029s ]
INFO: [ app_begin ] --START--
INFO: Run Behavior\ReadHtmlCacheBehavior [ RunTime:0.000243s ]
INFO: [ app_begin ] --END-- [ RunTime:0.000264s ]

[ 2017-12-05T10:13:31+08:00 ] 120.52.18.51 /admin.php/Home/login/index.html
INFO: [ app_init ] --START--
INFO: Run Behavior\BuildLiteBehavior [ RunTime:0.000006s ]
INFO: [ app_init ] --END-- [ RunTime:0.000059s ]
INFO: [ app_begin ] --START--
INFO: Run Behavior\ReadHtmlCacheBehavior [ RunTime:0.000242s ]
INFO: [ app_begin ] --END-- [ RunTime:0.000261s ]
INFO: [ view_parse ] --START--
INFO: [ template_filter ] --START--
INFO: Run Behavior\ContentReplaceBehavior [ RunTime:0.000024s ]
INFO: [ template_filter ] --END-- [ RunTime:0.000044s ]
INFO: Run Behavior\ParseTemplateBehavior [ RunTime:0.004706s ]
INFO: [ view_parse ] --END-- [ RunTime:0.004725s ]
INFO: [ view_filter ] --START--
INFO: Run Behavior\WriteHtmlCacheBehavior [ RunTime:0.000235s ]
INFO: [ view_filter ] --END-- [ RunTime:0.000247s ]
INFO: [ app_end ] --START--
INFO: Run Behavior\ShowPageTraceBehavior [ RunTime:0.000422s ]
INFO: [ app_end ] --END-- [ RunTime:0.000439s ]

