[ 2017-12-06T23:41:19+08:00 ] 61.160.224.136 /admin.php
INFO: [ app_init ] --START--
INFO: Run Behavior\BuildLiteBehavior [ RunTime:0.000007s ]
INFO: [ app_init ] --END-- [ RunTime:0.000033s ]
INFO: [ app_begin ] --START--
INFO: Run Behavior\ReadHtmlCacheBehavior [ RunTime:0.000275s ]
INFO: [ app_begin ] --END-- [ RunTime:0.000303s ]

[ 2017-12-06T23:41:20+08:00 ] 61.160.224.136 /admin.php/Home/login/index.html
INFO: [ app_init ] --START--
INFO: Run Behavior\BuildLiteBehavior [ RunTime:0.000007s ]
INFO: [ app_init ] --END-- [ RunTime:0.000041s ]
INFO: [ app_begin ] --START--
INFO: Run Behavior\ReadHtmlCacheBehavior [ RunTime:0.000318s ]
INFO: [ app_begin ] --END-- [ RunTime:0.000352s ]
INFO: [ view_parse ] --START--
INFO: [ template_filter ] --START--
INFO: Run Behavior\ContentReplaceBehavior [ RunTime:0.000031s ]
INFO: [ template_filter ] --END-- [ RunTime:0.000061s ]
INFO: Run Behavior\ParseTemplateBehavior [ RunTime:0.024800s ]
INFO: [ view_parse ] --END-- [ RunTime:0.024826s ]
INFO: [ view_filter ] --START--
INFO: Run Behavior\WriteHtmlCacheBehavior [ RunTime:0.000106s ]
INFO: [ view_filter ] --END-- [ RunTime:0.000116s ]
INFO: [ app_end ] --START--
INFO: Run Behavior\ShowPageTraceBehavior [ RunTime:0.000358s ]
INFO: [ app_end ] --END-- [ RunTime:0.000375s ]

[ 2017-12-06T23:41:30+08:00 ] 61.160.224.136 /admin.php/Home/Login/login.html
INFO: [ app_init ] --START--
INFO: Run Behavior\BuildLiteBehavior [ RunTime:0.000006s ]
INFO: [ app_init ] --END-- [ RunTime:0.000037s ]
INFO: [ app_begin ] --START--
INFO: Run Behavior\ReadHtmlCacheBehavior [ RunTime:0.000255s ]
INFO: [ app_begin ] --END-- [ RunTime:0.000275s ]
SQL: SHOW COLUMNS FROM `user` [ RunTime:0.1887s ]
SQL: SELECT * FROM `user` WHERE ( username='admin' and userpwd ='0ddf84616f2b4ac2533d69b144b1a970' and status=1 )  [ RunTime:0.0003s ]

[ 2017-12-06T23:41:36+08:00 ] 61.160.224.136 /admin.php/Home/Login/login.html
INFO: [ app_init ] --START--
INFO: Run Behavior\BuildLiteBehavior [ RunTime:0.000006s ]
INFO: [ app_init ] --END-- [ RunTime:0.000046s ]
INFO: [ app_begin ] --START--
INFO: Run Behavior\ReadHtmlCacheBehavior [ RunTime:0.000245s ]
INFO: [ app_begin ] --END-- [ RunTime:0.000266s ]
SQL: SHOW COLUMNS FROM `user` [ RunTime:0.0005s ]
SQL: SELECT * FROM `user` WHERE ( username='admin' and userpwd ='226c51a2d14c83304db986294adf3bdc' and status=1 )  [ RunTime:0.0002s ]

[ 2017-12-06T23:41:40+08:00 ] 61.160.224.136 /admin.php/Home/Login/login.html
INFO: [ app_init ] --START--
INFO: Run Behavior\BuildLiteBehavior [ RunTime:0.000005s ]
INFO: [ app_init ] --END-- [ RunTime:0.000040s ]
INFO: [ app_begin ] --START--
INFO: Run Behavior\ReadHtmlCacheBehavior [ RunTime:0.000250s ]
INFO: [ app_begin ] --END-- [ RunTime:0.000270s ]
SQL: SHOW COLUMNS FROM `user` [ RunTime:0.0005s ]
SQL: SELECT * FROM `user` WHERE ( username='admin' and userpwd ='592b0d6ee6fdec7e8bf2f7d908a86341' and status=1 )  [ RunTime:0.0002s ]

[ 2017-12-06T23:41:50+08:00 ] 61.160.224.136 /admin.php/Home/Login/login.html
INFO: [ app_init ] --START--
INFO: Run Behavior\BuildLiteBehavior [ RunTime:0.000006s ]
INFO: [ app_init ] --END-- [ RunTime:0.000031s ]
INFO: [ app_begin ] --START--
INFO: Run Behavior\ReadHtmlCacheBehavior [ RunTime:0.000262s ]
INFO: [ app_begin ] --END-- [ RunTime:0.000284s ]
SQL: SHOW COLUMNS FROM `user` [ RunTime:0.0005s ]
SQL: SELECT * FROM `user` WHERE ( username='admin' and userpwd ='d35819053b8366895f39475874a74f67' and status=1 )  [ RunTime:0.0002s ]

[ 2017-12-06T23:41:59+08:00 ] 61.160.224.136 /admin.php/Home/login/index.html
INFO: [ app_init ] --START--
INFO: Run Behavior\BuildLiteBehavior [ RunTime:0.000006s ]
INFO: [ app_init ] --END-- [ RunTime:0.000038s ]
INFO: [ app_begin ] --START--
INFO: Run Behavior\ReadHtmlCacheBehavior [ RunTime:0.000245s ]
INFO: [ app_begin ] --END-- [ RunTime:0.000264s ]
INFO: [ view_parse ] --START--
INFO: [ template_filter ] --START--
INFO: Run Behavior\ContentReplaceBehavior [ RunTime:0.000026s ]
INFO: [ template_filter ] --END-- [ RunTime:0.000045s ]
INFO: Run Behavior\ParseTemplateBehavior [ RunTime:0.003726s ]
INFO: [ view_parse ] --END-- [ RunTime:0.003741s ]
INFO: [ view_filter ] --START--
INFO: Run Behavior\WriteHtmlCacheBehavior [ RunTime:0.000095s ]
INFO: [ view_filter ] --END-- [ RunTime:0.000105s ]
INFO: [ app_end ] --START--
INFO: Run Behavior\ShowPageTraceBehavior [ RunTime:0.000247s ]
INFO: [ app_end ] --END-- [ RunTime:0.000259s ]

[ 2017-12-06T23:42:19+08:00 ] 61.160.224.136 /admin.php
INFO: [ app_init ] --START--
INFO: Run Behavior\BuildLiteBehavior [ RunTime:0.000007s ]
INFO: [ app_init ] --END-- [ RunTime:0.000032s ]
INFO: [ app_begin ] --START--
INFO: Run Behavior\ReadHtmlCacheBehavior [ RunTime:0.000276s ]
INFO: [ app_begin ] --END-- [ RunTime:0.000295s ]

[ 2017-12-06T23:42:19+08:00 ] 61.160.224.136 /admin.php/Home/login/index.html
INFO: [ app_init ] --START--
INFO: Run Behavior\BuildLiteBehavior [ RunTime:0.000005s ]
INFO: [ app_init ] --END-- [ RunTime:0.000028s ]
INFO: [ app_begin ] --START--
INFO: Run Behavior\ReadHtmlCacheBehavior [ RunTime:0.000288s ]
INFO: [ app_begin ] --END-- [ RunTime:0.000308s ]
INFO: [ view_parse ] --START--
INFO: [ template_filter ] --START--
INFO: Run Behavior\ContentReplaceBehavior [ RunTime:0.000026s ]
INFO: [ template_filter ] --END-- [ RunTime:0.000049s ]
INFO: Run Behavior\ParseTemplateBehavior [ RunTime:0.003866s ]
INFO: [ view_parse ] --END-- [ RunTime:0.003884s ]
INFO: [ view_filter ] --START--
INFO: Run Behavior\WriteHtmlCacheBehavior [ RunTime:0.000093s ]
INFO: [ view_filter ] --END-- [ RunTime:0.000105s ]
INFO: [ app_end ] --START--
INFO: Run Behavior\ShowPageTraceBehavior [ RunTime:0.000328s ]
INFO: [ app_end ] --END-- [ RunTime:0.000344s ]

[ 2017-12-06T23:42:21+08:00 ] 61.160.224.136 /admin.php/Home/Login/login.html
INFO: [ app_init ] --START--
INFO: Run Behavior\BuildLiteBehavior [ RunTime:0.000007s ]
INFO: [ app_init ] --END-- [ RunTime:0.000031s ]
INFO: [ app_begin ] --START--
INFO: Run Behavior\ReadHtmlCacheBehavior [ RunTime:0.000254s ]
INFO: [ app_begin ] --END-- [ RunTime:0.000274s ]
SQL: SHOW COLUMNS FROM `user` [ RunTime:0.0005s ]
SQL: SELECT * FROM `user` WHERE ( username='admin' and userpwd ='880343944aeb296d98d986b169ee9414' and status=1 )  [ RunTime:0.0002s ]
SQL: UPDATE `user` SET `latestLogin`='1512574941' WHERE `id` = '1' [ RunTime:0.3874s ]

[ 2017-12-06T23:42:22+08:00 ] 61.160.224.136 /admin.php/Home/order/index.html
INFO: [ app_init ] --START--
INFO: Run Behavior\BuildLiteBehavior [ RunTime:0.000005s ]
INFO: [ app_init ] --END-- [ RunTime:0.000027s ]
INFO: [ app_begin ] --START--
INFO: Run Behavior\ReadHtmlCacheBehavior [ RunTime:0.000257s ]
INFO: [ app_begin ] --END-- [ RunTime:0.000275s ]
NOTIC: [2] Declaration of Home\Controller\OrderController::getcityinfo() should be compatible with Home\Controller\GlobalController::getCityInfo($provinceId) /www/wwwroot/order/Admin/Home/Controller/OrderController.class.php 第 4 行.
NOTIC: [2] Declaration of Home\Controller\OrderController::getareainfo() should be compatible with Home\Controller\GlobalController::getAreaInfo($cityid) /www/wwwroot/order/Admin/Home/Controller/OrderController.class.php 第 4 行.
NOTIC: [8] Undefined index: manage_list /www/wwwroot/order/Admin/Home/Controller/GlobalController.class.php 第 34 行.
SQL: SHOW COLUMNS FROM `engineer` [ RunTime:0.0814s ]
SQL: SELECT * FROM `engineer` WHERE ( status=1 )  [ RunTime:0.0068s ]
SQL: SHOW COLUMNS FROM `customer` [ RunTime:0.0421s ]
SQL: SELECT * FROM `customer` WHERE ( status=1 )  [ RunTime:0.0136s ]
SQL: SHOW COLUMNS FROM `company` [ RunTime:0.0454s ]
SQL: SELECT * FROM `company` WHERE ( status=1 )  [ RunTime:0.0003s ]
SQL: SHOW COLUMNS FROM `jobtype` [ RunTime:0.0029s ]
SQL: SELECT * FROM `jobtype` WHERE ( status=1 )  [ RunTime:0.0001s ]
SQL: SHOW COLUMNS FROM `province` [ RunTime:0.0027s ]
SQL: SELECT * FROM `province`  [ RunTime:0.0001s ]
SQL: SHOW COLUMNS FROM `g_order` [ RunTime:0.0015s ]
SQL: SELECT COUNT(*) AS tp_count FROM `g_order` LIMIT 1   [ RunTime:0.0011s ]
SQL: SELECT g_order.*,customer.code,customer.province,customer.city,customer.area FROM `g_order` left join customer on customer.name = g_order.customerId  ORDER BY id DESC LIMIT 0,30   [ RunTime:0.0005s ]
INFO: [ view_parse ] --START--
NOTIC: [2] file_get_contents(./Admin/Home/View/Public/top.html): failed to open stream: No such file or directory /www/wwwroot/order/ThinkPHP/Library/Think/Template.class.php 第 696 行.
INFO: [ template_filter ] --START--
INFO: Run Behavior\ContentReplaceBehavior [ RunTime:0.000123s ]
INFO: [ template_filter ] --END-- [ RunTime:0.000156s ]
NOTIC: [8] Undefined index: accept_start /www/wwwroot/order/Admin/Runtime/Cache/Home/c9598960eadfb49cd7cb0e5e76951f3a.php 第 156 行.
NOTIC: [8] Undefined index: accept_end /www/wwwroot/order/Admin/Runtime/Cache/Home/c9598960eadfb49cd7cb0e5e76951f3a.php 第 158 行.
NOTIC: [8] Undefined index: status /www/wwwroot/order/Admin/Runtime/Cache/Home/c9598960eadfb49cd7cb0e5e76951f3a.php 第 163 行.
NOTIC: [8] Undefined index: status /www/wwwroot/order/Admin/Runtime/Cache/Home/c9598960eadfb49cd7cb0e5e76951f3a.php 第 164 行.
NOTIC: [8] Undefined index: status /www/wwwroot/order/Admin/Runtime/Cache/Home/c9598960eadfb49cd7cb0e5e76951f3a.php 第 165 行.
NOTIC: [8] Undefined index: status /www/wwwroot/order/Admin/Runtime/Cache/Home/c9598960eadfb49cd7cb0e5e76951f3a.php 第 166 行.
NOTIC: [8] Undefined index: status /www/wwwroot/order/Admin/Runtime/Cache/Home/c9598960eadfb49cd7cb0e5e76951f3a.php 第 167 行.
NOTIC: [8] Undefined index: arrive_start /www/wwwroot/order/Admin/Runtime/Cache/Home/c9598960eadfb49cd7cb0e5e76951f3a.php 第 174 行.
NOTIC: [8] Undefined index: arrive_end /www/wwwroot/order/Admin/Runtime/Cache/Home/c9598960eadfb49cd7cb0e5e76951f3a.php 第 176 行.
NOTIC: [8] Undefined index: requireuser /www/wwwroot/order/Admin/Runtime/Cache/Home/c9598960eadfb49cd7cb0e5e76951f3a.php 第 181 行.
NOTIC: [8] Undefined index: requireuser /www/wwwroot/order/Admin/Runtime/Cache/Home/c9598960eadfb49cd7cb0e5e76951f3a.php 第 181 行.
NOTIC: [8] Undefined index: requireuser /www/wwwroot/order/Admin/Runtime/Cache/Home/c9598960eadfb49cd7cb0e5e76951f3a.php 第 181 行.
NOTIC: [8] Undefined index: requireuser /www/wwwroot/order/Admin/Runtime/Cache/Home/c9598960eadfb49cd7cb0e5e76951f3a.php 第 181 行.
NOTIC: [8] Undefined index: requireuser /www/wwwroot/order/Admin/Runtime/Cache/Home/c9598960eadfb49cd7cb0e5e76951f3a.php 第 181 行.
NOTIC: [8] Undefined index: requireuser /www/wwwroot/order/Admin/Runtime/Cache/Home/c9598960eadfb49cd7cb0e5e76951f3a.php 第 181 行.
NOTIC: [8] Undefined index: requireuser /www/wwwroot/order/Admin/Runtime/Cache/Home/c9598960eadfb49cd7cb0e5e76951f3a.php 第 181 行.
NOTIC: [8] Undefined index: requireuser /www/wwwroot/order/Admin/Runtime/Cache/Home/c9598960eadfb49cd7cb0e5e76951f3a.php 第 181 行.
NOTIC: [8] Undefined index: requireuser /www/wwwroot/order/Admin/Runtime/Cache/Home/c9598960eadfb49cd7cb0e5e76951f3a.php 第 181 行.
NOTIC: [8] Undefined index: requireuser /www/wwwroot/order/Admin/Runtime/Cache/Home/c9598960eadfb49cd7cb0e5e76951f3a.php 第 181 行.
NOTIC: [8] Undefined index: requireuser /www/wwwroot/order/Admin/Runtime/Cache/Home/c9598960eadfb49cd7cb0e5e76951f3a.php 第 181 行.
NOTIC: [8] Undefined index: requireuser /www/wwwroot/order/Admin/Runtime/Cache/Home/c9598960eadfb49cd7cb0e5e76951f3a.php 第 181 行.
NOTIC: [8] Undefined index: requireuser /www/wwwroot/order/Admin/Runtime/Cache/Home/c9598960eadfb49cd7cb0e5e76951f3a.php 第 181 行.
NOTIC: [8] Undefined index: requireuser /www/wwwroot/order/Admin/Runtime/Cache/Home/c9598960eadfb49cd7cb0e5e76951f3a.php 第 181 行.
NOTIC: [8] Undefined index: requireuser /www/wwwroot/order/Admin/Runtime/Cache/Home/c9598960eadfb49cd7cb0e5e76951f3a.php 第 181 行.
NOTIC: [8] Undefined index: requireuser /www/wwwroot/order/Admin/Runtime/Cache/Home/c9598960eadfb49cd7cb0e5e76951f3a.php 第 181 行.
NOTIC: [8] Undefined index: requireuser /www/wwwroot/order/Admin/Runtime/Cache/Home/c9598960eadfb49cd7cb0e5e76951f3a.php 第 181 行.
NOTIC: [8] Undefined index: requireuser /www/wwwroot/order/Admin/Runtime/Cache/Home/c9598960eadfb49cd7cb0e5e76951f3a.php 第 181 行.
NOTIC: [8] Undefined index: requireuser /www/wwwroot/order/Admin/Runtime/Cache/Home/c9598960eadfb49cd7cb0e5e76951f3a.php 第 181 行.
NOTIC: [8] Undefined index: requireuser /www/wwwroot/order/Admin/Runtime/Cache/Home/c9598960eadfb49cd7cb0e5e76951f3a.php 第 181 行.
NOTIC: [8] Undefined index: requireuser /www/wwwroot/order/Admin/Runtime/Cache/Home/c9598960eadfb49cd7cb0e5e76951f3a.php 第 181 行.
NOTIC: [8] Undefined index: requireuser /www/wwwroot/order/Admin/Runtime/Cache/Home/c9598960eadfb49cd7cb0e5e76951f3a.php 第 181 行.
NOTIC: [8] Undefined index: requireuser /www/wwwroot/order/Admin/Runtime/Cache/Home/c9598960eadfb49cd7cb0e5e76951f3a.php 第 181 行.
NOTIC: [8] Undefined index: requireuser /www/wwwroot/order/Admin/Runtime/Cache/Home/c9598960eadfb49cd7cb0e5e76951f3a.php 第 181 行.
NOTIC: [8] Undefined index: requireuser /www/wwwroot/order/Admin/Runtime/Cache/Home/c9598960eadfb49cd7cb0e5e76951f3a.php 第 181 行.
NOTIC: [8] Undefined index: requireuser /www/wwwroot/order/Admin/Runtime/Cache/Home/c9598960eadfb49cd7cb0e5e76951f3a.php 第 181 行.
NOTIC: [8] Undefined index: requireuser /www/wwwroot/order/Admin/Runtime/Cache/Home/c9598960eadfb49cd7cb0e5e76951f3a.php 第 181 行.
NOTIC: [8] Undefined index: requireuser /www/wwwroot/order/Admin/Runtime/Cache/Home/c9598960eadfb49cd7cb0e5e76951f3a.php 第 181 行.
NOTIC: [8] Undefined index: requireuser /www/wwwroot/order/Admin/Runtime/Cache/Home/c9598960eadfb49cd7cb0e5e76951f3a.php 第 181 行.
NOTIC: [8] Undefined index: requireuser /www/wwwroot/order/Admin/Runtime/Cache/Home/c9598960eadfb49cd7cb0e5e76951f3a.php 第 181 行.
NOTIC: [8] Undefined index: requireuser /www/wwwroot/order/Admin/Runtime/Cache/Home/c9598960eadfb49cd7cb0e5e76951f3a.php 第 181 行.
NOTIC: [8] Undefined index: requireuser /www/wwwroot/order/Admin/Runtime/Cache/Home/c9598960eadfb49cd7cb0e5e76951f3a.php 第 181 行.
NOTIC: [8] Undefined index: requireuser /www/wwwroot/order/Admin/Runtime/Cache/Home/c9598960eadfb49cd7cb0e5e76951f3a.php 第 181 行.
NOTIC: [8] Undefined index: requireuser /www/wwwroot/order/Admin/Runtime/Cache/Home/c9598960eadfb49cd7cb0e5e76951f3a.php 第 181 行.
NOTIC: [8] Undefined index: requireuser /www/wwwroot/order/Admin/Runtime/Cache/Home/c9598960eadfb49cd7cb0e5e76951f3a.php 第 181 行.
NOTIC: [8] Undefined index: requireuser /www/wwwroot/order/Admin/Runtime/Cache/Home/c9598960eadfb49cd7cb0e5e76951f3a.php 第 181 行.
NOTIC: [8] Undefined index: requireuser /www/wwwroot/order/Admin/Runtime/Cache/Home/c9598960eadfb49cd7cb0e5e76951f3a.php 第 181 行.
NOTIC: [8] Undefined index: requireuser /www/wwwroot/order/Admin/Runtime/Cache/Home/c9598960eadfb49cd7cb0e5e76951f3a.php 第 181 行.
NOTIC: [8] Undefined index: end_start /www/wwwroot/order/Admin/Runtime/Cache/Home/c9598960eadfb49cd7cb0e5e76951f3a.php 第 188 行.
NOTIC: [8] Undefined index: end_end /www/wwwroot/order/Admin/Runtime/Cache/Home/c9598960eadfb49cd7cb0e5e76951f3a.php 第 190 行.
NOTIC: [8] Undefined index: city /www/wwwroot/order/Admin/Runtime/Cache/Home/c9598960eadfb49cd7cb0e5e76951f3a.php 第 195 行.
NOTIC: [8] Undefined index: area /www/wwwroot/order/Admin/Runtime/Cache/Home/c9598960eadfb49cd7cb0e5e76951f3a.php 第 196 行.
NOTIC: [8] Undefined index: province /www/wwwroot/order/Admin/Runtime/Cache/Home/c9598960eadfb49cd7cb0e5e76951f3a.php 第 199 行.
NOTIC: [8] Undefined index: province /www/wwwroot/order/Admin/Runtime/Cache/Home/c9598960eadfb49cd7cb0e5e76951f3a.php 第 199 行.
NOTIC: [8] Undefined index: province /www/wwwroot/order/Admin/Runtime/Cache/Home/c9598960eadfb49cd7cb0e5e76951f3a.php 第 199 行.
NOTIC: [8] Undefined index: province /www/wwwroot/order/Admin/Runtime/Cache/Home/c9598960eadfb49cd7cb0e5e76951f3a.php 第 199 行.
NOTIC: [8] Undefined index: province /www/wwwroot/order/Admin/Runtime/Cache/Home/c9598960eadfb49cd7cb0e5e76951f3a.php 第 199 行.
NOTIC: [8] Undefined index: province /www/wwwroot/order/Admin/Runtime/Cache/Home/c9598960eadfb49cd7cb0e5e76951f3a.php 第 199 行.
NOTIC: [8] Undefined index: province /www/wwwroot/order/Admin/Runtime/Cache/Home/c9598960eadfb49cd7cb0e5e76951f3a.php 第 199 行.
NOTIC: [8] Undefined index: province /www/wwwroot/order/Admin/Runtime/Cache/Home/c9598960eadfb49cd7cb0e5e76951f3a.php 第 199 行.
NOTIC: [8] Undefined index: province /www/wwwroot/order/Admin/Runtime/Cache/Home/c9598960eadfb49cd7cb0e5e76951f3a.php 第 199 行.
NOTIC: [8] Undefined index: province /www/wwwroot/order/Admin/Runtime/Cache/Home/c9598960eadfb49cd7cb0e5e76951f3a.php 第 199 行.
NOTIC: [8] Undefined index: province /www/wwwroot/order/Admin/Runtime/Cache/Home/c9598960eadfb49cd7cb0e5e76951f3a.php 第 199 行.
NOTIC: [8] Undefined index: province /www/wwwroot/order/Admin/Runtime/Cache/Home/c9598960eadfb49cd7cb0e5e76951f3a.php 第 199 行.
NOTIC: [8] Undefined index: province /www/wwwroot/order/Admin/Runtime/Cache/Home/c9598960eadfb49cd7cb0e5e76951f3a.php 第 199 行.
NOTIC: [8] Undefined index: province /www/wwwroot/order/Admin/Runtime/Cache/Home/c9598960eadfb49cd7cb0e5e76951f3a.php 第 199 行.
NOTIC: [8] Undefined index: province /www/wwwroot/order/Admin/Runtime/Cache/Home/c9598960eadfb49cd7cb0e5e76951f3a.php 第 199 行.
NOTIC: [8] Undefined index: province /www/wwwroot/order/Admin/Runtime/Cache/Home/c9598960eadfb49cd7cb0e5e76951f3a.php 第 199 行.
NOTIC: [8] Undefined index: province /www/wwwroot/order/Admin/Runtime/Cache/Home/c9598960eadfb49cd7cb0e5e76951f3a.php 第 199 行.
NOTIC: [8] Undefined index: province /www/wwwroot/order/Admin/Runtime/Cache/Home/c9598960eadfb49cd7cb0e5e76951f3a.php 第 199 行.
NOTIC: [8] Undefined index: province /www/wwwroot/order/Admin/Runtime/Cache/Home/c9598960eadfb49cd7cb0e5e76951f3a.php 第 199 行.
NOTIC: [8] Undefined index: province /www/wwwroot/order/Admin/Runtime/Cache/Home/c9598960eadfb49cd7cb0e5e76951f3a.php 第 199 行.
NOTIC: [8] Undefined index: province /www/wwwroot/order/Admin/Runtime/Cache/Home/c9598960eadfb49cd7cb0e5e76951f3a.php 第 199 行.
NOTIC: [8] Undefined index: province /www/wwwroot/order/Admin/Runtime/Cache/Home/c9598960eadfb49cd7cb0e5e76951f3a.php 第 199 行.
NOTIC: [8] Undefined index: province /www/wwwroot/order/Admin/Runtime/Cache/Home/c9598960eadfb49cd7cb0e5e76951f3a.php 第 199 行.
NOTIC: [8] Undefined index: province /www/wwwroot/order/Admin/Runtime/Cache/Home/c9598960eadfb49cd7cb0e5e76951f3a.php 第 199 行.
NOTIC: [8] Undefined index: province /www/wwwroot/order/Admin/Runtime/Cache/Home/c9598960eadfb49cd7cb0e5e76951f3a.php 第 199 行.
NOTIC: [8] Undefined index: province /www/wwwroot/order/Admin/Runtime/Cache/Home/c9598960eadfb49cd7cb0e5e76951f3a.php 第 199 行.
NOTIC: [8] Undefined index: province /www/wwwroot/order/Admin/Runtime/Cache/Home/c9598960eadfb49cd7cb0e5e76951f3a.php 第 199 行.
NOTIC: [8] Undefined index: province /www/wwwroot/order/Admin/Runtime/Cache/Home/c9598960eadfb49cd7cb0e5e76951f3a.php 第 199 行.
NOTIC: [8] Undefined index: province /www/wwwroot/order/Admin/Runtime/Cache/Home/c9598960eadfb49cd7cb0e5e76951f3a.php 第 199 行.
NOTIC: [8] Undefined index: province /www/wwwroot/order/Admin/Runtime/Cache/Home/c9598960eadfb49cd7cb0e5e76951f3a.php 第 199 行.
NOTIC: [8] Undefined index: province /www/wwwroot/order/Admin/Runtime/Cache/Home/c9598960eadfb49cd7cb0e5e76951f3a.php 第 199 行.
NOTIC: [8] Undefined index: province /www/wwwroot/order/Admin/Runtime/Cache/Home/c9598960eadfb49cd7cb0e5e76951f3a.php 第 199 行.
NOTIC: [8] Undefined index: province /www/wwwroot/order/Admin/Runtime/Cache/Home/c9598960eadfb49cd7cb0e5e76951f3a.php 第 199 行.
NOTIC: [8] Undefined index: province /www/wwwroot/order/Admin/Runtime/Cache/Home/c9598960eadfb49cd7cb0e5e76951f3a.php 第 199 行.
NOTIC: [8] Undefined index: engineerId /www/wwwroot/order/Admin/Runtime/Cache/Home/c9598960eadfb49cd7cb0e5e76951f3a.php 第 239 行.
NOTIC: [8] Undefined index: engineerId /www/wwwroot/order/Admin/Runtime/Cache/Home/c9598960eadfb49cd7cb0e5e76951f3a.php 第 239 行.
NOTIC: [8] Undefined index: engineerId /www/wwwroot/order/Admin/Runtime/Cache/Home/c9598960eadfb49cd7cb0e5e76951f3a.php 第 239 行.
NOTIC: [8] Undefined index: engineerId /www/wwwroot/order/Admin/Runtime/Cache/Home/c9598960eadfb49cd7cb0e5e76951f3a.php 第 239 行.
NOTIC: [8] Undefined index: engineerId /www/wwwroot/order/Admin/Runtime/Cache/Home/c9598960eadfb49cd7cb0e5e76951f3a.php 第 239 行.
NOTIC: [8] Undefined index: engineerId /www/wwwroot/order/Admin/Runtime/Cache/Home/c9598960eadfb49cd7cb0e5e76951f3a.php 第 239 行.
NOTIC: [8] Undefined index: engineerId /www/wwwroot/order/Admin/Runtime/Cache/Home/c9598960eadfb49cd7cb0e5e76951f3a.php 第 239 行.
NOTIC: [8] Undefined index: engineerId /www/wwwroot/order/Admin/Runtime/Cache/Home/c9598960eadfb49cd7cb0e5e76951f3a.php 第 239 行.
NOTIC: [8] Undefined index: engineerId /www/wwwroot/order/Admin/Runtime/Cache/Home/c9598960eadfb49cd7cb0e5e76951f3a.php 第 239 行.
NOTIC: [8] Undefined index: engineerId /www/wwwroot/order/Admin/Runtime/Cache/Home/c9598960eadfb49cd7cb0e5e76951f3a.php 第 239 行.
NOTIC: [8] Undefined index: engineerId /www/wwwroot/order/Admin/Runtime/Cache/Home/c9598960eadfb49cd7cb0e5e76951f3a.php 第 239 行.
NOTIC: [8] Undefined index: engineerId /www/wwwroot/order/Admin/Runtime/Cache/Home/c9598960eadfb49cd7cb0e5e76951f3a.php 第 239 行.
NOTIC: [8] Undefined index: engineerId /www/wwwroot/order/Admin/Runtime/Cache/Home/c9598960eadfb49cd7cb0e5e76951f3a.php 第 239 行.
NOTIC: [8] Undefined index: engineerId /www/wwwroot/order/Admin/Runtime/Cache/Home/c9598960eadfb49cd7cb0e5e76951f3a.php 第 239 行.
NOTIC: [8] Undefined index: engineerId /www/wwwroot/order/Admin/Runtime/Cache/Home/c9598960eadfb49cd7cb0e5e76951f3a.php 第 239 行.
NOTIC: [8] Undefined index: engineerId /www/wwwroot/order/Admin/Runtime/Cache/Home/c9598960eadfb49cd7cb0e5e76951f3a.php 第 239 行.
NOTIC: [8] Undefined index: engineerId /www/wwwroot/order/Admin/Runtime/Cache/Home/c9598960eadfb49cd7cb0e5e76951f3a.php 第 239 行.
NOTIC: [8] Undefined index: engineerId /www/wwwroot/order/Admin/Runtime/Cache/Home/c9598960eadfb49cd7cb0e5e76951f3a.php 第 239 行.
NOTIC: [8] Undefined index: engineerId /www/wwwroot/order/Admin/Runtime/Cache/Home/c9598960eadfb49cd7cb0e5e76951f3a.php 第 239 行.
NOTIC: [8] Undefined index: engineerId /www/wwwroot/order/Admin/Runtime/Cache/Home/c9598960eadfb49cd7cb0e5e76951f3a.php 第 239 行.
NOTIC: [8] Undefined index: engineerId /www/wwwroot/order/Admin/Runtime/Cache/Home/c9598960eadfb49cd7cb0e5e76951f3a.php 第 239 行.
NOTIC: [8] Undefined index: engineerId /www/wwwroot/order/Admin/Runtime/Cache/Home/c9598960eadfb49cd7cb0e5e76951f3a.php 第 239 行.
NOTIC: [8] Undefined index: engineerId /www/wwwroot/order/Admin/Runtime/Cache/Home/c9598960eadfb49cd7cb0e5e76951f3a.php 第 239 行.
NOTIC: [8] Undefined index: engineerId /www/wwwroot/order/Admin/Runtime/Cache/Home/c9598960eadfb49cd7cb0e5e76951f3a.php 第 239 行.
NOTIC: [8] Undefined index: engineerId /www/wwwroot/order/Admin/Runtime/Cache/Home/c9598960eadfb49cd7cb0e5e76951f3a.php 第 239 行.
NOTIC: [8] Undefined index: engineerId /www/wwwroot/order/Admin/Runtime/Cache/Home/c9598960eadfb49cd7cb0e5e76951f3a.php 第 239 行.
NOTIC: [8] Undefined index: engineerId /www/wwwroot/order/Admin/Runtime/Cache/Home/c9598960eadfb49cd7cb0e5e76951f3a.php 第 239 行.
NOTIC: [8] Undefined index: engineerId /www/wwwroot/order/Admin/Runtime/Cache/Home/c9598960eadfb49cd7cb0e5e76951f3a.php 第 239 行.
NOTIC: [8] Undefined index: engineerId /www/wwwroot/order/Admin/Runtime/Cache/Home/c9598960eadfb49cd7cb0e5e76951f3a.php 第 239 行.
NOTIC: [8] Undefined index: engineerId /www/wwwroot/order/Admin/Runtime/Cache/Home/c9598960eadfb49cd7cb0e5e76951f3a.php 第 239 行.
NOTIC: [8] Undefined index: engineerId /www/wwwroot/order/Admin/Runtime/Cache/Home/c9598960eadfb49cd7cb0e5e76951f3a.php 第 239 行.
NOTIC: [8] Undefined index: engineerId /www/wwwroot/order/Admin/Runtime/Cache/Home/c9598960eadfb49cd7cb0e5e76951f3a.php 第 239 行.
NOTIC: [8] Undefined index: engineerId /www/wwwroot/order/Admin/Runtime/Cache/Home/c9598960eadfb49cd7cb0e5e76951f3a.php 第 239 行.
NOTIC: [8] Undefined index: engineerId /www/wwwroot/order/Admin/Runtime/Cache/Home/c9598960eadfb49cd7cb0e5e76951f3a.php 第 239 行.
NOTIC: [8] Undefined index: engineerId /www/wwwroot/order/Admin/Runtime/Cache/Home/c9598960eadfb49cd7cb0e5e76951f3a.php 第 239 行.
NOTIC: [8] Undefined index: engineerId /www/wwwroot/order/Admin/Runtime/Cache/Home/c9598960eadfb49cd7cb0e5e76951f3a.php 第 239 行.
NOTIC: [8] Undefined index: engineerId /www/wwwroot/order/Admin/Runtime/Cache/Home/c9598960eadfb49cd7cb0e5e76951f3a.php 第 239 行.
NOTIC: [8] Undefined index: engineerId /www/wwwroot/order/Admin/Runtime/Cache/Home/c9598960eadfb49cd7cb0e5e76951f3a.php 第 239 行.
NOTIC: [8] Undefined index: engineerId /www/wwwroot/order/Admin/Runtime/Cache/Home/c9598960eadfb49cd7cb0e5e76951f3a.php 第 239 行.
NOTIC: [8] Undefined index: engineerId /www/wwwroot/order/Admin/Runtime/Cache/Home/c9598960eadfb49cd7cb0e5e76951f3a.php 第 239 行.
NOTIC: [8] Undefined index: engineerId /www/wwwroot/order/Admin/Runtime/Cache/Home/c9598960eadfb49cd7cb0e5e76951f3a.php 第 239 行.
NOTIC: [8] Undefined index: engineerId /www/wwwroot/order/Admin/Runtime/Cache/Home/c9598960eadfb49cd7cb0e5e76951f3a.php 第 239 行.
NOTIC: [8] Undefined index: engineerId /www/wwwroot/order/Admin/Runtime/Cache/Home/c9598960eadfb49cd7cb0e5e76951f3a.php 第 239 行.
NOTIC: [8] Undefined index: engineerId /www/wwwroot/order/Admin/Runtime/Cache/Home/c9598960eadfb49cd7cb0e5e76951f3a.php 第 239 行.
NOTIC: [8] Undefined index: engineerId /www/wwwroot/order/Admin/Runtime/Cache/Home/c9598960eadfb49cd7cb0e5e76951f3a.php 第 239 行.
NOTIC: [8] Undefined index: engineerId /www/wwwroot/order/Admin/Runtime/Cache/Home/c9598960eadfb49cd7cb0e5e76951f3a.php 第 239 行.
NOTIC: [8] Undefined index: engineerId /www/wwwroot/order/Admin/Runtime/Cache/Home/c9598960eadfb49cd7cb0e5e76951f3a.php 第 239 行.
NOTIC: [8] Undefined index: engineerId /www/wwwroot/order/Admin/Runtime/Cache/Home/c9598960eadfb49cd7cb0e5e76951f3a.php 第 239 行.
NOTIC: [8] Undefined index: engineerId /www/wwwroot/order/Admin/Runtime/Cache/Home/c9598960eadfb49cd7cb0e5e76951f3a.php 第 239 行.
NOTIC: [8] Undefined index: engineerId /www/wwwroot/order/Admin/Runtime/Cache/Home/c9598960eadfb49cd7cb0e5e76951f3a.php 第 239 行.
NOTIC: [8] Undefined index: engineerId /www/wwwroot/order/Admin/Runtime/Cache/Home/c9598960eadfb49cd7cb0e5e76951f3a.php 第 239 行.
NOTIC: [8] Undefined index: engineerId /www/wwwroot/order/Admin/Runtime/Cache/Home/c9598960eadfb49cd7cb0e5e76951f3a.php 第 239 行.
NOTIC: [8] Undefined index: engineerId /www/wwwroot/order/Admin/Runtime/Cache/Home/c9598960eadfb49cd7cb0e5e76951f3a.php 第 239 行.
NOTIC: [8] Undefined index: engineerId /www/wwwroot/order/Admin/Runtime/Cache/Home/c9598960eadfb49cd7cb0e5e76951f3a.php 第 239 行.
NOTIC: [8] Undefined index: engineerId /www/wwwroot/order/Admin/Runtime/Cache/Home/c9598960eadfb49cd7cb0e5e76951f3a.php 第 239 行.
NOTIC: [8] Undefined index: engineerId /www/wwwroot/order/Admin/Runtime/Cache/Home/c9598960eadfb49cd7cb0e5e76951f3a.php 第 239 行.
NOTIC: [8] Undefined index: engineerId /www/wwwroot/order/Admin/Runtime/Cache/Home/c9598960eadfb49cd7cb0e5e76951f3a.php 第 239 行.
NOTIC: [8] Undefined index: engineerId /www/wwwroot/order/Admin/Runtime/Cache/Home/c9598960eadfb49cd7cb0e5e76951f3a.php 第 239 行.
NOTIC: [8] Undefined index: engineerId /www/wwwroot/order/Admin/Runtime/Cache/Home/c9598960eadfb49cd7cb0e5e76951f3a.php 第 239 行.
NOTIC: [8] Undefined index: engineerId /www/wwwroot/order/Admin/Runtime/Cache/Home/c9598960eadfb49cd7cb0e5e76951f3a.php 第 239 行.
NOTIC: [8] Undefined index: engineerId /www/wwwroot/order/Admin/Runtime/Cache/Home/c9598960eadfb49cd7cb0e5e76951f3a.php 第 239 行.
NOTIC: [8] Undefined index: engineerId /www/wwwroot/order/Admin/Runtime/Cache/Home/c9598960eadfb49cd7cb0e5e76951f3a.php 第 239 行.
NOTIC: [8] Undefined index: engineerId /www/wwwroot/order/Admin/Runtime/Cache/Home/c9598960eadfb49cd7cb0e5e76951f3a.php 第 239 行.
NOTIC: [8] Undefined index: engineerId /www/wwwroot/order/Admin/Runtime/Cache/Home/c9598960eadfb49cd7cb0e5e76951f3a.php 第 239 行.
NOTIC: [8] Undefined index: engineerId /www/wwwroot/order/Admin/Runtime/Cache/Home/c9598960eadfb49cd7cb0e5e76951f3a.php 第 239 行.
NOTIC: [8] Undefined index: engineerId /www/wwwroot/order/Admin/Runtime/Cache/Home/c9598960eadfb49cd7cb0e5e76951f3a.php 第 239 行.
NOTIC: [8] Undefined index: engineerId /www/wwwroot/order/Admin/Runtime/Cache/Home/c9598960eadfb49cd7cb0e5e76951f3a.php 第 239 行.
NOTIC: [8] Undefined index: engineerId /www/wwwroot/order/Admin/Runtime/Cache/Home/c9598960eadfb49cd7cb0e5e76951f3a.php 第 239 行.
NOTIC: [8] Undefined index: engineerId /www/wwwroot/order/Admin/Runtime/Cache/Home/c9598960eadfb49cd7cb0e5e76951f3a.php 第 239 行.
NOTIC: [8] Undefined index: engineerId /www/wwwroot/order/Admin/Runtime/Cache/Home/c9598960eadfb49cd7cb0e5e76951f3a.php 第 239 行.
NOTIC: [8] Undefined index: engineerId /www/wwwroot/order/Admin/Runtime/Cache/Home/c9598960eadfb49cd7cb0e5e76951f3a.php 第 239 行.
NOTIC: [8] Undefined index: engineerId /www/wwwroot/order/Admin/Runtime/Cache/Home/c9598960eadfb49cd7cb0e5e76951f3a.php 第 239 行.
NOTIC: [8] Undefined index: engineerId /www/wwwroot/order/Admin/Runtime/Cache/Home/c9598960eadfb49cd7cb0e5e76951f3a.php 第 239 行.
NOTIC: [8] Undefined index: engineerId /www/wwwroot/order/Admin/Runtime/Cache/Home/c9598960eadfb49cd7cb0e5e76951f3a.php 第 239 行.
NOTIC: [8] Undefined index: engineerId /www/wwwroot/order/Admin/Runtime/Cache/Home/c9598960eadfb49cd7cb0e5e76951f3a.php 第 239 行.
NOTIC: [8] Undefined index: engineerId /www/wwwroot/order/Admin/Runtime/Cache/Home/c9598960eadfb49cd7cb0e5e76951f3a.php 第 239 行.
NOTIC: [8] Undefined index: engineerId /www/wwwroot/order/Admin/Runtime/Cache/Home/c9598960eadfb49cd7cb0e5e76951f3a.php 第 239 行.
NOTIC: [8] Undefined index: engineerId /www/wwwroot/order/Admin/Runtime/Cache/Home/c9598960eadfb49cd7cb0e5e76951f3a.php 第 239 行.
NOTIC: [8] Undefined index: engineerId /www/wwwroot/order/Admin/Runtime/Cache/Home/c9598960eadfb49cd7cb0e5e76951f3a.php 第 239 行.
NOTIC: [8] Undefined index: engineerId /www/wwwroot/order/Admin/Runtime/Cache/Home/c9598960eadfb49cd7cb0e5e76951f3a.php 第 239 行.
NOTIC: [8] Undefined index: engineerId /www/wwwroot/order/Admin/Runtime/Cache/Home/c9598960eadfb49cd7cb0e5e76951f3a.php 第 239 行.
NOTIC: [8] Undefined index: engineerId /www/wwwroot/order/Admin/Runtime/Cache/Home/c9598960eadfb49cd7cb0e5e76951f3a.php 第 239 行.
NOTIC: [8] Undefined index: engineerId /www/wwwroot/order/Admin/Runtime/Cache/Home/c9598960eadfb49cd7cb0e5e76951f3a.php 第 239 行.
NOTIC: [8] Undefined index: engineerId /www/wwwroot/order/Admin/Runtime/Cache/Home/c9598960eadfb49cd7cb0e5e76951f3a.php 第 239 行.
NOTIC: [8] Undefined index: engineerId /www/wwwroot/order/Admin/Runtime/Cache/Home/c9598960eadfb49cd7cb0e5e76951f3a.php 第 239 行.
NOTIC: [8] Undefined index: engineerId /www/wwwroot/order/Admin/Runtime/Cache/Home/c9598960eadfb49cd7cb0e5e76951f3a.php 第 239 行.
NOTIC: [8] Undefined index: engineerId /www/wwwroot/order/Admin/Runtime/Cache/Home/c9598960eadfb49cd7cb0e5e76951f3a.php 第 239 行.
NOTIC: [8] Undefined index: engineerId /www/wwwroot/order/Admin/Runtime/Cache/Home/c9598960eadfb49cd7cb0e5e76951f3a.php 第 239 行.
NOTIC: [8] Undefined index: engineerId /www/wwwroot/order/Admin/Runtime/Cache/Home/c9598960eadfb49cd7cb0e5e76951f3a.php 第 239 行.
NOTIC: [8] Undefined index: engineerId /www/wwwroot/order/Admin/Runtime/Cache/Home/c9598960eadfb49cd7cb0e5e76951f3a.php 第 239 行.
NOTIC: [8] Undefined index: engineerId /www/wwwroot/order/Admin/Runtime/Cache/Home/c9598960eadfb49cd7cb0e5e76951f3a.php 第 239 行.
NOTIC: [8] Undefined index: engineerId /www/wwwroot/order/Admin/Runtime/Cache/Home/c9598960eadfb49cd7cb0e5e76951f3a.php 第 239 行.
NOTIC: [8] Undefined index: engineerId /www/wwwroot/order/Admin/Runtime/Cache/Home/c9598960eadfb49cd7cb0e5e76951f3a.php 第 239 行.
NOTIC: [8] Undefined index: engineerId /www/wwwroot/order/Admin/Runtime/Cache/Home/c9598960eadfb49cd7cb0e5e76951f3a.php 第 239 行.
NOTIC: [8] Undefined index: engineerId /www/wwwroot/order/Admin/Runtime/Cache/Home/c9598960eadfb49cd7cb0e5e76951f3a.php 第 239 行.
NOTIC: [8] Undefined index: engineerId /www/wwwroot/order/Admin/Runtime/Cache/Home/c9598960eadfb49cd7cb0e5e76951f3a.php 第 239 行.
NOTIC: [8] Undefined index: engineerId /www/wwwroot/order/Admin/Runtime/Cache/Home/c9598960eadfb49cd7cb0e5e76951f3a.php 第 239 行.
NOTIC: [8] Undefined index: engineerId /www/wwwroot/order/Admin/Runtime/Cache/Home/c9598960eadfb49cd7cb0e5e76951f3a.php 第 239 行.
NOTIC: [8] Undefined index: engineerId /www/wwwroot/order/Admin/Runtime/Cache/Home/c9598960eadfb49cd7cb0e5e76951f3a.php 第 239 行.
NOTIC: [8] Undefined index: engineerId /www/wwwroot/order/Admin/Runtime/Cache/Home/c9598960eadfb49cd7cb0e5e76951f3a.php 第 239 行.
NOTIC: [8] Undefined index: engineerId /www/wwwroot/order/Admin/Runtime/Cache/Home/c9598960eadfb49cd7cb0e5e76951f3a.php 第 239 行.
NOTIC: [8] Undefined index: engineerId /www/wwwroot/order/Admin/Runtime/Cache/Home/c9598960eadfb49cd7cb0e5e76951f3a.php 第 239 行.
NOTIC: [8] Undefined index: engineerId /www/wwwroot/order/Admin/Runtime/Cache/Home/c9598960eadfb49cd7cb0e5e76951f3a.php 第 239 行.
NOTIC: [8] Undefined index: engineerId /www/wwwroot/order/Admin/Runtime/Cache/Home/c9598960eadfb49cd7cb0e5e76951f3a.php 第 239 行.
NOTIC: [8] Undefined index: engineerId /www/wwwroot/order/Admin/Runtime/Cache/Home/c9598960eadfb49cd7cb0e5e76951f3a.php 第 239 行.
NOTIC: [8] Undefined index: engineerId /www/wwwroot/order/Admin/Runtime/Cache/Home/c9598960eadfb49cd7cb0e5e76951f3a.php 第 239 行.
NOTIC: [8] Undefined index: engineerId /www/wwwroot/order/Admin/Runtime/Cache/Home/c9598960eadfb49cd7cb0e5e76951f3a.php 第 239 行.
NOTIC: [8] Undefined index: engineerId /www/wwwroot/order/Admin/Runtime/Cache/Home/c9598960eadfb49cd7cb0e5e76951f3a.php 第 239 行.
NOTIC: [8] Undefined index: engineerId /www/wwwroot/order/Admin/Runtime/Cache/Home/c9598960eadfb49cd7cb0e5e76951f3a.php 第 239 行.
NOTIC: [8] Undefined index: engineerId /www/wwwroot/order/Admin/Runtime/Cache/Home/c9598960eadfb49cd7cb0e5e76951f3a.php 第 239 行.
NOTIC: [8] Undefined index: engineerId /www/wwwroot/order/Admin/Runtime/Cache/Home/c9598960eadfb49cd7cb0e5e76951f3a.php 第 239 行.
NOTIC: [8] Undefined index: engineerId /www/wwwroot/order/Admin/Runtime/Cache/Home/c9598960eadfb49cd7cb0e5e76951f3a.php 第 239 行.
NOTIC: [8] Undefined index: engineerId /www/wwwroot/order/Admin/Runtime/Cache/Home/c9598960eadfb49cd7cb0e5e76951f3a.php 第 239 行.
NOTIC: [8] Undefined index: engineerId /www/wwwroot/order/Admin/Runtime/Cache/Home/c9598960eadfb49cd7cb0e5e76951f3a.php 第 239 行.
NOTIC: [8] Undefined index: engineerId /www/wwwroot/order/Admin/Runtime/Cache/Home/c9598960eadfb49cd7cb0e5e76951f3a.php 第 239 行.
NOTIC: [8] Undefined index: engineerId /www/wwwroot/order/Admin/Runtime/Cache/Home/c9598960eadfb49cd7cb0e5e76951f3a.php 第 239 行.
NOTIC: [8] Undefined index: engineerId /www/wwwroot/order/Admin/Runtime/Cache/Home/c9598960eadfb49cd7cb0e5e76951f3a.php 第 239 行.
NOTIC: [8] Undefined index: engineerId /www/wwwroot/order/Admin/Runtime/Cache/Home/c9598960eadfb49cd7cb0e5e76951f3a.php 第 239 行.
NOTIC: [8] Undefined index: engineerId /www/wwwroot/order/Admin/Runtime/Cache/Home/c9598960eadfb49cd7cb0e5e76951f3a.php 第 239 行.
NOTIC: [8] Undefined index: engineerId /www/wwwroot/order/Admin/Runtime/Cache/Home/c9598960eadfb49cd7cb0e5e76951f3a.php 第 239 行.
NOTIC: [8] Undefined index: engineerId /www/wwwroot/order/Admin/Runtime/Cache/Home/c9598960eadfb49cd7cb0e5e76951f3a.php 第 239 行.
NOTIC: [8] Undefined index: engineerId /www/wwwroot/order/Admin/Runtime/Cache/Home/c9598960eadfb49cd7cb0e5e76951f3a.php 第 239 行.
NOTIC: [8] Undefined index: engineerId /www/wwwroot/order/Admin/Runtime/Cache/Home/c9598960eadfb49cd7cb0e5e76951f3a.php 第 239 行.
NOTIC: [8] Undefined index: engineerId /www/wwwroot/order/Admin/Runtime/Cache/Home/c9598960eadfb49cd7cb0e5e76951f3a.php 第 239 行.
NOTIC: [8] Undefined index: engineerId /www/wwwroot/order/Admin/Runtime/Cache/Home/c9598960eadfb49cd7cb0e5e76951f3a.php 第 239 行.
NOTIC: [8] Undefined index: engineerId /www/wwwroot/order/Admin/Runtime/Cache/Home/c9598960eadfb49cd7cb0e5e76951f3a.php 第 239 行.
NOTIC: [8] Undefined index: engineerId /www/wwwroot/order/Admin/Runtime/Cache/Home/c9598960eadfb49cd7cb0e5e76951f3a.php 第 239 行.
NOTIC: [8] Undefined index: engineerId /www/wwwroot/order/Admin/Runtime/Cache/Home/c9598960eadfb49cd7cb0e5e76951f3a.php 第 239 行.
NOTIC: [8] Undefined index: engineerId /www/wwwroot/order/Admin/Runtime/Cache/Home/c9598960eadfb49cd7cb0e5e76951f3a.php 第 239 行.
NOTIC: [8] Undefined index: engineerId /www/wwwroot/order/Admin/Runtime/Cache/Home/c9598960eadfb49cd7cb0e5e76951f3a.php 第 239 行.
NOTIC: [8] Undefined index: engineerId /www/wwwroot/order/Admin/Runtime/Cache/Home/c9598960eadfb49cd7cb0e5e76951f3a.php 第 239 行.
NOTIC: [8] Undefined index: engineerId /www/wwwroot/order/Admin/Runtime/Cache/Home/c9598960eadfb49cd7cb0e5e76951f3a.php 第 239 行.
NOTIC: [8] Undefined index: engineerId /www/wwwroot/order/Admin/Runtime/Cache/Home/c9598960eadfb49cd7cb0e5e76951f3a.php 第 239 行.
NOTIC: [8] Undefined index: engineerId /www/wwwroot/order/Admin/Runtime/Cache/Home/c9598960eadfb49cd7cb0e5e76951f3a.php 第 239 行.
NOTIC: [8] Undefined index: engineerId /www/wwwroot/order/Admin/Runtime/Cache/Home/c9598960eadfb49cd7cb0e5e76951f3a.php 第 239 行.
NOTIC: [8] Undefined index: engineerId /www/wwwroot/order/Admin/Runtime/Cache/Home/c9598960eadfb49cd7cb0e5e76951f3a.php 第 239 行.
NOTIC: [8] Undefined index: engineerId /www/wwwroot/order/Admin/Runtime/Cache/Home/c9598960eadfb49cd7cb0e5e76951f3a.php 第 239 行.
NOTIC: [8] Undefined index: engineerId /www/wwwroot/order/Admin/Runtime/Cache/Home/c9598960eadfb49cd7cb0e5e76951f3a.php 第 239 行.
NOTIC: [8] Undefined index: engineerId /www/wwwroot/order/Admin/Runtime/Cache/Home/c9598960eadfb49cd7cb0e5e76951f3a.php 第 239 行.
NOTIC: [8] Undefined index: engineerId /www/wwwroot/order/Admin/Runtime/Cache/Home/c9598960eadfb49cd7cb0e5e76951f3a.php 第 239 行.
NOTIC: [8] Undefined index: engineerId /www/wwwroot/order/Admin/Runtime/Cache/Home/c9598960eadfb49cd7cb0e5e76951f3a.php 第 239 行.
NOTIC: [8] Undefined index: engineerId /www/wwwroot/order/Admin/Runtime/Cache/Home/c9598960eadfb49cd7cb0e5e76951f3a.php 第 239 行.
NOTIC: [8] Undefined index: engineerId /www/wwwroot/order/Admin/Runtime/Cache/Home/c9598960eadfb49cd7cb0e5e76951f3a.php 第 239 行.
NOTIC: [8] Undefined index: engineerId /www/wwwroot/order/Admin/Runtime/Cache/Home/c9598960eadfb49cd7cb0e5e76951f3a.php 第 239 行.
NOTIC: [8] Undefined index: engineerId /www/wwwroot/order/Admin/Runtime/Cache/Home/c9598960eadfb49cd7cb0e5e76951f3a.php 第 239 行.
NOTIC: [8] Undefined index: engineerId /www/wwwroot/order/Admin/Runtime/Cache/Home/c9598960eadfb49cd7cb0e5e76951f3a.php 第 239 行.
NOTIC: [8] Undefined index: engineerId /www/wwwroot/order/Admin/Runtime/Cache/Home/c9598960eadfb49cd7cb0e5e76951f3a.php 第 239 行.
NOTIC: [8] Undefined index: engineerId /www/wwwroot/order/Admin/Runtime/Cache/Home/c9598960eadfb49cd7cb0e5e76951f3a.php 第 239 行.
NOTIC: [8] Undefined index: engineerId /www/wwwroot/order/Admin/Runtime/Cache/Home/c9598960eadfb49cd7cb0e5e76951f3a.php 第 239 行.
NOTIC: [8] Undefined index: engineerId /www/wwwroot/order/Admin/Runtime/Cache/Home/c9598960eadfb49cd7cb0e5e76951f3a.php 第 239 行.
NOTIC: [8] Undefined index: engineerId /www/wwwroot/order/Admin/Runtime/Cache/Home/c9598960eadfb49cd7cb0e5e76951f3a.php 第 239 行.
NOTIC: [8] Undefined index: engineerId /www/wwwroot/order/Admin/Runtime/Cache/Home/c9598960eadfb49cd7cb0e5e76951f3a.php 第 239 行.
NOTIC: [8] Undefined index: engineerId /www/wwwroot/order/Admin/Runtime/Cache/Home/c9598960eadfb49cd7cb0e5e76951f3a.php 第 239 行.
NOTIC: [8] Undefined index: engineerId /www/wwwroot/order/Admin/Runtime/Cache/Home/c9598960eadfb49cd7cb0e5e76951f3a.php 第 239 行.
NOTIC: [8] Undefined index: engineerId /www/wwwroot/order/Admin/Runtime/Cache/Home/c9598960eadfb49cd7cb0e5e76951f3a.php 第 239 行.
NOTIC: [8] Undefined index: engineerId /www/wwwroot/order/Admin/Runtime/Cache/Home/c9598960eadfb49cd7cb0e5e76951f3a.php 第 239 行.
NOTIC: [8] Undefined index: engineerId /www/wwwroot/order/Admin/Runtime/Cache/Home/c9598960eadfb49cd7cb0e5e76951f3a.php 第 239 行.
NOTIC: [8] Undefined index: engineerId /www/wwwroot/order/Admin/Runtime/Cache/Home/c9598960eadfb49cd7cb0e5e76951f3a.php 第 239 行.
NOTIC: [8] Undefined index: engineerId /www/wwwroot/order/Admin/Runtime/Cache/Home/c9598960eadfb49cd7cb0e5e76951f3a.php 第 239 行.
NOTIC: [8] Undefined index: engineerId /www/wwwroot/order/Admin/Runtime/Cache/Home/c9598960eadfb49cd7cb0e5e76951f3a.php 第 239 行.
NOTIC: [8] Undefined index: engineerId /www/wwwroot/order/Admin/Runtime/Cache/Home/c9598960eadfb49cd7cb0e5e76951f3a.php 第 239 行.
NOTIC: [8] Undefined index: engineerId /www/wwwroot/order/Admin/Runtime/Cache/Home/c9598960eadfb49cd7cb0e5e76951f3a.php 第 239 行.
NOTIC: [8] Undefined index: engineerId /www/wwwroot/order/Admin/Runtime/Cache/Home/c9598960eadfb49cd7cb0e5e76951f3a.php 第 239 行.
NOTIC: [8] Undefined index: engineerId /www/wwwroot/order/Admin/Runtime/Cache/Home/c9598960eadfb49cd7cb0e5e76951f3a.php 第 239 行.
NOTIC: [8] Undefined index: engineerId /www/wwwroot/order/Admin/Runtime/Cache/Home/c9598960eadfb49cd7cb0e5e76951f3a.php 第 239 行.
NOTIC: [8] Undefined index: jobtype /www/wwwroot/order/Admin/Runtime/Cache/Home/c9598960eadfb49cd7cb0e5e76951f3a.php 第 245 行.
NOTIC: [8] Undefined index: jobtype /www/wwwroot/order/Admin/Runtime/Cache/Home/c9598960eadfb49cd7cb0e5e76951f3a.php 第 245 行.
NOTIC: [8] Undefined index: jobtype /www/wwwroot/order/Admin/Runtime/Cache/Home/c9598960eadfb49cd7cb0e5e76951f3a.php 第 245 行.
NOTIC: [8] Undefined index: jobtype /www/wwwroot/order/Admin/Runtime/Cache/Home/c9598960eadfb49cd7cb0e5e76951f3a.php 第 245 行.
INFO: Run Behavior\ParseTemplateBehavior [ RunTime:0.072035s ]
INFO: [ view_parse ] --END-- [ RunTime:0.072061s ]
INFO: [ view_filter ] --START--
INFO: Run Behavior\WriteHtmlCacheBehavior [ RunTime:0.000149s ]
INFO: [ view_filter ] --END-- [ RunTime:0.000162s ]
INFO: [ app_end ] --START--
INFO: Run Behavior\ShowPageTraceBehavior [ RunTime:0.000313s ]
INFO: [ app_end ] --END-- [ RunTime:0.000331s ]

[ 2017-12-06T23:42:27+08:00 ] 61.160.224.141 /admin.php/Home/engineers/index.html
INFO: [ app_init ] --START--
INFO: Run Behavior\BuildLiteBehavior [ RunTime:0.000006s ]
INFO: [ app_init ] --END-- [ RunTime:0.000029s ]
INFO: [ app_begin ] --START--
INFO: Run Behavior\ReadHtmlCacheBehavior [ RunTime:0.000241s ]
INFO: [ app_begin ] --END-- [ RunTime:0.000258s ]
NOTIC: [8] Undefined index: manage_list /www/wwwroot/order/Admin/Home/Controller/GlobalController.class.php 第 34 行.
SQL: SHOW COLUMNS FROM `engineerrate` [ RunTime:0.0088s ]
SQL: SELECT * FROM `engineerrate` WHERE ( status=1 )  [ RunTime:0.0002s ]
SQL: SHOW COLUMNS FROM `engineertype` [ RunTime:0.0015s ]
SQL: SELECT * FROM `engineertype` WHERE ( status=1 )  [ RunTime:0.0001s ]
SQL: SHOW COLUMNS FROM `province` [ RunTime:0.0002s ]
SQL: SELECT * FROM `province`  [ RunTime:0.0000s ]
SQL: SHOW COLUMNS FROM `engineer` [ RunTime:0.0003s ]
SQL: SELECT COUNT(*) AS tp_count FROM `engineer` LIMIT 1   [ RunTime:0.0001s ]
SQL: SELECT * FROM `engineer` ORDER BY id DESC LIMIT 0,30   [ RunTime:0.0002s ]
INFO: [ view_parse ] --START--
NOTIC: [2] file_get_contents(./Admin/Home/View/Public/top.html): failed to open stream: No such file or directory /www/wwwroot/order/ThinkPHP/Library/Think/Template.class.php 第 696 行.
INFO: [ template_filter ] --START--
INFO: Run Behavior\ContentReplaceBehavior [ RunTime:0.000094s ]
INFO: [ template_filter ] --END-- [ RunTime:0.000113s ]
NOTIC: [8] Undefined index: engineerCode /www/wwwroot/order/Admin/Runtime/Cache/Home/b244408377fde82e682a28ebfe5fe538.php 第 156 行.
NOTIC: [8] Undefined index: status /www/wwwroot/order/Admin/Runtime/Cache/Home/b244408377fde82e682a28ebfe5fe538.php 第 160 行.
NOTIC: [8] Undefined index: status /www/wwwroot/order/Admin/Runtime/Cache/Home/b244408377fde82e682a28ebfe5fe538.php 第 161 行.
NOTIC: [8] Undefined index: engineerName /www/wwwroot/order/Admin/Runtime/Cache/Home/b244408377fde82e682a28ebfe5fe538.php 第 164 行.
NOTIC: [8] Undefined index: weixin /www/wwwroot/order/Admin/Runtime/Cache/Home/b244408377fde82e682a28ebfe5fe538.php 第 167 行.
NOTIC: [8] Undefined index: city /www/wwwroot/order/Admin/Runtime/Cache/Home/b244408377fde82e682a28ebfe5fe538.php 第 171 行.
NOTIC: [8] Undefined index: area /www/wwwroot/order/Admin/Runtime/Cache/Home/b244408377fde82e682a28ebfe5fe538.php 第 172 行.
NOTIC: [8] Undefined index: province /www/wwwroot/order/Admin/Runtime/Cache/Home/b244408377fde82e682a28ebfe5fe538.php 第 175 行.
NOTIC: [8] Undefined index: province /www/wwwroot/order/Admin/Runtime/Cache/Home/b244408377fde82e682a28ebfe5fe538.php 第 175 行.
NOTIC: [8] Undefined index: province /www/wwwroot/order/Admin/Runtime/Cache/Home/b244408377fde82e682a28ebfe5fe538.php 第 175 行.
NOTIC: [8] Undefined index: province /www/wwwroot/order/Admin/Runtime/Cache/Home/b244408377fde82e682a28ebfe5fe538.php 第 175 行.
NOTIC: [8] Undefined index: province /www/wwwroot/order/Admin/Runtime/Cache/Home/b244408377fde82e682a28ebfe5fe538.php 第 175 行.
NOTIC: [8] Undefined index: province /www/wwwroot/order/Admin/Runtime/Cache/Home/b244408377fde82e682a28ebfe5fe538.php 第 175 行.
NOTIC: [8] Undefined index: province /www/wwwroot/order/Admin/Runtime/Cache/Home/b244408377fde82e682a28ebfe5fe538.php 第 175 行.
NOTIC: [8] Undefined index: province /www/wwwroot/order/Admin/Runtime/Cache/Home/b244408377fde82e682a28ebfe5fe538.php 第 175 行.
NOTIC: [8] Undefined index: province /www/wwwroot/order/Admin/Runtime/Cache/Home/b244408377fde82e682a28ebfe5fe538.php 第 175 行.
NOTIC: [8] Undefined index: province /www/wwwroot/order/Admin/Runtime/Cache/Home/b244408377fde82e682a28ebfe5fe538.php 第 175 行.
NOTIC: [8] Undefined index: province /www/wwwroot/order/Admin/Runtime/Cache/Home/b244408377fde82e682a28ebfe5fe538.php 第 175 行.
NOTIC: [8] Undefined index: province /www/wwwroot/order/Admin/Runtime/Cache/Home/b244408377fde82e682a28ebfe5fe538.php 第 175 行.
NOTIC: [8] Undefined index: province /www/wwwroot/order/Admin/Runtime/Cache/Home/b244408377fde82e682a28ebfe5fe538.php 第 175 行.
NOTIC: [8] Undefined index: province /www/wwwroot/order/Admin/Runtime/Cache/Home/b244408377fde82e682a28ebfe5fe538.php 第 175 行.
NOTIC: [8] Undefined index: province /www/wwwroot/order/Admin/Runtime/Cache/Home/b244408377fde82e682a28ebfe5fe538.php 第 175 行.
NOTIC: [8] Undefined index: province /www/wwwroot/order/Admin/Runtime/Cache/Home/b244408377fde82e682a28ebfe5fe538.php 第 175 行.
NOTIC: [8] Undefined index: province /www/wwwroot/order/Admin/Runtime/Cache/Home/b244408377fde82e682a28ebfe5fe538.php 第 175 行.
NOTIC: [8] Undefined index: province /www/wwwroot/order/Admin/Runtime/Cache/Home/b244408377fde82e682a28ebfe5fe538.php 第 175 行.
NOTIC: [8] Undefined index: province /www/wwwroot/order/Admin/Runtime/Cache/Home/b244408377fde82e682a28ebfe5fe538.php 第 175 行.
NOTIC: [8] Undefined index: province /www/wwwroot/order/Admin/Runtime/Cache/Home/b244408377fde82e682a28ebfe5fe538.php 第 175 行.
NOTIC: [8] Undefined index: province /www/wwwroot/order/Admin/Runtime/Cache/Home/b244408377fde82e682a28ebfe5fe538.php 第 175 行.
NOTIC: [8] Undefined index: province /www/wwwroot/order/Admin/Runtime/Cache/Home/b244408377fde82e682a28ebfe5fe538.php 第 175 行.
NOTIC: [8] Undefined index: province /www/wwwroot/order/Admin/Runtime/Cache/Home/b244408377fde82e682a28ebfe5fe538.php 第 175 行.
NOTIC: [8] Undefined index: province /www/wwwroot/order/Admin/Runtime/Cache/Home/b244408377fde82e682a28ebfe5fe538.php 第 175 行.
NOTIC: [8] Undefined index: province /www/wwwroot/order/Admin/Runtime/Cache/Home/b244408377fde82e682a28ebfe5fe538.php 第 175 行.
NOTIC: [8] Undefined index: province /www/wwwroot/order/Admin/Runtime/Cache/Home/b244408377fde82e682a28ebfe5fe538.php 第 175 行.
NOTIC: [8] Undefined index: province /www/wwwroot/order/Admin/Runtime/Cache/Home/b244408377fde82e682a28ebfe5fe538.php 第 175 行.
NOTIC: [8] Undefined index: province /www/wwwroot/order/Admin/Runtime/Cache/Home/b244408377fde82e682a28ebfe5fe538.php 第 175 行.
NOTIC: [8] Undefined index: province /www/wwwroot/order/Admin/Runtime/Cache/Home/b244408377fde82e682a28ebfe5fe538.php 第 175 行.
NOTIC: [8] Undefined index: province /www/wwwroot/order/Admin/Runtime/Cache/Home/b244408377fde82e682a28ebfe5fe538.php 第 175 行.
NOTIC: [8] Undefined index: province /www/wwwroot/order/Admin/Runtime/Cache/Home/b244408377fde82e682a28ebfe5fe538.php 第 175 行.
NOTIC: [8] Undefined index: province /www/wwwroot/order/Admin/Runtime/Cache/Home/b244408377fde82e682a28ebfe5fe538.php 第 175 行.
NOTIC: [8] Undefined index: province /www/wwwroot/order/Admin/Runtime/Cache/Home/b244408377fde82e682a28ebfe5fe538.php 第 175 行.
NOTIC: [8] Undefined index: province /www/wwwroot/order/Admin/Runtime/Cache/Home/b244408377fde82e682a28ebfe5fe538.php 第 175 行.
NOTIC: [8] Undefined index: mobile /www/wwwroot/order/Admin/Runtime/Cache/Home/b244408377fde82e682a28ebfe5fe538.php 第 212 行.
NOTIC: [8] Undefined index: type /www/wwwroot/order/Admin/Runtime/Cache/Home/b244408377fde82e682a28ebfe5fe538.php 第 216 行.
NOTIC: [8] Undefined index: type /www/wwwroot/order/Admin/Runtime/Cache/Home/b244408377fde82e682a28ebfe5fe538.php 第 216 行.
INFO: Run Behavior\ParseTemplateBehavior [ RunTime:0.006992s ]
INFO: [ view_parse ] --END-- [ RunTime:0.007010s ]
INFO: [ view_filter ] --START--
INFO: Run Behavior\WriteHtmlCacheBehavior [ RunTime:0.000111s ]
INFO: [ view_filter ] --END-- [ RunTime:0.000123s ]
INFO: [ app_end ] --START--
INFO: Run Behavior\ShowPageTraceBehavior [ RunTime:0.000274s ]
INFO: [ app_end ] --END-- [ RunTime:0.000288s ]

[ 2017-12-06T23:42:37+08:00 ] 61.160.224.135 /admin.php/Home/engineers/index.html
INFO: [ app_init ] --START--
INFO: Run Behavior\BuildLiteBehavior [ RunTime:0.000006s ]
INFO: [ app_init ] --END-- [ RunTime:0.000030s ]
INFO: [ app_begin ] --START--
INFO: Run Behavior\ReadHtmlCacheBehavior [ RunTime:0.000253s ]
INFO: [ app_begin ] --END-- [ RunTime:0.000275s ]
NOTIC: [8] Undefined index: manage_list /www/wwwroot/order/Admin/Home/Controller/GlobalController.class.php 第 34 行.
SQL: SHOW COLUMNS FROM `engineerrate` [ RunTime:0.0004s ]
SQL: SELECT * FROM `engineerrate` WHERE ( status=1 )  [ RunTime:0.0001s ]
SQL: SHOW COLUMNS FROM `engineertype` [ RunTime:0.0002s ]
SQL: SELECT * FROM `engineertype` WHERE ( status=1 )  [ RunTime:0.0000s ]
SQL: SHOW COLUMNS FROM `province` [ RunTime:0.0002s ]
SQL: SELECT * FROM `province`  [ RunTime:0.0000s ]
SQL: SHOW COLUMNS FROM `engineer` [ RunTime:0.0003s ]
SQL: SELECT COUNT(*) AS tp_count FROM `engineer` WHERE (  province like '%上海市%' ) LIMIT 1   [ RunTime:0.0002s ]
SQL: SELECT * FROM `engineer` WHERE (  province like '%上海市%' ) ORDER BY id DESC LIMIT 0,30   [ RunTime:0.0003s ]
INFO: [ view_parse ] --START--
NOTIC: [2] file_get_contents(./Admin/Home/View/Public/top.html): failed to open stream: No such file or directory /www/wwwroot/order/ThinkPHP/Library/Think/Template.class.php 第 696 行.
INFO: [ template_filter ] --START--
INFO: Run Behavior\ContentReplaceBehavior [ RunTime:0.000102s ]
INFO: [ template_filter ] --END-- [ RunTime:0.000122s ]
INFO: Run Behavior\ParseTemplateBehavior [ RunTime:0.006638s ]
INFO: [ view_parse ] --END-- [ RunTime:0.006658s ]
INFO: [ view_filter ] --START--
INFO: Run Behavior\WriteHtmlCacheBehavior [ RunTime:0.000105s ]
INFO: [ view_filter ] --END-- [ RunTime:0.000158s ]
INFO: [ app_end ] --START--
INFO: Run Behavior\ShowPageTraceBehavior [ RunTime:0.000277s ]
INFO: [ app_end ] --END-- [ RunTime:0.000291s ]

[ 2017-12-06T23:42:43+08:00 ] 61.160.224.135 /admin.php/Home/Order/getcityinfo.html?province=%E6%B2%B3%E5%8C%97%E7%9C%81&city=
INFO: [ app_init ] --START--
INFO: Run Behavior\BuildLiteBehavior [ RunTime:0.000006s ]
INFO: [ app_init ] --END-- [ RunTime:0.000028s ]
INFO: [ app_begin ] --START--
INFO: Run Behavior\ReadHtmlCacheBehavior [ RunTime:0.000245s ]
INFO: [ app_begin ] --END-- [ RunTime:0.000261s ]
NOTIC: [2] Declaration of Home\Controller\OrderController::getcityinfo() should be compatible with Home\Controller\GlobalController::getCityInfo($provinceId) /www/wwwroot/order/Admin/Home/Controller/OrderController.class.php 第 4 行.
NOTIC: [2] Declaration of Home\Controller\OrderController::getareainfo() should be compatible with Home\Controller\GlobalController::getAreaInfo($cityid) /www/wwwroot/order/Admin/Home/Controller/OrderController.class.php 第 4 行.
NOTIC: [8] Undefined index: manage_list /www/wwwroot/order/Admin/Home/Controller/GlobalController.class.php 第 34 行.
SQL: SHOW COLUMNS FROM `city` [ RunTime:0.0277s ]
SQL: SELECT * FROM `city` left join province on city.provinceid=province.id  WHERE ( name='河北省' )  [ RunTime:0.0003s ]
INFO: [ app_end ] --START--
INFO: Run Behavior\ShowPageTraceBehavior [ RunTime:0.000408s ]
INFO: [ app_end ] --END-- [ RunTime:0.000427s ]

[ 2017-12-06T23:42:44+08:00 ] 61.160.224.135 /admin.php/Home/engineers/index.html
INFO: [ app_init ] --START--
INFO: Run Behavior\BuildLiteBehavior [ RunTime:0.000008s ]
INFO: [ app_init ] --END-- [ RunTime:0.000040s ]
INFO: [ app_begin ] --START--
INFO: Run Behavior\ReadHtmlCacheBehavior [ RunTime:0.000367s ]
INFO: [ app_begin ] --END-- [ RunTime:0.000395s ]
NOTIC: [8] Undefined index: manage_list /www/wwwroot/order/Admin/Home/Controller/GlobalController.class.php 第 34 行.
SQL: SHOW COLUMNS FROM `engineerrate` [ RunTime:0.0005s ]
SQL: SELECT * FROM `engineerrate` WHERE ( status=1 )  [ RunTime:0.0001s ]
SQL: SHOW COLUMNS FROM `engineertype` [ RunTime:0.0003s ]
SQL: SELECT * FROM `engineertype` WHERE ( status=1 )  [ RunTime:0.0000s ]
SQL: SHOW COLUMNS FROM `province` [ RunTime:0.0003s ]
SQL: SELECT * FROM `province`  [ RunTime:0.0001s ]
SQL: SHOW COLUMNS FROM `engineer` [ RunTime:0.0004s ]
SQL: SELECT COUNT(*) AS tp_count FROM `engineer` WHERE (  province like '%河北省%' ) LIMIT 1   [ RunTime:0.0003s ]
SQL: SELECT * FROM `engineer` WHERE (  province like '%河北省%' ) ORDER BY id DESC LIMIT 0,30   [ RunTime:0.0004s ]
INFO: [ view_parse ] --START--
NOTIC: [2] file_get_contents(./Admin/Home/View/Public/top.html): failed to open stream: No such file or directory /www/wwwroot/order/ThinkPHP/Library/Think/Template.class.php 第 696 行.
INFO: [ template_filter ] --START--
INFO: Run Behavior\ContentReplaceBehavior [ RunTime:0.000108s ]
INFO: [ template_filter ] --END-- [ RunTime:0.000133s ]
INFO: Run Behavior\ParseTemplateBehavior [ RunTime:0.009317s ]
INFO: [ view_parse ] --END-- [ RunTime:0.009342s ]
INFO: [ view_filter ] --START--
INFO: Run Behavior\WriteHtmlCacheBehavior [ RunTime:0.000144s ]
INFO: [ view_filter ] --END-- [ RunTime:0.000159s ]
INFO: [ app_end ] --START--
INFO: Run Behavior\ShowPageTraceBehavior [ RunTime:0.000966s ]
INFO: [ app_end ] --END-- [ RunTime:0.000989s ]

[ 2017-12-06T23:42:56+08:00 ] 61.160.224.141 /admin.php/Home/engineers/add.html
INFO: [ app_init ] --START--
INFO: Run Behavior\BuildLiteBehavior [ RunTime:0.000005s ]
INFO: [ app_init ] --END-- [ RunTime:0.000028s ]
INFO: [ app_begin ] --START--
INFO: Run Behavior\ReadHtmlCacheBehavior [ RunTime:0.000251s ]
INFO: [ app_begin ] --END-- [ RunTime:0.000269s ]
NOTIC: [8] Undefined index: manage_list /www/wwwroot/order/Admin/Home/Controller/GlobalController.class.php 第 34 行.
SQL: SHOW COLUMNS FROM `engineerrate` [ RunTime:0.0004s ]
SQL: SELECT * FROM `engineerrate` WHERE ( status=1 )  [ RunTime:0.0000s ]
SQL: SHOW COLUMNS FROM `engineertype` [ RunTime:0.0002s ]
SQL: SELECT * FROM `engineertype` WHERE ( status=1 )  [ RunTime:0.0000s ]
SQL: SHOW COLUMNS FROM `province` [ RunTime:0.0002s ]
SQL: SELECT * FROM `province`  [ RunTime:0.0000s ]
INFO: [ view_parse ] --START--
NOTIC: [2] file_get_contents(./Admin/Home/View/Public/top.html): failed to open stream: No such file or directory /www/wwwroot/order/ThinkPHP/Library/Think/Template.class.php 第 696 行.
INFO: [ template_filter ] --START--
INFO: Run Behavior\ContentReplaceBehavior [ RunTime:0.000100s ]
INFO: [ template_filter ] --END-- [ RunTime:0.000118s ]
NOTIC: [8] Undefined variable: pid /www/wwwroot/order/Admin/Runtime/Cache/Home/f34fdb088b21016a1e0f02d7ca06bdf5.php 第 188 行.
NOTIC: [8] Undefined variable: data /www/wwwroot/order/Admin/Runtime/Cache/Home/f34fdb088b21016a1e0f02d7ca06bdf5.php 第 189 行.
NOTIC: [8] Undefined variable: data /www/wwwroot/order/Admin/Runtime/Cache/Home/f34fdb088b21016a1e0f02d7ca06bdf5.php 第 195 行.
NOTIC: [8] Undefined variable: data /www/wwwroot/order/Admin/Runtime/Cache/Home/f34fdb088b21016a1e0f02d7ca06bdf5.php 第 201 行.
NOTIC: [8] Undefined variable: data /www/wwwroot/order/Admin/Runtime/Cache/Home/f34fdb088b21016a1e0f02d7ca06bdf5.php 第 207 行.
NOTIC: [8] Undefined variable: data /www/wwwroot/order/Admin/Runtime/Cache/Home/f34fdb088b21016a1e0f02d7ca06bdf5.php 第 213 行.
NOTIC: [8] Undefined variable: data /www/wwwroot/order/Admin/Runtime/Cache/Home/f34fdb088b21016a1e0f02d7ca06bdf5.php 第 219 行.
NOTIC: [8] Undefined variable: data /www/wwwroot/order/Admin/Runtime/Cache/Home/f34fdb088b21016a1e0f02d7ca06bdf5.php 第 225 行.
NOTIC: [8] Undefined variable: data /www/wwwroot/order/Admin/Runtime/Cache/Home/f34fdb088b21016a1e0f02d7ca06bdf5.php 第 233 行.
NOTIC: [8] Undefined variable: data /www/wwwroot/order/Admin/Runtime/Cache/Home/f34fdb088b21016a1e0f02d7ca06bdf5.php 第 234 行.
NOTIC: [8] Undefined variable: data /www/wwwroot/order/Admin/Runtime/Cache/Home/f34fdb088b21016a1e0f02d7ca06bdf5.php 第 237 行.
NOTIC: [8] Undefined variable: data /www/wwwroot/order/Admin/Runtime/Cache/Home/f34fdb088b21016a1e0f02d7ca06bdf5.php 第 237 行.
NOTIC: [8] Undefined variable: data /www/wwwroot/order/Admin/Runtime/Cache/Home/f34fdb088b21016a1e0f02d7ca06bdf5.php 第 237 行.
NOTIC: [8] Undefined variable: data /www/wwwroot/order/Admin/Runtime/Cache/Home/f34fdb088b21016a1e0f02d7ca06bdf5.php 第 237 行.
NOTIC: [8] Undefined variable: data /www/wwwroot/order/Admin/Runtime/Cache/Home/f34fdb088b21016a1e0f02d7ca06bdf5.php 第 237 行.
NOTIC: [8] Undefined variable: data /www/wwwroot/order/Admin/Runtime/Cache/Home/f34fdb088b21016a1e0f02d7ca06bdf5.php 第 237 行.
NOTIC: [8] Undefined variable: data /www/wwwroot/order/Admin/Runtime/Cache/Home/f34fdb088b21016a1e0f02d7ca06bdf5.php 第 237 行.
NOTIC: [8] Undefined variable: data /www/wwwroot/order/Admin/Runtime/Cache/Home/f34fdb088b21016a1e0f02d7ca06bdf5.php 第 237 行.
NOTIC: [8] Undefined variable: data /www/wwwroot/order/Admin/Runtime/Cache/Home/f34fdb088b21016a1e0f02d7ca06bdf5.php 第 237 行.
NOTIC: [8] Undefined variable: data /www/wwwroot/order/Admin/Runtime/Cache/Home/f34fdb088b21016a1e0f02d7ca06bdf5.php 第 237 行.
NOTIC: [8] Undefined variable: data /www/wwwroot/order/Admin/Runtime/Cache/Home/f34fdb088b21016a1e0f02d7ca06bdf5.php 第 237 行.
NOTIC: [8] Undefined variable: data /www/wwwroot/order/Admin/Runtime/Cache/Home/f34fdb088b21016a1e0f02d7ca06bdf5.php 第 237 行.
NOTIC: [8] Undefined variable: data /www/wwwroot/order/Admin/Runtime/Cache/Home/f34fdb088b21016a1e0f02d7ca06bdf5.php 第 237 行.
NOTIC: [8] Undefined variable: data /www/wwwroot/order/Admin/Runtime/Cache/Home/f34fdb088b21016a1e0f02d7ca06bdf5.php 第 237 行.
NOTIC: [8] Undefined variable: data /www/wwwroot/order/Admin/Runtime/Cache/Home/f34fdb088b21016a1e0f02d7ca06bdf5.php 第 237 行.
NOTIC: [8] Undefined variable: data /www/wwwroot/order/Admin/Runtime/Cache/Home/f34fdb088b21016a1e0f02d7ca06bdf5.php 第 237 行.
NOTIC: [8] Undefined variable: data /www/wwwroot/order/Admin/Runtime/Cache/Home/f34fdb088b21016a1e0f02d7ca06bdf5.php 第 237 行.
NOTIC: [8] Undefined variable: data /www/wwwroot/order/Admin/Runtime/Cache/Home/f34fdb088b21016a1e0f02d7ca06bdf5.php 第 237 行.
NOTIC: [8] Undefined variable: data /www/wwwroot/order/Admin/Runtime/Cache/Home/f34fdb088b21016a1e0f02d7ca06bdf5.php 第 237 行.
NOTIC: [8] Undefined variable: data /www/wwwroot/order/Admin/Runtime/Cache/Home/f34fdb088b21016a1e0f02d7ca06bdf5.php 第 237 行.
NOTIC: [8] Undefined variable: data /www/wwwroot/order/Admin/Runtime/Cache/Home/f34fdb088b21016a1e0f02d7ca06bdf5.php 第 237 行.
NOTIC: [8] Undefined variable: data /www/wwwroot/order/Admin/Runtime/Cache/Home/f34fdb088b21016a1e0f02d7ca06bdf5.php 第 237 行.
NOTIC: [8] Undefined variable: data /www/wwwroot/order/Admin/Runtime/Cache/Home/f34fdb088b21016a1e0f02d7ca06bdf5.php 第 237 行.
NOTIC: [8] Undefined variable: data /www/wwwroot/order/Admin/Runtime/Cache/Home/f34fdb088b21016a1e0f02d7ca06bdf5.php 第 237 行.
NOTIC: [8] Undefined variable: data /www/wwwroot/order/Admin/Runtime/Cache/Home/f34fdb088b21016a1e0f02d7ca06bdf5.php 第 237 行.
NOTIC: [8] Undefined variable: data /www/wwwroot/order/Admin/Runtime/Cache/Home/f34fdb088b21016a1e0f02d7ca06bdf5.php 第 237 行.
NOTIC: [8] Undefined variable: data /www/wwwroot/order/Admin/Runtime/Cache/Home/f34fdb088b21016a1e0f02d7ca06bdf5.php 第 237 行.
NOTIC: [8] Undefined variable: data /www/wwwroot/order/Admin/Runtime/Cache/Home/f34fdb088b21016a1e0f02d7ca06bdf5.php 第 237 行.
NOTIC: [8] Undefined variable: data /www/wwwroot/order/Admin/Runtime/Cache/Home/f34fdb088b21016a1e0f02d7ca06bdf5.php 第 237 行.
NOTIC: [8] Undefined variable: data /www/wwwroot/order/Admin/Runtime/Cache/Home/f34fdb088b21016a1e0f02d7ca06bdf5.php 第 237 行.
NOTIC: [8] Undefined variable: data /www/wwwroot/order/Admin/Runtime/Cache/Home/f34fdb088b21016a1e0f02d7ca06bdf5.php 第 237 行.
NOTIC: [8] Undefined variable: data /www/wwwroot/order/Admin/Runtime/Cache/Home/f34fdb088b21016a1e0f02d7ca06bdf5.php 第 237 行.
NOTIC: [8] Undefined variable: data /www/wwwroot/order/Admin/Runtime/Cache/Home/f34fdb088b21016a1e0f02d7ca06bdf5.php 第 237 行.
NOTIC: [8] Undefined variable: data /www/wwwroot/order/Admin/Runtime/Cache/Home/f34fdb088b21016a1e0f02d7ca06bdf5.php 第 237 行.
NOTIC: [8] Undefined variable: data /www/wwwroot/order/Admin/Runtime/Cache/Home/f34fdb088b21016a1e0f02d7ca06bdf5.php 第 279 行.
NOTIC: [8] Undefined variable: data /www/wwwroot/order/Admin/Runtime/Cache/Home/f34fdb088b21016a1e0f02d7ca06bdf5.php 第 281 行.
NOTIC: [8] Undefined variable: data /www/wwwroot/order/Admin/Runtime/Cache/Home/f34fdb088b21016a1e0f02d7ca06bdf5.php 第 281 行.
NOTIC: [8] Undefined variable: data /www/wwwroot/order/Admin/Runtime/Cache/Home/f34fdb088b21016a1e0f02d7ca06bdf5.php 第 288 行.
NOTIC: [8] Undefined variable: data /www/wwwroot/order/Admin/Runtime/Cache/Home/f34fdb088b21016a1e0f02d7ca06bdf5.php 第 294 行.
INFO: Run Behavior\ParseTemplateBehavior [ RunTime:0.007440s ]
INFO: [ view_parse ] --END-- [ RunTime:0.007453s ]
INFO: [ view_filter ] --START--
INFO: Run Behavior\WriteHtmlCacheBehavior [ RunTime:0.000098s ]
INFO: [ view_filter ] --END-- [ RunTime:0.000109s ]
INFO: [ app_end ] --START--
INFO: Run Behavior\ShowPageTraceBehavior [ RunTime:0.000253s ]
INFO: [ app_end ] --END-- [ RunTime:0.000267s ]

[ 2017-12-06T23:43:08+08:00 ] 61.160.224.136 /admin.php/Home/Order/getcityinfo.html?province=%E5%8C%97%E4%BA%AC%E5%B8%82&city=
INFO: [ app_init ] --START--
INFO: Run Behavior\BuildLiteBehavior [ RunTime:0.000006s ]
INFO: [ app_init ] --END-- [ RunTime:0.000031s ]
INFO: [ app_begin ] --START--
INFO: Run Behavior\ReadHtmlCacheBehavior [ RunTime:0.000244s ]
INFO: [ app_begin ] --END-- [ RunTime:0.000260s ]
NOTIC: [2] Declaration of Home\Controller\OrderController::getcityinfo() should be compatible with Home\Controller\GlobalController::getCityInfo($provinceId) /www/wwwroot/order/Admin/Home/Controller/OrderController.class.php 第 4 行.
NOTIC: [2] Declaration of Home\Controller\OrderController::getareainfo() should be compatible with Home\Controller\GlobalController::getAreaInfo($cityid) /www/wwwroot/order/Admin/Home/Controller/OrderController.class.php 第 4 行.
NOTIC: [8] Undefined index: manage_list /www/wwwroot/order/Admin/Home/Controller/GlobalController.class.php 第 34 行.
SQL: SHOW COLUMNS FROM `city` [ RunTime:0.0004s ]
SQL: SELECT * FROM `city` left join province on city.provinceid=province.id  WHERE ( name='北京市' )  [ RunTime:0.0006s ]
INFO: [ app_end ] --START--
INFO: Run Behavior\ShowPageTraceBehavior [ RunTime:0.000285s ]
INFO: [ app_end ] --END-- [ RunTime:0.000302s ]

