[ 2016-11-29T00:26:25+08:00 ] 180.158.51.175 /favicon.ico
INFO: [ app_init ] --START--
INFO: Run Behavior\BuildLiteBehavior [ RunTime:0.000013s ]
INFO: [ app_init ] --END-- [ RunTime:0.000290s ]
ERR: 无法加载模块:Favicon

[ 2016-11-29T00:41:45+08:00 ] 121.18.231.88 /manager/html
INFO: [ app_init ] --START--
INFO: Run Behavior\BuildLiteBehavior [ RunTime:0.000013s ]
INFO: [ app_init ] --END-- [ RunTime:0.000263s ]
ERR: 无法加载模块:Manager

[ 2016-11-29T01:00:50+08:00 ] 69.165.72.41 /phpmyadmin/index.php
INFO: [ app_init ] --START--
INFO: Run Behavior\BuildLiteBehavior [ RunTime:0.000013s ]
INFO: [ app_init ] --END-- [ RunTime:0.000315s ]
ERR: 无法加载模块:Phpmyadmin

[ 2016-11-29T01:10:33+08:00 ] 110.152.32.124 /favicon.ico
INFO: [ app_init ] --START--
INFO: Run Behavior\BuildLiteBehavior [ RunTime:0.000014s ]
INFO: [ app_init ] --END-- [ RunTime:0.000347s ]
ERR: 无法加载模块:Favicon

[ 2016-11-29T01:11:31+08:00 ] 110.152.32.124 /favicon.ico
INFO: [ app_init ] --START--
INFO: Run Behavior\BuildLiteBehavior [ RunTime:0.000015s ]
INFO: [ app_init ] --END-- [ RunTime:0.000281s ]
ERR: 无法加载模块:Favicon

[ 2016-11-29T01:33:53+08:00 ] 112.126.64.132 /phpmyadmin/index.php
INFO: [ app_init ] --START--
INFO: Run Behavior\BuildLiteBehavior [ RunTime:0.000013s ]
INFO: [ app_init ] --END-- [ RunTime:0.000265s ]
ERR: 无法加载模块:Phpmyadmin

[ 2016-11-29T02:40:17+08:00 ] 121.42.0.84 /admin/images/menu-current-arrow.gif
INFO: [ app_init ] --START--
INFO: Run Behavior\BuildLiteBehavior [ RunTime:0.000013s ]
INFO: [ app_init ] --END-- [ RunTime:0.000284s ]
ERR: 无法加载模块:Admin

[ 2016-11-29T02:40:17+08:00 ] 121.42.0.84 /install/images/default/top1_r.jpg
INFO: [ app_init ] --START--
INFO: Run Behavior\BuildLiteBehavior [ RunTime:0.000017s ]
INFO: [ app_init ] --END-- [ RunTime:0.000290s ]
ERR: 无法加载模块:Install

[ 2016-11-29T02:40:18+08:00 ] 121.42.0.84 /images/default/hd_a1.gif
INFO: [ app_init ] --START--
INFO: Run Behavior\BuildLiteBehavior [ RunTime:0.000013s ]
INFO: [ app_init ] --END-- [ RunTime:0.000274s ]
ERR: 无法加载模块:Images

[ 2016-11-29T02:40:18+08:00 ] 121.42.0.84 /upload/200812/20081230023106860.gif
INFO: [ app_init ] --START--
INFO: Run Behavior\BuildLiteBehavior [ RunTime:0.000013s ]
INFO: [ app_init ] --END-- [ RunTime:0.000306s ]
ERR: 无法加载模块:Upload

[ 2016-11-29T02:40:18+08:00 ] 121.42.0.84 /Images/Mlogin/Bitmap02.gif
INFO: [ app_init ] --START--
INFO: Run Behavior\BuildLiteBehavior [ RunTime:0.000020s ]
INFO: [ app_init ] --END-- [ RunTime:0.000350s ]
ERR: 无法加载模块:Images

[ 2016-11-29T02:40:18+08:00 ] 121.42.0.84 /admin/image/menu_h4.png
INFO: [ app_init ] --START--
INFO: Run Behavior\BuildLiteBehavior [ RunTime:0.000014s ]
INFO: [ app_init ] --END-- [ RunTime:0.000278s ]
ERR: 无法加载模块:Admin

[ 2016-11-29T02:40:18+08:00 ] 121.42.0.84 /images/list_bg.png
INFO: [ app_init ] --START--
INFO: Run Behavior\BuildLiteBehavior [ RunTime:0.000013s ]
INFO: [ app_init ] --END-- [ RunTime:0.000290s ]
ERR: 无法加载模块:Images

[ 2016-11-29T02:40:19+08:00 ] 121.42.0.84 /theme/theme/default/images/bg_bnt_user_base_over.gif
INFO: [ app_init ] --START--
INFO: Run Behavior\BuildLiteBehavior [ RunTime:0.000014s ]
INFO: [ app_init ] --END-- [ RunTime:0.000290s ]
ERR: 无法加载模块:Theme

[ 2016-11-29T02:40:19+08:00 ] 121.42.0.84 /lib/images/vtip_arrow.gif
INFO: [ app_init ] --START--
INFO: Run Behavior\BuildLiteBehavior [ RunTime:0.000014s ]
INFO: [ app_init ] --END-- [ RunTime:0.000329s ]
ERR: 无法加载模块:Lib

[ 2016-11-29T02:40:19+08:00 ] 121.42.0.84 /dede/img/button_bg1.jpg
INFO: [ app_init ] --START--
INFO: Run Behavior\BuildLiteBehavior [ RunTime:0.000020s ]
INFO: [ app_init ] --END-- [ RunTime:0.000440s ]
ERR: 无法加载模块:Dede

[ 2016-11-29T02:40:19+08:00 ] 121.42.0.84 /plus/img/topsearch_submit.gif
INFO: [ app_init ] --START--
INFO: Run Behavior\BuildLiteBehavior [ RunTime:0.000014s ]
INFO: [ app_init ] --END-- [ RunTime:0.000269s ]
ERR: 无法加载模块:Plus

[ 2016-11-29T02:40:20+08:00 ] 121.42.0.84 /include/dialog/img/sp_bg.gif
INFO: [ app_init ] --START--
INFO: Run Behavior\BuildLiteBehavior [ RunTime:0.000013s ]
INFO: [ app_init ] --END-- [ RunTime:0.000291s ]
ERR: 无法加载模块:Include

[ 2016-11-29T02:40:20+08:00 ] 121.42.0.84 /images/topbanner_bg.png
INFO: [ app_init ] --START--
INFO: Run Behavior\BuildLiteBehavior [ RunTime:0.000013s ]
INFO: [ app_init ] --END-- [ RunTime:0.000291s ]
ERR: 无法加载模块:Images

[ 2016-11-29T02:40:20+08:00 ] 121.42.0.84 /system/images/lnk/system.gif
INFO: [ app_init ] --START--
INFO: Run Behavior\BuildLiteBehavior [ RunTime:0.000013s ]
INFO: [ app_init ] --END-- [ RunTime:0.000320s ]
ERR: 无法加载模块:System

[ 2016-11-29T02:40:20+08:00 ] 121.42.0.84 /images/confirm_close.gif
INFO: [ app_init ] --START--
INFO: Run Behavior\BuildLiteBehavior [ RunTime:0.000013s ]
INFO: [ app_init ] --END-- [ RunTime:0.000332s ]
ERR: 无法加载模块:Images

[ 2016-11-29T02:40:21+08:00 ] 121.42.0.84 /user/images/must.gif
INFO: [ app_init ] --START--
INFO: Run Behavior\BuildLiteBehavior [ RunTime:0.000013s ]
INFO: [ app_init ] --END-- [ RunTime:0.000269s ]
ERR: 无法加载模块:User

[ 2016-11-29T02:40:21+08:00 ] 121.42.0.84 /template/images/li1.gif
INFO: [ app_init ] --START--
INFO: Run Behavior\BuildLiteBehavior [ RunTime:0.000014s ]
INFO: [ app_init ] --END-- [ RunTime:0.000325s ]
ERR: 无法加载模块:Template

[ 2016-11-29T02:40:21+08:00 ] 121.42.0.84 /favicon.ico
INFO: [ app_init ] --START--
INFO: Run Behavior\BuildLiteBehavior [ RunTime:0.000014s ]
INFO: [ app_init ] --END-- [ RunTime:0.000278s ]
ERR: 无法加载模块:Favicon

[ 2016-11-29T02:40:21+08:00 ] 121.42.0.84 /images/page_code.png
INFO: [ app_init ] --START--
INFO: Run Behavior\BuildLiteBehavior [ RunTime:0.000012s ]
INFO: [ app_init ] --END-- [ RunTime:0.000262s ]
ERR: 无法加载模块:Images

[ 2016-11-29T02:40:22+08:00 ] 121.42.0.84 /editors/index.html
INFO: [ app_init ] --START--
INFO: Run Behavior\BuildLiteBehavior [ RunTime:0.000014s ]
INFO: [ app_init ] --END-- [ RunTime:0.000291s ]
ERR: 无法加载模块:Editors

[ 2016-11-29T02:40:22+08:00 ] 121.42.0.84 /images/samples/4_small.jpg
INFO: [ app_init ] --START--
INFO: Run Behavior\BuildLiteBehavior [ RunTime:0.000015s ]
INFO: [ app_init ] --END-- [ RunTime:0.000314s ]
ERR: 无法加载模块:Images

[ 2016-11-29T02:40:22+08:00 ] 121.42.0.84 /includes/templates/classic/images/stars_5.gif
INFO: [ app_init ] --START--
INFO: Run Behavior\BuildLiteBehavior [ RunTime:0.000016s ]
INFO: [ app_init ] --END-- [ RunTime:0.000313s ]
ERR: 无法加载模块:Includes

[ 2016-11-29T02:40:22+08:00 ] 121.42.0.84 /includes/templates/template_default/images/always-free-shipping.gif
INFO: [ app_init ] --START--
INFO: Run Behavior\BuildLiteBehavior [ RunTime:0.000013s ]
INFO: [ app_init ] --END-- [ RunTime:0.000264s ]
ERR: 无法加载模块:Includes

[ 2016-11-29T02:40:23+08:00 ] 121.42.0.84 /includes/templates/template_default/buttons/english/button_tell_a_friend.gif
INFO: [ app_init ] --START--
INFO: Run Behavior\BuildLiteBehavior [ RunTime:0.000013s ]
INFO: [ app_init ] --END-- [ RunTime:0.000261s ]
ERR: 无法加载模块:Includes

[ 2016-11-29T02:40:23+08:00 ] 121.42.0.84 /images/zttit02.png
INFO: [ app_init ] --START--
INFO: Run Behavior\BuildLiteBehavior [ RunTime:0.000014s ]
INFO: [ app_init ] --END-- [ RunTime:0.000265s ]
ERR: 无法加载模块:Images

[ 2016-11-29T02:40:23+08:00 ] 121.42.0.84 /Admin/Images/GoogleSiteMaplogo.gif
INFO: [ app_init ] --START--
INFO: Run Behavior\BuildLiteBehavior [ RunTime:0.000013s ]
INFO: [ app_init ] --END-- [ RunTime:0.000332s ]
ERR: 无法加载模块:Admin

[ 2016-11-29T02:40:23+08:00 ] 121.42.0.84 /template/user/images/manage_r2_c18.jpg
INFO: [ app_init ] --START--
INFO: Run Behavior\BuildLiteBehavior [ RunTime:0.000014s ]
INFO: [ app_init ] --END-- [ RunTime:0.000337s ]
ERR: 无法加载模块:Template

[ 2016-11-29T02:40:24+08:00 ] 121.42.0.84 /admin/images/admintitlebg.gif
INFO: [ app_init ] --START--
INFO: Run Behavior\BuildLiteBehavior [ RunTime:0.000013s ]
INFO: [ app_init ] --END-- [ RunTime:0.000292s ]
ERR: 无法加载模块:Admin

[ 2016-11-29T02:40:24+08:00 ] 121.42.0.84 /images/gengtie.jpg
INFO: [ app_init ] --START--
INFO: Run Behavior\BuildLiteBehavior [ RunTime:0.000018s ]
INFO: [ app_init ] --END-- [ RunTime:0.000306s ]
ERR: 无法加载模块:Images

[ 2016-11-29T02:40:24+08:00 ] 121.42.0.84 /core/themes/stable/images/core/menu-collapsed-rtl.png
INFO: [ app_init ] --START--
INFO: Run Behavior\BuildLiteBehavior [ RunTime:0.000013s ]
INFO: [ app_init ] --END-- [ RunTime:0.000264s ]
ERR: 无法加载模块:Core

[ 2016-11-29T02:40:24+08:00 ] 121.42.0.84 /misc/menu-expanded.png
INFO: [ app_init ] --START--
INFO: Run Behavior\BuildLiteBehavior [ RunTime:0.000015s ]
INFO: [ app_init ] --END-- [ RunTime:0.000306s ]
ERR: 无法加载模块:Misc

[ 2016-11-29T02:40:25+08:00 ] 121.42.0.84 /Admin/Images/icon_lpdhjl.png
INFO: [ app_init ] --START--
INFO: Run Behavior\BuildLiteBehavior [ RunTime:0.000013s ]
INFO: [ app_init ] --END-- [ RunTime:0.000299s ]
ERR: 无法加载模块:Admin

[ 2016-11-29T02:40:25+08:00 ] 121.42.0.84 /store/Images/hdfk.gif
INFO: [ app_init ] --START--
INFO: Run Behavior\BuildLiteBehavior [ RunTime:0.000013s ]
INFO: [ app_init ] --END-- [ RunTime:0.000283s ]
ERR: 无法加载模块:Store

[ 2016-11-29T02:40:25+08:00 ] 121.42.0.84 /skins/doccms_model_1/images/bg_contact_a.png
INFO: [ app_init ] --START--
INFO: Run Behavior\BuildLiteBehavior [ RunTime:0.000013s ]
INFO: [ app_init ] --END-- [ RunTime:0.000277s ]
ERR: 无法加载模块:Skins

[ 2016-11-29T02:40:25+08:00 ] 121.42.0.84 /admini/images/s_managehtml/icon_refresh.png
INFO: [ app_init ] --START--
INFO: Run Behavior\BuildLiteBehavior [ RunTime:0.000012s ]
INFO: [ app_init ] --END-- [ RunTime:0.000286s ]
ERR: 无法加载模块:Admini

[ 2016-11-29T02:40:26+08:00 ] 121.42.0.84 /Admin/Images/Icon-Nav-Close-over.gif
INFO: [ app_init ] --START--
INFO: Run Behavior\BuildLiteBehavior [ RunTime:0.000014s ]
INFO: [ app_init ] --END-- [ RunTime:0.000281s ]
ERR: 无法加载模块:Admin

[ 2016-11-29T02:40:28+08:00 ] 121.42.0.84 /app/resource/images/coupon-hd-bg.png
INFO: [ app_init ] --START--
INFO: Run Behavior\BuildLiteBehavior [ RunTime:0.000016s ]
INFO: [ app_init ] --END-- [ RunTime:0.000315s ]
ERR: 无法加载模块:App

[ 2016-11-29T02:40:28+08:00 ] 121.42.0.84 /web/resource/images/bg_repno.gif
INFO: [ app_init ] --START--
INFO: Run Behavior\BuildLiteBehavior [ RunTime:0.000013s ]
INFO: [ app_init ] --END-- [ RunTime:0.000272s ]
ERR: 无法加载模块:Web

[ 2016-11-29T02:40:31+08:00 ] 121.42.0.84 /admin/images/abg2.png
INFO: [ app_init ] --START--
INFO: Run Behavior\BuildLiteBehavior [ RunTime:0.000013s ]
INFO: [ app_init ] --END-- [ RunTime:0.000334s ]
ERR: 无法加载模块:Admin

[ 2016-11-29T02:40:31+08:00 ] 121.42.0.84 /face/5.gif
INFO: [ app_init ] --START--
INFO: Run Behavior\BuildLiteBehavior [ RunTime:0.000013s ]
INFO: [ app_init ] --END-- [ RunTime:0.000320s ]
ERR: 无法加载模块:Face

[ 2016-11-29T02:40:31+08:00 ] 121.42.0.84 /xin/btn_regis.gif
INFO: [ app_init ] --START--
INFO: Run Behavior\BuildLiteBehavior [ RunTime:0.000017s ]
INFO: [ app_init ] --END-- [ RunTime:0.000279s ]
ERR: 无法加载模块:Xin

[ 2016-11-29T02:40:32+08:00 ] 121.42.0.84 /global/banklist_hnapay.jpg
INFO: [ app_init ] --START--
INFO: Run Behavior\BuildLiteBehavior [ RunTime:0.000014s ]
INFO: [ app_init ] --END-- [ RunTime:0.000276s ]
ERR: 无法加载模块:Global

[ 2016-11-29T02:40:32+08:00 ] 121.42.0.84 /Public/lottery/roulette/images/b0-2.jpg
INFO: [ app_init ] --START--
INFO: Run Behavior\BuildLiteBehavior [ RunTime:0.000014s ]
INFO: [ app_init ] --END-- [ RunTime:0.000278s ]
ERR: 无法加载模块:Public

[ 2016-11-29T02:40:32+08:00 ] 121.42.0.84 /m/_/images/fileicon/jpg.png
INFO: [ app_init ] --START--
INFO: Run Behavior\BuildLiteBehavior [ RunTime:0.000013s ]
INFO: [ app_init ] --END-- [ RunTime:0.000288s ]
ERR: 无法加载模块:M

[ 2016-11-29T02:40:32+08:00 ] 121.42.0.84 /system/images/tab_17.gif
INFO: [ app_init ] --START--
INFO: Run Behavior\BuildLiteBehavior [ RunTime:0.000013s ]
INFO: [ app_init ] --END-- [ RunTime:0.000281s ]
ERR: 无法加载模块:System

[ 2016-11-29T02:40:33+08:00 ] 121.42.0.84 /admin/images/tab_17.gif
INFO: [ app_init ] --START--
INFO: Run Behavior\BuildLiteBehavior [ RunTime:0.000013s ]
INFO: [ app_init ] --END-- [ RunTime:0.000292s ]
ERR: 无法加载模块:Admin

[ 2016-11-29T02:40:33+08:00 ] 121.42.0.84 /admin/images/top_tt_bg.gif
INFO: [ app_init ] --START--
INFO: Run Behavior\BuildLiteBehavior [ RunTime:0.000024s ]
INFO: [ app_init ] --END-- [ RunTime:0.000335s ]
ERR: 无法加载模块:Admin

[ 2016-11-29T02:40:36+08:00 ] 121.42.0.84 /inc_img/vote/vote2_1.gif
INFO: [ app_init ] --START--
INFO: Run Behavior\BuildLiteBehavior [ RunTime:0.000014s ]
INFO: [ app_init ] --END-- [ RunTime:0.000272s ]
ERR: 无法加载模块:Inc_img

[ 2016-11-29T02:40:36+08:00 ] 121.42.0.84 /admin/images/login/login_submit.gif
INFO: [ app_init ] --START--
INFO: Run Behavior\BuildLiteBehavior [ RunTime:0.000017s ]
INFO: [ app_init ] --END-- [ RunTime:0.000365s ]
ERR: 无法加载模块:Admin

[ 2016-11-29T02:40:36+08:00 ] 121.42.0.84 /i5808/images/menu_reduce.gif
INFO: [ app_init ] --START--
INFO: Run Behavior\BuildLiteBehavior [ RunTime:0.000013s ]
INFO: [ app_init ] --END-- [ RunTime:0.000278s ]
ERR: 无法加载模块:I5808

[ 2016-11-29T02:40:45+08:00 ] 121.42.0.84 /images/rank/soso.gif
INFO: [ app_init ] --START--
INFO: Run Behavior\BuildLiteBehavior [ RunTime:0.000014s ]
INFO: [ app_init ] --END-- [ RunTime:0.000320s ]
ERR: 无法加载模块:Images

[ 2016-11-29T02:40:52+08:00 ] 121.42.0.84 /statics/delivertitle.gif
INFO: [ app_init ] --START--
INFO: Run Behavior\BuildLiteBehavior [ RunTime:0.000013s ]
INFO: [ app_init ] --END-- [ RunTime:0.000285s ]
ERR: 无法加载模块:Statics

[ 2016-11-29T02:40:57+08:00 ] 121.42.0.84 /cn/images/banner_page_bg.gif
INFO: [ app_init ] --START--
INFO: Run Behavior\BuildLiteBehavior [ RunTime:0.000013s ]
INFO: [ app_init ] --END-- [ RunTime:0.000274s ]
ERR: 无法加载模块:Cn

[ 2016-11-29T02:41:10+08:00 ] 121.42.0.84 /template/default/index/images/anvico.png
INFO: [ app_init ] --START--
INFO: Run Behavior\BuildLiteBehavior [ RunTime:0.000013s ]
INFO: [ app_init ] --END-- [ RunTime:0.000281s ]
ERR: 无法加载模块:Template

[ 2016-11-29T03:47:33+08:00 ] 104.223.133.108 /phpmyadmin
INFO: [ app_init ] --START--
INFO: Run Behavior\BuildLiteBehavior [ RunTime:0.000013s ]
INFO: [ app_init ] --END-- [ RunTime:0.000288s ]
ERR: 无法加载模块:Phpmyadmin

[ 2016-11-29T05:30:11+08:00 ] 27.221.128.28 /favicon.ico
INFO: [ app_init ] --START--
INFO: Run Behavior\BuildLiteBehavior [ RunTime:0.000016s ]
INFO: [ app_init ] --END-- [ RunTime:0.000327s ]
ERR: 无法加载模块:Favicon

[ 2016-11-29T08:40:20+08:00 ] 180.102.109.132 /favicon.ico
INFO: [ app_init ] --START--
INFO: Run Behavior\BuildLiteBehavior [ RunTime:0.000013s ]
INFO: [ app_init ] --END-- [ RunTime:0.000261s ]
ERR: 无法加载模块:Favicon

[ 2016-11-29T08:47:59+08:00 ] 125.118.69.62 /favicon.ico
INFO: [ app_init ] --START--
INFO: Run Behavior\BuildLiteBehavior [ RunTime:0.000015s ]
INFO: [ app_init ] --END-- [ RunTime:0.000296s ]
ERR: 无法加载模块:Favicon

[ 2016-11-29T08:47:59+08:00 ] 125.118.69.62 /favicon.ico
INFO: [ app_init ] --START--
INFO: Run Behavior\BuildLiteBehavior [ RunTime:0.000013s ]
INFO: [ app_init ] --END-- [ RunTime:0.000278s ]
ERR: 无法加载模块:Favicon

[ 2016-11-29T08:53:29+08:00 ] 116.226.67.222 /favicon.ico
INFO: [ app_init ] --START--
INFO: Run Behavior\BuildLiteBehavior [ RunTime:0.000013s ]
INFO: [ app_init ] --END-- [ RunTime:0.000290s ]
ERR: 无法加载模块:Favicon

[ 2016-11-29T08:53:29+08:00 ] 116.226.67.222 /favicon.ico
INFO: [ app_init ] --START--
INFO: Run Behavior\BuildLiteBehavior [ RunTime:0.000014s ]
INFO: [ app_init ] --END-- [ RunTime:0.000284s ]
ERR: 无法加载模块:Favicon

[ 2016-11-29T08:54:09+08:00 ] 116.226.67.222 /favicon.ico
INFO: [ app_init ] --START--
INFO: Run Behavior\BuildLiteBehavior [ RunTime:0.000020s ]
INFO: [ app_init ] --END-- [ RunTime:0.000338s ]
ERR: 无法加载模块:Favicon

[ 2016-11-29T08:54:09+08:00 ] 116.226.67.222 /favicon.ico
INFO: [ app_init ] --START--
INFO: Run Behavior\BuildLiteBehavior [ RunTime:0.000013s ]
INFO: [ app_init ] --END-- [ RunTime:0.000294s ]
ERR: 无法加载模块:Favicon

[ 2016-11-29T08:55:26+08:00 ] 116.226.67.222 /favicon.ico
INFO: [ app_init ] --START--
INFO: Run Behavior\BuildLiteBehavior [ RunTime:0.000013s ]
INFO: [ app_init ] --END-- [ RunTime:0.000286s ]
ERR: 无法加载模块:Favicon

[ 2016-11-29T08:57:43+08:00 ] 116.226.67.222 /favicon.ico
INFO: [ app_init ] --START--
INFO: Run Behavior\BuildLiteBehavior [ RunTime:0.000017s ]
INFO: [ app_init ] --END-- [ RunTime:0.000298s ]
ERR: 无法加载模块:Favicon

[ 2016-11-29T08:57:43+08:00 ] 116.226.67.222 /favicon.ico
INFO: [ app_init ] --START--
INFO: Run Behavior\BuildLiteBehavior [ RunTime:0.000013s ]
INFO: [ app_init ] --END-- [ RunTime:0.000292s ]
ERR: 无法加载模块:Favicon

[ 2016-11-29T09:02:01+08:00 ] 117.144.59.106 /favicon.ico
INFO: [ app_init ] --START--
INFO: Run Behavior\BuildLiteBehavior [ RunTime:0.000015s ]
INFO: [ app_init ] --END-- [ RunTime:0.000330s ]
ERR: 无法加载模块:Favicon

[ 2016-11-29T09:02:01+08:00 ] 117.144.59.106 /favicon.ico
INFO: [ app_init ] --START--
INFO: Run Behavior\BuildLiteBehavior [ RunTime:0.000013s ]
INFO: [ app_init ] --END-- [ RunTime:0.000294s ]
ERR: 无法加载模块:Favicon

[ 2016-11-29T09:03:08+08:00 ] 116.226.67.222 /favicon.ico
INFO: [ app_init ] --START--
INFO: Run Behavior\BuildLiteBehavior [ RunTime:0.000013s ]
INFO: [ app_init ] --END-- [ RunTime:0.000272s ]
ERR: 无法加载模块:Favicon

[ 2016-11-29T09:03:32+08:00 ] 117.144.59.106 /favicon.ico
INFO: [ app_init ] --START--
INFO: Run Behavior\BuildLiteBehavior [ RunTime:0.000013s ]
INFO: [ app_init ] --END-- [ RunTime:0.000274s ]
ERR: 无法加载模块:Favicon

[ 2016-11-29T09:03:32+08:00 ] 117.144.59.106 /favicon.ico
INFO: [ app_init ] --START--
INFO: Run Behavior\BuildLiteBehavior [ RunTime:0.000015s ]
INFO: [ app_init ] --END-- [ RunTime:0.000284s ]
ERR: 无法加载模块:Favicon

[ 2016-11-29T09:05:00+08:00 ] 117.144.59.106 /favicon.ico
INFO: [ app_init ] --START--
INFO: Run Behavior\BuildLiteBehavior [ RunTime:0.000015s ]
INFO: [ app_init ] --END-- [ RunTime:0.000315s ]
ERR: 无法加载模块:Favicon

[ 2016-11-29T09:05:00+08:00 ] 117.144.59.106 /favicon.ico
INFO: [ app_init ] --START--
INFO: Run Behavior\BuildLiteBehavior [ RunTime:0.000014s ]
INFO: [ app_init ] --END-- [ RunTime:0.000318s ]
ERR: 无法加载模块:Favicon

[ 2016-11-29T09:05:40+08:00 ] 116.226.67.222 /favicon.ico
INFO: [ app_init ] --START--
INFO: Run Behavior\BuildLiteBehavior [ RunTime:0.000018s ]
INFO: [ app_init ] --END-- [ RunTime:0.000313s ]
ERR: 无法加载模块:Favicon

[ 2016-11-29T09:05:40+08:00 ] 116.226.67.222 /favicon.ico
INFO: [ app_init ] --START--
INFO: Run Behavior\BuildLiteBehavior [ RunTime:0.000014s ]
INFO: [ app_init ] --END-- [ RunTime:0.000314s ]
ERR: 无法加载模块:Favicon

[ 2016-11-29T09:23:16+08:00 ] 117.144.59.106 /favicon.ico
INFO: [ app_init ] --START--
INFO: Run Behavior\BuildLiteBehavior [ RunTime:0.000014s ]
INFO: [ app_init ] --END-- [ RunTime:0.000272s ]
ERR: 无法加载模块:Favicon

[ 2016-11-29T09:23:16+08:00 ] 117.144.59.106 /favicon.ico
INFO: [ app_init ] --START--
INFO: Run Behavior\BuildLiteBehavior [ RunTime:0.000014s ]
INFO: [ app_init ] --END-- [ RunTime:0.000269s ]
ERR: 无法加载模块:Favicon

[ 2016-11-29T09:24:46+08:00 ] 116.226.67.222 /favicon.ico
INFO: [ app_init ] --START--
INFO: Run Behavior\BuildLiteBehavior [ RunTime:0.000015s ]
INFO: [ app_init ] --END-- [ RunTime:0.000426s ]
ERR: 无法加载模块:Favicon

[ 2016-11-29T09:25:57+08:00 ] 117.144.59.106 /favicon.ico
INFO: [ app_init ] --START--
INFO: Run Behavior\BuildLiteBehavior [ RunTime:0.000014s ]
INFO: [ app_init ] --END-- [ RunTime:0.000341s ]
ERR: 无法加载模块:Favicon

[ 2016-11-29T09:25:58+08:00 ] 117.144.59.106 /favicon.ico
INFO: [ app_init ] --START--
INFO: Run Behavior\BuildLiteBehavior [ RunTime:0.000014s ]
INFO: [ app_init ] --END-- [ RunTime:0.000315s ]
ERR: 无法加载模块:Favicon

[ 2016-11-29T09:26:19+08:00 ] 116.226.67.222 /favicon.ico
INFO: [ app_init ] --START--
INFO: Run Behavior\BuildLiteBehavior [ RunTime:0.000014s ]
INFO: [ app_init ] --END-- [ RunTime:0.000309s ]
ERR: 无法加载模块:Favicon

[ 2016-11-29T09:26:19+08:00 ] 116.226.67.222 /favicon.ico
INFO: [ app_init ] --START--
INFO: Run Behavior\BuildLiteBehavior [ RunTime:0.000013s ]
INFO: [ app_init ] --END-- [ RunTime:0.000271s ]
ERR: 无法加载模块:Favicon

[ 2016-11-29T09:26:26+08:00 ] 117.144.59.106 /favicon.ico
INFO: [ app_init ] --START--
INFO: Run Behavior\BuildLiteBehavior [ RunTime:0.000017s ]
INFO: [ app_init ] --END-- [ RunTime:0.000311s ]
ERR: 无法加载模块:Favicon

[ 2016-11-29T09:26:26+08:00 ] 117.144.59.106 /favicon.ico
INFO: [ app_init ] --START--
INFO: Run Behavior\BuildLiteBehavior [ RunTime:0.000013s ]
INFO: [ app_init ] --END-- [ RunTime:0.000334s ]
ERR: 无法加载模块:Favicon

[ 2016-11-29T09:26:45+08:00 ] 117.144.59.106 /favicon.ico
INFO: [ app_init ] --START--
INFO: Run Behavior\BuildLiteBehavior [ RunTime:0.000022s ]
INFO: [ app_init ] --END-- [ RunTime:0.000300s ]
ERR: 无法加载模块:Favicon

[ 2016-11-29T09:26:45+08:00 ] 117.144.59.106 /favicon.ico
INFO: [ app_init ] --START--
INFO: Run Behavior\BuildLiteBehavior [ RunTime:0.000016s ]
INFO: [ app_init ] --END-- [ RunTime:0.000292s ]
ERR: 无法加载模块:Favicon

[ 2016-11-29T09:34:44+08:00 ] 116.226.67.222 /favicon.ico
INFO: [ app_init ] --START--
INFO: Run Behavior\BuildLiteBehavior [ RunTime:0.000021s ]
INFO: [ app_init ] --END-- [ RunTime:0.000422s ]
ERR: 无法加载模块:Favicon

[ 2016-11-29T09:38:48+08:00 ] 180.175.190.203 /favicon.ico
INFO: [ app_init ] --START--
INFO: Run Behavior\BuildLiteBehavior [ RunTime:0.000023s ]
INFO: [ app_init ] --END-- [ RunTime:0.000430s ]
ERR: 无法加载模块:Favicon

[ 2016-11-29T09:38:49+08:00 ] 180.175.190.203 /favicon.ico
INFO: [ app_init ] --START--
INFO: Run Behavior\BuildLiteBehavior [ RunTime:0.000019s ]
INFO: [ app_init ] --END-- [ RunTime:0.000391s ]
ERR: 无法加载模块:Favicon

[ 2016-11-29T09:40:07+08:00 ] 117.144.59.106 /favicon.ico
INFO: [ app_init ] --START--
INFO: Run Behavior\BuildLiteBehavior [ RunTime:0.000014s ]
INFO: [ app_init ] --END-- [ RunTime:0.000375s ]
ERR: 无法加载模块:Favicon

[ 2016-11-29T09:40:07+08:00 ] 117.144.59.106 /favicon.ico
INFO: [ app_init ] --START--
INFO: Run Behavior\BuildLiteBehavior [ RunTime:0.000016s ]
INFO: [ app_init ] --END-- [ RunTime:0.000289s ]
ERR: 无法加载模块:Favicon

[ 2016-11-29T09:40:14+08:00 ] 117.144.59.106 /favicon.ico
INFO: [ app_init ] --START--
INFO: Run Behavior\BuildLiteBehavior [ RunTime:0.000021s ]
INFO: [ app_init ] --END-- [ RunTime:0.000270s ]
ERR: 无法加载模块:Favicon

[ 2016-11-29T09:40:15+08:00 ] 117.144.59.106 /favicon.ico
INFO: [ app_init ] --START--
INFO: Run Behavior\BuildLiteBehavior [ RunTime:0.000016s ]
INFO: [ app_init ] --END-- [ RunTime:0.000343s ]
ERR: 无法加载模块:Favicon

[ 2016-11-29T09:55:28+08:00 ] 117.144.59.106 /favicon.ico
INFO: [ app_init ] --START--
INFO: Run Behavior\BuildLiteBehavior [ RunTime:0.000014s ]
INFO: [ app_init ] --END-- [ RunTime:0.000301s ]
ERR: 无法加载模块:Favicon

[ 2016-11-29T09:58:08+08:00 ] 180.175.190.203 /favicon.ico
INFO: [ app_init ] --START--
INFO: Run Behavior\BuildLiteBehavior [ RunTime:0.000013s ]
INFO: [ app_init ] --END-- [ RunTime:0.000272s ]
ERR: 无法加载模块:Favicon

[ 2016-11-29T09:58:08+08:00 ] 180.175.190.203 /favicon.ico
INFO: [ app_init ] --START--
INFO: Run Behavior\BuildLiteBehavior [ RunTime:0.000014s ]
INFO: [ app_init ] --END-- [ RunTime:0.000302s ]
ERR: 无法加载模块:Favicon

[ 2016-11-29T09:58:17+08:00 ] 180.175.190.203 /favicon.ico
INFO: [ app_init ] --START--
INFO: Run Behavior\BuildLiteBehavior [ RunTime:0.000013s ]
INFO: [ app_init ] --END-- [ RunTime:0.000284s ]
ERR: 无法加载模块:Favicon

[ 2016-11-29T09:58:17+08:00 ] 180.175.190.203 /favicon.ico
INFO: [ app_init ] --START--
INFO: Run Behavior\BuildLiteBehavior [ RunTime:0.000020s ]
INFO: [ app_init ] --END-- [ RunTime:0.000265s ]
ERR: 无法加载模块:Favicon

[ 2016-11-29T09:58:48+08:00 ] 180.175.190.203 /favicon.ico
INFO: [ app_init ] --START--
INFO: Run Behavior\BuildLiteBehavior [ RunTime:0.000013s ]
INFO: [ app_init ] --END-- [ RunTime:0.000301s ]
ERR: 无法加载模块:Favicon

[ 2016-11-29T09:58:48+08:00 ] 180.175.190.203 /favicon.ico
INFO: [ app_init ] --START--
INFO: Run Behavior\BuildLiteBehavior [ RunTime:0.000013s ]
INFO: [ app_init ] --END-- [ RunTime:0.000284s ]
ERR: 无法加载模块:Favicon

[ 2016-11-29T09:59:06+08:00 ] 180.175.190.203 /favicon.ico
INFO: [ app_init ] --START--
INFO: Run Behavior\BuildLiteBehavior [ RunTime:0.000018s ]
INFO: [ app_init ] --END-- [ RunTime:0.000333s ]
ERR: 无法加载模块:Favicon

[ 2016-11-29T09:59:06+08:00 ] 180.175.190.203 /favicon.ico
INFO: [ app_init ] --START--
INFO: Run Behavior\BuildLiteBehavior [ RunTime:0.000020s ]
INFO: [ app_init ] --END-- [ RunTime:0.000394s ]
ERR: 无法加载模块:Favicon

[ 2016-11-29T10:46:44+08:00 ] 101.226.102.89 /favicon.ico
INFO: [ app_init ] --START--
INFO: Run Behavior\BuildLiteBehavior [ RunTime:0.000013s ]
INFO: [ app_init ] --END-- [ RunTime:0.000278s ]
ERR: 无法加载模块:Favicon

[ 2016-11-29T10:46:44+08:00 ] 101.226.102.89 /favicon.ico
INFO: [ app_init ] --START--
INFO: Run Behavior\BuildLiteBehavior [ RunTime:0.000012s ]
INFO: [ app_init ] --END-- [ RunTime:0.000276s ]
ERR: 无法加载模块:Favicon

[ 2016-11-29T11:17:00+08:00 ] 117.144.59.106 /favicon.ico
INFO: [ app_init ] --START--
INFO: Run Behavior\BuildLiteBehavior [ RunTime:0.000015s ]
INFO: [ app_init ] --END-- [ RunTime:0.000279s ]
ERR: 无法加载模块:Favicon

[ 2016-11-29T11:20:18+08:00 ] 117.144.59.106 /favicon.ico
INFO: [ app_init ] --START--
INFO: Run Behavior\BuildLiteBehavior [ RunTime:0.000014s ]
INFO: [ app_init ] --END-- [ RunTime:0.000299s ]
ERR: 无法加载模块:Favicon

[ 2016-11-29T11:20:18+08:00 ] 117.144.59.106 /favicon.ico
INFO: [ app_init ] --START--
INFO: Run Behavior\BuildLiteBehavior [ RunTime:0.000013s ]
INFO: [ app_init ] --END-- [ RunTime:0.000295s ]
ERR: 无法加载模块:Favicon

[ 2016-11-29T13:19:16+08:00 ] 117.136.8.78 /favicon.ico
INFO: [ app_init ] --START--
INFO: Run Behavior\BuildLiteBehavior [ RunTime:0.000015s ]
INFO: [ app_init ] --END-- [ RunTime:0.000310s ]
ERR: 无法加载模块:Favicon

[ 2016-11-29T13:19:16+08:00 ] 117.136.8.78 /favicon.ico
INFO: [ app_init ] --START--
INFO: Run Behavior\BuildLiteBehavior [ RunTime:0.000038s ]
INFO: [ app_init ] --END-- [ RunTime:0.000321s ]
ERR: 无法加载模块:Favicon

[ 2016-11-29T14:04:46+08:00 ] 112.74.206.117 /admin
INFO: [ app_init ] --START--
INFO: Run Behavior\BuildLiteBehavior [ RunTime:0.000022s ]
INFO: [ app_init ] --END-- [ RunTime:0.000313s ]
ERR: 无法加载模块:Admin

[ 2016-11-29T14:26:28+08:00 ] 125.118.69.62 /favicon.ico
INFO: [ app_init ] --START--
INFO: Run Behavior\BuildLiteBehavior [ RunTime:0.000015s ]
INFO: [ app_init ] --END-- [ RunTime:0.000294s ]
ERR: 无法加载模块:Favicon

[ 2016-11-29T15:02:45+08:00 ] 119.53.40.243 /favicon.ico
INFO: [ app_init ] --START--
INFO: Run Behavior\BuildLiteBehavior [ RunTime:0.000014s ]
INFO: [ app_init ] --END-- [ RunTime:0.000336s ]
ERR: 无法加载模块:Favicon

[ 2016-11-29T15:48:18+08:00 ] 117.136.88.126 /favicon.ico
INFO: [ app_init ] --START--
INFO: Run Behavior\BuildLiteBehavior [ RunTime:0.000015s ]
INFO: [ app_init ] --END-- [ RunTime:0.000337s ]
ERR: 无法加载模块:Favicon

[ 2016-11-29T15:48:54+08:00 ] 117.136.88.126 /favicon.ico
INFO: [ app_init ] --START--
INFO: Run Behavior\BuildLiteBehavior [ RunTime:0.000013s ]
INFO: [ app_init ] --END-- [ RunTime:0.000311s ]
ERR: 无法加载模块:Favicon

[ 2016-11-29T16:00:02+08:00 ] 117.136.44.210 /favicon.ico
INFO: [ app_init ] --START--
INFO: Run Behavior\BuildLiteBehavior [ RunTime:0.000017s ]
INFO: [ app_init ] --END-- [ RunTime:0.000295s ]
ERR: 无法加载模块:Favicon

[ 2016-11-29T16:00:03+08:00 ] 117.136.44.210 /favicon.ico
INFO: [ app_init ] --START--
INFO: Run Behavior\BuildLiteBehavior [ RunTime:0.000014s ]
INFO: [ app_init ] --END-- [ RunTime:0.000275s ]
ERR: 无法加载模块:Favicon

[ 2016-11-29T16:47:17+08:00 ] 123.160.94.165 /favicon.ico
INFO: [ app_init ] --START--
INFO: Run Behavior\BuildLiteBehavior [ RunTime:0.000019s ]
INFO: [ app_init ] --END-- [ RunTime:0.000423s ]
ERR: 无法加载模块:Favicon

[ 2016-11-29T16:47:17+08:00 ] 123.160.94.165 /favicon.ico
INFO: [ app_init ] --START--
INFO: Run Behavior\BuildLiteBehavior [ RunTime:0.000014s ]
INFO: [ app_init ] --END-- [ RunTime:0.000273s ]
ERR: 无法加载模块:Favicon

[ 2016-11-29T18:04:39+08:00 ] 123.160.94.165 /favicon.ico
INFO: [ app_init ] --START--
INFO: Run Behavior\BuildLiteBehavior [ RunTime:0.000020s ]
INFO: [ app_init ] --END-- [ RunTime:0.000308s ]
ERR: 无法加载模块:Favicon

[ 2016-11-29T18:04:39+08:00 ] 123.160.94.165 /favicon.ico
INFO: [ app_init ] --START--
INFO: Run Behavior\BuildLiteBehavior [ RunTime:0.000013s ]
INFO: [ app_init ] --END-- [ RunTime:0.000265s ]
ERR: 无法加载模块:Favicon

[ 2016-11-29T19:09:57+08:00 ] 80.82.78.38 http://www.baidu.com/cache/global/img/gs.gif
INFO: [ app_init ] --START--
INFO: Run Behavior\BuildLiteBehavior [ RunTime:0.000017s ]
INFO: [ app_init ] --END-- [ RunTime:0.000345s ]
ERR: 无法加载模块:Cache

[ 2016-11-29T19:31:35+08:00 ] 117.38.221.144 /favicon.ico
INFO: [ app_init ] --START--
INFO: Run Behavior\BuildLiteBehavior [ RunTime:0.000015s ]
INFO: [ app_init ] --END-- [ RunTime:0.000269s ]
ERR: 无法加载模块:Favicon

[ 2016-11-29T19:35:03+08:00 ] 117.38.221.144 /favicon.ico
INFO: [ app_init ] --START--
INFO: Run Behavior\BuildLiteBehavior [ RunTime:0.000015s ]
INFO: [ app_init ] --END-- [ RunTime:0.000304s ]
ERR: 无法加载模块:Favicon

[ 2016-11-29T19:35:42+08:00 ] 123.160.94.165 /favicon.ico
INFO: [ app_init ] --START--
INFO: Run Behavior\BuildLiteBehavior [ RunTime:0.000013s ]
INFO: [ app_init ] --END-- [ RunTime:0.000279s ]
ERR: 无法加载模块:Favicon

[ 2016-11-29T19:35:42+08:00 ] 123.160.94.165 /favicon.ico
INFO: [ app_init ] --START--
INFO: Run Behavior\BuildLiteBehavior [ RunTime:0.000014s ]
INFO: [ app_init ] --END-- [ RunTime:0.000267s ]
ERR: 无法加载模块:Favicon

[ 2016-11-29T19:35:42+08:00 ] 123.160.94.165 /favicon.ico
INFO: [ app_init ] --START--
INFO: Run Behavior\BuildLiteBehavior [ RunTime:0.000020s ]
INFO: [ app_init ] --END-- [ RunTime:0.000424s ]
ERR: 无法加载模块:Favicon

[ 2016-11-29T19:35:42+08:00 ] 123.160.94.165 /favicon.ico
INFO: [ app_init ] --START--
INFO: Run Behavior\BuildLiteBehavior [ RunTime:0.000014s ]
INFO: [ app_init ] --END-- [ RunTime:0.000269s ]
ERR: 无法加载模块:Favicon

[ 2016-11-29T19:35:56+08:00 ] 222.186.130.194 /phpmyadmin
INFO: [ app_init ] --START--
INFO: Run Behavior\BuildLiteBehavior [ RunTime:0.000018s ]
INFO: [ app_init ] --END-- [ RunTime:0.000288s ]
ERR: 无法加载模块:Phpmyadmin

[ 2016-11-29T19:36:31+08:00 ] 123.160.94.165 /favicon.ico
INFO: [ app_init ] --START--
INFO: Run Behavior\BuildLiteBehavior [ RunTime:0.000013s ]
INFO: [ app_init ] --END-- [ RunTime:0.000321s ]
ERR: 无法加载模块:Favicon

[ 2016-11-29T19:36:31+08:00 ] 123.160.94.165 /favicon.ico
INFO: [ app_init ] --START--
INFO: Run Behavior\BuildLiteBehavior [ RunTime:0.000017s ]
INFO: [ app_init ] --END-- [ RunTime:0.000338s ]
ERR: 无法加载模块:Favicon

[ 2016-11-29T19:36:41+08:00 ] 123.160.94.165 /favicon.ico
INFO: [ app_init ] --START--
INFO: Run Behavior\BuildLiteBehavior [ RunTime:0.000015s ]
INFO: [ app_init ] --END-- [ RunTime:0.000297s ]
ERR: 无法加载模块:Favicon

[ 2016-11-29T19:36:41+08:00 ] 123.160.94.165 /favicon.ico
INFO: [ app_init ] --START--
INFO: Run Behavior\BuildLiteBehavior [ RunTime:0.000016s ]
INFO: [ app_init ] --END-- [ RunTime:0.000276s ]
ERR: 无法加载模块:Favicon

[ 2016-11-29T19:36:51+08:00 ] 117.38.221.144 /favicon.ico
INFO: [ app_init ] --START--
INFO: Run Behavior\BuildLiteBehavior [ RunTime:0.000013s ]
INFO: [ app_init ] --END-- [ RunTime:0.000307s ]
ERR: 无法加载模块:Favicon

[ 2016-11-29T19:36:51+08:00 ] 117.38.221.144 /favicon.ico
INFO: [ app_init ] --START--
INFO: Run Behavior\BuildLiteBehavior [ RunTime:0.000013s ]
INFO: [ app_init ] --END-- [ RunTime:0.000298s ]
ERR: 无法加载模块:Favicon

[ 2016-11-29T19:40:51+08:00 ] 124.237.82.167 /favicon.ico
INFO: [ app_init ] --START--
INFO: Run Behavior\BuildLiteBehavior [ RunTime:0.000014s ]
INFO: [ app_init ] --END-- [ RunTime:0.000289s ]
ERR: 无法加载模块:Favicon

[ 2016-11-29T19:40:51+08:00 ] 124.237.82.167 /favicon.ico
INFO: [ app_init ] --START--
INFO: Run Behavior\BuildLiteBehavior [ RunTime:0.000012s ]
INFO: [ app_init ] --END-- [ RunTime:0.000294s ]
ERR: 无法加载模块:Favicon

[ 2016-11-29T19:47:34+08:00 ] 123.112.163.210 /favicon.ico
INFO: [ app_init ] --START--
INFO: Run Behavior\BuildLiteBehavior [ RunTime:0.000018s ]
INFO: [ app_init ] --END-- [ RunTime:0.000393s ]
ERR: 无法加载模块:Favicon

[ 2016-11-29T19:47:34+08:00 ] 123.112.163.210 /favicon.ico
INFO: [ app_init ] --START--
INFO: Run Behavior\BuildLiteBehavior [ RunTime:0.000013s ]
INFO: [ app_init ] --END-- [ RunTime:0.000277s ]
ERR: 无法加载模块:Favicon

[ 2016-11-29T19:47:36+08:00 ] 123.112.163.210 /favicon.ico
INFO: [ app_init ] --START--
INFO: Run Behavior\BuildLiteBehavior [ RunTime:0.000013s ]
INFO: [ app_init ] --END-- [ RunTime:0.000277s ]
ERR: 无法加载模块:Favicon

[ 2016-11-29T19:47:36+08:00 ] 123.112.163.210 /favicon.ico
INFO: [ app_init ] --START--
INFO: Run Behavior\BuildLiteBehavior [ RunTime:0.000014s ]
INFO: [ app_init ] --END-- [ RunTime:0.000312s ]
ERR: 无法加载模块:Favicon

[ 2016-11-29T19:48:18+08:00 ] 60.170.198.57 /favicon.ico
INFO: [ app_init ] --START--
INFO: Run Behavior\BuildLiteBehavior [ RunTime:0.000014s ]
INFO: [ app_init ] --END-- [ RunTime:0.000275s ]
ERR: 无法加载模块:Favicon

[ 2016-11-29T19:48:18+08:00 ] 60.170.198.57 /favicon.ico
INFO: [ app_init ] --START--
INFO: Run Behavior\BuildLiteBehavior [ RunTime:0.000014s ]
INFO: [ app_init ] --END-- [ RunTime:0.000349s ]
ERR: 无法加载模块:Favicon

[ 2016-11-29T19:49:44+08:00 ] 223.104.33.72 /favicon.ico
INFO: [ app_init ] --START--
INFO: Run Behavior\BuildLiteBehavior [ RunTime:0.000020s ]
INFO: [ app_init ] --END-- [ RunTime:0.000337s ]
ERR: 无法加载模块:Favicon

[ 2016-11-29T19:49:44+08:00 ] 223.104.33.72 /favicon.ico
INFO: [ app_init ] --START--
INFO: Run Behavior\BuildLiteBehavior [ RunTime:0.000015s ]
INFO: [ app_init ] --END-- [ RunTime:0.000292s ]
ERR: 无法加载模块:Favicon

[ 2016-11-29T19:57:50+08:00 ] 101.28.29.186 /favicon.ico
INFO: [ app_init ] --START--
INFO: Run Behavior\BuildLiteBehavior [ RunTime:0.000015s ]
INFO: [ app_init ] --END-- [ RunTime:0.000274s ]
ERR: 无法加载模块:Favicon

[ 2016-11-29T19:57:51+08:00 ] 101.28.29.186 /favicon.ico
INFO: [ app_init ] --START--
INFO: Run Behavior\BuildLiteBehavior [ RunTime:0.000014s ]
INFO: [ app_init ] --END-- [ RunTime:0.000308s ]
ERR: 无法加载模块:Favicon

[ 2016-11-29T20:02:13+08:00 ] 58.212.125.103 /favicon.ico
INFO: [ app_init ] --START--
INFO: Run Behavior\BuildLiteBehavior [ RunTime:0.000015s ]
INFO: [ app_init ] --END-- [ RunTime:0.000332s ]
ERR: 无法加载模块:Favicon

[ 2016-11-29T20:43:26+08:00 ] 223.12.47.128 /favicon.ico
INFO: [ app_init ] --START--
INFO: Run Behavior\BuildLiteBehavior [ RunTime:0.000016s ]
INFO: [ app_init ] --END-- [ RunTime:0.000295s ]
ERR: 无法加载模块:Favicon

[ 2016-11-29T20:43:26+08:00 ] 223.12.47.128 /favicon.ico
INFO: [ app_init ] --START--
INFO: Run Behavior\BuildLiteBehavior [ RunTime:0.000028s ]
INFO: [ app_init ] --END-- [ RunTime:0.000281s ]
ERR: 无法加载模块:Favicon

[ 2016-11-29T20:55:07+08:00 ] 218.56.178.162 /favicon.ico
INFO: [ app_init ] --START--
INFO: Run Behavior\BuildLiteBehavior [ RunTime:0.000016s ]
INFO: [ app_init ] --END-- [ RunTime:0.000266s ]
ERR: 无法加载模块:Favicon

[ 2016-11-29T20:55:07+08:00 ] 218.56.178.162 /favicon.ico
INFO: [ app_init ] --START--
INFO: Run Behavior\BuildLiteBehavior [ RunTime:0.000014s ]
INFO: [ app_init ] --END-- [ RunTime:0.000295s ]
ERR: 无法加载模块:Favicon

[ 2016-11-29T21:15:06+08:00 ] 117.85.125.162 /favicon.ico
INFO: [ app_init ] --START--
INFO: Run Behavior\BuildLiteBehavior [ RunTime:0.000013s ]
INFO: [ app_init ] --END-- [ RunTime:0.000336s ]
ERR: 无法加载模块:Favicon

[ 2016-11-29T21:26:07+08:00 ] 222.129.17.172 /favicon.ico
INFO: [ app_init ] --START--
INFO: Run Behavior\BuildLiteBehavior [ RunTime:0.000034s ]
INFO: [ app_init ] --END-- [ RunTime:0.000285s ]
ERR: 无法加载模块:Favicon

[ 2016-11-29T21:26:07+08:00 ] 222.129.17.172 /favicon.ico
INFO: [ app_init ] --START--
INFO: Run Behavior\BuildLiteBehavior [ RunTime:0.000014s ]
INFO: [ app_init ] --END-- [ RunTime:0.000265s ]
ERR: 无法加载模块:Favicon

[ 2016-11-29T21:27:21+08:00 ] 117.85.125.162 /favicon.ico
INFO: [ app_init ] --START--
INFO: Run Behavior\BuildLiteBehavior [ RunTime:0.000015s ]
INFO: [ app_init ] --END-- [ RunTime:0.000328s ]
ERR: 无法加载模块:Favicon

[ 2016-11-29T21:38:08+08:00 ] 117.136.5.50 /favicon.ico
INFO: [ app_init ] --START--
INFO: Run Behavior\BuildLiteBehavior [ RunTime:0.000013s ]
INFO: [ app_init ] --END-- [ RunTime:0.000296s ]
ERR: 无法加载模块:Favicon

[ 2016-11-29T21:38:08+08:00 ] 117.136.5.50 /favicon.ico
INFO: [ app_init ] --START--
INFO: Run Behavior\BuildLiteBehavior [ RunTime:0.000014s ]
INFO: [ app_init ] --END-- [ RunTime:0.000300s ]
ERR: 无法加载模块:Favicon

[ 2016-11-29T21:48:53+08:00 ] 117.136.5.50 /favicon.ico
INFO: [ app_init ] --START--
INFO: Run Behavior\BuildLiteBehavior [ RunTime:0.000017s ]
INFO: [ app_init ] --END-- [ RunTime:0.000400s ]
ERR: 无法加载模块:Favicon

[ 2016-11-29T21:48:53+08:00 ] 117.136.5.50 /favicon.ico
INFO: [ app_init ] --START--
INFO: Run Behavior\BuildLiteBehavior [ RunTime:0.000018s ]
INFO: [ app_init ] --END-- [ RunTime:0.000333s ]
ERR: 无法加载模块:Favicon

[ 2016-11-29T21:54:34+08:00 ] 103.228.209.105 /favicon.ico
INFO: [ app_init ] --START--
INFO: Run Behavior\BuildLiteBehavior [ RunTime:0.000050s ]
INFO: [ app_init ] --END-- [ RunTime:0.000324s ]
ERR: 无法加载模块:Favicon

[ 2016-11-29T21:54:34+08:00 ] 103.228.209.105 /favicon.ico
INFO: [ app_init ] --START--
INFO: Run Behavior\BuildLiteBehavior [ RunTime:0.000013s ]
INFO: [ app_init ] --END-- [ RunTime:0.000273s ]
ERR: 无法加载模块:Favicon

[ 2016-11-29T22:25:44+08:00 ] 223.104.34.73 /favicon.ico
INFO: [ app_init ] --START--
INFO: Run Behavior\BuildLiteBehavior [ RunTime:0.000013s ]
INFO: [ app_init ] --END-- [ RunTime:0.000272s ]
ERR: 无法加载模块:Favicon

[ 2016-11-29T22:26:40+08:00 ] 171.111.47.225 /favicon.ico
INFO: [ app_init ] --START--
INFO: Run Behavior\BuildLiteBehavior [ RunTime:0.000018s ]
INFO: [ app_init ] --END-- [ RunTime:0.000316s ]
ERR: 无法加载模块:Favicon

[ 2016-11-29T22:26:40+08:00 ] 171.111.47.225 /favicon.ico
INFO: [ app_init ] --START--
INFO: Run Behavior\BuildLiteBehavior [ RunTime:0.000013s ]
INFO: [ app_init ] --END-- [ RunTime:0.000281s ]
ERR: 无法加载模块:Favicon

[ 2016-11-29T23:54:49+08:00 ] 123.232.118.36 /favicon.ico
INFO: [ app_init ] --START--
INFO: Run Behavior\BuildLiteBehavior [ RunTime:0.000017s ]
INFO: [ app_init ] --END-- [ RunTime:0.000310s ]
ERR: 无法加载模块:Favicon

