[ 2016-11-11T04:23:35+08:00 ] 64.246.165.200 /robots.txt
INFO: [ app_init ] --START--
INFO: Run Behavior\BuildLiteBehavior [ RunTime:0.000013s ]
INFO: [ app_init ] --END-- [ RunTime:0.000265s ]
ERR: 无法加载模块:Robots

[ 2016-11-11T04:36:16+08:00 ] 80.82.78.38 http://www.baidu.com/cache/global/img/gs.gif
INFO: [ app_init ] --START--
INFO: Run Behavior\BuildLiteBehavior [ RunTime:0.000014s ]
INFO: [ app_init ] --END-- [ RunTime:0.000273s ]
ERR: 无法加载模块:Cache

[ 2016-11-11T05:16:12+08:00 ] 62.197.208.36 /nagiosxi/login.php
INFO: [ app_init ] --START--
INFO: Run Behavior\BuildLiteBehavior [ RunTime:0.000014s ]
INFO: [ app_init ] --END-- [ RunTime:0.000322s ]
ERR: 无法加载模块:Nagiosxi

[ 2016-11-11T09:11:02+08:00 ] 121.42.0.85 /admin/images/menu-current-arrow.gif
INFO: [ app_init ] --START--
INFO: Run Behavior\BuildLiteBehavior [ RunTime:0.000014s ]
INFO: [ app_init ] --END-- [ RunTime:0.000296s ]
ERR: 无法加载模块:Admin

[ 2016-11-11T09:11:02+08:00 ] 121.42.0.85 /install/images/default/top1_r.jpg
INFO: [ app_init ] --START--
INFO: Run Behavior\BuildLiteBehavior [ RunTime:0.000014s ]
INFO: [ app_init ] --END-- [ RunTime:0.000307s ]
ERR: 无法加载模块:Install

[ 2016-11-11T09:11:03+08:00 ] 121.42.0.85 /images/default/hd_a1.gif
INFO: [ app_init ] --START--
INFO: Run Behavior\BuildLiteBehavior [ RunTime:0.000013s ]
INFO: [ app_init ] --END-- [ RunTime:0.000282s ]
ERR: 无法加载模块:Images

[ 2016-11-11T09:11:03+08:00 ] 121.42.0.85 /upload/200812/20081230023106860.gif
INFO: [ app_init ] --START--
INFO: Run Behavior\BuildLiteBehavior [ RunTime:0.000014s ]
INFO: [ app_init ] --END-- [ RunTime:0.000300s ]
ERR: 无法加载模块:Upload

[ 2016-11-11T09:11:03+08:00 ] 121.42.0.85 /Images/Mlogin/Bitmap02.gif
INFO: [ app_init ] --START--
INFO: Run Behavior\BuildLiteBehavior [ RunTime:0.000013s ]
INFO: [ app_init ] --END-- [ RunTime:0.000261s ]
ERR: 无法加载模块:Images

[ 2016-11-11T09:11:03+08:00 ] 121.42.0.85 /admin/image/menu_h4.png
INFO: [ app_init ] --START--
INFO: Run Behavior\BuildLiteBehavior [ RunTime:0.000015s ]
INFO: [ app_init ] --END-- [ RunTime:0.000292s ]
ERR: 无法加载模块:Admin

[ 2016-11-11T09:11:04+08:00 ] 121.42.0.85 /images/list_bg.png
INFO: [ app_init ] --START--
INFO: Run Behavior\BuildLiteBehavior [ RunTime:0.000014s ]
INFO: [ app_init ] --END-- [ RunTime:0.000316s ]
ERR: 无法加载模块:Images

[ 2016-11-11T09:11:04+08:00 ] 121.42.0.85 /theme/theme/default/images/bg_bnt_user_base_over.gif
INFO: [ app_init ] --START--
INFO: Run Behavior\BuildLiteBehavior [ RunTime:0.000013s ]
INFO: [ app_init ] --END-- [ RunTime:0.000281s ]
ERR: 无法加载模块:Theme

[ 2016-11-11T09:11:04+08:00 ] 121.42.0.85 /lib/images/vtip_arrow.gif
INFO: [ app_init ] --START--
INFO: Run Behavior\BuildLiteBehavior [ RunTime:0.000017s ]
INFO: [ app_init ] --END-- [ RunTime:0.000311s ]
ERR: 无法加载模块:Lib

[ 2016-11-11T09:11:04+08:00 ] 121.42.0.85 /dede/img/button_bg1.jpg
INFO: [ app_init ] --START--
INFO: Run Behavior\BuildLiteBehavior [ RunTime:0.000013s ]
INFO: [ app_init ] --END-- [ RunTime:0.000281s ]
ERR: 无法加载模块:Dede

[ 2016-11-11T09:11:05+08:00 ] 121.42.0.85 /plus/img/topsearch_submit.gif
INFO: [ app_init ] --START--
INFO: Run Behavior\BuildLiteBehavior [ RunTime:0.000016s ]
INFO: [ app_init ] --END-- [ RunTime:0.000390s ]
ERR: 无法加载模块:Plus

[ 2016-11-11T09:11:05+08:00 ] 121.42.0.85 /include/dialog/img/sp_bg.gif
INFO: [ app_init ] --START--
INFO: Run Behavior\BuildLiteBehavior [ RunTime:0.000021s ]
INFO: [ app_init ] --END-- [ RunTime:0.000322s ]
ERR: 无法加载模块:Include

[ 2016-11-11T09:11:05+08:00 ] 121.42.0.85 /images/topbanner_bg.png
INFO: [ app_init ] --START--
INFO: Run Behavior\BuildLiteBehavior [ RunTime:0.000013s ]
INFO: [ app_init ] --END-- [ RunTime:0.000314s ]
ERR: 无法加载模块:Images

[ 2016-11-11T09:11:05+08:00 ] 121.42.0.85 /system/images/lnk/system.gif
INFO: [ app_init ] --START--
INFO: Run Behavior\BuildLiteBehavior [ RunTime:0.000013s ]
INFO: [ app_init ] --END-- [ RunTime:0.000295s ]
ERR: 无法加载模块:System

[ 2016-11-11T09:11:05+08:00 ] 121.42.0.85 /images/confirm_close.gif
INFO: [ app_init ] --START--
INFO: Run Behavior\BuildLiteBehavior [ RunTime:0.000014s ]
INFO: [ app_init ] --END-- [ RunTime:0.000277s ]
ERR: 无法加载模块:Images

[ 2016-11-11T09:11:06+08:00 ] 121.42.0.85 /user/images/must.gif
INFO: [ app_init ] --START--
INFO: Run Behavior\BuildLiteBehavior [ RunTime:0.000013s ]
INFO: [ app_init ] --END-- [ RunTime:0.000293s ]
ERR: 无法加载模块:User

[ 2016-11-11T09:11:06+08:00 ] 121.42.0.85 /template/images/li1.gif
INFO: [ app_init ] --START--
INFO: Run Behavior\BuildLiteBehavior [ RunTime:0.000019s ]
INFO: [ app_init ] --END-- [ RunTime:0.000396s ]
ERR: 无法加载模块:Template

[ 2016-11-11T09:11:06+08:00 ] 121.42.0.85 /favicon.ico
INFO: [ app_init ] --START--
INFO: Run Behavior\BuildLiteBehavior [ RunTime:0.000018s ]
INFO: [ app_init ] --END-- [ RunTime:0.000283s ]
ERR: 无法加载模块:Favicon

[ 2016-11-11T09:11:06+08:00 ] 121.42.0.85 /images/page_code.png
INFO: [ app_init ] --START--
INFO: Run Behavior\BuildLiteBehavior [ RunTime:0.000015s ]
INFO: [ app_init ] --END-- [ RunTime:0.000275s ]
ERR: 无法加载模块:Images

[ 2016-11-11T09:11:07+08:00 ] 121.42.0.85 /editors/index.html
INFO: [ app_init ] --START--
INFO: Run Behavior\BuildLiteBehavior [ RunTime:0.000014s ]
INFO: [ app_init ] --END-- [ RunTime:0.000263s ]
ERR: 无法加载模块:Editors

[ 2016-11-11T09:11:07+08:00 ] 121.42.0.85 /images/samples/4_small.jpg
INFO: [ app_init ] --START--
INFO: Run Behavior\BuildLiteBehavior [ RunTime:0.000016s ]
INFO: [ app_init ] --END-- [ RunTime:0.000283s ]
ERR: 无法加载模块:Images

[ 2016-11-11T09:11:07+08:00 ] 121.42.0.85 /includes/templates/classic/images/stars_5.gif
INFO: [ app_init ] --START--
INFO: Run Behavior\BuildLiteBehavior [ RunTime:0.000019s ]
INFO: [ app_init ] --END-- [ RunTime:0.000428s ]
ERR: 无法加载模块:Includes

[ 2016-11-11T09:11:07+08:00 ] 121.42.0.85 /includes/templates/template_default/images/always-free-shipping.gif
INFO: [ app_init ] --START--
INFO: Run Behavior\BuildLiteBehavior [ RunTime:0.000014s ]
INFO: [ app_init ] --END-- [ RunTime:0.000316s ]
ERR: 无法加载模块:Includes

[ 2016-11-11T09:11:08+08:00 ] 121.42.0.85 /includes/templates/template_default/buttons/english/button_tell_a_friend.gif
INFO: [ app_init ] --START--
INFO: Run Behavior\BuildLiteBehavior [ RunTime:0.000012s ]
INFO: [ app_init ] --END-- [ RunTime:0.000351s ]
ERR: 无法加载模块:Includes

[ 2016-11-11T09:11:08+08:00 ] 121.42.0.85 /images/zttit02.png
INFO: [ app_init ] --START--
INFO: Run Behavior\BuildLiteBehavior [ RunTime:0.000013s ]
INFO: [ app_init ] --END-- [ RunTime:0.000274s ]
ERR: 无法加载模块:Images

[ 2016-11-11T09:11:08+08:00 ] 121.42.0.85 /Admin/Images/GoogleSiteMaplogo.gif
INFO: [ app_init ] --START--
INFO: Run Behavior\BuildLiteBehavior [ RunTime:0.000014s ]
INFO: [ app_init ] --END-- [ RunTime:0.000305s ]
ERR: 无法加载模块:Admin

[ 2016-11-11T09:11:08+08:00 ] 121.42.0.85 /template/user/images/manage_r2_c18.jpg
INFO: [ app_init ] --START--
INFO: Run Behavior\BuildLiteBehavior [ RunTime:0.000013s ]
INFO: [ app_init ] --END-- [ RunTime:0.000264s ]
ERR: 无法加载模块:Template

[ 2016-11-11T09:11:08+08:00 ] 121.42.0.85 /admin/images/admintitlebg.gif
INFO: [ app_init ] --START--
INFO: Run Behavior\BuildLiteBehavior [ RunTime:0.000020s ]
INFO: [ app_init ] --END-- [ RunTime:0.000289s ]
ERR: 无法加载模块:Admin

[ 2016-11-11T09:11:09+08:00 ] 121.42.0.85 /images/gengtie.jpg
INFO: [ app_init ] --START--
INFO: Run Behavior\BuildLiteBehavior [ RunTime:0.000014s ]
INFO: [ app_init ] --END-- [ RunTime:0.000390s ]
ERR: 无法加载模块:Images

[ 2016-11-11T09:11:09+08:00 ] 121.42.0.85 /core/themes/stable/images/core/menu-collapsed-rtl.png
INFO: [ app_init ] --START--
INFO: Run Behavior\BuildLiteBehavior [ RunTime:0.000015s ]
INFO: [ app_init ] --END-- [ RunTime:0.000387s ]
ERR: 无法加载模块:Core

[ 2016-11-11T09:11:09+08:00 ] 121.42.0.85 /misc/menu-expanded.png
INFO: [ app_init ] --START--
INFO: Run Behavior\BuildLiteBehavior [ RunTime:0.000014s ]
INFO: [ app_init ] --END-- [ RunTime:0.000406s ]
ERR: 无法加载模块:Misc

[ 2016-11-11T09:11:09+08:00 ] 121.42.0.85 /Admin/Images/icon_lpdhjl.png
INFO: [ app_init ] --START--
INFO: Run Behavior\BuildLiteBehavior [ RunTime:0.000020s ]
INFO: [ app_init ] --END-- [ RunTime:0.000361s ]
ERR: 无法加载模块:Admin

[ 2016-11-11T09:11:10+08:00 ] 121.42.0.85 /store/Images/hdfk.gif
INFO: [ app_init ] --START--
INFO: Run Behavior\BuildLiteBehavior [ RunTime:0.000015s ]
INFO: [ app_init ] --END-- [ RunTime:0.000286s ]
ERR: 无法加载模块:Store

[ 2016-11-11T09:11:10+08:00 ] 121.42.0.85 /skins/doccms_model_1/images/bg_contact_a.png
INFO: [ app_init ] --START--
INFO: Run Behavior\BuildLiteBehavior [ RunTime:0.000013s ]
INFO: [ app_init ] --END-- [ RunTime:0.000290s ]
ERR: 无法加载模块:Skins

[ 2016-11-11T09:11:10+08:00 ] 121.42.0.85 /admini/images/s_managehtml/icon_refresh.png
INFO: [ app_init ] --START--
INFO: Run Behavior\BuildLiteBehavior [ RunTime:0.000019s ]
INFO: [ app_init ] --END-- [ RunTime:0.000288s ]
ERR: 无法加载模块:Admini

[ 2016-11-11T09:11:10+08:00 ] 121.42.0.85 /Admin/Images/Icon-Nav-Close-over.gif
INFO: [ app_init ] --START--
INFO: Run Behavior\BuildLiteBehavior [ RunTime:0.000014s ]
INFO: [ app_init ] --END-- [ RunTime:0.000266s ]
ERR: 无法加载模块:Admin

[ 2016-11-11T09:11:11+08:00 ] 121.42.0.85 /images/menu_righttop.gif
INFO: [ app_init ] --START--
INFO: Run Behavior\BuildLiteBehavior [ RunTime:0.000014s ]
INFO: [ app_init ] --END-- [ RunTime:0.000266s ]
ERR: 无法加载模块:Images

[ 2016-11-11T09:11:11+08:00 ] 121.42.0.85 /app/resource/images/coupon-hd-bg.png
INFO: [ app_init ] --START--
INFO: Run Behavior\BuildLiteBehavior [ RunTime:0.000014s ]
INFO: [ app_init ] --END-- [ RunTime:0.000273s ]
ERR: 无法加载模块:App

[ 2016-11-11T09:11:11+08:00 ] 121.42.0.85 /web/resource/images/bg_repno.gif
INFO: [ app_init ] --START--
INFO: Run Behavior\BuildLiteBehavior [ RunTime:0.000013s ]
INFO: [ app_init ] --END-- [ RunTime:0.000294s ]
ERR: 无法加载模块:Web

[ 2016-11-11T09:11:11+08:00 ] 121.42.0.85 /resource/image/bg_repno.gif
INFO: [ app_init ] --START--
INFO: Run Behavior\BuildLiteBehavior [ RunTime:0.000017s ]
INFO: [ app_init ] --END-- [ RunTime:0.000419s ]
ERR: 无法加载模块:Resource

[ 2016-11-11T09:11:12+08:00 ] 121.42.0.85 /admin/images/abg2.png
INFO: [ app_init ] --START--
INFO: Run Behavior\BuildLiteBehavior [ RunTime:0.000014s ]
INFO: [ app_init ] --END-- [ RunTime:0.000324s ]
ERR: 无法加载模块:Admin

[ 2016-11-11T09:11:12+08:00 ] 121.42.0.85 /face/5.gif
INFO: [ app_init ] --START--
INFO: Run Behavior\BuildLiteBehavior [ RunTime:0.000013s ]
INFO: [ app_init ] --END-- [ RunTime:0.000273s ]
ERR: 无法加载模块:Face

[ 2016-11-11T09:11:12+08:00 ] 121.42.0.85 /xin/btn_regis.gif
INFO: [ app_init ] --START--
INFO: Run Behavior\BuildLiteBehavior [ RunTime:0.000012s ]
INFO: [ app_init ] --END-- [ RunTime:0.000272s ]
ERR: 无法加载模块:Xin

[ 2016-11-11T09:11:12+08:00 ] 121.42.0.85 /global/banklist_hnapay.jpg
INFO: [ app_init ] --START--
INFO: Run Behavior\BuildLiteBehavior [ RunTime:0.000013s ]
INFO: [ app_init ] --END-- [ RunTime:0.000267s ]
ERR: 无法加载模块:Global

[ 2016-11-11T09:11:12+08:00 ] 121.42.0.85 /Public/lottery/roulette/images/b0-2.jpg
INFO: [ app_init ] --START--
INFO: Run Behavior\BuildLiteBehavior [ RunTime:0.000013s ]
INFO: [ app_init ] --END-- [ RunTime:0.000335s ]
ERR: 无法加载模块:Public

[ 2016-11-11T09:11:13+08:00 ] 121.42.0.85 /m/_/images/fileicon/jpg.png
INFO: [ app_init ] --START--
INFO: Run Behavior\BuildLiteBehavior [ RunTime:0.000013s ]
INFO: [ app_init ] --END-- [ RunTime:0.000322s ]
ERR: 无法加载模块:M

[ 2016-11-11T09:11:13+08:00 ] 121.42.0.85 /system/images/tab_17.gif
INFO: [ app_init ] --START--
INFO: Run Behavior\BuildLiteBehavior [ RunTime:0.000014s ]
INFO: [ app_init ] --END-- [ RunTime:0.000267s ]
ERR: 无法加载模块:System

[ 2016-11-11T09:11:13+08:00 ] 121.42.0.85 /admin/images/tab_17.gif
INFO: [ app_init ] --START--
INFO: Run Behavior\BuildLiteBehavior [ RunTime:0.000014s ]
INFO: [ app_init ] --END-- [ RunTime:0.000318s ]
ERR: 无法加载模块:Admin

[ 2016-11-11T09:11:13+08:00 ] 121.42.0.85 /admin/images/top_tt_bg.gif
INFO: [ app_init ] --START--
INFO: Run Behavior\BuildLiteBehavior [ RunTime:0.000012s ]
INFO: [ app_init ] --END-- [ RunTime:0.000282s ]
ERR: 无法加载模块:Admin

[ 2016-11-11T09:11:14+08:00 ] 121.42.0.85 /Public/img/fotorama.png
INFO: [ app_init ] --START--
INFO: Run Behavior\BuildLiteBehavior [ RunTime:0.000020s ]
INFO: [ app_init ] --END-- [ RunTime:0.000404s ]
ERR: 无法加载模块:Public

[ 2016-11-11T09:11:14+08:00 ] 121.42.0.85 /inc_img/vote/vote2_1.gif
INFO: [ app_init ] --START--
INFO: Run Behavior\BuildLiteBehavior [ RunTime:0.000013s ]
INFO: [ app_init ] --END-- [ RunTime:0.000315s ]
ERR: 无法加载模块:Inc_img

[ 2016-11-11T09:11:15+08:00 ] 121.42.0.85 /admin/images/login/login_submit.gif
INFO: [ app_init ] --START--
INFO: Run Behavior\BuildLiteBehavior [ RunTime:0.000013s ]
INFO: [ app_init ] --END-- [ RunTime:0.000268s ]
ERR: 无法加载模块:Admin

[ 2016-11-11T09:11:15+08:00 ] 121.42.0.85 /i5808/images/menu_reduce.gif
INFO: [ app_init ] --START--
INFO: Run Behavior\BuildLiteBehavior [ RunTime:0.000013s ]
INFO: [ app_init ] --END-- [ RunTime:0.000261s ]
ERR: 无法加载模块:I5808

[ 2016-11-11T09:11:15+08:00 ] 121.42.0.85 /skins/images/ico_catalogue.png
INFO: [ app_init ] --START--
INFO: Run Behavior\BuildLiteBehavior [ RunTime:0.000019s ]
INFO: [ app_init ] --END-- [ RunTime:0.000311s ]
ERR: 无法加载模块:Skins

[ 2016-11-11T09:11:15+08:00 ] 121.42.0.85 /images/logout1.png
INFO: [ app_init ] --START--
INFO: Run Behavior\BuildLiteBehavior [ RunTime:0.000012s ]
INFO: [ app_init ] --END-- [ RunTime:0.000260s ]
ERR: 无法加载模块:Images

[ 2016-11-11T09:11:15+08:00 ] 121.42.0.85 /forum/images/logout1.png
INFO: [ app_init ] --START--
INFO: Run Behavior\BuildLiteBehavior [ RunTime:0.000017s ]
INFO: [ app_init ] --END-- [ RunTime:0.000272s ]
ERR: 无法加载模块:Forum

[ 2016-11-11T09:11:16+08:00 ] 121.42.0.85 /images/common/online_admin.gif
INFO: [ app_init ] --START--
INFO: Run Behavior\BuildLiteBehavior [ RunTime:0.000013s ]
INFO: [ app_init ] --END-- [ RunTime:0.000282s ]
ERR: 无法加载模块:Images

[ 2016-11-11T09:11:16+08:00 ] 121.42.0.85 /images/rank/soso.gif
INFO: [ app_init ] --START--
INFO: Run Behavior\BuildLiteBehavior [ RunTime:0.000013s ]
INFO: [ app_init ] --END-- [ RunTime:0.000266s ]
ERR: 无法加载模块:Images

[ 2016-11-11T09:11:16+08:00 ] 121.42.0.85 /console/images/bg11.jpg
INFO: [ app_init ] --START--
INFO: Run Behavior\BuildLiteBehavior [ RunTime:0.000013s ]
INFO: [ app_init ] --END-- [ RunTime:0.000272s ]
ERR: 无法加载模块:Console

[ 2016-11-11T09:11:16+08:00 ] 121.42.0.85 /console/images/login.gif
INFO: [ app_init ] --START--
INFO: Run Behavior\BuildLiteBehavior [ RunTime:0.000013s ]
INFO: [ app_init ] --END-- [ RunTime:0.000296s ]
ERR: 无法加载模块:Console

[ 2016-11-11T09:11:17+08:00 ] 121.42.0.85 /Admincp/images/login_r2_c2_r1_c4.jpg
INFO: [ app_init ] --START--
INFO: Run Behavior\BuildLiteBehavior [ RunTime:0.000014s ]
INFO: [ app_init ] --END-- [ RunTime:0.000298s ]
ERR: 无法加载模块:Admincp

[ 2016-11-11T09:11:17+08:00 ] 121.42.0.85 /statics/delivertitle.gif
INFO: [ app_init ] --START--
INFO: Run Behavior\BuildLiteBehavior [ RunTime:0.000015s ]
INFO: [ app_init ] --END-- [ RunTime:0.000272s ]
ERR: 无法加载模块:Statics

[ 2016-11-11T09:11:17+08:00 ] 121.42.0.85 /images/default/shopexstorelogo.jpg
INFO: [ app_init ] --START--
INFO: Run Behavior\BuildLiteBehavior [ RunTime:0.000013s ]
INFO: [ app_init ] --END-- [ RunTime:0.000303s ]
ERR: 无法加载模块:Images

[ 2016-11-11T09:11:17+08:00 ] 121.42.0.85 /admin/images/netgather_com.gif
INFO: [ app_init ] --START--
INFO: Run Behavior\BuildLiteBehavior [ RunTime:0.000013s ]
INFO: [ app_init ] --END-- [ RunTime:0.000326s ]
ERR: 无法加载模块:Admin

[ 2016-11-11T09:11:18+08:00 ] 121.42.0.85 /cn/images/banner_page_bg.gif
INFO: [ app_init ] --START--
INFO: Run Behavior\BuildLiteBehavior [ RunTime:0.000013s ]
INFO: [ app_init ] --END-- [ RunTime:0.000314s ]
ERR: 无法加载模块:Cn

[ 2016-11-11T09:11:18+08:00 ] 121.42.0.85 /static/image/common/addicn.gif
INFO: [ app_init ] --START--
INFO: Run Behavior\BuildLiteBehavior [ RunTime:0.000020s ]
INFO: [ app_init ] --END-- [ RunTime:0.000307s ]
ERR: 无法加载模块:Static

[ 2016-11-11T09:11:18+08:00 ] 121.42.0.85 /static/space/t1/images/title.png
INFO: [ app_init ] --START--
INFO: Run Behavior\BuildLiteBehavior [ RunTime:0.000018s ]
INFO: [ app_init ] --END-- [ RunTime:0.000400s ]
ERR: 无法加载模块:Static

[ 2016-11-11T09:11:18+08:00 ] 121.42.0.85 /themes/forum/default/images/forum/lock.gif
INFO: [ app_init ] --START--
INFO: Run Behavior\BuildLiteBehavior [ RunTime:0.000013s ]
INFO: [ app_init ] --END-- [ RunTime:0.000316s ]
ERR: 无法加载模块:Themes

[ 2016-11-11T09:11:19+08:00 ] 121.42.0.85 /images/select_arrow_over.gif
INFO: [ app_init ] --START--
INFO: Run Behavior\BuildLiteBehavior [ RunTime:0.000013s ]
INFO: [ app_init ] --END-- [ RunTime:0.000263s ]
ERR: 无法加载模块:Images

[ 2016-11-11T09:11:19+08:00 ] 121.42.0.85 /static/images/buttons_40.png
INFO: [ app_init ] --START--
INFO: Run Behavior\BuildLiteBehavior [ RunTime:0.000018s ]
INFO: [ app_init ] --END-- [ RunTime:0.000292s ]
ERR: 无法加载模块:Static

[ 2016-11-11T09:11:19+08:00 ] 121.42.0.85 /include/image/dui_r.gif
INFO: [ app_init ] --START--
INFO: Run Behavior\BuildLiteBehavior [ RunTime:0.000013s ]
INFO: [ app_init ] --END-- [ RunTime:0.000268s ]
ERR: 无法加载模块:Include

[ 2016-11-11T09:11:19+08:00 ] 121.42.0.85 /template/default/index/images/anvico.png
INFO: [ app_init ] --START--
INFO: Run Behavior\BuildLiteBehavior [ RunTime:0.000015s ]
INFO: [ app_init ] --END-- [ RunTime:0.000296s ]
ERR: 无法加载模块:Template

[ 2016-11-11T09:11:19+08:00 ] 121.42.0.85 /skin/default/image/add_job.gif
INFO: [ app_init ] --START--
INFO: Run Behavior\BuildLiteBehavior [ RunTime:0.000013s ]
INFO: [ app_init ] --END-- [ RunTime:0.000318s ]
ERR: 无法加载模块:Skin

[ 2016-11-11T09:11:20+08:00 ] 121.42.0.85 /app/Tpl/main/fanwe/images/fanwe_ui/ui-buttonbg.gif
INFO: [ app_init ] --START--
INFO: Run Behavior\BuildLiteBehavior [ RunTime:0.000013s ]
INFO: [ app_init ] --END-- [ RunTime:0.000262s ]
ERR: 无法加载模块:App

[ 2016-11-11T09:11:20+08:00 ] 121.42.0.85 /views/images/admin/closex.gif
INFO: [ app_init ] --START--
INFO: Run Behavior\BuildLiteBehavior [ RunTime:0.000017s ]
INFO: [ app_init ] --END-- [ RunTime:0.000312s ]
ERR: 无法加载模块:Views

[ 2016-11-11T09:11:20+08:00 ] 121.42.0.85 /template/default/images/gbook_btn_bg.gif
INFO: [ app_init ] --START--
INFO: Run Behavior\BuildLiteBehavior [ RunTime:0.000014s ]
INFO: [ app_init ] --END-- [ RunTime:0.000301s ]
ERR: 无法加载模块:Template

[ 2016-11-11T09:11:20+08:00 ] 121.42.0.85 /inc/images/captcha_bg.jpg
INFO: [ app_init ] --START--
INFO: Run Behavior\BuildLiteBehavior [ RunTime:0.000014s ]
INFO: [ app_init ] --END-- [ RunTime:0.000283s ]
ERR: 无法加载模块:Inc

[ 2016-11-11T09:11:21+08:00 ] 121.42.0.85 /inc/templates/manage/images/cross_grey_small.png
INFO: [ app_init ] --START--
INFO: Run Behavior\BuildLiteBehavior [ RunTime:0.000013s ]
INFO: [ app_init ] --END-- [ RunTime:0.000276s ]
ERR: 无法加载模块:Inc

[ 2016-11-11T09:11:21+08:00 ] 121.42.0.85 /content/plugins/tips/icon_tips.gif
INFO: [ app_init ] --START--
INFO: Run Behavior\BuildLiteBehavior [ RunTime:0.000013s ]
INFO: [ app_init ] --END-- [ RunTime:0.000282s ]
ERR: 无法加载模块:Content

[ 2016-11-11T09:11:21+08:00 ] 121.42.0.85 /content/templates/default/images/weibe_button.gif
INFO: [ app_init ] --START--
INFO: Run Behavior\BuildLiteBehavior [ RunTime:0.000030s ]
INFO: [ app_init ] --END-- [ RunTime:0.000345s ]
ERR: 无法加载模块:Content

[ 2016-11-11T09:11:21+08:00 ] 121.42.0.85 /admin/templates/met/images/logosmall.gif
INFO: [ app_init ] --START--
INFO: Run Behavior\BuildLiteBehavior [ RunTime:0.000014s ]
INFO: [ app_init ] --END-- [ RunTime:0.000377s ]
ERR: 无法加载模块:Admin

[ 2016-11-11T09:11:22+08:00 ] 121.42.0.85 /favicon.ico
INFO: [ app_init ] --START--
INFO: Run Behavior\BuildLiteBehavior [ RunTime:0.000013s ]
INFO: [ app_init ] --END-- [ RunTime:0.000264s ]
ERR: 无法加载模块:Favicon

[ 2016-11-11T09:11:22+08:00 ] 121.42.0.85 /job/templates/met/css/style.css
INFO: [ app_init ] --START--
INFO: Run Behavior\BuildLiteBehavior [ RunTime:0.000018s ]
INFO: [ app_init ] --END-- [ RunTime:0.000301s ]
ERR: 无法加载模块:Job

[ 2016-11-11T09:11:22+08:00 ] 121.42.0.85 /wap/templates/met/images/listico.gif
INFO: [ app_init ] --START--
INFO: Run Behavior\BuildLiteBehavior [ RunTime:0.000014s ]
INFO: [ app_init ] --END-- [ RunTime:0.000293s ]
ERR: 无法加载模块:Wap

[ 2016-11-11T09:11:22+08:00 ] 121.42.0.85 /admin/images/icon_view.gif
INFO: [ app_init ] --START--
INFO: Run Behavior\BuildLiteBehavior [ RunTime:0.000013s ]
INFO: [ app_init ] --END-- [ RunTime:0.000261s ]
ERR: 无法加载模块:Admin

[ 2016-11-11T09:11:22+08:00 ] 121.42.0.85 /install/images/install-step1-en_us.gif
INFO: [ app_init ] --START--
INFO: Run Behavior\BuildLiteBehavior [ RunTime:0.000016s ]
INFO: [ app_init ] --END-- [ RunTime:0.000278s ]
ERR: 无法加载模块:Install

[ 2016-11-11T09:11:23+08:00 ] 121.42.0.85 /images/admina/logo.png
INFO: [ app_init ] --START--
INFO: Run Behavior\BuildLiteBehavior [ RunTime:0.000015s ]
INFO: [ app_init ] --END-- [ RunTime:0.000303s ]
ERR: 无法加载模块:Images

[ 2016-11-11T09:11:23+08:00 ] 121.42.0.85 /images/admina/sitmap0.png
INFO: [ app_init ] --START--
INFO: Run Behavior\BuildLiteBehavior [ RunTime:0.000013s ]
INFO: [ app_init ] --END-- [ RunTime:0.000297s ]
ERR: 无法加载模块:Images

[ 2016-11-11T09:11:23+08:00 ] 121.42.0.85 /app/Tpl/fanwe/images/fancybox_loading.gif
INFO: [ app_init ] --START--
INFO: Run Behavior\BuildLiteBehavior [ RunTime:0.000016s ]
INFO: [ app_init ] --END-- [ RunTime:0.000326s ]
ERR: 无法加载模块:App

[ 2016-11-11T09:11:23+08:00 ] 121.42.0.85 /images/side_bg_r2_c1.gif
INFO: [ app_init ] --START--
INFO: Run Behavior\BuildLiteBehavior [ RunTime:0.000013s ]
INFO: [ app_init ] --END-- [ RunTime:0.000265s ]
ERR: 无法加载模块:Images

[ 2016-11-11T09:11:24+08:00 ] 121.42.0.85 /e/install/images/noadd.gif
INFO: [ app_init ] --START--
INFO: Run Behavior\BuildLiteBehavior [ RunTime:0.000013s ]
INFO: [ app_init ] --END-- [ RunTime:0.000268s ]
ERR: 无法加载模块:E

[ 2016-11-11T09:11:24+08:00 ] 121.42.0.85 /d/js/acmsd/close_o.gif
INFO: [ app_init ] --START--
INFO: Run Behavior\BuildLiteBehavior [ RunTime:0.000014s ]
INFO: [ app_init ] --END-- [ RunTime:0.000264s ]
ERR: 无法加载模块:D

[ 2016-11-11T09:11:24+08:00 ] 121.42.0.85 /admin/images/login/index_hz02.gif
INFO: [ app_init ] --START--
INFO: Run Behavior\BuildLiteBehavior [ RunTime:0.000012s ]
INFO: [ app_init ] --END-- [ RunTime:0.000284s ]
ERR: 无法加载模块:Admin

[ 2016-11-11T09:11:24+08:00 ] 121.42.0.85 /images/showsp/areabg.gif
INFO: [ app_init ] --START--
INFO: Run Behavior\BuildLiteBehavior [ RunTime:0.000012s ]
INFO: [ app_init ] --END-- [ RunTime:0.000269s ]
ERR: 无法加载模块:Images

[ 2016-11-11T09:11:25+08:00 ] 121.42.0.85 /SiteServer/Pic/Company/login.gif
INFO: [ app_init ] --START--
INFO: Run Behavior\BuildLiteBehavior [ RunTime:0.000013s ]
INFO: [ app_init ] --END-- [ RunTime:0.000296s ]
ERR: 无法加载模块:SiteServer

[ 2016-11-11T09:11:25+08:00 ] 121.42.0.85 /Pic/Company/login.gif
INFO: [ app_init ] --START--
INFO: Run Behavior\BuildLiteBehavior [ RunTime:0.000014s ]
INFO: [ app_init ] --END-- [ RunTime:0.000281s ]
ERR: 无法加载模块:Pic

[ 2016-11-11T09:11:25+08:00 ] 121.42.0.85 /SiteServer/Pic/tree/itemContainer.gif
INFO: [ app_init ] --START--
INFO: Run Behavior\BuildLiteBehavior [ RunTime:0.000014s ]
INFO: [ app_init ] --END-- [ RunTime:0.000325s ]
ERR: 无法加载模块:SiteServer

[ 2016-11-11T09:11:25+08:00 ] 121.42.0.85 /Pic/tree/itemContainer.gif
INFO: [ app_init ] --START--
INFO: Run Behavior\BuildLiteBehavior [ RunTime:0.000012s ]
INFO: [ app_init ] --END-- [ RunTime:0.000286s ]
ERR: 无法加载模块:Pic

[ 2016-11-11T09:11:26+08:00 ] 121.42.0.85 /Images/Silder/sldr3h_sl.gif
INFO: [ app_init ] --START--
INFO: Run Behavior\BuildLiteBehavior [ RunTime:0.000014s ]
INFO: [ app_init ] --END-- [ RunTime:0.000307s ]
ERR: 无法加载模块:Images

[ 2016-11-11T09:11:26+08:00 ] 121.42.0.85 /Admin/Images/LoginImages/logyh.gif
INFO: [ app_init ] --START--
INFO: Run Behavior\BuildLiteBehavior [ RunTime:0.000025s ]
INFO: [ app_init ] --END-- [ RunTime:0.000346s ]
ERR: 无法加载模块:Admin

[ 2016-11-11T09:11:26+08:00 ] 121.42.0.85 /public/images/xueli_1.jpg
INFO: [ app_init ] --START--
INFO: Run Behavior\BuildLiteBehavior [ RunTime:0.000017s ]
INFO: [ app_init ] --END-- [ RunTime:0.000371s ]
ERR: 无法加载模块:Public

[ 2016-11-11T09:11:26+08:00 ] 121.42.0.85 /statics/images/admin_img/arrowhead-y.png
INFO: [ app_init ] --START--
INFO: Run Behavior\BuildLiteBehavior [ RunTime:0.000016s ]
INFO: [ app_init ] --END-- [ RunTime:0.000331s ]
ERR: 无法加载模块:Statics

[ 2016-11-11T09:11:26+08:00 ] 121.42.0.85 /phpsso_server/statics/images/msg_img/chrome_s_1.png
INFO: [ app_init ] --START--
INFO: Run Behavior\BuildLiteBehavior [ RunTime:0.000013s ]
INFO: [ app_init ] --END-- [ RunTime:0.000323s ]
ERR: 无法加载模块:Phpsso_server

[ 2016-11-11T09:11:27+08:00 ] 121.42.0.85 /images/buddies.png
INFO: [ app_init ] --START--
INFO: Run Behavior\BuildLiteBehavior [ RunTime:0.000013s ]
INFO: [ app_init ] --END-- [ RunTime:0.000283s ]
ERR: 无法加载模块:Images

[ 2016-11-11T09:11:27+08:00 ] 121.42.0.85 /script/valid_formdata.js
INFO: [ app_init ] --START--
INFO: Run Behavior\BuildLiteBehavior [ RunTime:0.000016s ]
INFO: [ app_init ] --END-- [ RunTime:0.000289s ]
ERR: 无法加载模块:Script

[ 2016-11-11T09:11:27+08:00 ] 121.42.0.85 /admin/templates/images/subTypeBg.gif
INFO: [ app_init ] --START--
INFO: Run Behavior\BuildLiteBehavior [ RunTime:0.000013s ]
INFO: [ app_init ] --END-- [ RunTime:0.000267s ]
ERR: 无法加载模块:Admin

[ 2016-11-11T09:11:27+08:00 ] 121.42.0.85 /admin/templates/images/filestate.png
INFO: [ app_init ] --START--
INFO: Run Behavior\BuildLiteBehavior [ RunTime:0.000017s ]
INFO: [ app_init ] --END-- [ RunTime:0.000385s ]
ERR: 无法加载模块:Admin

[ 2016-11-11T09:11:28+08:00 ] 121.42.0.85 /images/ad_location_middle_center1.jpg
INFO: [ app_init ] --START--
INFO: Run Behavior\BuildLiteBehavior [ RunTime:0.000014s ]
INFO: [ app_init ] --END-- [ RunTime:0.000304s ]
ERR: 无法加载模块:Images

[ 2016-11-11T09:11:28+08:00 ] 121.42.0.85 /theme/t1/themebg_preview.jpg
INFO: [ app_init ] --START--
INFO: Run Behavior\BuildLiteBehavior [ RunTime:0.000025s ]
INFO: [ app_init ] --END-- [ RunTime:0.000295s ]
ERR: 无法加载模块:Theme

[ 2016-11-11T09:11:28+08:00 ] 121.42.0.85 /images/table_bg.jpg
INFO: [ app_init ] --START--
INFO: Run Behavior\BuildLiteBehavior [ RunTime:0.000015s ]
INFO: [ app_init ] --END-- [ RunTime:0.000282s ]
ERR: 无法加载模块:Images

[ 2016-11-11T09:11:28+08:00 ] 121.42.0.85 /images/ext/midi.gif
INFO: [ app_init ] --START--
INFO: Run Behavior\BuildLiteBehavior [ RunTime:0.000013s ]
INFO: [ app_init ] --END-- [ RunTime:0.000264s ]
ERR: 无法加载模块:Images

[ 2016-11-11T09:11:29+08:00 ] 121.42.0.85 /wp-includes/images/icon-pointer-flag.png
INFO: [ app_init ] --START--
INFO: Run Behavior\BuildLiteBehavior [ RunTime:0.000012s ]
INFO: [ app_init ] --END-- [ RunTime:0.000257s ]
ERR: 无法加载模块:Wp-includes

[ 2016-11-11T09:11:29+08:00 ] 121.42.0.85 /wp-admin/images/yes.png
INFO: [ app_init ] --START--
INFO: Run Behavior\BuildLiteBehavior [ RunTime:0.000014s ]
INFO: [ app_init ] --END-- [ RunTime:0.000283s ]
ERR: 无法加载模块:Wp-admin

[ 2016-11-11T09:11:29+08:00 ] 121.42.0.85 /wp-admin/js/farbtastic.js
INFO: [ app_init ] --START--
INFO: Run Behavior\BuildLiteBehavior [ RunTime:0.000013s ]
INFO: [ app_init ] --END-- [ RunTime:0.000300s ]
ERR: 无法加载模块:Wp-admin

[ 2016-11-11T09:11:29+08:00 ] 121.42.0.85 /wp-includes/js/swfupload/plugins/swfupload.queue.js
INFO: [ app_init ] --START--
INFO: Run Behavior\BuildLiteBehavior [ RunTime:0.000015s ]
INFO: [ app_init ] --END-- [ RunTime:0.000322s ]
ERR: 无法加载模块:Wp-includes

[ 2016-11-11T09:11:29+08:00 ] 121.42.0.85 /admin/images/comment_alert.gif
INFO: [ app_init ] --START--
INFO: Run Behavior\BuildLiteBehavior [ RunTime:0.000013s ]
INFO: [ app_init ] --END-- [ RunTime:0.000309s ]
ERR: 无法加载模块:Admin

[ 2016-11-11T09:11:30+08:00 ] 121.42.0.85 /views/default/skin/blue/images/front/buying.gif
INFO: [ app_init ] --START--
INFO: Run Behavior\BuildLiteBehavior [ RunTime:0.000013s ]
INFO: [ app_init ] --END-- [ RunTime:0.000292s ]
ERR: 无法加载模块:Views

[ 2016-11-11T09:11:30+08:00 ] 121.42.0.85 /install/images/guide_1.gif
INFO: [ app_init ] --START--
INFO: Run Behavior\BuildLiteBehavior [ RunTime:0.000013s ]
INFO: [ app_init ] --END-- [ RunTime:0.000312s ]
ERR: 无法加载模块:Install

[ 2016-11-11T09:11:30+08:00 ] 121.42.0.85 /upload/2011/11/30/20111130113535527.jpg
INFO: [ app_init ] --START--
INFO: Run Behavior\BuildLiteBehavior [ RunTime:0.000013s ]
INFO: [ app_init ] --END-- [ RunTime:0.000315s ]
ERR: 无法加载模块:Upload

[ 2016-11-11T09:11:31+08:00 ] 121.42.0.85 /plus/weather/icon/a_12.gif
INFO: [ app_init ] --START--
INFO: Run Behavior\BuildLiteBehavior [ RunTime:0.000013s ]
INFO: [ app_init ] --END-- [ RunTime:0.000296s ]
ERR: 无法加载模块:Plus

[ 2016-11-11T09:11:31+08:00 ] 121.42.0.85 /question/images/face/images/ico_face_arrow.gif
INFO: [ app_init ] --START--
INFO: Run Behavior\BuildLiteBehavior [ RunTime:0.000013s ]
INFO: [ app_init ] --END-- [ RunTime:0.000339s ]
ERR: 无法加载模块:Question

[ 2016-11-11T09:11:31+08:00 ] 121.42.0.85 /images/movienr_right01.jpg
INFO: [ app_init ] --START--
INFO: Run Behavior\BuildLiteBehavior [ RunTime:0.000013s ]
INFO: [ app_init ] --END-- [ RunTime:0.000364s ]
ERR: 无法加载模块:Images

[ 2016-11-11T09:11:31+08:00 ] 121.42.0.85 /Admin/Images/RectNoColor.gif
INFO: [ app_init ] --START--
INFO: Run Behavior\BuildLiteBehavior [ RunTime:0.000013s ]
INFO: [ app_init ] --END-- [ RunTime:0.000274s ]
ERR: 无法加载模块:Admin

[ 2016-11-11T09:11:32+08:00 ] 121.42.0.85 /base/admin/images/linksup.gif
INFO: [ app_init ] --START--
INFO: Run Behavior\BuildLiteBehavior [ RunTime:0.000013s ]
INFO: [ app_init ] --END-- [ RunTime:0.000319s ]
ERR: 无法加载模块:Base

[ 2016-11-11T09:11:32+08:00 ] 121.42.0.85 /base/templates/images/2.png
INFO: [ app_init ] --START--
INFO: Run Behavior\BuildLiteBehavior [ RunTime:0.000013s ]
INFO: [ app_init ] --END-- [ RunTime:0.000304s ]
ERR: 无法加载模块:Base

[ 2016-11-11T09:11:32+08:00 ] 121.42.0.85 /zb_users/AVATAR/0.png
INFO: [ app_init ] --START--
INFO: Run Behavior\BuildLiteBehavior [ RunTime:0.000014s ]
INFO: [ app_init ] --END-- [ RunTime:0.000306s ]
ERR: 无法加载模块:Zb_users

[ 2016-11-11T09:11:32+08:00 ] 121.42.0.85 /zb_users/avatar/0.png
INFO: [ app_init ] --START--
INFO: Run Behavior\BuildLiteBehavior [ RunTime:0.000017s ]
INFO: [ app_init ] --END-- [ RunTime:0.000304s ]
ERR: 无法加载模块:Zb_users

[ 2016-11-11T09:11:33+08:00 ] 121.42.0.85 /admin/skins/images/ads_set3.gif
INFO: [ app_init ] --START--
INFO: Run Behavior\BuildLiteBehavior [ RunTime:0.000015s ]
INFO: [ app_init ] --END-- [ RunTime:0.000275s ]
ERR: 无法加载模块:Admin

[ 2016-11-11T09:11:33+08:00 ] 121.42.0.85 /images/forum_readme.gif
INFO: [ app_init ] --START--
INFO: Run Behavior\BuildLiteBehavior [ RunTime:0.000017s ]
INFO: [ app_init ] --END-- [ RunTime:0.000318s ]
ERR: 无法加载模块:Images

[ 2016-11-11T09:11:33+08:00 ] 121.42.0.85 /img/images/commentLoad.gif
INFO: [ app_init ] --START--
INFO: Run Behavior\BuildLiteBehavior [ RunTime:0.000030s ]
INFO: [ app_init ] --END-- [ RunTime:0.000308s ]
ERR: 无法加载模块:Img

[ 2016-11-11T09:11:33+08:00 ] 121.42.0.85 /install/images/bg-cmstop.jpg
INFO: [ app_init ] --START--
INFO: Run Behavior\BuildLiteBehavior [ RunTime:0.000015s ]
INFO: [ app_init ] --END-- [ RunTime:0.000326s ]
ERR: 无法加载模块:Install

[ 2016-11-11T09:11:33+08:00 ] 121.42.0.85 /app/Tpl/fanwe/images/icon_arrowdouble.jpg
INFO: [ app_init ] --START--
INFO: Run Behavior\BuildLiteBehavior [ RunTime:0.000016s ]
INFO: [ app_init ] --END-- [ RunTime:0.000333s ]
ERR: 无法加载模块:App

[ 2016-11-11T09:11:34+08:00 ] 121.42.0.85 /admin/images/loadingAnimation.gif
INFO: [ app_init ] --START--
INFO: Run Behavior\BuildLiteBehavior [ RunTime:0.000013s ]
INFO: [ app_init ] --END-- [ RunTime:0.000261s ]
ERR: 无法加载模块:Admin

[ 2016-11-11T09:11:34+08:00 ] 121.42.0.85 /images/modmenu_li_hover_bg.gif
INFO: [ app_init ] --START--
INFO: Run Behavior\BuildLiteBehavior [ RunTime:0.000014s ]
INFO: [ app_init ] --END-- [ RunTime:0.000286s ]
ERR: 无法加载模块:Images

[ 2016-11-11T09:11:34+08:00 ] 121.42.0.85 /administrator/templates/system/images/calendar.png
INFO: [ app_init ] --START--
INFO: Run Behavior\BuildLiteBehavior [ RunTime:0.000017s ]
INFO: [ app_init ] --END-- [ RunTime:0.000363s ]
ERR: 无法加载模块:Administrator

[ 2016-11-11T09:11:34+08:00 ] 121.42.0.85 /images/banners/shop-ad-books.jpg
INFO: [ app_init ] --START--
INFO: Run Behavior\BuildLiteBehavior [ RunTime:0.000014s ]
INFO: [ app_init ] --END-- [ RunTime:0.000276s ]
ERR: 无法加载模块:Images

[ 2016-11-11T09:11:35+08:00 ] 121.42.0.85 /Images/Sort_Folder_Close.gif
INFO: [ app_init ] --START--
INFO: Run Behavior\BuildLiteBehavior [ RunTime:0.000018s ]
INFO: [ app_init ] --END-- [ RunTime:0.000388s ]
ERR: 无法加载模块:Images

[ 2016-11-11T09:11:35+08:00 ] 121.42.0.85 /Images/arrow_04.gif
INFO: [ app_init ] --START--
INFO: Run Behavior\BuildLiteBehavior [ RunTime:0.000017s ]
INFO: [ app_init ] --END-- [ RunTime:0.000307s ]
ERR: 无法加载模块:Images

[ 2016-11-11T09:11:35+08:00 ] 121.42.0.85 /e/install/images/bg_1.gif
INFO: [ app_init ] --START--
INFO: Run Behavior\BuildLiteBehavior [ RunTime:0.000013s ]
INFO: [ app_init ] --END-- [ RunTime:0.000293s ]
ERR: 无法加载模块:E

[ 2016-11-11T09:11:35+08:00 ] 121.42.0.85 /images/public/hr_tijiao.gif
INFO: [ app_init ] --START--
INFO: Run Behavior\BuildLiteBehavior [ RunTime:0.000013s ]
INFO: [ app_init ] --END-- [ RunTime:0.000276s ]
ERR: 无法加载模块:Images

[ 2016-11-11T09:11:36+08:00 ] 121.42.0.85 /template/skin6/cn/images/ico_zlxz.gif
INFO: [ app_init ] --START--
INFO: Run Behavior\BuildLiteBehavior [ RunTime:0.000012s ]
INFO: [ app_init ] --END-- [ RunTime:0.000304s ]
ERR: 无法加载模块:Template

[ 2016-11-11T09:11:36+08:00 ] 121.42.0.85 /inc/image/bj.gif
INFO: [ app_init ] --START--
INFO: Run Behavior\BuildLiteBehavior [ RunTime:0.000019s ]
INFO: [ app_init ] --END-- [ RunTime:0.000300s ]
ERR: 无法加载模块:Inc

[ 2016-11-11T09:11:36+08:00 ] 121.42.0.85 /install/style.css
INFO: [ app_init ] --START--
INFO: Run Behavior\BuildLiteBehavior [ RunTime:0.000013s ]
INFO: [ app_init ] --END-- [ RunTime:0.000267s ]
ERR: 无法加载模块:Install

[ 2016-11-11T09:11:36+08:00 ] 121.42.0.85 /admin/images/arrow_right_8x8.png
INFO: [ app_init ] --START--
INFO: Run Behavior\BuildLiteBehavior [ RunTime:0.000019s ]
INFO: [ app_init ] --END-- [ RunTime:0.000387s ]
ERR: 无法加载模块:Admin

[ 2016-11-11T09:11:36+08:00 ] 121.42.0.85 /static/common/topic-min-img.png
INFO: [ app_init ] --START--
INFO: Run Behavior\BuildLiteBehavior [ RunTime:0.000014s ]
INFO: [ app_init ] --END-- [ RunTime:0.000378s ]
ERR: 无法加载模块:Static

[ 2016-11-11T09:11:37+08:00 ] 121.42.0.85 /image/admin/add.gif
INFO: [ app_init ] --START--
INFO: Run Behavior\BuildLiteBehavior [ RunTime:0.000014s ]
INFO: [ app_init ] --END-- [ RunTime:0.000272s ]
ERR: 无法加载模块:Image

[ 2016-11-11T09:11:37+08:00 ] 121.42.0.85 /image/cflag/ad.gif
INFO: [ app_init ] --START--
INFO: Run Behavior\BuildLiteBehavior [ RunTime:0.000015s ]
INFO: [ app_init ] --END-- [ RunTime:0.000324s ]
ERR: 无法加载模块:Image

[ 2016-11-11T09:11:37+08:00 ] 121.42.0.85 /Admin/images/install_lines.jpg
INFO: [ app_init ] --START--
INFO: Run Behavior\BuildLiteBehavior [ RunTime:0.000013s ]
INFO: [ app_init ] --END-- [ RunTime:0.000285s ]
ERR: 无法加载模块:Admin

[ 2016-11-11T09:11:37+08:00 ] 121.42.0.85 /Utility/pics/status-green.gif
INFO: [ app_init ] --START--
INFO: Run Behavior\BuildLiteBehavior [ RunTime:0.000018s ]
INFO: [ app_init ] --END-- [ RunTime:0.000294s ]
ERR: 无法加载模块:Utility

[ 2016-11-11T09:11:38+08:00 ] 121.42.0.85 /images/i_3.jpg
INFO: [ app_init ] --START--
INFO: Run Behavior\BuildLiteBehavior [ RunTime:0.000025s ]
INFO: [ app_init ] --END-- [ RunTime:0.000287s ]
ERR: 无法加载模块:Images

[ 2016-11-11T09:11:38+08:00 ] 121.42.0.85 /product/waterimage/200x200.png
INFO: [ app_init ] --START--
INFO: Run Behavior\BuildLiteBehavior [ RunTime:0.000014s ]
INFO: [ app_init ] --END-- [ RunTime:0.000397s ]
ERR: 无法加载模块:Product

[ 2016-11-11T09:11:38+08:00 ] 121.42.0.85 /install/images/header-corners.png
INFO: [ app_init ] --START--
INFO: Run Behavior\BuildLiteBehavior [ RunTime:0.000015s ]
INFO: [ app_init ] --END-- [ RunTime:0.000272s ]
ERR: 无法加载模块:Install

[ 2016-11-11T09:11:38+08:00 ] 121.42.0.85 /images/gif_47_106.gif
INFO: [ app_init ] --START--
INFO: Run Behavior\BuildLiteBehavior [ RunTime:0.000018s ]
INFO: [ app_init ] --END-- [ RunTime:0.000288s ]
ERR: 无法加载模块:Images

[ 2016-11-11T09:11:39+08:00 ] 121.42.0.85 /static/ayacms.gif
INFO: [ app_init ] --START--
INFO: Run Behavior\BuildLiteBehavior [ RunTime:0.000014s ]
INFO: [ app_init ] --END-- [ RunTime:0.000273s ]
ERR: 无法加载模块:Static

[ 2016-11-11T09:11:39+08:00 ] 121.42.0.85 /media/xmlconnect/system/ok.gif
INFO: [ app_init ] --START--
INFO: Run Behavior\BuildLiteBehavior [ RunTime:0.000013s ]
INFO: [ app_init ] --END-- [ RunTime:0.000274s ]
ERR: 无法加载模块:Media

[ 2016-11-11T09:11:39+08:00 ] 121.42.0.85 /LICENSE.txt
INFO: [ app_init ] --START--
INFO: Run Behavior\BuildLiteBehavior [ RunTime:0.000013s ]
INFO: [ app_init ] --END-- [ RunTime:0.000310s ]
ERR: 无法加载模块:LICENSE

[ 2016-11-11T09:11:39+08:00 ] 121.42.0.85 /skin/frontend/base/default/favicon.ico
INFO: [ app_init ] --START--
INFO: Run Behavior\BuildLiteBehavior [ RunTime:0.000013s ]
INFO: [ app_init ] --END-- [ RunTime:0.000282s ]
ERR: 无法加载模块:Skin

[ 2016-11-11T09:11:40+08:00 ] 121.42.0.85 /images/qq/qqkf2/Kf_bg03_03.gif
INFO: [ app_init ] --START--
INFO: Run Behavior\BuildLiteBehavior [ RunTime:0.000013s ]
INFO: [ app_init ] --END-- [ RunTime:0.000299s ]
ERR: 无法加载模块:Images

[ 2016-11-11T09:11:40+08:00 ] 121.42.0.85 /js/close.gif
INFO: [ app_init ] --START--
INFO: Run Behavior\BuildLiteBehavior [ RunTime:0.000019s ]
INFO: [ app_init ] --END-- [ RunTime:0.000302s ]
ERR: 无法加载模块:Js

[ 2016-11-11T09:11:40+08:00 ] 121.42.0.85 /bbs/css/images/add_category_hover.gif
INFO: [ app_init ] --START--
INFO: Run Behavior\BuildLiteBehavior [ RunTime:0.000014s ]
INFO: [ app_init ] --END-- [ RunTime:0.000306s ]
ERR: 无法加载模块:Bbs

[ 2016-11-11T09:11:40+08:00 ] 121.42.0.85 /celive/admin/live/loading.gif
INFO: [ app_init ] --START--
INFO: Run Behavior\BuildLiteBehavior [ RunTime:0.000013s ]
INFO: [ app_init ] --END-- [ RunTime:0.000266s ]
ERR: 无法加载模块:Celive

[ 2016-11-11T09:11:40+08:00 ] 121.42.0.85 /views/admin/images/arrowhead-y.png
INFO: [ app_init ] --START--
INFO: Run Behavior\BuildLiteBehavior [ RunTime:0.000013s ]
INFO: [ app_init ] --END-- [ RunTime:0.000262s ]
ERR: 无法加载模块:Views

[ 2016-11-11T09:11:41+08:00 ] 121.42.0.85 /style/default/hdwiki.css
INFO: [ app_init ] --START--
INFO: Run Behavior\BuildLiteBehavior [ RunTime:0.000019s ]
INFO: [ app_init ] --END-- [ RunTime:0.000435s ]
ERR: 无法加载模块:Style

[ 2016-11-11T09:11:41+08:00 ] 121.42.0.85 /style/default/fujian_top_bg.jpg
INFO: [ app_init ] --START--
INFO: Run Behavior\BuildLiteBehavior [ RunTime:0.000018s ]
INFO: [ app_init ] --END-- [ RunTime:0.000305s ]
ERR: 无法加载模块:Style

[ 2016-11-11T09:11:41+08:00 ] 121.42.0.85 /style/default/index_login_bg.jpg
INFO: [ app_init ] --START--
INFO: Run Behavior\BuildLiteBehavior [ RunTime:0.000013s ]
INFO: [ app_init ] --END-- [ RunTime:0.000266s ]
ERR: 无法加载模块:Style

[ 2016-11-11T09:11:42+08:00 ] 121.42.0.85 /style/default/style/bg_title.jpg
INFO: [ app_init ] --START--
INFO: Run Behavior\BuildLiteBehavior [ RunTime:0.000014s ]
INFO: [ app_init ] --END-- [ RunTime:0.000320s ]
ERR: 无法加载模块:Style

[ 2016-11-11T09:11:42+08:00 ] 121.42.0.85 /style/default/login_bg.jpg
INFO: [ app_init ] --START--
INFO: Run Behavior\BuildLiteBehavior [ RunTime:0.000014s ]
INFO: [ app_init ] --END-- [ RunTime:0.000296s ]
ERR: 无法加载模块:Style

[ 2016-11-11T09:11:42+08:00 ] 121.42.0.85 /CN/nite/images/title.gif
INFO: [ app_init ] --START--
INFO: Run Behavior\BuildLiteBehavior [ RunTime:0.000013s ]
INFO: [ app_init ] --END-- [ RunTime:0.000263s ]
ERR: 无法加载模块:CN

[ 2016-11-11T09:11:42+08:00 ] 121.42.0.85 /Images/dialog_closebtn_over.gif
INFO: [ app_init ] --START--
INFO: Run Behavior\BuildLiteBehavior [ RunTime:0.000019s ]
INFO: [ app_init ] --END-- [ RunTime:0.000303s ]
ERR: 无法加载模块:Images

[ 2016-11-11T09:11:43+08:00 ] 121.42.0.85 /App_Themes/AdminDefaultTheme/DateTheme/bgteuw.jpg
INFO: [ app_init ] --START--
INFO: Run Behavior\BuildLiteBehavior [ RunTime:0.000013s ]
INFO: [ app_init ] --END-- [ RunTime:0.000262s ]
ERR: 无法加载模块:App_Themes

[ 2016-11-11T09:11:43+08:00 ] 121.42.0.85 /Images/Microblog/dialog_rt.gif
INFO: [ app_init ] --START--
INFO: Run Behavior\BuildLiteBehavior [ RunTime:0.000017s ]
INFO: [ app_init ] --END-- [ RunTime:0.000469s ]
ERR: 无法加载模块:Images

[ 2016-11-11T09:11:43+08:00 ] 121.42.0.85 /admin/images/li_4.gif
INFO: [ app_init ] --START--
INFO: Run Behavior\BuildLiteBehavior [ RunTime:0.000014s ]
INFO: [ app_init ] --END-- [ RunTime:0.000272s ]
ERR: 无法加载模块:Admin

[ 2016-11-11T09:11:45+08:00 ] 121.42.0.85 /images/default/images/button_plain_hover.png
INFO: [ app_init ] --START--
INFO: Run Behavior\BuildLiteBehavior [ RunTime:0.000013s ]
INFO: [ app_init ] --END-- [ RunTime:0.000267s ]
ERR: 无法加载模块:Images

[ 2016-11-11T09:11:46+08:00 ] 121.42.0.85 /admin/tpl/images/welcome_h1.gif
INFO: [ app_init ] --START--
INFO: Run Behavior\BuildLiteBehavior [ RunTime:0.000015s ]
INFO: [ app_init ] --END-- [ RunTime:0.000283s ]
ERR: 无法加载模块:Admin

[ 2016-11-11T09:11:46+08:00 ] 121.42.0.85 /admin/images/bg-pay-return-success.gif
INFO: [ app_init ] --START--
INFO: Run Behavior\BuildLiteBehavior [ RunTime:0.000021s ]
INFO: [ app_init ] --END-- [ RunTime:0.000402s ]
ERR: 无法加载模块:Admin

[ 2016-11-11T09:11:46+08:00 ] 121.42.0.85 /template/default/images/ad_scroll_forward.png
INFO: [ app_init ] --START--
INFO: Run Behavior\BuildLiteBehavior [ RunTime:0.000014s ]
INFO: [ app_init ] --END-- [ RunTime:0.000311s ]
ERR: 无法加载模块:Template

[ 2016-11-11T09:11:46+08:00 ] 121.42.0.85 /adfile/ad9.js
INFO: [ app_init ] --START--
INFO: Run Behavior\BuildLiteBehavior [ RunTime:0.000014s ]
INFO: [ app_init ] --END-- [ RunTime:0.000337s ]
ERR: 无法加载模块:Adfile

[ 2016-11-11T09:11:47+08:00 ] 121.42.0.85 /admin/images/login_06.jpg
INFO: [ app_init ] --START--
INFO: Run Behavior\BuildLiteBehavior [ RunTime:0.000014s ]
INFO: [ app_init ] --END-- [ RunTime:0.000280s ]
ERR: 无法加载模块:Admin

[ 2016-11-11T09:11:47+08:00 ] 121.42.0.85 /extmail/default/images/lastpg.d.gif
INFO: [ app_init ] --START--
INFO: Run Behavior\BuildLiteBehavior [ RunTime:0.000015s ]
INFO: [ app_init ] --END-- [ RunTime:0.000299s ]
ERR: 无法加载模块:Extmail

[ 2016-11-11T09:11:47+08:00 ] 121.42.0.85 /admin/view/image/flags/wales.png
INFO: [ app_init ] --START--
INFO: Run Behavior\BuildLiteBehavior [ RunTime:0.000014s ]
INFO: [ app_init ] --END-- [ RunTime:0.000263s ]
ERR: 无法加载模块:Admin

[ 2016-11-11T09:11:47+08:00 ] 121.42.0.85 /admin/view/image/checkmark.png
INFO: [ app_init ] --START--
INFO: Run Behavior\BuildLiteBehavior [ RunTime:0.000020s ]
INFO: [ app_init ] --END-- [ RunTime:0.000386s ]
ERR: 无法加载模块:Admin

[ 2016-11-11T09:11:48+08:00 ] 121.42.0.85 /adminsoft/templates/images/bullet_blue.gif
INFO: [ app_init ] --START--
INFO: Run Behavior\BuildLiteBehavior [ RunTime:0.000013s ]
INFO: [ app_init ] --END-- [ RunTime:0.000267s ]
ERR: 无法加载模块:Adminsoft

[ 2016-11-11T09:11:48+08:00 ] 121.42.0.85 /public/plug/shipplug/exp04.jpg
INFO: [ app_init ] --START--
INFO: Run Behavior\BuildLiteBehavior [ RunTime:0.000015s ]
INFO: [ app_init ] --END-- [ RunTime:0.000317s ]
ERR: 无法加载模块:Public

[ 2016-11-11T09:11:50+08:00 ] 121.42.0.85 /images/admin/sprites.png
INFO: [ app_init ] --START--
INFO: Run Behavior\BuildLiteBehavior [ RunTime:0.000015s ]
INFO: [ app_init ] --END-- [ RunTime:0.000321s ]
ERR: 无法加载模块:Images

[ 2016-11-11T09:11:50+08:00 ] 121.42.0.85 /ACT_inc/ItemBg.gif
INFO: [ app_init ] --START--
INFO: Run Behavior\BuildLiteBehavior [ RunTime:0.000013s ]
INFO: [ app_init ] --END-- [ RunTime:0.000285s ]
ERR: 无法加载模块:ACT_inc

[ 2016-11-11T09:11:51+08:00 ] 121.42.0.85 /ACT_inc/share/minusbottom.gif
INFO: [ app_init ] --START--
INFO: Run Behavior\BuildLiteBehavior [ RunTime:0.000016s ]
INFO: [ app_init ] --END-- [ RunTime:0.000324s ]
ERR: 无法加载模块:ACT_inc

[ 2016-11-11T09:11:51+08:00 ] 121.42.0.85 /Admin/Images/bg_admin.jpg
INFO: [ app_init ] --START--
INFO: Run Behavior\BuildLiteBehavior [ RunTime:0.000017s ]
INFO: [ app_init ] --END-- [ RunTime:0.000390s ]
ERR: 无法加载模块:Admin

[ 2016-11-11T09:11:51+08:00 ] 121.42.0.85 /images/act_1.gif
INFO: [ app_init ] --START--
INFO: Run Behavior\BuildLiteBehavior [ RunTime:0.000012s ]
INFO: [ app_init ] --END-- [ RunTime:0.000261s ]
ERR: 无法加载模块:Images

[ 2016-11-11T09:11:51+08:00 ] 121.42.0.85 /images/reg.gif
INFO: [ app_init ] --START--
INFO: Run Behavior\BuildLiteBehavior [ RunTime:0.000015s ]
INFO: [ app_init ] --END-- [ RunTime:0.000417s ]
ERR: 无法加载模块:Images

[ 2016-11-11T10:48:44+08:00 ] 123.118.210.79 /favicon.ico
INFO: [ app_init ] --START--
INFO: Run Behavior\BuildLiteBehavior [ RunTime:0.000013s ]
INFO: [ app_init ] --END-- [ RunTime:0.000299s ]
ERR: 无法加载模块:Favicon

[ 2016-11-11T10:48:44+08:00 ] 123.118.210.79 /favicon.ico
INFO: [ app_init ] --START--
INFO: Run Behavior\BuildLiteBehavior [ RunTime:0.000018s ]
INFO: [ app_init ] --END-- [ RunTime:0.000312s ]
ERR: 无法加载模块:Favicon

[ 2016-11-11T15:20:50+08:00 ] 119.145.137.186 /favicon.ico
INFO: [ app_init ] --START--
INFO: Run Behavior\BuildLiteBehavior [ RunTime:0.000014s ]
INFO: [ app_init ] --END-- [ RunTime:0.000277s ]
ERR: 无法加载模块:Favicon

[ 2016-11-11T17:53:41+08:00 ] 121.42.0.38 /admin/images/menu-current-arrow.gif
INFO: [ app_init ] --START--
INFO: Run Behavior\BuildLiteBehavior [ RunTime:0.000018s ]
INFO: [ app_init ] --END-- [ RunTime:0.000313s ]
ERR: 无法加载模块:Admin

[ 2016-11-11T17:53:41+08:00 ] 121.42.0.38 /install/images/default/top1_r.jpg
INFO: [ app_init ] --START--
INFO: Run Behavior\BuildLiteBehavior [ RunTime:0.000015s ]
INFO: [ app_init ] --END-- [ RunTime:0.000278s ]
ERR: 无法加载模块:Install

[ 2016-11-11T17:53:41+08:00 ] 121.42.0.38 /images/default/hd_a1.gif
INFO: [ app_init ] --START--
INFO: Run Behavior\BuildLiteBehavior [ RunTime:0.000020s ]
INFO: [ app_init ] --END-- [ RunTime:0.000462s ]
ERR: 无法加载模块:Images

[ 2016-11-11T17:53:42+08:00 ] 121.42.0.38 /upload/200812/20081230023106860.gif
INFO: [ app_init ] --START--
INFO: Run Behavior\BuildLiteBehavior [ RunTime:0.000014s ]
INFO: [ app_init ] --END-- [ RunTime:0.000306s ]
ERR: 无法加载模块:Upload

[ 2016-11-11T17:53:42+08:00 ] 121.42.0.38 /Images/Mlogin/Bitmap02.gif
INFO: [ app_init ] --START--
INFO: Run Behavior\BuildLiteBehavior [ RunTime:0.000014s ]
INFO: [ app_init ] --END-- [ RunTime:0.000294s ]
ERR: 无法加载模块:Images

[ 2016-11-11T17:53:42+08:00 ] 121.42.0.38 /admin/image/menu_h4.png
INFO: [ app_init ] --START--
INFO: Run Behavior\BuildLiteBehavior [ RunTime:0.000013s ]
INFO: [ app_init ] --END-- [ RunTime:0.000384s ]
ERR: 无法加载模块:Admin

[ 2016-11-11T17:53:42+08:00 ] 121.42.0.38 /images/list_bg.png
INFO: [ app_init ] --START--
INFO: Run Behavior\BuildLiteBehavior [ RunTime:0.000014s ]
INFO: [ app_init ] --END-- [ RunTime:0.000276s ]
ERR: 无法加载模块:Images

[ 2016-11-11T17:53:43+08:00 ] 121.42.0.38 /theme/theme/default/images/bg_bnt_user_base_over.gif
INFO: [ app_init ] --START--
INFO: Run Behavior\BuildLiteBehavior [ RunTime:0.000014s ]
INFO: [ app_init ] --END-- [ RunTime:0.000269s ]
ERR: 无法加载模块:Theme

[ 2016-11-11T17:53:43+08:00 ] 121.42.0.38 /lib/images/vtip_arrow.gif
INFO: [ app_init ] --START--
INFO: Run Behavior\BuildLiteBehavior [ RunTime:0.000020s ]
INFO: [ app_init ] --END-- [ RunTime:0.000414s ]
ERR: 无法加载模块:Lib

[ 2016-11-11T17:53:43+08:00 ] 121.42.0.38 /dede/img/button_bg1.jpg
INFO: [ app_init ] --START--
INFO: Run Behavior\BuildLiteBehavior [ RunTime:0.000013s ]
INFO: [ app_init ] --END-- [ RunTime:0.000265s ]
ERR: 无法加载模块:Dede

[ 2016-11-11T17:53:43+08:00 ] 121.42.0.38 /plus/img/topsearch_submit.gif
INFO: [ app_init ] --START--
INFO: Run Behavior\BuildLiteBehavior [ RunTime:0.000015s ]
INFO: [ app_init ] --END-- [ RunTime:0.000280s ]
ERR: 无法加载模块:Plus

[ 2016-11-11T17:53:44+08:00 ] 121.42.0.38 /include/dialog/img/sp_bg.gif
INFO: [ app_init ] --START--
INFO: Run Behavior\BuildLiteBehavior [ RunTime:0.000014s ]
INFO: [ app_init ] --END-- [ RunTime:0.000280s ]
ERR: 无法加载模块:Include

[ 2016-11-11T17:53:44+08:00 ] 121.42.0.38 /images/topbanner_bg.png
INFO: [ app_init ] --START--
INFO: Run Behavior\BuildLiteBehavior [ RunTime:0.000014s ]
INFO: [ app_init ] --END-- [ RunTime:0.000332s ]
ERR: 无法加载模块:Images

[ 2016-11-11T17:53:44+08:00 ] 121.42.0.38 /system/images/lnk/system.gif
INFO: [ app_init ] --START--
INFO: Run Behavior\BuildLiteBehavior [ RunTime:0.000015s ]
INFO: [ app_init ] --END-- [ RunTime:0.000298s ]
ERR: 无法加载模块:System

[ 2016-11-11T17:53:44+08:00 ] 121.42.0.38 /images/confirm_close.gif
INFO: [ app_init ] --START--
INFO: Run Behavior\BuildLiteBehavior [ RunTime:0.000013s ]
INFO: [ app_init ] --END-- [ RunTime:0.000328s ]
ERR: 无法加载模块:Images

[ 2016-11-11T17:53:45+08:00 ] 121.42.0.38 /user/images/must.gif
INFO: [ app_init ] --START--
INFO: Run Behavior\BuildLiteBehavior [ RunTime:0.000020s ]
INFO: [ app_init ] --END-- [ RunTime:0.000358s ]
ERR: 无法加载模块:User

[ 2016-11-11T17:53:45+08:00 ] 121.42.0.38 /template/images/li1.gif
INFO: [ app_init ] --START--
INFO: Run Behavior\BuildLiteBehavior [ RunTime:0.000019s ]
INFO: [ app_init ] --END-- [ RunTime:0.000410s ]
ERR: 无法加载模块:Template

[ 2016-11-11T17:53:45+08:00 ] 121.42.0.38 /favicon.ico
INFO: [ app_init ] --START--
INFO: Run Behavior\BuildLiteBehavior [ RunTime:0.000030s ]
INFO: [ app_init ] --END-- [ RunTime:0.000283s ]
ERR: 无法加载模块:Favicon

[ 2016-11-11T17:53:45+08:00 ] 121.42.0.38 /images/page_code.png
INFO: [ app_init ] --START--
INFO: Run Behavior\BuildLiteBehavior [ RunTime:0.000014s ]
INFO: [ app_init ] --END-- [ RunTime:0.000366s ]
ERR: 无法加载模块:Images

[ 2016-11-11T17:53:48+08:00 ] 121.42.0.38 /images/samples/4_small.jpg
INFO: [ app_init ] --START--
INFO: Run Behavior\BuildLiteBehavior [ RunTime:0.000020s ]
INFO: [ app_init ] --END-- [ RunTime:0.000316s ]
ERR: 无法加载模块:Images

[ 2016-11-11T17:53:48+08:00 ] 121.42.0.38 /includes/templates/classic/images/stars_5.gif
INFO: [ app_init ] --START--
INFO: Run Behavior\BuildLiteBehavior [ RunTime:0.000013s ]
INFO: [ app_init ] --END-- [ RunTime:0.000295s ]
ERR: 无法加载模块:Includes

[ 2016-11-11T17:53:48+08:00 ] 121.42.0.38 /includes/templates/template_default/images/always-free-shipping.gif
INFO: [ app_init ] --START--
INFO: Run Behavior\BuildLiteBehavior [ RunTime:0.000014s ]
INFO: [ app_init ] --END-- [ RunTime:0.000279s ]
ERR: 无法加载模块:Includes

[ 2016-11-11T17:53:49+08:00 ] 121.42.0.38 /includes/templates/template_default/buttons/english/button_tell_a_friend.gif
INFO: [ app_init ] --START--
INFO: Run Behavior\BuildLiteBehavior [ RunTime:0.000013s ]
INFO: [ app_init ] --END-- [ RunTime:0.000285s ]
ERR: 无法加载模块:Includes

[ 2016-11-11T17:53:49+08:00 ] 121.42.0.38 /images/zttit02.png
INFO: [ app_init ] --START--
INFO: Run Behavior\BuildLiteBehavior [ RunTime:0.000013s ]
INFO: [ app_init ] --END-- [ RunTime:0.000280s ]
ERR: 无法加载模块:Images

[ 2016-11-11T17:53:49+08:00 ] 121.42.0.38 /Admin/Images/GoogleSiteMaplogo.gif
INFO: [ app_init ] --START--
INFO: Run Behavior\BuildLiteBehavior [ RunTime:0.000014s ]
INFO: [ app_init ] --END-- [ RunTime:0.000286s ]
ERR: 无法加载模块:Admin

[ 2016-11-11T17:53:49+08:00 ] 121.42.0.38 /template/user/images/manage_r2_c18.jpg
INFO: [ app_init ] --START--
INFO: Run Behavior\BuildLiteBehavior [ RunTime:0.000020s ]
INFO: [ app_init ] --END-- [ RunTime:0.000412s ]
ERR: 无法加载模块:Template

[ 2016-11-11T17:53:50+08:00 ] 121.42.0.38 /admin/images/admintitlebg.gif
INFO: [ app_init ] --START--
INFO: Run Behavior\BuildLiteBehavior [ RunTime:0.000023s ]
INFO: [ app_init ] --END-- [ RunTime:0.000308s ]
ERR: 无法加载模块:Admin

[ 2016-11-11T17:53:50+08:00 ] 121.42.0.38 /images/gengtie.jpg
INFO: [ app_init ] --START--
INFO: Run Behavior\BuildLiteBehavior [ RunTime:0.000013s ]
INFO: [ app_init ] --END-- [ RunTime:0.000278s ]
ERR: 无法加载模块:Images

[ 2016-11-11T17:53:50+08:00 ] 121.42.0.38 /core/themes/stable/images/core/menu-collapsed-rtl.png
INFO: [ app_init ] --START--
INFO: Run Behavior\BuildLiteBehavior [ RunTime:0.000015s ]
INFO: [ app_init ] --END-- [ RunTime:0.000288s ]
ERR: 无法加载模块:Core

[ 2016-11-11T17:53:50+08:00 ] 121.42.0.38 /misc/menu-expanded.png
INFO: [ app_init ] --START--
INFO: Run Behavior\BuildLiteBehavior [ RunTime:0.000013s ]
INFO: [ app_init ] --END-- [ RunTime:0.000315s ]
ERR: 无法加载模块:Misc

[ 2016-11-11T17:53:51+08:00 ] 121.42.0.38 /Admin/Images/icon_lpdhjl.png
INFO: [ app_init ] --START--
INFO: Run Behavior\BuildLiteBehavior [ RunTime:0.000016s ]
INFO: [ app_init ] --END-- [ RunTime:0.000338s ]
ERR: 无法加载模块:Admin

[ 2016-11-11T17:53:51+08:00 ] 121.42.0.38 /store/Images/hdfk.gif
INFO: [ app_init ] --START--
INFO: Run Behavior\BuildLiteBehavior [ RunTime:0.000014s ]
INFO: [ app_init ] --END-- [ RunTime:0.000299s ]
ERR: 无法加载模块:Store

[ 2016-11-11T17:53:51+08:00 ] 121.42.0.38 /skins/doccms_model_1/images/bg_contact_a.png
INFO: [ app_init ] --START--
INFO: Run Behavior\BuildLiteBehavior [ RunTime:0.000016s ]
INFO: [ app_init ] --END-- [ RunTime:0.000303s ]
ERR: 无法加载模块:Skins

[ 2016-11-11T17:53:51+08:00 ] 121.42.0.38 /admini/images/s_managehtml/icon_refresh.png
INFO: [ app_init ] --START--
INFO: Run Behavior\BuildLiteBehavior [ RunTime:0.000014s ]
INFO: [ app_init ] --END-- [ RunTime:0.000323s ]
ERR: 无法加载模块:Admini

[ 2016-11-11T17:53:52+08:00 ] 121.42.0.38 /Admin/Images/Icon-Nav-Close-over.gif
INFO: [ app_init ] --START--
INFO: Run Behavior\BuildLiteBehavior [ RunTime:0.000025s ]
INFO: [ app_init ] --END-- [ RunTime:0.000450s ]
ERR: 无法加载模块:Admin

[ 2016-11-11T17:53:52+08:00 ] 121.42.0.38 /images/menu_righttop.gif
INFO: [ app_init ] --START--
INFO: Run Behavior\BuildLiteBehavior [ RunTime:0.000013s ]
INFO: [ app_init ] --END-- [ RunTime:0.000292s ]
ERR: 无法加载模块:Images

[ 2016-11-11T17:53:52+08:00 ] 121.42.0.38 /app/resource/images/coupon-hd-bg.png
INFO: [ app_init ] --START--
INFO: Run Behavior\BuildLiteBehavior [ RunTime:0.000016s ]
INFO: [ app_init ] --END-- [ RunTime:0.000388s ]
ERR: 无法加载模块:App

[ 2016-11-11T17:53:52+08:00 ] 121.42.0.38 /web/resource/images/bg_repno.gif
INFO: [ app_init ] --START--
INFO: Run Behavior\BuildLiteBehavior [ RunTime:0.000013s ]
INFO: [ app_init ] --END-- [ RunTime:0.000281s ]
ERR: 无法加载模块:Web

[ 2016-11-11T17:53:53+08:00 ] 121.42.0.38 /resource/image/bg_repno.gif
INFO: [ app_init ] --START--
INFO: Run Behavior\BuildLiteBehavior [ RunTime:0.000013s ]
INFO: [ app_init ] --END-- [ RunTime:0.000301s ]
ERR: 无法加载模块:Resource

[ 2016-11-11T17:53:53+08:00 ] 121.42.0.38 /admin/images/abg2.png
INFO: [ app_init ] --START--
INFO: Run Behavior\BuildLiteBehavior [ RunTime:0.000014s ]
INFO: [ app_init ] --END-- [ RunTime:0.000281s ]
ERR: 无法加载模块:Admin

[ 2016-11-11T17:53:53+08:00 ] 121.42.0.38 /face/5.gif
INFO: [ app_init ] --START--
INFO: Run Behavior\BuildLiteBehavior [ RunTime:0.000014s ]
INFO: [ app_init ] --END-- [ RunTime:0.000268s ]
ERR: 无法加载模块:Face

[ 2016-11-11T17:53:53+08:00 ] 121.42.0.38 /xin/btn_regis.gif
INFO: [ app_init ] --START--
INFO: Run Behavior\BuildLiteBehavior [ RunTime:0.000013s ]
INFO: [ app_init ] --END-- [ RunTime:0.000282s ]
ERR: 无法加载模块:Xin

[ 2016-11-11T17:53:54+08:00 ] 121.42.0.38 /global/banklist_hnapay.jpg
INFO: [ app_init ] --START--
INFO: Run Behavior\BuildLiteBehavior [ RunTime:0.000013s ]
INFO: [ app_init ] --END-- [ RunTime:0.000306s ]
ERR: 无法加载模块:Global

[ 2016-11-11T17:53:54+08:00 ] 121.42.0.38 /Public/lottery/roulette/images/b0-2.jpg
INFO: [ app_init ] --START--
INFO: Run Behavior\BuildLiteBehavior [ RunTime:0.000014s ]
INFO: [ app_init ] --END-- [ RunTime:0.000315s ]
ERR: 无法加载模块:Public

[ 2016-11-11T17:53:54+08:00 ] 121.42.0.38 /m/_/images/fileicon/jpg.png
INFO: [ app_init ] --START--
INFO: Run Behavior\BuildLiteBehavior [ RunTime:0.000014s ]
INFO: [ app_init ] --END-- [ RunTime:0.000276s ]
ERR: 无法加载模块:M

[ 2016-11-11T17:53:54+08:00 ] 121.42.0.38 /system/images/tab_17.gif
INFO: [ app_init ] --START--
INFO: Run Behavior\BuildLiteBehavior [ RunTime:0.000013s ]
INFO: [ app_init ] --END-- [ RunTime:0.000268s ]
ERR: 无法加载模块:System

[ 2016-11-11T17:53:57+08:00 ] 121.42.0.38 /admin/images/top_tt_bg.gif
INFO: [ app_init ] --START--
INFO: Run Behavior\BuildLiteBehavior [ RunTime:0.000015s ]
INFO: [ app_init ] --END-- [ RunTime:0.000300s ]
ERR: 无法加载模块:Admin

[ 2016-11-11T17:53:57+08:00 ] 121.42.0.38 /Public/img/fotorama.png
INFO: [ app_init ] --START--
INFO: Run Behavior\BuildLiteBehavior [ RunTime:0.000013s ]
INFO: [ app_init ] --END-- [ RunTime:0.000288s ]
ERR: 无法加载模块:Public

[ 2016-11-11T17:54:00+08:00 ] 121.42.0.38 /inc_img/vote/vote2_1.gif
INFO: [ app_init ] --START--
INFO: Run Behavior\BuildLiteBehavior [ RunTime:0.000013s ]
INFO: [ app_init ] --END-- [ RunTime:0.000292s ]
ERR: 无法加载模块:Inc_img

[ 2016-11-11T17:54:02+08:00 ] 121.42.0.38 /i5808/images/menu_reduce.gif
INFO: [ app_init ] --START--
INFO: Run Behavior\BuildLiteBehavior [ RunTime:0.000013s ]
INFO: [ app_init ] --END-- [ RunTime:0.000338s ]
ERR: 无法加载模块:I5808

[ 2016-11-11T17:54:02+08:00 ] 121.42.0.38 /skins/images/ico_catalogue.png
INFO: [ app_init ] --START--
INFO: Run Behavior\BuildLiteBehavior [ RunTime:0.000014s ]
INFO: [ app_init ] --END-- [ RunTime:0.000268s ]
ERR: 无法加载模块:Skins

[ 2016-11-11T17:54:03+08:00 ] 121.42.0.38 /images/logout1.png
INFO: [ app_init ] --START--
INFO: Run Behavior\BuildLiteBehavior [ RunTime:0.000014s ]
INFO: [ app_init ] --END-- [ RunTime:0.000335s ]
ERR: 无法加载模块:Images

[ 2016-11-11T17:54:03+08:00 ] 121.42.0.38 /forum/images/logout1.png
INFO: [ app_init ] --START--
INFO: Run Behavior\BuildLiteBehavior [ RunTime:0.000014s ]
INFO: [ app_init ] --END-- [ RunTime:0.000277s ]
ERR: 无法加载模块:Forum

[ 2016-11-11T17:54:05+08:00 ] 121.42.0.38 /images/rank/soso.gif
INFO: [ app_init ] --START--
INFO: Run Behavior\BuildLiteBehavior [ RunTime:0.000014s ]
INFO: [ app_init ] --END-- [ RunTime:0.000328s ]
ERR: 无法加载模块:Images

[ 2016-11-11T17:54:06+08:00 ] 121.42.0.38 /console/images/bg11.jpg
INFO: [ app_init ] --START--
INFO: Run Behavior\BuildLiteBehavior [ RunTime:0.000014s ]
INFO: [ app_init ] --END-- [ RunTime:0.000269s ]
ERR: 无法加载模块:Console

[ 2016-11-11T17:54:06+08:00 ] 121.42.0.38 /console/images/login.gif
INFO: [ app_init ] --START--
INFO: Run Behavior\BuildLiteBehavior [ RunTime:0.000014s ]
INFO: [ app_init ] --END-- [ RunTime:0.000263s ]
ERR: 无法加载模块:Console

[ 2016-11-11T17:54:06+08:00 ] 121.42.0.38 /Admincp/images/login_r2_c2_r1_c4.jpg
INFO: [ app_init ] --START--
INFO: Run Behavior\BuildLiteBehavior [ RunTime:0.000014s ]
INFO: [ app_init ] --END-- [ RunTime:0.000312s ]
ERR: 无法加载模块:Admincp

[ 2016-11-11T17:54:06+08:00 ] 121.42.0.38 /statics/delivertitle.gif
INFO: [ app_init ] --START--
INFO: Run Behavior\BuildLiteBehavior [ RunTime:0.000014s ]
INFO: [ app_init ] --END-- [ RunTime:0.000290s ]
ERR: 无法加载模块:Statics

[ 2016-11-11T17:54:07+08:00 ] 121.42.0.38 /images/default/shopexstorelogo.jpg
INFO: [ app_init ] --START--
INFO: Run Behavior\BuildLiteBehavior [ RunTime:0.000014s ]
INFO: [ app_init ] --END-- [ RunTime:0.000298s ]
ERR: 无法加载模块:Images

[ 2016-11-11T17:54:07+08:00 ] 121.42.0.38 /admin/images/netgather_com.gif
INFO: [ app_init ] --START--
INFO: Run Behavior\BuildLiteBehavior [ RunTime:0.000017s ]
INFO: [ app_init ] --END-- [ RunTime:0.000371s ]
ERR: 无法加载模块:Admin

[ 2016-11-11T17:54:07+08:00 ] 121.42.0.38 /cn/images/banner_page_bg.gif
INFO: [ app_init ] --START--
INFO: Run Behavior\BuildLiteBehavior [ RunTime:0.000014s ]
INFO: [ app_init ] --END-- [ RunTime:0.000282s ]
ERR: 无法加载模块:Cn

[ 2016-11-11T17:54:07+08:00 ] 121.42.0.38 /static/image/common/addicn.gif
INFO: [ app_init ] --START--
INFO: Run Behavior\BuildLiteBehavior [ RunTime:0.000018s ]
INFO: [ app_init ] --END-- [ RunTime:0.000373s ]
ERR: 无法加载模块:Static

[ 2016-11-11T17:54:08+08:00 ] 121.42.0.38 /static/space/t1/images/title.png
INFO: [ app_init ] --START--
INFO: Run Behavior\BuildLiteBehavior [ RunTime:0.000012s ]
INFO: [ app_init ] --END-- [ RunTime:0.000287s ]
ERR: 无法加载模块:Static

[ 2016-11-11T17:54:08+08:00 ] 121.42.0.38 /themes/forum/default/images/forum/lock.gif
INFO: [ app_init ] --START--
INFO: Run Behavior\BuildLiteBehavior [ RunTime:0.000018s ]
INFO: [ app_init ] --END-- [ RunTime:0.000311s ]
ERR: 无法加载模块:Themes

[ 2016-11-11T17:54:08+08:00 ] 121.42.0.38 /images/select_arrow_over.gif
INFO: [ app_init ] --START--
INFO: Run Behavior\BuildLiteBehavior [ RunTime:0.000013s ]
INFO: [ app_init ] --END-- [ RunTime:0.000285s ]
ERR: 无法加载模块:Images

[ 2016-11-11T17:54:08+08:00 ] 121.42.0.38 /static/images/buttons_40.png
INFO: [ app_init ] --START--
INFO: Run Behavior\BuildLiteBehavior [ RunTime:0.000021s ]
INFO: [ app_init ] --END-- [ RunTime:0.000410s ]
ERR: 无法加载模块:Static

[ 2016-11-11T17:54:09+08:00 ] 121.42.0.38 /include/image/dui_r.gif
INFO: [ app_init ] --START--
INFO: Run Behavior\BuildLiteBehavior [ RunTime:0.000022s ]
INFO: [ app_init ] --END-- [ RunTime:0.000286s ]
ERR: 无法加载模块:Include

[ 2016-11-11T17:54:09+08:00 ] 121.42.0.38 /template/default/index/images/anvico.png
INFO: [ app_init ] --START--
INFO: Run Behavior\BuildLiteBehavior [ RunTime:0.000014s ]
INFO: [ app_init ] --END-- [ RunTime:0.000298s ]
ERR: 无法加载模块:Template

[ 2016-11-11T17:54:09+08:00 ] 121.42.0.38 /skin/default/image/add_job.gif
INFO: [ app_init ] --START--
INFO: Run Behavior\BuildLiteBehavior [ RunTime:0.000015s ]
INFO: [ app_init ] --END-- [ RunTime:0.000355s ]
ERR: 无法加载模块:Skin

[ 2016-11-11T17:54:09+08:00 ] 121.42.0.38 /app/Tpl/main/fanwe/images/fanwe_ui/ui-buttonbg.gif
INFO: [ app_init ] --START--
INFO: Run Behavior\BuildLiteBehavior [ RunTime:0.000013s ]
INFO: [ app_init ] --END-- [ RunTime:0.000281s ]
ERR: 无法加载模块:App

[ 2016-11-11T17:54:10+08:00 ] 121.42.0.38 /views/images/admin/closex.gif
INFO: [ app_init ] --START--
INFO: Run Behavior\BuildLiteBehavior [ RunTime:0.000030s ]
INFO: [ app_init ] --END-- [ RunTime:0.000278s ]
ERR: 无法加载模块:Views

[ 2016-11-11T17:54:10+08:00 ] 121.42.0.38 /template/default/images/gbook_btn_bg.gif
INFO: [ app_init ] --START--
INFO: Run Behavior\BuildLiteBehavior [ RunTime:0.000018s ]
INFO: [ app_init ] --END-- [ RunTime:0.000322s ]
ERR: 无法加载模块:Template

[ 2016-11-11T17:54:10+08:00 ] 121.42.0.38 /inc/images/captcha_bg.jpg
INFO: [ app_init ] --START--
INFO: Run Behavior\BuildLiteBehavior [ RunTime:0.000013s ]
INFO: [ app_init ] --END-- [ RunTime:0.000273s ]
ERR: 无法加载模块:Inc

[ 2016-11-11T17:54:10+08:00 ] 121.42.0.38 /inc/templates/manage/images/cross_grey_small.png
INFO: [ app_init ] --START--
INFO: Run Behavior\BuildLiteBehavior [ RunTime:0.000030s ]
INFO: [ app_init ] --END-- [ RunTime:0.000326s ]
ERR: 无法加载模块:Inc

[ 2016-11-11T17:54:11+08:00 ] 121.42.0.38 /content/plugins/tips/icon_tips.gif
INFO: [ app_init ] --START--
INFO: Run Behavior\BuildLiteBehavior [ RunTime:0.000013s ]
INFO: [ app_init ] --END-- [ RunTime:0.000273s ]
ERR: 无法加载模块:Content

[ 2016-11-11T17:54:11+08:00 ] 121.42.0.38 /content/templates/default/images/weibe_button.gif
INFO: [ app_init ] --START--
INFO: Run Behavior\BuildLiteBehavior [ RunTime:0.000014s ]
INFO: [ app_init ] --END-- [ RunTime:0.000291s ]
ERR: 无法加载模块:Content

[ 2016-11-11T17:54:11+08:00 ] 121.42.0.38 /admin/templates/met/images/logosmall.gif
INFO: [ app_init ] --START--
INFO: Run Behavior\BuildLiteBehavior [ RunTime:0.000013s ]
INFO: [ app_init ] --END-- [ RunTime:0.000282s ]
ERR: 无法加载模块:Admin

[ 2016-11-11T17:54:11+08:00 ] 121.42.0.38 /favicon.ico
INFO: [ app_init ] --START--
INFO: Run Behavior\BuildLiteBehavior [ RunTime:0.000013s ]
INFO: [ app_init ] --END-- [ RunTime:0.000292s ]
ERR: 无法加载模块:Favicon

[ 2016-11-11T17:54:12+08:00 ] 121.42.0.38 /job/templates/met/css/style.css
INFO: [ app_init ] --START--
INFO: Run Behavior\BuildLiteBehavior [ RunTime:0.000014s ]
INFO: [ app_init ] --END-- [ RunTime:0.000301s ]
ERR: 无法加载模块:Job

[ 2016-11-11T17:54:12+08:00 ] 121.42.0.38 /wap/templates/met/images/listico.gif
INFO: [ app_init ] --START--
INFO: Run Behavior\BuildLiteBehavior [ RunTime:0.000013s ]
INFO: [ app_init ] --END-- [ RunTime:0.000262s ]
ERR: 无法加载模块:Wap

[ 2016-11-11T17:54:14+08:00 ] 121.42.0.38 /install/images/install-step1-en_us.gif
INFO: [ app_init ] --START--
INFO: Run Behavior\BuildLiteBehavior [ RunTime:0.000014s ]
INFO: [ app_init ] --END-- [ RunTime:0.000315s ]
ERR: 无法加载模块:Install

[ 2016-11-11T17:54:15+08:00 ] 121.42.0.38 /images/admina/logo.png
INFO: [ app_init ] --START--
INFO: Run Behavior\BuildLiteBehavior [ RunTime:0.000014s ]
INFO: [ app_init ] --END-- [ RunTime:0.000313s ]
ERR: 无法加载模块:Images

[ 2016-11-11T17:54:15+08:00 ] 121.42.0.38 /images/admina/sitmap0.png
INFO: [ app_init ] --START--
INFO: Run Behavior\BuildLiteBehavior [ RunTime:0.000014s ]
INFO: [ app_init ] --END-- [ RunTime:0.000279s ]
ERR: 无法加载模块:Images

[ 2016-11-11T17:54:15+08:00 ] 121.42.0.38 /app/Tpl/fanwe/images/fancybox_loading.gif
INFO: [ app_init ] --START--
INFO: Run Behavior\BuildLiteBehavior [ RunTime:0.000013s ]
INFO: [ app_init ] --END-- [ RunTime:0.000271s ]
ERR: 无法加载模块:App

[ 2016-11-11T17:54:15+08:00 ] 121.42.0.38 /images/side_bg_r2_c1.gif
INFO: [ app_init ] --START--
INFO: Run Behavior\BuildLiteBehavior [ RunTime:0.000013s ]
INFO: [ app_init ] --END-- [ RunTime:0.000268s ]
ERR: 无法加载模块:Images

[ 2016-11-11T17:54:16+08:00 ] 121.42.0.38 /e/install/images/noadd.gif
INFO: [ app_init ] --START--
INFO: Run Behavior\BuildLiteBehavior [ RunTime:0.000017s ]
INFO: [ app_init ] --END-- [ RunTime:0.000395s ]
ERR: 无法加载模块:E

[ 2016-11-11T17:54:16+08:00 ] 121.42.0.38 /d/js/acmsd/close_o.gif
INFO: [ app_init ] --START--
INFO: Run Behavior\BuildLiteBehavior [ RunTime:0.000013s ]
INFO: [ app_init ] --END-- [ RunTime:0.000284s ]
ERR: 无法加载模块:D

[ 2016-11-11T17:54:16+08:00 ] 121.42.0.38 /admin/images/login/index_hz02.gif
INFO: [ app_init ] --START--
INFO: Run Behavior\BuildLiteBehavior [ RunTime:0.000019s ]
INFO: [ app_init ] --END-- [ RunTime:0.000406s ]
ERR: 无法加载模块:Admin

[ 2016-11-11T17:54:16+08:00 ] 121.42.0.38 /images/showsp/areabg.gif
INFO: [ app_init ] --START--
INFO: Run Behavior\BuildLiteBehavior [ RunTime:0.000013s ]
INFO: [ app_init ] --END-- [ RunTime:0.000265s ]
ERR: 无法加载模块:Images

[ 2016-11-11T17:54:17+08:00 ] 121.42.0.38 /SiteServer/Pic/Company/login.gif
INFO: [ app_init ] --START--
INFO: Run Behavior\BuildLiteBehavior [ RunTime:0.000013s ]
INFO: [ app_init ] --END-- [ RunTime:0.000310s ]
ERR: 无法加载模块:SiteServer

[ 2016-11-11T17:54:17+08:00 ] 121.42.0.38 /Pic/Company/login.gif
INFO: [ app_init ] --START--
INFO: Run Behavior\BuildLiteBehavior [ RunTime:0.000014s ]
INFO: [ app_init ] --END-- [ RunTime:0.000291s ]
ERR: 无法加载模块:Pic

[ 2016-11-11T17:54:17+08:00 ] 121.42.0.38 /SiteServer/Pic/tree/itemContainer.gif
INFO: [ app_init ] --START--
INFO: Run Behavior\BuildLiteBehavior [ RunTime:0.000020s ]
INFO: [ app_init ] --END-- [ RunTime:0.000333s ]
ERR: 无法加载模块:SiteServer

[ 2016-11-11T17:54:20+08:00 ] 121.42.0.38 /Images/Silder/sldr3h_sl.gif
INFO: [ app_init ] --START--
INFO: Run Behavior\BuildLiteBehavior [ RunTime:0.000014s ]
INFO: [ app_init ] --END-- [ RunTime:0.000304s ]
ERR: 无法加载模块:Images

[ 2016-11-11T17:54:20+08:00 ] 121.42.0.38 /Admin/Images/LoginImages/logyh.gif
INFO: [ app_init ] --START--
INFO: Run Behavior\BuildLiteBehavior [ RunTime:0.000014s ]
INFO: [ app_init ] --END-- [ RunTime:0.000296s ]
ERR: 无法加载模块:Admin

[ 2016-11-11T17:54:20+08:00 ] 121.42.0.38 /public/images/xueli_1.jpg
INFO: [ app_init ] --START--
INFO: Run Behavior\BuildLiteBehavior [ RunTime:0.000017s ]
INFO: [ app_init ] --END-- [ RunTime:0.000351s ]
ERR: 无法加载模块:Public

[ 2016-11-11T17:54:20+08:00 ] 121.42.0.38 /statics/images/admin_img/arrowhead-y.png
INFO: [ app_init ] --START--
INFO: Run Behavior\BuildLiteBehavior [ RunTime:0.000013s ]
INFO: [ app_init ] --END-- [ RunTime:0.000326s ]
ERR: 无法加载模块:Statics

[ 2016-11-11T17:54:21+08:00 ] 121.42.0.38 /phpsso_server/statics/images/msg_img/chrome_s_1.png
INFO: [ app_init ] --START--
INFO: Run Behavior\BuildLiteBehavior [ RunTime:0.000017s ]
INFO: [ app_init ] --END-- [ RunTime:0.000289s ]
ERR: 无法加载模块:Phpsso_server

[ 2016-11-11T17:54:21+08:00 ] 121.42.0.38 /images/buddies.png
INFO: [ app_init ] --START--
INFO: Run Behavior\BuildLiteBehavior [ RunTime:0.000014s ]
INFO: [ app_init ] --END-- [ RunTime:0.000302s ]
ERR: 无法加载模块:Images

[ 2016-11-11T17:54:21+08:00 ] 121.42.0.38 /script/valid_formdata.js
INFO: [ app_init ] --START--
INFO: Run Behavior\BuildLiteBehavior [ RunTime:0.000013s ]
INFO: [ app_init ] --END-- [ RunTime:0.000268s ]
ERR: 无法加载模块:Script

[ 2016-11-11T17:54:24+08:00 ] 121.42.0.38 /admin/templates/images/filestate.png
INFO: [ app_init ] --START--
INFO: Run Behavior\BuildLiteBehavior [ RunTime:0.000019s ]
INFO: [ app_init ] --END-- [ RunTime:0.000302s ]
ERR: 无法加载模块:Admin

[ 2016-11-11T17:54:24+08:00 ] 121.42.0.38 /images/ad_location_middle_center1.jpg
INFO: [ app_init ] --START--
INFO: Run Behavior\BuildLiteBehavior [ RunTime:0.000013s ]
INFO: [ app_init ] --END-- [ RunTime:0.000319s ]
ERR: 无法加载模块:Images

[ 2016-11-11T17:54:24+08:00 ] 121.42.0.38 /theme/t1/themebg_preview.jpg
INFO: [ app_init ] --START--
INFO: Run Behavior\BuildLiteBehavior [ RunTime:0.000013s ]
INFO: [ app_init ] --END-- [ RunTime:0.000263s ]
ERR: 无法加载模块:Theme

[ 2016-11-11T17:54:24+08:00 ] 121.42.0.38 /images/table_bg.jpg
INFO: [ app_init ] --START--
INFO: Run Behavior\BuildLiteBehavior [ RunTime:0.000033s ]
INFO: [ app_init ] --END-- [ RunTime:0.000391s ]
ERR: 无法加载模块:Images

[ 2016-11-11T17:54:25+08:00 ] 121.42.0.38 /images/ext/midi.gif
INFO: [ app_init ] --START--
INFO: Run Behavior\BuildLiteBehavior [ RunTime:0.000015s ]
INFO: [ app_init ] --END-- [ RunTime:0.000290s ]
ERR: 无法加载模块:Images

[ 2016-11-11T17:54:25+08:00 ] 121.42.0.38 /wp-includes/images/icon-pointer-flag.png
INFO: [ app_init ] --START--
INFO: Run Behavior\BuildLiteBehavior [ RunTime:0.000014s ]
INFO: [ app_init ] --END-- [ RunTime:0.000303s ]
ERR: 无法加载模块:Wp-includes

[ 2016-11-11T17:54:25+08:00 ] 121.42.0.38 /wp-admin/images/yes.png
INFO: [ app_init ] --START--
INFO: Run Behavior\BuildLiteBehavior [ RunTime:0.000014s ]
INFO: [ app_init ] --END-- [ RunTime:0.000300s ]
ERR: 无法加载模块:Wp-admin

[ 2016-11-11T17:54:25+08:00 ] 121.42.0.38 /wp-admin/js/farbtastic.js
INFO: [ app_init ] --START--
INFO: Run Behavior\BuildLiteBehavior [ RunTime:0.000019s ]
INFO: [ app_init ] --END-- [ RunTime:0.000436s ]
ERR: 无法加载模块:Wp-admin

[ 2016-11-11T17:54:26+08:00 ] 121.42.0.38 /wp-includes/js/swfupload/plugins/swfupload.queue.js
INFO: [ app_init ] --START--
INFO: Run Behavior\BuildLiteBehavior [ RunTime:0.000013s ]
INFO: [ app_init ] --END-- [ RunTime:0.000281s ]
ERR: 无法加载模块:Wp-includes

[ 2016-11-11T17:54:26+08:00 ] 121.42.0.38 /admin/images/comment_alert.gif
INFO: [ app_init ] --START--
INFO: Run Behavior\BuildLiteBehavior [ RunTime:0.000014s ]
INFO: [ app_init ] --END-- [ RunTime:0.000285s ]
ERR: 无法加载模块:Admin

[ 2016-11-11T17:54:26+08:00 ] 121.42.0.38 /views/default/skin/blue/images/front/buying.gif
INFO: [ app_init ] --START--
INFO: Run Behavior\BuildLiteBehavior [ RunTime:0.000017s ]
INFO: [ app_init ] --END-- [ RunTime:0.000314s ]
ERR: 无法加载模块:Views

[ 2016-11-11T17:54:27+08:00 ] 121.42.0.38 /install/images/guide_1.gif
INFO: [ app_init ] --START--
INFO: Run Behavior\BuildLiteBehavior [ RunTime:0.000013s ]
INFO: [ app_init ] --END-- [ RunTime:0.000270s ]
ERR: 无法加载模块:Install

[ 2016-11-11T17:54:27+08:00 ] 121.42.0.38 /upload/2011/11/30/20111130113535527.jpg
INFO: [ app_init ] --START--
INFO: Run Behavior\BuildLiteBehavior [ RunTime:0.000013s ]
INFO: [ app_init ] --END-- [ RunTime:0.000285s ]
ERR: 无法加载模块:Upload

[ 2016-11-11T17:54:27+08:00 ] 121.42.0.38 /plus/weather/icon/a_12.gif
INFO: [ app_init ] --START--
INFO: Run Behavior\BuildLiteBehavior [ RunTime:0.000014s ]
INFO: [ app_init ] --END-- [ RunTime:0.000302s ]
ERR: 无法加载模块:Plus

[ 2016-11-11T17:54:27+08:00 ] 121.42.0.38 /question/images/face/images/ico_face_arrow.gif
INFO: [ app_init ] --START--
INFO: Run Behavior\BuildLiteBehavior [ RunTime:0.000013s ]
INFO: [ app_init ] --END-- [ RunTime:0.000264s ]
ERR: 无法加载模块:Question

[ 2016-11-11T17:54:28+08:00 ] 121.42.0.38 /images/movienr_right01.jpg
INFO: [ app_init ] --START--
INFO: Run Behavior\BuildLiteBehavior [ RunTime:0.000013s ]
INFO: [ app_init ] --END-- [ RunTime:0.000307s ]
ERR: 无法加载模块:Images

[ 2016-11-11T17:54:28+08:00 ] 121.42.0.38 /Admin/Images/RectNoColor.gif
INFO: [ app_init ] --START--
INFO: Run Behavior\BuildLiteBehavior [ RunTime:0.000013s ]
INFO: [ app_init ] --END-- [ RunTime:0.000277s ]
ERR: 无法加载模块:Admin

[ 2016-11-11T17:54:28+08:00 ] 121.42.0.38 /base/admin/images/linksup.gif
INFO: [ app_init ] --START--
INFO: Run Behavior\BuildLiteBehavior [ RunTime:0.000014s ]
INFO: [ app_init ] --END-- [ RunTime:0.000312s ]
ERR: 无法加载模块:Base

[ 2016-11-11T17:54:28+08:00 ] 121.42.0.38 /base/templates/images/2.png
INFO: [ app_init ] --START--
INFO: Run Behavior\BuildLiteBehavior [ RunTime:0.000014s ]
INFO: [ app_init ] --END-- [ RunTime:0.000277s ]
ERR: 无法加载模块:Base

[ 2016-11-11T17:54:29+08:00 ] 121.42.0.38 /zb_users/AVATAR/0.png
INFO: [ app_init ] --START--
INFO: Run Behavior\BuildLiteBehavior [ RunTime:0.000013s ]
INFO: [ app_init ] --END-- [ RunTime:0.000267s ]
ERR: 无法加载模块:Zb_users

[ 2016-11-11T17:54:29+08:00 ] 121.42.0.38 /zb_users/avatar/0.png
INFO: [ app_init ] --START--
INFO: Run Behavior\BuildLiteBehavior [ RunTime:0.000014s ]
INFO: [ app_init ] --END-- [ RunTime:0.000377s ]
ERR: 无法加载模块:Zb_users

[ 2016-11-11T17:54:29+08:00 ] 121.42.0.38 /admin/skins/images/ads_set3.gif
INFO: [ app_init ] --START--
INFO: Run Behavior\BuildLiteBehavior [ RunTime:0.000020s ]
INFO: [ app_init ] --END-- [ RunTime:0.000432s ]
ERR: 无法加载模块:Admin

[ 2016-11-11T17:54:29+08:00 ] 121.42.0.38 /images/forum_readme.gif
INFO: [ app_init ] --START--
INFO: Run Behavior\BuildLiteBehavior [ RunTime:0.000018s ]
INFO: [ app_init ] --END-- [ RunTime:0.000293s ]
ERR: 无法加载模块:Images

[ 2016-11-11T17:54:30+08:00 ] 121.42.0.38 /img/images/commentLoad.gif
INFO: [ app_init ] --START--
INFO: Run Behavior\BuildLiteBehavior [ RunTime:0.000014s ]
INFO: [ app_init ] --END-- [ RunTime:0.000327s ]
ERR: 无法加载模块:Img

[ 2016-11-11T17:54:30+08:00 ] 121.42.0.38 /install/images/bg-cmstop.jpg
INFO: [ app_init ] --START--
INFO: Run Behavior\BuildLiteBehavior [ RunTime:0.000016s ]
INFO: [ app_init ] --END-- [ RunTime:0.000283s ]
ERR: 无法加载模块:Install

[ 2016-11-11T17:54:30+08:00 ] 121.42.0.38 /app/Tpl/fanwe/images/icon_arrowdouble.jpg
INFO: [ app_init ] --START--
INFO: Run Behavior\BuildLiteBehavior [ RunTime:0.000018s ]
INFO: [ app_init ] --END-- [ RunTime:0.000386s ]
ERR: 无法加载模块:App

[ 2016-11-11T17:54:30+08:00 ] 121.42.0.38 /admin/images/loadingAnimation.gif
INFO: [ app_init ] --START--
INFO: Run Behavior\BuildLiteBehavior [ RunTime:0.000012s ]
INFO: [ app_init ] --END-- [ RunTime:0.000267s ]
ERR: 无法加载模块:Admin

[ 2016-11-11T17:54:31+08:00 ] 121.42.0.38 /images/modmenu_li_hover_bg.gif
INFO: [ app_init ] --START--
INFO: Run Behavior\BuildLiteBehavior [ RunTime:0.000012s ]
INFO: [ app_init ] --END-- [ RunTime:0.000290s ]
ERR: 无法加载模块:Images

[ 2016-11-11T17:54:31+08:00 ] 121.42.0.38 /administrator/templates/system/images/calendar.png
INFO: [ app_init ] --START--
INFO: Run Behavior\BuildLiteBehavior [ RunTime:0.000014s ]
INFO: [ app_init ] --END-- [ RunTime:0.000287s ]
ERR: 无法加载模块:Administrator

[ 2016-11-11T17:54:31+08:00 ] 121.42.0.38 /images/banners/shop-ad-books.jpg
INFO: [ app_init ] --START--
INFO: Run Behavior\BuildLiteBehavior [ RunTime:0.000013s ]
INFO: [ app_init ] --END-- [ RunTime:0.000280s ]
ERR: 无法加载模块:Images

[ 2016-11-11T17:54:31+08:00 ] 121.42.0.38 /Images/Sort_Folder_Close.gif
INFO: [ app_init ] --START--
INFO: Run Behavior\BuildLiteBehavior [ RunTime:0.000026s ]
INFO: [ app_init ] --END-- [ RunTime:0.000347s ]
ERR: 无法加载模块:Images

[ 2016-11-11T17:54:32+08:00 ] 121.42.0.38 /Images/arrow_04.gif
INFO: [ app_init ] --START--
INFO: Run Behavior\BuildLiteBehavior [ RunTime:0.000013s ]
INFO: [ app_init ] --END-- [ RunTime:0.000297s ]
ERR: 无法加载模块:Images

[ 2016-11-11T17:54:32+08:00 ] 121.42.0.38 /e/install/images/bg_1.gif
INFO: [ app_init ] --START--
INFO: Run Behavior\BuildLiteBehavior [ RunTime:0.000013s ]
INFO: [ app_init ] --END-- [ RunTime:0.000270s ]
ERR: 无法加载模块:E

[ 2016-11-11T17:54:32+08:00 ] 121.42.0.38 /images/public/hr_tijiao.gif
INFO: [ app_init ] --START--
INFO: Run Behavior\BuildLiteBehavior [ RunTime:0.000013s ]
INFO: [ app_init ] --END-- [ RunTime:0.000315s ]
ERR: 无法加载模块:Images

[ 2016-11-11T17:54:32+08:00 ] 121.42.0.38 /template/skin6/cn/images/ico_zlxz.gif
INFO: [ app_init ] --START--
INFO: Run Behavior\BuildLiteBehavior [ RunTime:0.000017s ]
INFO: [ app_init ] --END-- [ RunTime:0.000361s ]
ERR: 无法加载模块:Template

[ 2016-11-11T17:54:33+08:00 ] 121.42.0.38 /inc/image/bj.gif
INFO: [ app_init ] --START--
INFO: Run Behavior\BuildLiteBehavior [ RunTime:0.000014s ]
INFO: [ app_init ] --END-- [ RunTime:0.000283s ]
ERR: 无法加载模块:Inc

[ 2016-11-11T17:54:33+08:00 ] 121.42.0.38 /install/style.css
INFO: [ app_init ] --START--
INFO: Run Behavior\BuildLiteBehavior [ RunTime:0.000013s ]
INFO: [ app_init ] --END-- [ RunTime:0.000325s ]
ERR: 无法加载模块:Install

[ 2016-11-11T17:54:33+08:00 ] 121.42.0.38 /admin/images/arrow_right_8x8.png
INFO: [ app_init ] --START--
INFO: Run Behavior\BuildLiteBehavior [ RunTime:0.000018s ]
INFO: [ app_init ] --END-- [ RunTime:0.000298s ]
ERR: 无法加载模块:Admin

[ 2016-11-11T17:54:33+08:00 ] 121.42.0.38 /static/common/topic-min-img.png
INFO: [ app_init ] --START--
INFO: Run Behavior\BuildLiteBehavior [ RunTime:0.000018s ]
INFO: [ app_init ] --END-- [ RunTime:0.000285s ]
ERR: 无法加载模块:Static

[ 2016-11-11T17:54:34+08:00 ] 121.42.0.38 /image/admin/add.gif
INFO: [ app_init ] --START--
INFO: Run Behavior\BuildLiteBehavior [ RunTime:0.000018s ]
INFO: [ app_init ] --END-- [ RunTime:0.000402s ]
ERR: 无法加载模块:Image

[ 2016-11-11T17:54:34+08:00 ] 121.42.0.38 /image/cflag/ad.gif
INFO: [ app_init ] --START--
INFO: Run Behavior\BuildLiteBehavior [ RunTime:0.000015s ]
INFO: [ app_init ] --END-- [ RunTime:0.000304s ]
ERR: 无法加载模块:Image

[ 2016-11-11T17:54:34+08:00 ] 121.42.0.38 /Admin/images/install_lines.jpg
INFO: [ app_init ] --START--
INFO: Run Behavior\BuildLiteBehavior [ RunTime:0.000020s ]
INFO: [ app_init ] --END-- [ RunTime:0.000270s ]
ERR: 无法加载模块:Admin

[ 2016-11-11T17:54:34+08:00 ] 121.42.0.38 /Utility/pics/status-green.gif
INFO: [ app_init ] --START--
INFO: Run Behavior\BuildLiteBehavior [ RunTime:0.000013s ]
INFO: [ app_init ] --END-- [ RunTime:0.000297s ]
ERR: 无法加载模块:Utility

[ 2016-11-11T17:54:35+08:00 ] 121.42.0.38 /images/i_3.jpg
INFO: [ app_init ] --START--
INFO: Run Behavior\BuildLiteBehavior [ RunTime:0.000015s ]
INFO: [ app_init ] --END-- [ RunTime:0.000361s ]
ERR: 无法加载模块:Images

[ 2016-11-11T17:54:35+08:00 ] 121.42.0.38 /product/waterimage/200x200.png
INFO: [ app_init ] --START--
INFO: Run Behavior\BuildLiteBehavior [ RunTime:0.000014s ]
INFO: [ app_init ] --END-- [ RunTime:0.000320s ]
ERR: 无法加载模块:Product

[ 2016-11-11T17:54:35+08:00 ] 121.42.0.38 /install/images/header-corners.png
INFO: [ app_init ] --START--
INFO: Run Behavior\BuildLiteBehavior [ RunTime:0.000013s ]
INFO: [ app_init ] --END-- [ RunTime:0.000263s ]
ERR: 无法加载模块:Install

[ 2016-11-11T17:54:35+08:00 ] 121.42.0.38 /images/gif_47_106.gif
INFO: [ app_init ] --START--
INFO: Run Behavior\BuildLiteBehavior [ RunTime:0.000014s ]
INFO: [ app_init ] --END-- [ RunTime:0.000286s ]
ERR: 无法加载模块:Images

[ 2016-11-11T17:54:36+08:00 ] 121.42.0.38 /static/ayacms.gif
INFO: [ app_init ] --START--
INFO: Run Behavior\BuildLiteBehavior [ RunTime:0.000014s ]
INFO: [ app_init ] --END-- [ RunTime:0.000298s ]
ERR: 无法加载模块:Static

[ 2016-11-11T17:54:36+08:00 ] 121.42.0.38 /media/xmlconnect/system/ok.gif
INFO: [ app_init ] --START--
INFO: Run Behavior\BuildLiteBehavior [ RunTime:0.000012s ]
INFO: [ app_init ] --END-- [ RunTime:0.000283s ]
ERR: 无法加载模块:Media

[ 2016-11-11T17:54:36+08:00 ] 121.42.0.38 /LICENSE.txt
INFO: [ app_init ] --START--
INFO: Run Behavior\BuildLiteBehavior [ RunTime:0.000014s ]
INFO: [ app_init ] --END-- [ RunTime:0.000293s ]
ERR: 无法加载模块:LICENSE

[ 2016-11-11T17:54:36+08:00 ] 121.42.0.38 /skin/frontend/base/default/favicon.ico
INFO: [ app_init ] --START--
INFO: Run Behavior\BuildLiteBehavior [ RunTime:0.000012s ]
INFO: [ app_init ] --END-- [ RunTime:0.000261s ]
ERR: 无法加载模块:Skin

[ 2016-11-11T17:54:37+08:00 ] 121.42.0.38 /images/qq/qqkf2/Kf_bg03_03.gif
INFO: [ app_init ] --START--
INFO: Run Behavior\BuildLiteBehavior [ RunTime:0.000014s ]
INFO: [ app_init ] --END-- [ RunTime:0.000301s ]
ERR: 无法加载模块:Images

[ 2016-11-11T17:54:37+08:00 ] 121.42.0.38 /js/close.gif
INFO: [ app_init ] --START--
INFO: Run Behavior\BuildLiteBehavior [ RunTime:0.000022s ]
INFO: [ app_init ] --END-- [ RunTime:0.000455s ]
ERR: 无法加载模块:Js

[ 2016-11-11T17:54:37+08:00 ] 121.42.0.38 /bbs/css/images/add_category_hover.gif
INFO: [ app_init ] --START--
INFO: Run Behavior\BuildLiteBehavior [ RunTime:0.000012s ]
INFO: [ app_init ] --END-- [ RunTime:0.000265s ]
ERR: 无法加载模块:Bbs

[ 2016-11-11T17:54:37+08:00 ] 121.42.0.38 /celive/admin/live/loading.gif
INFO: [ app_init ] --START--
INFO: Run Behavior\BuildLiteBehavior [ RunTime:0.000013s ]
INFO: [ app_init ] --END-- [ RunTime:0.000272s ]
ERR: 无法加载模块:Celive

[ 2016-11-11T17:54:38+08:00 ] 121.42.0.38 /views/admin/images/arrowhead-y.png
INFO: [ app_init ] --START--
INFO: Run Behavior\BuildLiteBehavior [ RunTime:0.000018s ]
INFO: [ app_init ] --END-- [ RunTime:0.000374s ]
ERR: 无法加载模块:Views

[ 2016-11-11T17:54:38+08:00 ] 121.42.0.38 /style/default/hdwiki.css
INFO: [ app_init ] --START--
INFO: Run Behavior\BuildLiteBehavior [ RunTime:0.000013s ]
INFO: [ app_init ] --END-- [ RunTime:0.000370s ]
ERR: 无法加载模块:Style

[ 2016-11-11T17:54:38+08:00 ] 121.42.0.38 /style/default/fujian_top_bg.jpg
INFO: [ app_init ] --START--
INFO: Run Behavior\BuildLiteBehavior [ RunTime:0.000012s ]
INFO: [ app_init ] --END-- [ RunTime:0.000267s ]
ERR: 无法加载模块:Style

[ 2016-11-11T17:54:39+08:00 ] 121.42.0.38 /style/default/index_login_bg.jpg
INFO: [ app_init ] --START--
INFO: Run Behavior\BuildLiteBehavior [ RunTime:0.000019s ]
INFO: [ app_init ] --END-- [ RunTime:0.000399s ]
ERR: 无法加载模块:Style

[ 2016-11-11T17:54:39+08:00 ] 121.42.0.38 /style/default/style/bg_title.jpg
INFO: [ app_init ] --START--
INFO: Run Behavior\BuildLiteBehavior [ RunTime:0.000013s ]
INFO: [ app_init ] --END-- [ RunTime:0.000290s ]
ERR: 无法加载模块:Style

[ 2016-11-11T17:54:39+08:00 ] 121.42.0.38 /style/default/login_bg.jpg
INFO: [ app_init ] --START--
INFO: Run Behavior\BuildLiteBehavior [ RunTime:0.000013s ]
INFO: [ app_init ] --END-- [ RunTime:0.000323s ]
ERR: 无法加载模块:Style

[ 2016-11-11T17:54:39+08:00 ] 121.42.0.38 /CN/nite/images/title.gif
INFO: [ app_init ] --START--
INFO: Run Behavior\BuildLiteBehavior [ RunTime:0.000018s ]
INFO: [ app_init ] --END-- [ RunTime:0.000297s ]
ERR: 无法加载模块:CN

[ 2016-11-11T17:54:40+08:00 ] 121.42.0.38 /Images/dialog_closebtn_over.gif
INFO: [ app_init ] --START--
INFO: Run Behavior\BuildLiteBehavior [ RunTime:0.000013s ]
INFO: [ app_init ] --END-- [ RunTime:0.000293s ]
ERR: 无法加载模块:Images

[ 2016-11-11T17:54:40+08:00 ] 121.42.0.38 /App_Themes/AdminDefaultTheme/DateTheme/bgteuw.jpg
INFO: [ app_init ] --START--
INFO: Run Behavior\BuildLiteBehavior [ RunTime:0.000012s ]
INFO: [ app_init ] --END-- [ RunTime:0.000273s ]
ERR: 无法加载模块:App_Themes

[ 2016-11-11T17:54:40+08:00 ] 121.42.0.38 /Images/Microblog/dialog_rt.gif
INFO: [ app_init ] --START--
INFO: Run Behavior\BuildLiteBehavior [ RunTime:0.000013s ]
INFO: [ app_init ] --END-- [ RunTime:0.000273s ]
ERR: 无法加载模块:Images

[ 2016-11-11T17:54:40+08:00 ] 121.42.0.38 /admin/images/li_4.gif
INFO: [ app_init ] --START--
INFO: Run Behavior\BuildLiteBehavior [ RunTime:0.000013s ]
INFO: [ app_init ] --END-- [ RunTime:0.000292s ]
ERR: 无法加载模块:Admin

[ 2016-11-11T17:54:41+08:00 ] 121.42.0.38 /images/default/listico.gif
INFO: [ app_init ] --START--
INFO: Run Behavior\BuildLiteBehavior [ RunTime:0.000013s ]
INFO: [ app_init ] --END-- [ RunTime:0.000262s ]
ERR: 无法加载模块:Images

[ 2016-11-11T17:54:41+08:00 ] 121.42.0.38 /images/default/images/button_plain_hover.png
INFO: [ app_init ] --START--
INFO: Run Behavior\BuildLiteBehavior [ RunTime:0.000013s ]
INFO: [ app_init ] --END-- [ RunTime:0.000270s ]
ERR: 无法加载模块:Images

[ 2016-11-11T17:54:41+08:00 ] 121.42.0.38 /admin/tpl/images/welcome_h1.gif
INFO: [ app_init ] --START--
INFO: Run Behavior\BuildLiteBehavior [ RunTime:0.000013s ]
INFO: [ app_init ] --END-- [ RunTime:0.000284s ]
ERR: 无法加载模块:Admin

[ 2016-11-11T17:54:41+08:00 ] 121.42.0.38 /admin/images/bg-pay-return-success.gif
INFO: [ app_init ] --START--
INFO: Run Behavior\BuildLiteBehavior [ RunTime:0.000015s ]
INFO: [ app_init ] --END-- [ RunTime:0.000271s ]
ERR: 无法加载模块:Admin

[ 2016-11-11T17:54:42+08:00 ] 121.42.0.38 /template/default/images/ad_scroll_forward.png
INFO: [ app_init ] --START--
INFO: Run Behavior\BuildLiteBehavior [ RunTime:0.000013s ]
INFO: [ app_init ] --END-- [ RunTime:0.000291s ]
ERR: 无法加载模块:Template

[ 2016-11-11T17:54:42+08:00 ] 121.42.0.38 /adfile/ad9.js
INFO: [ app_init ] --START--
INFO: Run Behavior\BuildLiteBehavior [ RunTime:0.000013s ]
INFO: [ app_init ] --END-- [ RunTime:0.000265s ]
ERR: 无法加载模块:Adfile

[ 2016-11-11T17:54:42+08:00 ] 121.42.0.38 /admin/images/login_06.jpg
INFO: [ app_init ] --START--
INFO: Run Behavior\BuildLiteBehavior [ RunTime:0.000018s ]
INFO: [ app_init ] --END-- [ RunTime:0.000383s ]
ERR: 无法加载模块:Admin

[ 2016-11-11T17:54:42+08:00 ] 121.42.0.38 /extmail/default/images/lastpg.d.gif
INFO: [ app_init ] --START--
INFO: Run Behavior\BuildLiteBehavior [ RunTime:0.000013s ]
INFO: [ app_init ] --END-- [ RunTime:0.000315s ]
ERR: 无法加载模块:Extmail

[ 2016-11-11T17:54:43+08:00 ] 121.42.0.38 /admin/view/image/flags/wales.png
INFO: [ app_init ] --START--
INFO: Run Behavior\BuildLiteBehavior [ RunTime:0.000013s ]
INFO: [ app_init ] --END-- [ RunTime:0.000298s ]
ERR: 无法加载模块:Admin

[ 2016-11-11T17:54:43+08:00 ] 121.42.0.38 /admin/view/image/checkmark.png
INFO: [ app_init ] --START--
INFO: Run Behavior\BuildLiteBehavior [ RunTime:0.000013s ]
INFO: [ app_init ] --END-- [ RunTime:0.000338s ]
ERR: 无法加载模块:Admin

[ 2016-11-11T17:54:43+08:00 ] 121.42.0.38 /adminsoft/templates/images/bullet_blue.gif
INFO: [ app_init ] --START--
INFO: Run Behavior\BuildLiteBehavior [ RunTime:0.000013s ]
INFO: [ app_init ] --END-- [ RunTime:0.000291s ]
ERR: 无法加载模块:Adminsoft

[ 2016-11-11T17:54:43+08:00 ] 121.42.0.38 /public/plug/shipplug/exp04.jpg
INFO: [ app_init ] --START--
INFO: Run Behavior\BuildLiteBehavior [ RunTime:0.000014s ]
INFO: [ app_init ] --END-- [ RunTime:0.000278s ]
ERR: 无法加载模块:Public

[ 2016-11-11T17:54:44+08:00 ] 121.42.0.38 /images/admin/logo.gif
INFO: [ app_init ] --START--
INFO: Run Behavior\BuildLiteBehavior [ RunTime:0.000013s ]
INFO: [ app_init ] --END-- [ RunTime:0.000314s ]
ERR: 无法加载模块:Images

[ 2016-11-11T17:54:44+08:00 ] 121.42.0.38 /images/admin/sprites.png
INFO: [ app_init ] --START--
INFO: Run Behavior\BuildLiteBehavior [ RunTime:0.000013s ]
INFO: [ app_init ] --END-- [ RunTime:0.000282s ]
ERR: 无法加载模块:Images

[ 2016-11-11T17:54:44+08:00 ] 121.42.0.38 /ACT_inc/ItemBg.gif
INFO: [ app_init ] --START--
INFO: Run Behavior\BuildLiteBehavior [ RunTime:0.000012s ]
INFO: [ app_init ] --END-- [ RunTime:0.000282s ]
ERR: 无法加载模块:ACT_inc

[ 2016-11-11T17:54:44+08:00 ] 121.42.0.38 /ACT_inc/share/minusbottom.gif
INFO: [ app_init ] --START--
INFO: Run Behavior\BuildLiteBehavior [ RunTime:0.000029s ]
INFO: [ app_init ] --END-- [ RunTime:0.000284s ]
ERR: 无法加载模块:ACT_inc

[ 2016-11-11T17:54:45+08:00 ] 121.42.0.38 /Admin/Images/bg_admin.jpg
INFO: [ app_init ] --START--
INFO: Run Behavior\BuildLiteBehavior [ RunTime:0.000013s ]
INFO: [ app_init ] --END-- [ RunTime:0.000314s ]
ERR: 无法加载模块:Admin

[ 2016-11-11T17:54:45+08:00 ] 121.42.0.38 /images/act_1.gif
INFO: [ app_init ] --START--
INFO: Run Behavior\BuildLiteBehavior [ RunTime:0.000014s ]
INFO: [ app_init ] --END-- [ RunTime:0.000282s ]
ERR: 无法加载模块:Images

[ 2016-11-11T17:54:45+08:00 ] 121.42.0.38 /images/reg.gif
INFO: [ app_init ] --START--
INFO: Run Behavior\BuildLiteBehavior [ RunTime:0.000013s ]
INFO: [ app_init ] --END-- [ RunTime:0.000326s ]
ERR: 无法加载模块:Images

[ 2016-11-11T20:30:01+08:00 ] 101.226.125.114 /favicon.ico
INFO: [ app_init ] --START--
INFO: Run Behavior\BuildLiteBehavior [ RunTime:0.000017s ]
INFO: [ app_init ] --END-- [ RunTime:0.000296s ]
ERR: 无法加载模块:Favicon

