[ 2018-01-07T13:40:15+08:00 ] ::1 /order/order/ThinkPHP/ThinkPHP.php/Home/login/index.html
ERR: 无法加载控制器:Login

[ 2018-01-07T13:44:58+08:00 ] ::1 /order/order/ThinkPHP/ThinkPHP.php/Home/login/index.html
ERR: 无法加载控制器:Login

[ 2018-01-07T13:44:59+08:00 ] ::1 /order/order/ThinkPHP/ThinkPHP.php/Home/login/index.html
ERR: 无法加载控制器:Login

[ 2018-01-07T13:45:00+08:00 ] ::1 /order/order/ThinkPHP/ThinkPHP.php/Home/login/index.html
ERR: 无法加载控制器:Login

[ 2018-01-07T13:45:00+08:00 ] ::1 /order/order/ThinkPHP/ThinkPHP.php/Home/login/index.html
ERR: 无法加载控制器:Login

[ 2018-01-07T13:45:00+08:00 ] ::1 /order/order/ThinkPHP/ThinkPHP.php/Home/login/index.html
ERR: 无法加载控制器:Login

[ 2018-01-07T13:45:00+08:00 ] ::1 /order/order/ThinkPHP/ThinkPHP.php/Home/login/index.html
ERR: 无法加载控制器:Login

[ 2018-01-07T13:45:00+08:00 ] ::1 /order/order/ThinkPHP/ThinkPHP.php/Home/login/index.html
ERR: 无法加载控制器:Login

[ 2018-01-07T13:45:01+08:00 ] ::1 /order/order/ThinkPHP/ThinkPHP.php/Home/login/index.html
ERR: 无法加载控制器:Login

[ 2018-01-07T13:47:09+08:00 ] ::1 /order/order/ThinkPHP/ThinkPHP.php/Home/login/index.html
ERR: 无法加载控制器:Login

[ 2018-01-07T13:47:17+08:00 ] ::1 /order/order/ThinkPHP/ThinkPHP.php/Home/login/index.html
ERR: 无法加载控制器:Login

[ 2018-01-07T14:05:50+08:00 ] ::1 /order/order/ThinkPHP/ThinkPHP.php/Home/index/go_index
ERR: 非法操作:go_index

[ 2018-01-07T14:06:31+08:00 ] ::1 /order/order/ThinkPHP/ThinkPHP.php/Home/index/go_index
ERR: 非法操作:go_index

[ 2018-01-07T14:06:32+08:00 ] ::1 /order/order/ThinkPHP/ThinkPHP.php/Home/index/go_index
ERR: 非法操作:go_index

[ 2018-01-07T14:06:32+08:00 ] ::1 /order/order/ThinkPHP/ThinkPHP.php/Home/index/go_index
ERR: 非法操作:go_index

[ 2018-01-07T14:06:32+08:00 ] ::1 /order/order/ThinkPHP/ThinkPHP.php/Home/index/go_index
ERR: 非法操作:go_index

[ 2018-01-07T14:06:32+08:00 ] ::1 /order/order/ThinkPHP/ThinkPHP.php/Home/index/go_index
ERR: 非法操作:go_index

[ 2018-01-07T14:06:33+08:00 ] ::1 /order/order/ThinkPHP/ThinkPHP.php/Home/index/go_index
ERR: 非法操作:go_index

[ 2018-01-07T14:06:33+08:00 ] ::1 /order/order/ThinkPHP/ThinkPHP.php/Home/index/go_index
ERR: 非法操作:go_index

[ 2018-01-07T14:06:33+08:00 ] ::1 /order/order/ThinkPHP/ThinkPHP.php/Home/index/go_index
ERR: 非法操作:go_index

[ 2018-01-07T14:06:33+08:00 ] ::1 /order/order/ThinkPHP/ThinkPHP.php/Home/index/go_index
ERR: 非法操作:go_index

[ 2018-01-07T14:06:33+08:00 ] ::1 /order/order/ThinkPHP/ThinkPHP.php/Home/index/go_index
ERR: 非法操作:go_index

[ 2018-01-07T14:06:33+08:00 ] ::1 /order/order/ThinkPHP/ThinkPHP.php/Home/index/go_index
ERR: 非法操作:go_index

[ 2018-01-07T14:06:34+08:00 ] ::1 /order/order/ThinkPHP/ThinkPHP.php/Home/index/go_index
ERR: 非法操作:go_index

[ 2018-01-07T14:06:34+08:00 ] ::1 /order/order/ThinkPHP/ThinkPHP.php/Home/index/go_index
ERR: 非法操作:go_index

[ 2018-01-07T14:06:34+08:00 ] ::1 /order/order/ThinkPHP/ThinkPHP.php/Home/index/go_index
ERR: 非法操作:go_index

[ 2018-01-07T14:06:34+08:00 ] ::1 /order/order/ThinkPHP/ThinkPHP.php/Home/index/go_index
ERR: 非法操作:go_index

[ 2018-01-07T14:10:46+08:00 ] ::1 /order/order/ThinkPHP/ThinkPHP.php/Home/index/go_index
ERR: 非法操作:go_index

[ 2018-01-07T14:10:47+08:00 ] ::1 /order/order/ThinkPHP/ThinkPHP.php/Home/index/go_index
ERR: 非法操作:go_index

[ 2018-01-07T14:10:47+08:00 ] ::1 /order/order/ThinkPHP/ThinkPHP.php/Home/index/go_index
ERR: 非法操作:go_index

[ 2018-01-07T14:10:47+08:00 ] ::1 /order/order/ThinkPHP/ThinkPHP.php/Home/index/go_index
ERR: 非法操作:go_index

[ 2018-01-07T14:10:47+08:00 ] ::1 /order/order/ThinkPHP/ThinkPHP.php/Home/index/go_index
ERR: 非法操作:go_index

[ 2018-01-07T14:10:48+08:00 ] ::1 /order/order/ThinkPHP/ThinkPHP.php/Home/index/go_index
ERR: 非法操作:go_index

[ 2018-01-07T14:10:49+08:00 ] ::1 /order/order/ThinkPHP/ThinkPHP.php/Home/index/go_index
ERR: 非法操作:go_index

[ 2018-01-07T14:10:49+08:00 ] ::1 /order/order/ThinkPHP/ThinkPHP.php/Home/index/go_index
ERR: 非法操作:go_index

[ 2018-01-07T14:10:49+08:00 ] ::1 /order/order/ThinkPHP/ThinkPHP.php/Home/index/go_index
ERR: 非法操作:go_index

[ 2018-01-07T14:10:50+08:00 ] ::1 /order/order/ThinkPHP/ThinkPHP.php/Home/index/go_index
ERR: 非法操作:go_index

[ 2018-01-07T14:10:50+08:00 ] ::1 /order/order/ThinkPHP/ThinkPHP.php/Home/index/go_index
ERR: 非法操作:go_index

[ 2018-01-07T14:10:50+08:00 ] ::1 /order/order/ThinkPHP/ThinkPHP.php/Home/index/go_index
ERR: 非法操作:go_index

[ 2018-01-07T14:15:42+08:00 ] ::1 /order/order/ThinkPHP/ThinkPHP.php/Home/index/go_index
ERR: 非法操作:go_index

[ 2018-01-07T14:29:52+08:00 ] ::1 /order/order/ThinkPHP/ThinkPHP.php/Home/login/index.html
ERR: 无法加载控制器:Login

[ 2018-01-07T14:30:14+08:00 ] ::1 /order/order/ThinkPHP/ThinkPHP.php/Home/login/index
ERR: 无法加载控制器:Login

[ 2018-01-07T14:30:18+08:00 ] ::1 /order/order/ThinkPHP/ThinkPHP.php/Home/login/index.html
ERR: 无法加载控制器:Login

